=====================2017-08-21 08:48:44===========================
service_cost:29.539
time:21/Aug/2017:08:48:44 +0800
entrance_type:Mozilla/5.0 (Windows NT 10.0; Win64; x64; rv:54.0) Gecko/20100101 Firefox/54.0
ourl:/user/dologin
request_method:POST
cookie:PHPSESSID:ad8v0bhamdro00gjbjjt3ik0b4;
client_ip:192.168.1.34
error_no:13053
error_msg:No suitable servers found (`serverSelectionTryOnce` set): [connection closed calling ismaster on '60.205.136.72:27001']
=====================2017-08-21 08:48:44===========================
service_cost:5.8049999999999
time:21/Aug/2017:08:48:44 +0800
entrance_type:Mozilla/5.0 (Windows NT 10.0; Win64; x64; rv:54.0) Gecko/20100101 Firefox/54.0
ourl:/user/dologin
request_method:POST
cookie:PHPSESSID:ad8v0bhamdro00gjbjjt3ik0b4;
client_ip:192.168.1.34
error_no:13053
error_msg:No suitable servers found (`serverSelectionTryOnce` set): [connection closed calling ismaster on '60.205.136.72:27001']
=====================2017-08-21 08:48:45===========================
service_cost:5.627
time:21/Aug/2017:08:48:45 +0800
entrance_type:Mozilla/5.0 (Windows NT 10.0; Win64; x64; rv:54.0) Gecko/20100101 Firefox/54.0
ourl:/user/dologin
request_method:POST
cookie:PHPSESSID:ad8v0bhamdro00gjbjjt3ik0b4;
client_ip:192.168.1.34
error_no:13053
error_msg:No suitable servers found (`serverSelectionTryOnce` set): [connection closed calling ismaster on '60.205.136.72:27001']
=====================2017-08-21 08:48:45===========================
service_cost:13.231
time:21/Aug/2017:08:48:45 +0800
entrance_type:Mozilla/5.0 (Windows NT 10.0; Win64; x64; rv:54.0) Gecko/20100101 Firefox/54.0
ourl:/user/dologin
request_method:POST
cookie:PHPSESSID:ad8v0bhamdro00gjbjjt3ik0b4;
client_ip:192.168.1.34
error_no:13053
error_msg:No suitable servers found (`serverSelectionTryOnce` set): [connection closed calling ismaster on '60.205.136.72:27001']
=====================2017-08-21 08:48:45===========================
service_cost:6.7229999999999
time:21/Aug/2017:08:48:45 +0800
entrance_type:Mozilla/5.0 (Windows NT 10.0; Win64; x64; rv:54.0) Gecko/20100101 Firefox/54.0
ourl:/user/dologin
request_method:POST
cookie:PHPSESSID:ad8v0bhamdro00gjbjjt3ik0b4;
client_ip:192.168.1.34
error_no:13053
error_msg:No suitable servers found (`serverSelectionTryOnce` set): [connection closed calling ismaster on '60.205.136.72:27001']
=====================2017-08-21 08:48:45===========================
service_cost:5.045
time:21/Aug/2017:08:48:45 +0800
entrance_type:Mozilla/5.0 (Windows NT 10.0; Win64; x64; rv:54.0) Gecko/20100101 Firefox/54.0
ourl:/user/dologin
request_method:POST
cookie:PHPSESSID:ad8v0bhamdro00gjbjjt3ik0b4;
client_ip:192.168.1.34
error_no:13053
error_msg:No suitable servers found (`serverSelectionTryOnce` set): [connection closed calling ismaster on '60.205.136.72:27001']
=====================2017-08-21 08:48:45===========================
service_cost:0.49500000000002
time:21/Aug/2017:08:48:45 +0800
entrance_type:Mozilla/5.0 (Windows NT 10.0; Win64; x64; rv:54.0) Gecko/20100101 Firefox/54.0
ourl:/user/dologin
request_method:POST
cookie:PHPSESSID:ad8v0bhamdro00gjbjjt3ik0b4;
client_ip:192.168.1.34
error_no:13053
error_msg:No suitable servers found (`serverSelectionTryOnce` set): [connection closed calling ismaster on '60.205.136.72:27001']
=====================2017-08-21 08:48:46===========================
service_cost:0.32299999999999
time:21/Aug/2017:08:48:46 +0800
entrance_type:Mozilla/5.0 (Windows NT 10.0; Win64; x64; rv:54.0) Gecko/20100101 Firefox/54.0
ourl:/user/dologin
request_method:POST
cookie:PHPSESSID:ad8v0bhamdro00gjbjjt3ik0b4;
client_ip:192.168.1.34
error_no:13053
error_msg:No suitable servers found (`serverSelectionTryOnce` set): [connection closed calling ismaster on '60.205.136.72:27001']
=====================2017-08-21 08:48:46===========================
service_cost:0.29400000000002
time:21/Aug/2017:08:48:46 +0800
entrance_type:Mozilla/5.0 (Windows NT 10.0; Win64; x64; rv:54.0) Gecko/20100101 Firefox/54.0
ourl:/user/dologin
request_method:POST
cookie:PHPSESSID:ad8v0bhamdro00gjbjjt3ik0b4;
client_ip:192.168.1.34
error_no:13053
error_msg:No suitable servers found (`serverSelectionTryOnce` set): [connection closed calling ismaster on '60.205.136.72:27001']
=====================2017-08-21 08:48:46===========================
service_cost:0.37199999999998
time:21/Aug/2017:08:48:46 +0800
entrance_type:Mozilla/5.0 (Windows NT 10.0; Win64; x64; rv:54.0) Gecko/20100101 Firefox/54.0
ourl:/user/dologin
request_method:POST
cookie:PHPSESSID:ad8v0bhamdro00gjbjjt3ik0b4;
client_ip:192.168.1.34
error_no:13053
error_msg:No suitable servers found (`serverSelectionTryOnce` set): [connection closed calling ismaster on '60.205.136.72:27001']
=====================2017-08-21 08:49:07===========================
service_cost:68.369
time:21/Aug/2017:08:49:07 +0800
entrance_type:Mozilla/5.0 (Windows NT 10.0; Win64; x64; rv:54.0) Gecko/20100101 Firefox/54.0
ourl:/user/dologin
request_method:POST
cookie:PHPSESSID:ad8v0bhamdro00gjbjjt3ik0b4;
client_ip:192.168.1.34
error_no
error_msg:success
=====================2017-08-21 08:49:07===========================
service_cost:0.014999999999987
time:21/Aug/2017:08:49:07 +0800
entrance_type:Mozilla/5.0 (Windows NT 10.0; Win64; x64; rv:54.0) Gecko/20100101 Firefox/54.0
ourl:/
request_method:GET
cookie:PHPSESSID:ad8v0bhamdro00gjbjjt3ik0b4;
client_ip:192.168.1.34
error_no
error_msg:success
=====================2017-08-21 08:49:10===========================
service_cost:60.008
time:21/Aug/2017:08:49:10 +0800
entrance_type:Mozilla/5.0 (Windows NT 10.0; Win64; x64; rv:54.0) Gecko/20100101 Firefox/54.0
ourl:/user/student
request_method:GET
cookie:PHPSESSID:ad8v0bhamdro00gjbjjt3ik0b4;
client_ip:192.168.1.34
error_no
error_msg:success
=====================2017-08-21 08:49:10===========================
service_cost:64.957
time:21/Aug/2017:08:49:10 +0800
entrance_type:Mozilla/5.0 (Windows NT 10.0; Win64; x64; rv:54.0) Gecko/20100101 Firefox/54.0
ourl:/user/student?imageView2/2/w/100/h/60/q/100
request_method:GET
cookie:PHPSESSID:ad8v0bhamdro00gjbjjt3ik0b4;
client_ip:192.168.1.34
error_no
error_msg:success
=====================2017-08-21 08:49:12===========================
service_cost:171.065
time:21/Aug/2017:08:49:12 +0800
entrance_type:Mozilla/5.0 (Windows NT 10.0; Win64; x64; rv:54.0) Gecko/20100101 Firefox/54.0
ourl:/user/class
request_method:GET
cookie:PHPSESSID:ad8v0bhamdro00gjbjjt3ik0b4;
client_ip:192.168.1.34
error_no
error_msg:success
=====================2017-08-21 08:49:27===========================
service_cost:19.424
time:21/Aug/2017:08:49:27 +0800
entrance_type:Mozilla/5.0 (Windows NT 10.0; Win64; x64; rv:54.0) Gecko/20100101 Firefox/54.0
ourl:/user/school
request_method:GET
cookie:PHPSESSID:ad8v0bhamdro00gjbjjt3ik0b4;
client_ip:192.168.1.34
error_no
error_msg:success
=====================2017-08-21 08:52:38===========================
service_cost:267.099
time:21/Aug/2017:08:52:38 +0800
entrance_type:Mozilla/5.0 (Windows NT 10.0; Win64; x64; rv:54.0) Gecko/20100101 Firefox/54.0
ourl:/sport/homework
request_method:GET
cookie:PHPSESSID:ad8v0bhamdro00gjbjjt3ik0b4;
client_ip:192.168.1.34
error_no
error_msg:success
=====================2017-08-21 08:53:09===========================
service_cost:208.905
time:21/Aug/2017:08:53:09 +0800
entrance_type:Mozilla/5.0 (Windows NT 10.0; Win64; x64; rv:54.0) Gecko/20100101 Firefox/54.0
ourl:/sport/homework?pn=2
request_method:GET
cookie:PHPSESSID:ad8v0bhamdro00gjbjjt3ik0b4;
client_ip:192.168.1.34
error_no
error_msg:success
=====================2017-08-21 08:53:12===========================
service_cost:359.367
time:21/Aug/2017:08:53:12 +0800
entrance_type:Mozilla/5.0 (Windows NT 10.0; Win64; x64; rv:54.0) Gecko/20100101 Firefox/54.0
ourl:/sport/homework?pn=1
request_method:GET
cookie:PHPSESSID:ad8v0bhamdro00gjbjjt3ik0b4;
client_ip:192.168.1.34
error_no
error_msg:success
=====================2017-08-21 08:53:14===========================
service_cost:283.139
time:21/Aug/2017:08:53:14 +0800
entrance_type:Mozilla/5.0 (Windows NT 10.0; Win64; x64; rv:54.0) Gecko/20100101 Firefox/54.0
ourl:/sport/project
request_method:GET
cookie:PHPSESSID:ad8v0bhamdro00gjbjjt3ik0b4;
client_ip:192.168.1.34
error_no
error_msg:success
=====================2017-08-21 08:53:21===========================
service_cost:62.973
time:21/Aug/2017:08:53:21 +0800
entrance_type:Mozilla/5.0 (Windows NT 10.0; Win64; x64; rv:54.0) Gecko/20100101 Firefox/54.0
ourl:/sport/p/59685d552173cc77db5a524e.html
request_method:GET
cookie:PHPSESSID:ad8v0bhamdro00gjbjjt3ik0b4;
client_ip:192.168.1.34
error_no
error_msg:success
=====================2017-08-21 08:53:33===========================
service_cost:21.641
time:21/Aug/2017:08:53:33 +0800
entrance_type:Mozilla/5.0 (Windows NT 10.0; Win64; x64; rv:54.0) Gecko/20100101 Firefox/54.0
ourl:/sport/p/59685d552173cc77db5a524e.html
request_method:GET
cookie:PHPSESSID:ad8v0bhamdro00gjbjjt3ik0b4;
client_ip:192.168.1.34
error_no
error_msg:success
=====================2017-08-21 08:53:35===========================
service_cost:32.05
time:21/Aug/2017:08:53:35 +0800
entrance_type:Mozilla/5.0 (Windows NT 10.0; Win64; x64; rv:54.0) Gecko/20100101 Firefox/54.0
ourl:/sport/project
request_method:GET
cookie:PHPSESSID:ad8v0bhamdro00gjbjjt3ik0b4;
client_ip:192.168.1.34
error_no
error_msg:success
=====================2017-08-21 08:53:36===========================
service_cost:21.914
time:21/Aug/2017:08:53:36 +0800
entrance_type:Mozilla/5.0 (Windows NT 10.0; Win64; x64; rv:54.0) Gecko/20100101 Firefox/54.0
ourl:/sport/action
request_method:GET
cookie:PHPSESSID:ad8v0bhamdro00gjbjjt3ik0b4;
client_ip:192.168.1.34
error_no
error_msg:success
=====================2017-08-21 08:53:37===========================
service_cost:-977.493
time:21/Aug/2017:08:53:37 +0800
entrance_type:Mozilla/5.0 (Windows NT 10.0; Win64; x64; rv:54.0) Gecko/20100101 Firefox/54.0
ourl:/sport/project
request_method:GET
cookie:PHPSESSID:ad8v0bhamdro00gjbjjt3ik0b4;
client_ip:192.168.1.34
error_no
error_msg:success
=====================2017-08-21 08:53:37===========================
service_cost:331.162
time:21/Aug/2017:08:53:37 +0800
entrance_type:Mozilla/5.0 (Windows NT 10.0; Win64; x64; rv:54.0) Gecko/20100101 Firefox/54.0
ourl:/sport/homework
request_method:GET
cookie:PHPSESSID:ad8v0bhamdro00gjbjjt3ik0b4;
client_ip:192.168.1.34
error_no
error_msg:success
=====================2017-08-21 08:53:39===========================
service_cost:25.534
time:21/Aug/2017:08:53:39 +0800
entrance_type:Mozilla/5.0 (Windows NT 10.0; Win64; x64; rv:54.0) Gecko/20100101 Firefox/54.0
ourl:/sport/project
request_method:GET
cookie:PHPSESSID:ad8v0bhamdro00gjbjjt3ik0b4;
client_ip:192.168.1.34
error_no
error_msg:success
=====================2017-08-21 08:53:40===========================
service_cost:156.48
time:21/Aug/2017:08:53:40 +0800
entrance_type:Mozilla/5.0 (Windows NT 10.0; Win64; x64; rv:54.0) Gecko/20100101 Firefox/54.0
ourl:/sport/homework
request_method:GET
cookie:PHPSESSID:ad8v0bhamdro00gjbjjt3ik0b4;
client_ip:192.168.1.34
error_no
error_msg:success
=====================2017-08-21 08:53:43===========================
service_cost:811.35
time:21/Aug/2017:08:53:43 +0800
entrance_type:Mozilla/5.0 (Windows NT 10.0; Win64; x64; rv:54.0) Gecko/20100101 Firefox/54.0
ourl:/sport/homework?pn=2
request_method:GET
cookie:PHPSESSID:ad8v0bhamdro00gjbjjt3ik0b4;
client_ip:192.168.1.34
error_no
error_msg:success
=====================2017-08-21 08:54:18===========================
service_cost:20.743
time:21/Aug/2017:08:54:18 +0800
entrance_type:Mozilla/5.0 (Windows NT 10.0; Win64; x64; rv:54.0) Gecko/20100101 Firefox/54.0
ourl:/sport/project
request_method:GET
cookie:PHPSESSID:ad8v0bhamdro00gjbjjt3ik0b4;
client_ip:192.168.1.34
error_no
error_msg:success
=====================2017-08-21 08:54:21===========================
service_cost:36.194
time:21/Aug/2017:08:54:21 +0800
entrance_type:Mozilla/5.0 (Windows NT 10.0; Win64; x64; rv:54.0) Gecko/20100101 Firefox/54.0
ourl:/sport/p/598c2766e1382305641836b3.html
request_method:GET
cookie:PHPSESSID:ad8v0bhamdro00gjbjjt3ik0b4;
client_ip:192.168.1.34
error_no
error_msg:success
=====================2017-08-21 08:54:28===========================
service_cost:21.217
time:21/Aug/2017:08:54:28 +0800
entrance_type:Mozilla/5.0 (Windows NT 10.0; Win64; x64; rv:54.0) Gecko/20100101 Firefox/54.0
ourl:/sport/p/598c2766e1382305641836b3.html
request_method:GET
cookie:PHPSESSID:ad8v0bhamdro00gjbjjt3ik0b4;
client_ip:192.168.1.34
error_no
error_msg:success
=====================2017-08-21 08:55:38===========================
service_cost:21.493
time:21/Aug/2017:08:55:38 +0800
entrance_type:Mozilla/5.0 (Windows NT 10.0; Win64; x64; rv:54.0) Gecko/20100101 Firefox/54.0
ourl:/sport/p/598c2766e1382305641836b3.html
request_method:GET
cookie:PHPSESSID:ad8v0bhamdro00gjbjjt3ik0b4;
client_ip:192.168.1.34
error_no
error_msg:success
=====================2017-08-21 08:56:31===========================
service_cost:83.829
time:21/Aug/2017:08:56:31 +0800
entrance_type:Mozilla/5.0 (Windows NT 10.0; Win64; x64; rv:54.0) Gecko/20100101 Firefox/54.0
ourl:/project/addhomework?projectId=598c2766e1382305641836b3
request_method:GET
cookie:PHPSESSID:ad8v0bhamdro00gjbjjt3ik0b4;
client_ip:192.168.1.34
error_no
error_msg:success
=====================2017-08-21 08:56:50===========================
service_cost:19.649
time:21/Aug/2017:08:56:50 +0800
entrance_type:Mozilla/5.0 (Windows NT 10.0; Win64; x64; rv:54.0) Gecko/20100101 Firefox/54.0
ourl:/project/addhomework?projectId=598c2766e1382305641836b3
request_method:GET
cookie:PHPSESSID:ad8v0bhamdro00gjbjjt3ik0b4;
client_ip:192.168.1.34
error_no
error_msg:success
=====================2017-08-21 08:56:51===========================
service_cost:21.801
time:21/Aug/2017:08:56:51 +0800
entrance_type:Mozilla/5.0 (Windows NT 10.0; Win64; x64; rv:54.0) Gecko/20100101 Firefox/54.0
ourl:/user/school?type=1&projectId=598c2766e1382305641836b3
request_method:GET
cookie:PHPSESSID:ad8v0bhamdro00gjbjjt3ik0b4;
client_ip:192.168.1.34
error_no
error_msg:success
=====================2017-08-21 08:56:52===========================
service_cost:13.207
time:21/Aug/2017:08:56:52 +0800
entrance_type:Mozilla/5.0 (Windows NT 10.0; Win64; x64; rv:54.0) Gecko/20100101 Firefox/54.0
ourl:/project/addhomework?schoolId=587f31732a46800e0a8b4567&projectId=598c2766e1382305641836b3
request_method:GET
cookie:PHPSESSID:ad8v0bhamdro00gjbjjt3ik0b4;
client_ip:192.168.1.34
error_no
error_msg:success
=====================2017-08-21 08:56:56===========================
service_cost:19.731
time:21/Aug/2017:08:56:56 +0800
entrance_type:Mozilla/5.0 (Windows NT 10.0; Win64; x64; rv:54.0) Gecko/20100101 Firefox/54.0
ourl:/user/classsearch
request_method:POST
cookie:PHPSESSID:ad8v0bhamdro00gjbjjt3ik0b4;
client_ip:192.168.1.34
error_no
error_msg:success
=====================2017-08-21 08:57:01===========================
service_cost:29.276
time:21/Aug/2017:08:57:01 +0800
entrance_type:Mozilla/5.0 (Windows NT 10.0; Win64; x64; rv:54.0) Gecko/20100101 Firefox/54.0
ourl:/user/student
request_method:GET
cookie:PHPSESSID:ad8v0bhamdro00gjbjjt3ik0b4;
client_ip:192.168.1.34
error_no
error_msg:success
=====================2017-08-21 08:57:01===========================
service_cost:25.01
time:21/Aug/2017:08:57:01 +0800
entrance_type:Mozilla/5.0 (Windows NT 10.0; Win64; x64; rv:54.0) Gecko/20100101 Firefox/54.0
ourl:/user/student?imageView2/2/w/100/h/60/q/100
request_method:GET
cookie:PHPSESSID:ad8v0bhamdro00gjbjjt3ik0b4;
client_ip:192.168.1.34
error_no
error_msg:success
=====================2017-08-21 08:57:02===========================
service_cost:21.322
time:21/Aug/2017:08:57:02 +0800
entrance_type:Mozilla/5.0 (Windows NT 10.0; Win64; x64; rv:54.0) Gecko/20100101 Firefox/54.0
ourl:/user/class
request_method:GET
cookie:PHPSESSID:ad8v0bhamdro00gjbjjt3ik0b4;
client_ip:192.168.1.34
error_no
error_msg:success
=====================2017-08-21 08:57:04===========================
service_cost:14.651
time:21/Aug/2017:08:57:04 +0800
entrance_type:Mozilla/5.0 (Windows NT 10.0; Win64; x64; rv:54.0) Gecko/20100101 Firefox/54.0
ourl:/user/school
request_method:GET
cookie:PHPSESSID:ad8v0bhamdro00gjbjjt3ik0b4;
client_ip:192.168.1.34
error_no
error_msg:success
=====================2017-08-21 08:57:07===========================
service_cost:208.463
time:21/Aug/2017:08:57:07 +0800
entrance_type:Mozilla/5.0 (Windows NT 10.0; Win64; x64; rv:54.0) Gecko/20100101 Firefox/54.0
ourl:/sport/homework
request_method:GET
cookie:PHPSESSID:ad8v0bhamdro00gjbjjt3ik0b4;
client_ip:192.168.1.34
error_no
error_msg:success
=====================2017-08-21 08:57:13===========================
service_cost:36.839
time:21/Aug/2017:08:57:13 +0800
entrance_type:Mozilla/5.0 (Windows NT 10.0; Win64; x64; rv:54.0) Gecko/20100101 Firefox/54.0
ourl:/sport/action
request_method:GET
cookie:PHPSESSID:ad8v0bhamdro00gjbjjt3ik0b4;
client_ip:192.168.1.34
error_no
error_msg:success
=====================2017-08-21 08:57:15===========================
service_cost:27.554
time:21/Aug/2017:08:57:15 +0800
entrance_type:Mozilla/5.0 (Windows NT 10.0; Win64; x64; rv:54.0) Gecko/20100101 Firefox/54.0
ourl:/sport/project
request_method:GET
cookie:PHPSESSID:ad8v0bhamdro00gjbjjt3ik0b4;
client_ip:192.168.1.34
error_no
error_msg:success
=====================2017-08-21 08:57:18===========================
service_cost:643.147
time:21/Aug/2017:08:57:18 +0800
entrance_type:Mozilla/5.0 (Windows NT 10.0; Win64; x64; rv:54.0) Gecko/20100101 Firefox/54.0
ourl:/sport/banner
request_method:GET
cookie:PHPSESSID:ad8v0bhamdro00gjbjjt3ik0b4;
client_ip:192.168.1.34
error_no
error_msg:success
=====================2017-08-21 08:57:24===========================
service_cost:33.239
time:21/Aug/2017:08:57:24 +0800
entrance_type:Mozilla/5.0 (Windows NT 10.0; Win64; x64; rv:54.0) Gecko/20100101 Firefox/54.0
ourl:/user/school
request_method:GET
cookie:PHPSESSID:ad8v0bhamdro00gjbjjt3ik0b4;
client_ip:192.168.1.34
error_no
error_msg:success
=====================2017-08-21 08:57:29===========================
service_cost:36.379
time:21/Aug/2017:08:57:29 +0800
entrance_type:Mozilla/5.0 (Windows NT 10.0; Win64; x64; rv:54.0) Gecko/20100101 Firefox/54.0
ourl:/user/class
request_method:GET
cookie:PHPSESSID:ad8v0bhamdro00gjbjjt3ik0b4;
client_ip:192.168.1.34
error_no
error_msg:success
=====================2017-08-21 08:57:37===========================
service_cost:-818.48
time:21/Aug/2017:08:57:37 +0800
entrance_type:Mozilla/5.0 (Windows NT 10.0; Win64; x64; rv:54.0) Gecko/20100101 Firefox/54.0
ourl:/sport/homework
request_method:GET
cookie:PHPSESSID:ad8v0bhamdro00gjbjjt3ik0b4;
client_ip:192.168.1.34
error_no
error_msg:success
=====================2017-08-21 08:57:38===========================
service_cost:-973.257
time:21/Aug/2017:08:57:38 +0800
entrance_type:Mozilla/5.0 (Windows NT 10.0; Win64; x64; rv:54.0) Gecko/20100101 Firefox/54.0
ourl:/sport/project
request_method:GET
cookie:PHPSESSID:ad8v0bhamdro00gjbjjt3ik0b4;
client_ip:192.168.1.34
error_no
error_msg:success
=====================2017-08-21 08:57:39===========================
service_cost:19.506
time:21/Aug/2017:08:57:39 +0800
entrance_type:Mozilla/5.0 (Windows NT 10.0; Win64; x64; rv:54.0) Gecko/20100101 Firefox/54.0
ourl:/sport/p/598c2766e1382305641836b3.html
request_method:GET
cookie:PHPSESSID:ad8v0bhamdro00gjbjjt3ik0b4;
client_ip:192.168.1.34
error_no
error_msg:success
=====================2017-08-21 08:57:41===========================
service_cost:20.726
time:21/Aug/2017:08:57:41 +0800
entrance_type:Mozilla/5.0 (Windows NT 10.0; Win64; x64; rv:54.0) Gecko/20100101 Firefox/54.0
ourl:/project/addhomework?projectId=598c2766e1382305641836b3
request_method:GET
cookie:PHPSESSID:ad8v0bhamdro00gjbjjt3ik0b4;
client_ip:192.168.1.34
error_no
error_msg:success
