<<<<<<< HEAD
=====================2017-08-08 11:11:07===========================
service_cost:87.681
time:08/Aug/2017:11:11:07 +0800
entrance_type:Mozilla/5.0 (Macintosh; Intel Mac OS X 10_12_6) AppleWebKit/537.36 (KHTML, like Gecko) Chrome/50.0.2661.75 Safari/537.36 QQBrowser/4.1.4132.400
ourl:/sport/ugc
request_method:GET
cookie:PHPSESSID:gvqp5865algv33cah6n3pkh6q3;
client_ip:114.249.225.21
error_no
error_msg:success
=====================2017-08-08 11:11:07===========================
service_cost:84.113
time:08/Aug/2017:11:11:07 +0800
entrance_type:Mozilla/5.0 (Macintosh; Intel Mac OS X 10_12_6) AppleWebKit/537.36 (KHTML, like Gecko) Chrome/50.0.2661.75 Safari/537.36 QQBrowser/4.1.4132.400
ourl:/sport/ugc?imageView2/2/w/100/h/60/q/100
request_method:GET
cookie:PHPSESSID:gvqp5865algv33cah6n3pkh6q3;
client_ip:114.249.225.21
error_no
error_msg:success
=====================2017-08-08 11:11:17===========================
service_cost:3.21
time:08/Aug/2017:11:11:17 +0800
entrance_type:Mozilla/5.0 (Macintosh; Intel Mac OS X 10_12_6) AppleWebKit/537.36 (KHTML, like Gecko) Chrome/50.0.2661.75 Safari/537.36 QQBrowser/4.1.4132.400
ourl:/sport/p/590c197be1382304ad3fdc3e.html
request_method:GET
cookie:PHPSESSID:gvqp5865algv33cah6n3pkh6q3;
client_ip:114.249.225.21
error_no
error_msg:success
=====================2017-08-08 12:24:01===========================
service_cost:2.255
time:08/Aug/2017:12:24:01 +0800
entrance_type:Mozilla/5.0 (Macintosh; Intel Mac OS X 10_12_6) AppleWebKit/537.36 (KHTML, like Gecko) Chrome/50.0.2661.75 Safari/537.36 QQBrowser/4.1.4132.400
ourl:/user/student
request_method:GET
cookie:PHPSESSID:gvqp5865algv33cah6n3pkh6q3;
client_ip:114.249.225.21
error_no
error_msg:success
=====================2017-08-08 12:24:01===========================
service_cost:2.1610000000001
time:08/Aug/2017:12:24:01 +0800
entrance_type:Mozilla/5.0 (Macintosh; Intel Mac OS X 10_12_6) AppleWebKit/537.36 (KHTML, like Gecko) Chrome/50.0.2661.75 Safari/537.36 QQBrowser/4.1.4132.400
ourl:/user/student?imageView2/2/w/100/h/60/q/100
request_method:GET
cookie:PHPSESSID:gvqp5865algv33cah6n3pkh6q3;
client_ip:114.249.225.21
error_no
error_msg:success
=====================2017-08-08 12:24:21===========================
service_cost:14.562
time:08/Aug/2017:12:24:21 +0800
entrance_type:Mozilla/5.0 (Macintosh; Intel Mac OS X 10_12_6) AppleWebKit/537.36 (KHTML, like Gecko) Chrome/50.0.2661.75 Safari/537.36 QQBrowser/4.1.4132.400
ourl:/user/student?grade=-1&username=%E5%BC%A0%E9%A6%A8%E5%85%83&uid=&parentname=&mobile=
request_method:GET
cookie:PHPSESSID:gvqp5865algv33cah6n3pkh6q3;
client_ip:114.249.225.21
error_no
error_msg:success
=====================2017-08-08 12:24:28===========================
service_cost:6.936
time:08/Aug/2017:12:24:28 +0800
entrance_type:Mozilla/5.0 (Macintosh; Intel Mac OS X 10_12_6) AppleWebKit/537.36 (KHTML, like Gecko) Chrome/50.0.2661.75 Safari/537.36 QQBrowser/4.1.4132.400
ourl:/sport/ugc?uid=587f31742a46800e0a8b48a5
request_method:GET
cookie:PHPSESSID:gvqp5865algv33cah6n3pkh6q3;
client_ip:114.249.225.21
error_no
error_msg:success
=====================2017-08-08 12:24:38===========================
service_cost:88.328
time:08/Aug/2017:12:24:38 +0800
entrance_type:Mozilla/5.0 (Macintosh; Intel Mac OS X 10_12_6) AppleWebKit/537.36 (KHTML, like Gecko) Chrome/50.0.2661.75 Safari/537.36 QQBrowser/4.1.4132.400
ourl:/sport/ugc
request_method:GET
cookie:PHPSESSID:gvqp5865algv33cah6n3pkh6q3;
client_ip:114.249.225.21
error_no
error_msg:success
=====================2017-08-08 12:24:38===========================
service_cost:84.751
time:08/Aug/2017:12:24:38 +0800
entrance_type:Mozilla/5.0 (Macintosh; Intel Mac OS X 10_12_6) AppleWebKit/537.36 (KHTML, like Gecko) Chrome/50.0.2661.75 Safari/537.36 QQBrowser/4.1.4132.400
ourl:/sport/ugc?imageView2/2/w/100/h/60/q/100
request_method:GET
cookie:PHPSESSID:gvqp5865algv33cah6n3pkh6q3;
client_ip:114.249.225.21
error_no
error_msg:success
=====================2017-08-08 12:24:43===========================
service_cost:2.348
time:08/Aug/2017:12:24:43 +0800
entrance_type:Mozilla/5.0 (Macintosh; Intel Mac OS X 10_12_6) AppleWebKit/537.36 (KHTML, like Gecko) Chrome/50.0.2661.75 Safari/537.36 QQBrowser/4.1.4132.400
ourl:/user/student
request_method:GET
cookie:PHPSESSID:gvqp5865algv33cah6n3pkh6q3;
client_ip:114.249.225.21
error_no
error_msg:success
=====================2017-08-08 12:24:44===========================
service_cost:1.922
time:08/Aug/2017:12:24:44 +0800
entrance_type:Mozilla/5.0 (Macintosh; Intel Mac OS X 10_12_6) AppleWebKit/537.36 (KHTML, like Gecko) Chrome/50.0.2661.75 Safari/537.36 QQBrowser/4.1.4132.400
ourl:/user/student?imageView2/2/w/100/h/60/q/100
request_method:GET
cookie:PHPSESSID:gvqp5865algv33cah6n3pkh6q3;
client_ip:114.249.225.21
error_no
error_msg:success
=====================2017-08-08 12:24:51===========================
service_cost:12.665
time:08/Aug/2017:12:24:51 +0800
entrance_type:Mozilla/5.0 (Macintosh; Intel Mac OS X 10_12_6) AppleWebKit/537.36 (KHTML, like Gecko) Chrome/50.0.2661.75 Safari/537.36 QQBrowser/4.1.4132.400
ourl:/user/student?grade=-1&username=%E5%BC%A0%E9%A6%A8%E5%85%83&uid=&parentname=&mobile=
request_method:GET
cookie:PHPSESSID:gvqp5865algv33cah6n3pkh6q3;
client_ip:114.249.225.21
error_no
error_msg:success
=====================2017-08-08 12:25:10===========================
service_cost:1.837
time:08/Aug/2017:12:25:10 +0800
entrance_type:Mozilla/5.0 (Macintosh; Intel Mac OS X 10_12_6) AppleWebKit/537.36 (KHTML, like Gecko) Chrome/50.0.2661.75 Safari/537.36 QQBrowser/4.1.4132.400
ourl:/version/index
request_method:GET
cookie:PHPSESSID:gvqp5865algv33cah6n3pkh6q3;
client_ip:114.249.225.21
error_no
error_msg:success
=====================2017-08-08 12:25:26===========================
service_cost:88.849
time:08/Aug/2017:12:25:26 +0800
entrance_type:Mozilla/5.0 (Macintosh; Intel Mac OS X 10_12_6) AppleWebKit/537.36 (KHTML, like Gecko) Chrome/50.0.2661.75 Safari/537.36 QQBrowser/4.1.4132.400
ourl:/sport/ugc
request_method:GET
cookie:PHPSESSID:gvqp5865algv33cah6n3pkh6q3;
client_ip:114.249.225.21
error_no
error_msg:success
=====================2017-08-08 12:25:26===========================
service_cost:87.817
time:08/Aug/2017:12:25:26 +0800
entrance_type:Mozilla/5.0 (Macintosh; Intel Mac OS X 10_12_6) AppleWebKit/537.36 (KHTML, like Gecko) Chrome/50.0.2661.75 Safari/537.36 QQBrowser/4.1.4132.400
ourl:/sport/ugc?imageView2/2/w/100/h/60/q/100
request_method:GET
cookie:PHPSESSID:gvqp5865algv33cah6n3pkh6q3;
client_ip:114.249.225.21
error_no
error_msg:success
=====================2017-08-08 12:25:35===========================
service_cost:2.983
time:08/Aug/2017:12:25:35 +0800
entrance_type:Mozilla/5.0 (Macintosh; Intel Mac OS X 10_12_6) AppleWebKit/537.36 (KHTML, like Gecko) Chrome/50.0.2661.75 Safari/537.36 QQBrowser/4.1.4132.400
ourl:/user/student
request_method:GET
cookie:PHPSESSID:gvqp5865algv33cah6n3pkh6q3;
client_ip:114.249.225.21
error_no
error_msg:success
=====================2017-08-08 12:25:35===========================
service_cost:1.899
time:08/Aug/2017:12:25:35 +0800
entrance_type:Mozilla/5.0 (Macintosh; Intel Mac OS X 10_12_6) AppleWebKit/537.36 (KHTML, like Gecko) Chrome/50.0.2661.75 Safari/537.36 QQBrowser/4.1.4132.400
ourl:/user/student?imageView2/2/w/100/h/60/q/100
request_method:GET
cookie:PHPSESSID:gvqp5865algv33cah6n3pkh6q3;
client_ip:114.249.225.21
error_no
error_msg:success
=====================2017-08-08 12:25:38===========================
service_cost:13.986
time:08/Aug/2017:12:25:38 +0800
entrance_type:Mozilla/5.0 (Macintosh; Intel Mac OS X 10_12_6) AppleWebKit/537.36 (KHTML, like Gecko) Chrome/50.0.2661.75 Safari/537.36 QQBrowser/4.1.4132.400
ourl:/user/student?grade=-1&username=%E5%BC%A0%E9%A6%A8%E5%85%83&uid=&parentname=&mobile=
request_method:GET
cookie:PHPSESSID:gvqp5865algv33cah6n3pkh6q3;
client_ip:114.249.225.21
error_no
error_msg:success
=====================2017-08-08 12:40:40===========================
service_cost:1.629
time:08/Aug/2017:12:40:40 +0800
entrance_type:Mozilla/5.0 (Macintosh; Intel Mac OS X 10_12_6) AppleWebKit/537.36 (KHTML, like Gecko) Chrome/50.0.2661.75 Safari/537.36 QQBrowser/4.1.4132.400
ourl:/version/index
request_method:GET
cookie:PHPSESSID:gvqp5865algv33cah6n3pkh6q3;
client_ip:114.249.225.21
error_no
error_msg:success
=====================2017-08-08 12:41:01===========================
service_cost:2.143
time:08/Aug/2017:12:41:01 +0800
entrance_type:Mozilla/5.0 (Macintosh; Intel Mac OS X 10_12_6) AppleWebKit/537.36 (KHTML, like Gecko) Chrome/50.0.2661.75 Safari/537.36 QQBrowser/4.1.4132.400
ourl:/user/student
request_method:GET
cookie:PHPSESSID:gvqp5865algv33cah6n3pkh6q3;
client_ip:114.249.225.21
error_no
error_msg:success
=====================2017-08-08 12:41:01===========================
service_cost:2.153
time:08/Aug/2017:12:41:01 +0800
entrance_type:Mozilla/5.0 (Macintosh; Intel Mac OS X 10_12_6) AppleWebKit/537.36 (KHTML, like Gecko) Chrome/50.0.2661.75 Safari/537.36 QQBrowser/4.1.4132.400
ourl:/user/student?imageView2/2/w/100/h/60/q/100
request_method:GET
cookie:PHPSESSID:gvqp5865algv33cah6n3pkh6q3;
client_ip:114.249.225.21
error_no
error_msg:success
=====================2017-08-08 12:41:13===========================
service_cost:15.61
time:08/Aug/2017:12:41:13 +0800
entrance_type:Mozilla/5.0 (Macintosh; Intel Mac OS X 10_12_6) AppleWebKit/537.36 (KHTML, like Gecko) Chrome/50.0.2661.75 Safari/537.36 QQBrowser/4.1.4132.400
ourl:/user/student?grade=-1&username=%E5%BC%A0%E9%A6%A8%E5%85%83&uid=&parentname=&mobile=
request_method:GET
cookie:PHPSESSID:gvqp5865algv33cah6n3pkh6q3;
client_ip:114.249.225.21
error_no
error_msg:success
=====================2017-08-08 12:41:30===========================
service_cost:5.056
time:08/Aug/2017:12:41:30 +0800
entrance_type:Mozilla/5.0 (Macintosh; Intel Mac OS X 10_12_6) AppleWebKit/537.36 (KHTML, like Gecko) Chrome/50.0.2661.75 Safari/537.36 QQBrowser/4.1.4132.400
ourl:/sport/ugc?uid=587f31742a46800e0a8b48a5
request_method:GET
cookie:PHPSESSID:gvqp5865algv33cah6n3pkh6q3;
client_ip:114.249.225.21
error_no
error_msg:success
=====================2017-08-08 12:47:03===========================
service_cost:1.766
time:08/Aug/2017:12:47:03 +0800
entrance_type:Mozilla/5.0 (Macintosh; Intel Mac OS X 10_12_6) AppleWebKit/537.36 (KHTML, like Gecko) Chrome/50.0.2661.75 Safari/537.36 QQBrowser/4.1.4132.400
ourl:/sport/project
request_method:GET
cookie:PHPSESSID:gvqp5865algv33cah6n3pkh6q3;
client_ip:114.249.225.21
error_no
error_msg:success
=====================2017-08-08 12:47:07===========================
service_cost:13.473
time:08/Aug/2017:12:47:07 +0800
entrance_type:Mozilla/5.0 (Macintosh; Intel Mac OS X 10_12_6) AppleWebKit/537.36 (KHTML, like Gecko) Chrome/50.0.2661.75 Safari/537.36 QQBrowser/4.1.4132.400
ourl:/sport/homework
request_method:GET
cookie:PHPSESSID:gvqp5865algv33cah6n3pkh6q3;
client_ip:114.249.225.21
error_no
error_msg:success
=====================2017-08-08 12:47:08===========================
service_cost:12.393
time:08/Aug/2017:12:47:08 +0800
entrance_type:Mozilla/5.0 (Macintosh; Intel Mac OS X 10_12_6) AppleWebKit/537.36 (KHTML, like Gecko) Chrome/50.0.2661.75 Safari/537.36 QQBrowser/4.1.4132.400
ourl:/sport/homework?pn=1
request_method:GET
cookie:PHPSESSID:gvqp5865algv33cah6n3pkh6q3;
client_ip:114.249.225.21
error_no
error_msg:success
=====================2017-08-08 17:32:14===========================
service_cost:2.35
time:08/Aug/2017:17:32:14 +0800
entrance_type:Mozilla/5.0 (Macintosh; Intel Mac OS X 10_12_6) AppleWebKit/537.36 (KHTML, like Gecko) Chrome/50.0.2661.75 Safari/537.36 QQBrowser/4.1.4132.400
ourl:/user/class
request_method:GET
cookie:PHPSESSID:gvqp5865algv33cah6n3pkh6q3;
client_ip:114.249.225.21
error_no
error_msg:success
=====================2017-08-08 17:32:15===========================
service_cost:1.787
time:08/Aug/2017:17:32:15 +0800
entrance_type:Mozilla/5.0 (Macintosh; Intel Mac OS X 10_12_6) AppleWebKit/537.36 (KHTML, like Gecko) Chrome/50.0.2661.75 Safari/537.36 QQBrowser/4.1.4132.400
ourl:/user/school
request_method:GET
cookie:PHPSESSID:gvqp5865algv33cah6n3pkh6q3;
client_ip:114.249.225.21
error_no
error_msg:success
=====================2017-08-08 17:47:55===========================
service_cost:1.199
time:08/Aug/2017:17:47:55 +0800
entrance_type:Mozilla/5.0 (Windows NT 10.0; Win64; x64; rv:54.0) Gecko/20100101 Firefox/54.0
ourl:/user/dologin
request_method:POST
cookie:PHPSESSID:87ec4oh31b6djkj3ardbp62h06;
client_ip:114.249.225.21
error_no:-1
error_msg:è´¦å·æˆ–å¯†ç é”™è¯¯
=====================2017-08-08 17:47:55===========================
service_cost:1.2
time:08/Aug/2017:17:47:55 +0800
entrance_type:Mozilla/5.0 (Windows NT 10.0; Win64; x64; rv:54.0) Gecko/20100101 Firefox/54.0
ourl:/user/dologin
request_method:POST
cookie:PHPSESSID:87ec4oh31b6djkj3ardbp62h06;
client_ip:114.249.225.21
error_no:-1
error_msg:è´¦å·æˆ–å¯†ç é”™è¯¯
=====================2017-08-08 17:48:22===========================
service_cost:1.2850000000001
time:08/Aug/2017:17:48:22 +0800
entrance_type:Mozilla/5.0 (Windows NT 10.0; Win64; x64; rv:54.0) Gecko/20100101 Firefox/54.0
ourl:/user/dologin
request_method:POST
cookie:PHPSESSID:87ec4oh31b6djkj3ardbp62h06;
client_ip:114.249.225.21
error_no:-1
error_msg:è´¦å·æˆ–å¯†ç é”™è¯¯
=====================2017-08-08 17:48:23===========================
service_cost:4.983
time:08/Aug/2017:17:48:23 +0800
entrance_type:Mozilla/5.0 (Windows NT 10.0; Win64; x64; rv:54.0) Gecko/20100101 Firefox/54.0
ourl:/user/dologin
request_method:POST
cookie:PHPSESSID:87ec4oh31b6djkj3ardbp62h06;
client_ip:114.249.225.21
error_no:-1
error_msg:è´¦å·æˆ–å¯†ç é”™è¯¯
=====================2017-08-08 17:49:43===========================
service_cost:1.119
time:08/Aug/2017:17:49:43 +0800
entrance_type:Mozilla/5.0 (Windows NT 10.0; Win64; x64; rv:54.0) Gecko/20100101 Firefox/54.0
ourl:/user/dologin
request_method:POST
cookie:PHPSESSID:87ec4oh31b6djkj3ardbp62h06;
client_ip:114.249.225.21
error_no:-1
error_msg:è´¦å·æˆ–å¯†ç é”™è¯¯
=====================2017-08-08 17:49:44===========================
service_cost:1.227
time:08/Aug/2017:17:49:44 +0800
entrance_type:Mozilla/5.0 (Windows NT 10.0; Win64; x64; rv:54.0) Gecko/20100101 Firefox/54.0
ourl:/user/dologin
request_method:POST
cookie:PHPSESSID:87ec4oh31b6djkj3ardbp62h06;
client_ip:114.249.225.21
error_no:-1
error_msg:è´¦å·æˆ–å¯†ç é”™è¯¯
=====================2017-08-08 17:49:44===========================
service_cost:1.085
time:08/Aug/2017:17:49:44 +0800
entrance_type:Mozilla/5.0 (Windows NT 10.0; Win64; x64; rv:54.0) Gecko/20100101 Firefox/54.0
ourl:/user/dologin
request_method:POST
cookie:PHPSESSID:87ec4oh31b6djkj3ardbp62h06;
client_ip:114.249.225.21
error_no:-1
error_msg:è´¦å·æˆ–å¯†ç é”™è¯¯
=====================2017-08-08 17:50:08===========================
service_cost:1.239
time:08/Aug/2017:17:50:08 +0800
entrance_type:Mozilla/5.0 (Windows NT 10.0; Win64; x64; rv:54.0) Gecko/20100101 Firefox/54.0
ourl:/user/dologin
request_method:POST
cookie:PHPSESSID:87ec4oh31b6djkj3ardbp62h06;
client_ip:114.249.225.21
error_no:-1
error_msg:è´¦å·æˆ–å¯†ç é”™è¯¯
=====================2017-08-08 17:50:09===========================
service_cost:1.19
time:08/Aug/2017:17:50:09 +0800
entrance_type:Mozilla/5.0 (Windows NT 10.0; Win64; x64; rv:54.0) Gecko/20100101 Firefox/54.0
ourl:/user/dologin
request_method:POST
cookie:PHPSESSID:87ec4oh31b6djkj3ardbp62h06;
client_ip:114.249.225.21
error_no:-1
error_msg:è´¦å·æˆ–å¯†ç é”™è¯¯
=====================2017-08-08 17:50:09===========================
service_cost:1.0669999999999
time:08/Aug/2017:17:50:09 +0800
entrance_type:Mozilla/5.0 (Windows NT 10.0; Win64; x64; rv:54.0) Gecko/20100101 Firefox/54.0
ourl:/user/dologin
request_method:POST
cookie:PHPSESSID:87ec4oh31b6djkj3ardbp62h06;
client_ip:114.249.225.21
error_no:-1
error_msg:è´¦å·æˆ–å¯†ç é”™è¯¯
=======
=====================2017-08-08 10:44:22===========================
service_cost:372.853
time:08/Aug/2017:10:44:22 +0800
entrance_type:Mozilla/5.0 (Windows NT 10.0; WOW64) AppleWebKit/537.36 (KHTML, like Gecko) Chrome/57.0.2987.110 Safari/537.36
ourl:/project/add
request_method:GET
cookie:PHPSESSID:s1v06kvnlop5vc999bkg8b9k12;ttxs:a:4:{s:3:"_id";s:24:"595604602173cc77db5a5248";s:8:"username";s:8:"chenyun1";s:7:"profile";s:26:"â¤ï¸ðŸ’›ðŸ’šðŸ’™ðŸ’œðŸ–¤";s:7:"iconurl";s:64:"https://oi7ro6pyq.qnssl.com/21c68ba586c7b7b2f675b55dea227cca.png";};
client_ip:192.168.1.12
error_no
error_msg:success
=====================2017-08-08 11:22:39===========================
service_cost:137.095
time:08/Aug/2017:11:22:39 +0800
entrance_type:Mozilla/5.0 (Windows NT 10.0; WOW64) AppleWebKit/537.36 (KHTML, like Gecko) Chrome/57.0.2987.110 Safari/537.36
ourl:/project/add
request_method:GET
cookie:PHPSESSID:s1v06kvnlop5vc999bkg8b9k12;ttxs:a:4:{s:3:"_id";s:24:"595604602173cc77db5a5248";s:8:"username";s:8:"chenyun1";s:7:"profile";s:26:"â¤ï¸ðŸ’›ðŸ’šðŸ’™ðŸ’œðŸ–¤";s:7:"iconurl";s:64:"https://oi7ro6pyq.qnssl.com/21c68ba586c7b7b2f675b55dea227cca.png";};
client_ip:192.168.1.12
error_no
error_msg:success
=====================2017-08-08 12:00:33===========================
service_cost:33.94
time:08/Aug/2017:12:00:33 +0800
entrance_type:Mozilla/5.0 (Windows NT 10.0; WOW64) AppleWebKit/537.36 (KHTML, like Gecko) Chrome/57.0.2987.110 Safari/537.36
ourl:/action/search
request_method:POST
cookie:PHPSESSID:s1v06kvnlop5vc999bkg8b9k12;ttxs:a:4:{s:3:"_id";s:24:"595604602173cc77db5a5248";s:8:"username";s:8:"chenyun1";s:7:"profile";s:26:"â¤ï¸ðŸ’›ðŸ’šðŸ’™ðŸ’œðŸ–¤";s:7:"iconurl";s:64:"https://oi7ro6pyq.qnssl.com/21c68ba586c7b7b2f675b55dea227cca.png";};
client_ip:192.168.1.12
error_no
error_msg:success
>>>>>>> f52ff1ab5a41698e6692f48297365872976601e9
