=====================2017-08-17 13:25:12===========================
service_cost:2.303
time:17/Aug/2017:13:25:12 +0800
entrance_type:Mozilla/5.0 (Macintosh; Intel Mac OS X 10_12_6) AppleWebKit/537.36 (KHTML, like Gecko) Chrome/50.0.2661.75 Safari/537.36 QQBrowser/4.1.4132.400
ourl:/user/student
request_method:GET
cookie:PHPSESSID:gvqp5865algv33cah6n3pkh6q3;
client_ip:114.249.230.22
error_no
error_msg:success
=====================2017-08-17 13:25:12===========================
service_cost:2.2519999999999
time:17/Aug/2017:13:25:12 +0800
entrance_type:Mozilla/5.0 (Macintosh; Intel Mac OS X 10_12_6) AppleWebKit/537.36 (KHTML, like Gecko) Chrome/50.0.2661.75 Safari/537.36 QQBrowser/4.1.4132.400
ourl:/user/student?imageView2/2/w/100/h/60/q/100
request_method:GET
cookie:PHPSESSID:gvqp5865algv33cah6n3pkh6q3;
client_ip:114.249.230.22
error_no
error_msg:success
=====================2017-08-17 13:25:15===========================
service_cost:3.094
time:17/Aug/2017:13:25:15 +0800
entrance_type:Mozilla/5.0 (Macintosh; Intel Mac OS X 10_12_6) AppleWebKit/537.36 (KHTML, like Gecko) Chrome/50.0.2661.75 Safari/537.36 QQBrowser/4.1.4132.400
ourl:/user/class
request_method:GET
cookie:PHPSESSID:gvqp5865algv33cah6n3pkh6q3;
client_ip:114.249.230.22
error_no
error_msg:success
=====================2017-08-17 13:25:17===========================
service_cost:3.001
time:17/Aug/2017:13:25:17 +0800
entrance_type:Mozilla/5.0 (Macintosh; Intel Mac OS X 10_12_6) AppleWebKit/537.36 (KHTML, like Gecko) Chrome/50.0.2661.75 Safari/537.36 QQBrowser/4.1.4132.400
ourl:/user/class
request_method:GET
cookie:PHPSESSID:gvqp5865algv33cah6n3pkh6q3;
client_ip:114.249.230.22
error_no
error_msg:success
=====================2017-08-17 13:25:17===========================
service_cost:1.759
time:17/Aug/2017:13:25:17 +0800
entrance_type:Mozilla/5.0 (Macintosh; Intel Mac OS X 10_12_6) AppleWebKit/537.36 (KHTML, like Gecko) Chrome/50.0.2661.75 Safari/537.36 QQBrowser/4.1.4132.400
ourl:/user/school
request_method:GET
cookie:PHPSESSID:gvqp5865algv33cah6n3pkh6q3;
client_ip:114.249.230.22
error_no
error_msg:success
=====================2017-08-17 13:25:19===========================
service_cost:2.563
time:17/Aug/2017:13:25:19 +0800
entrance_type:Mozilla/5.0 (Macintosh; Intel Mac OS X 10_12_6) AppleWebKit/537.36 (KHTML, like Gecko) Chrome/50.0.2661.75 Safari/537.36 QQBrowser/4.1.4132.400
ourl:/user/student
request_method:GET
cookie:PHPSESSID:gvqp5865algv33cah6n3pkh6q3;
client_ip:114.249.230.22
error_no
error_msg:success
=====================2017-08-17 13:25:19===========================
service_cost:2.88
time:17/Aug/2017:13:25:19 +0800
entrance_type:Mozilla/5.0 (Macintosh; Intel Mac OS X 10_12_6) AppleWebKit/537.36 (KHTML, like Gecko) Chrome/50.0.2661.75 Safari/537.36 QQBrowser/4.1.4132.400
ourl:/user/student?imageView2/2/w/100/h/60/q/100
request_method:GET
cookie:PHPSESSID:gvqp5865algv33cah6n3pkh6q3;
client_ip:114.249.230.22
error_no
error_msg:success
=====================2017-08-17 13:25:40===========================
service_cost:4.997
time:17/Aug/2017:13:25:40 +0800
entrance_type:Mozilla/5.0 (Macintosh; Intel Mac OS X 10_12_6) AppleWebKit/537.36 (KHTML, like Gecko) Chrome/50.0.2661.75 Safari/537.36 QQBrowser/4.1.4132.400
ourl:/sport/ugc?uid=587f31742a46800e0a8b480c
request_method:GET
cookie:PHPSESSID:gvqp5865algv33cah6n3pkh6q3;
client_ip:114.249.230.22
error_no
error_msg:success
=====================2017-08-17 13:25:50===========================
service_cost:16.778
time:17/Aug/2017:13:25:50 +0800
entrance_type:Mozilla/5.0 (Macintosh; Intel Mac OS X 10_12_6) AppleWebKit/537.36 (KHTML, like Gecko) Chrome/50.0.2661.75 Safari/537.36 QQBrowser/4.1.4132.400
ourl:/user/student
request_method:GET
cookie:PHPSESSID:gvqp5865algv33cah6n3pkh6q3;
client_ip:114.249.230.22
error_no
error_msg:success
=====================2017-08-17 13:25:50===========================
service_cost:2.217
time:17/Aug/2017:13:25:50 +0800
entrance_type:Mozilla/5.0 (Macintosh; Intel Mac OS X 10_12_6) AppleWebKit/537.36 (KHTML, like Gecko) Chrome/50.0.2661.75 Safari/537.36 QQBrowser/4.1.4132.400
ourl:/user/student?imageView2/2/w/100/h/60/q/100
request_method:GET
cookie:PHPSESSID:gvqp5865algv33cah6n3pkh6q3;
client_ip:114.249.230.22
error_no
error_msg:success
=====================2017-08-17 13:26:03===========================
service_cost:8.4340000000001
time:17/Aug/2017:13:26:03 +0800
entrance_type:Mozilla/5.0 (Macintosh; Intel Mac OS X 10_12_6) AppleWebKit/537.36 (KHTML, like Gecko) Chrome/50.0.2661.75 Safari/537.36 QQBrowser/4.1.4132.400
ourl:/user/student?grade=14&username=&uid=&parentname=&mobile=
request_method:GET
cookie:PHPSESSID:gvqp5865algv33cah6n3pkh6q3;
client_ip:114.249.230.22
error_no
error_msg:success
=====================2017-08-17 13:26:03===========================
service_cost:2.024
time:17/Aug/2017:13:26:03 +0800
entrance_type:Mozilla/5.0 (Macintosh; Intel Mac OS X 10_12_6) AppleWebKit/537.36 (KHTML, like Gecko) Chrome/50.0.2661.75 Safari/537.36 QQBrowser/4.1.4132.400
ourl:/user/student?imageView2/2/w/100/h/60/q/100
request_method:GET
cookie:PHPSESSID:gvqp5865algv33cah6n3pkh6q3;
client_ip:114.249.230.22
error_no
error_msg:success
=====================2017-08-17 13:26:41===========================
service_cost:8.138
time:17/Aug/2017:13:26:41 +0800
entrance_type:Mozilla/5.0 (Macintosh; Intel Mac OS X 10_12_6) AppleWebKit/537.36 (KHTML, like Gecko) Chrome/50.0.2661.75 Safari/537.36 QQBrowser/4.1.4132.400
ourl:/user/student?grade=14&username=&uid=&parentname=&mobile=&pn=3
request_method:GET
cookie:PHPSESSID:gvqp5865algv33cah6n3pkh6q3;
client_ip:114.249.230.22
error_no
error_msg:success
=====================2017-08-17 13:26:41===========================
service_cost:2.022
time:17/Aug/2017:13:26:41 +0800
entrance_type:Mozilla/5.0 (Macintosh; Intel Mac OS X 10_12_6) AppleWebKit/537.36 (KHTML, like Gecko) Chrome/50.0.2661.75 Safari/537.36 QQBrowser/4.1.4132.400
ourl:/user/student?imageView2/2/w/100/h/60/q/100
request_method:GET
cookie:PHPSESSID:gvqp5865algv33cah6n3pkh6q3;
client_ip:114.249.230.22
error_no
error_msg:success
=====================2017-08-17 13:26:47===========================
service_cost:3.0289999999999
time:17/Aug/2017:13:26:47 +0800
entrance_type:Mozilla/5.0 (Macintosh; Intel Mac OS X 10_12_6) AppleWebKit/537.36 (KHTML, like Gecko) Chrome/50.0.2661.75 Safari/537.36 QQBrowser/4.1.4132.400
ourl:/user/class
request_method:GET
cookie:PHPSESSID:gvqp5865algv33cah6n3pkh6q3;
client_ip:114.249.230.22
error_no
error_msg:success
=====================2017-08-17 13:26:49===========================
service_cost:1.8189999999999
time:17/Aug/2017:13:26:49 +0800
entrance_type:Mozilla/5.0 (Macintosh; Intel Mac OS X 10_12_6) AppleWebKit/537.36 (KHTML, like Gecko) Chrome/50.0.2661.75 Safari/537.36 QQBrowser/4.1.4132.400
ourl:/user/school
request_method:GET
cookie:PHPSESSID:gvqp5865algv33cah6n3pkh6q3;
client_ip:114.249.230.22
error_no
error_msg:success
=====================2017-08-17 13:26:51===========================
service_cost:2.212
time:17/Aug/2017:13:26:51 +0800
entrance_type:Mozilla/5.0 (Macintosh; Intel Mac OS X 10_12_6) AppleWebKit/537.36 (KHTML, like Gecko) Chrome/50.0.2661.75 Safari/537.36 QQBrowser/4.1.4132.400
ourl:/user/student
request_method:GET
cookie:PHPSESSID:gvqp5865algv33cah6n3pkh6q3;
client_ip:114.249.230.22
error_no
error_msg:success
=====================2017-08-17 13:26:51===========================
service_cost:2
time:17/Aug/2017:13:26:51 +0800
entrance_type:Mozilla/5.0 (Macintosh; Intel Mac OS X 10_12_6) AppleWebKit/537.36 (KHTML, like Gecko) Chrome/50.0.2661.75 Safari/537.36 QQBrowser/4.1.4132.400
ourl:/user/student?imageView2/2/w/100/h/60/q/100
request_method:GET
cookie:PHPSESSID:gvqp5865algv33cah6n3pkh6q3;
client_ip:114.249.230.22
error_no
error_msg:success
=====================2017-08-17 16:34:02===========================
service_cost:2.395
time:17/Aug/2017:16:34:02 +0800
entrance_type:Mozilla/5.0 (Macintosh; Intel Mac OS X 10_12_6) AppleWebKit/537.36 (KHTML, like Gecko) Chrome/60.0.3112.90 Safari/537.36
ourl:/user/student
request_method:GET
cookie:PHPSESSID:j3675n7df6s0ik9sj1trcah315;
client_ip:114.249.230.22
error_no
error_msg:success
=====================2017-08-17 16:34:02===========================
service_cost:2.373
time:17/Aug/2017:16:34:02 +0800
entrance_type:Mozilla/5.0 (Macintosh; Intel Mac OS X 10_12_6) AppleWebKit/537.36 (KHTML, like Gecko) Chrome/60.0.3112.90 Safari/537.36
ourl:/user/student?imageView2/2/w/100/h/60/q/100
request_method:GET
cookie:PHPSESSID:j3675n7df6s0ik9sj1trcah315;
client_ip:114.249.230.22
error_no
error_msg:success
=====================2017-08-17 16:34:07===========================
service_cost:1.8520000000001
time:17/Aug/2017:16:34:07 +0800
entrance_type:Mozilla/5.0 (Macintosh; Intel Mac OS X 10_12_6) AppleWebKit/537.36 (KHTML, like Gecko) Chrome/60.0.3112.90 Safari/537.36
ourl:/user/student?grade=-1&username=&uid=587f31762a46800e0a8b4f5c&parentname=&mobile=
request_method:GET
cookie:PHPSESSID:j3675n7df6s0ik9sj1trcah315;
client_ip:114.249.230.22
error_no
error_msg:success
=====================2017-08-17 16:49:02===========================
service_cost:1.632
time:17/Aug/2017:16:49:02 +0800
entrance_type:Mozilla/5.0 (Macintosh; Intel Mac OS X 10_12_6) AppleWebKit/537.36 (KHTML, like Gecko) Chrome/60.0.3112.90 Safari/537.36
ourl:/user/student?grade=-1&username=&uid=587f31742a46800e0a8b4769&parentname=&mobile=
request_method:GET
cookie:PHPSESSID:j3675n7df6s0ik9sj1trcah315;
client_ip:114.249.230.22
error_no
error_msg:success
=====================2017-08-17 16:49:02===========================
service_cost:2.098
time:17/Aug/2017:16:49:02 +0800
entrance_type:Mozilla/5.0 (Macintosh; Intel Mac OS X 10_12_6) AppleWebKit/537.36 (KHTML, like Gecko) Chrome/60.0.3112.90 Safari/537.36
ourl:/user/student?imageView2/2/w/100/h/60/q/100
request_method:GET
cookie:PHPSESSID:j3675n7df6s0ik9sj1trcah315;
client_ip:114.249.230.22
error_no
error_msg:success
=====================2017-08-17 16:50:49===========================
service_cost:1.682
time:17/Aug/2017:16:50:49 +0800
entrance_type:Mozilla/5.0 (Macintosh; Intel Mac OS X 10_12_6) AppleWebKit/537.36 (KHTML, like Gecko) Chrome/60.0.3112.90 Safari/537.36
ourl:/user/student?grade=-1&username=&uid=587f31742a46800e0a8b4769&parentname=&mobile=
request_method:GET
cookie:PHPSESSID:j3675n7df6s0ik9sj1trcah315;
client_ip:114.249.230.22
error_no
error_msg:success
=====================2017-08-17 16:50:49===========================
service_cost:2.347
time:17/Aug/2017:16:50:49 +0800
entrance_type:Mozilla/5.0 (Macintosh; Intel Mac OS X 10_12_6) AppleWebKit/537.36 (KHTML, like Gecko) Chrome/60.0.3112.90 Safari/537.36
ourl:/user/student?imageView2/2/w/100/h/60/q/100
request_method:GET
cookie:PHPSESSID:j3675n7df6s0ik9sj1trcah315;
client_ip:114.249.230.22
error_no
error_msg:success
=====================2017-08-17 16:50:52===========================
service_cost:1.864
time:17/Aug/2017:16:50:52 +0800
entrance_type:Mozilla/5.0 (Macintosh; Intel Mac OS X 10_12_6) AppleWebKit/537.36 (KHTML, like Gecko) Chrome/60.0.3112.90 Safari/537.36
ourl:/user/student?grade=-1&username=&uid=587f31742a46800e0a8b4769&parentname=&mobile=
request_method:GET
cookie:PHPSESSID:j3675n7df6s0ik9sj1trcah315;
client_ip:114.249.230.22
error_no
error_msg:success
=====================2017-08-17 16:50:52===========================
service_cost:2.226
time:17/Aug/2017:16:50:52 +0800
entrance_type:Mozilla/5.0 (Macintosh; Intel Mac OS X 10_12_6) AppleWebKit/537.36 (KHTML, like Gecko) Chrome/60.0.3112.90 Safari/537.36
ourl:/user/student?imageView2/2/w/100/h/60/q/100
request_method:GET
cookie:PHPSESSID:j3675n7df6s0ik9sj1trcah315;
client_ip:114.249.230.22
error_no
error_msg:success
=====================2017-08-17 17:01:59===========================
service_cost:1.95
time:17/Aug/2017:17:01:59 +0800
entrance_type:Mozilla/5.0 (Macintosh; Intel Mac OS X 10_12_6) AppleWebKit/537.36 (KHTML, like Gecko) Chrome/60.0.3112.90 Safari/537.36
ourl:/user/student?grade=-1&username=&uid=587f31742a46800e0a8b4a09&parentname=&mobile=
request_method:GET
cookie:PHPSESSID:j3675n7df6s0ik9sj1trcah315;
client_ip:114.249.230.22
error_no
error_msg:success
=====================2017-08-17 17:03:25===========================
service_cost:1.928
time:17/Aug/2017:17:03:25 +0800
entrance_type:Mozilla/5.0 (Macintosh; Intel Mac OS X 10_12_6) AppleWebKit/537.36 (KHTML, like Gecko) Chrome/60.0.3112.90 Safari/537.36
ourl:/user/student?grade=-1&username=&uid=587f31762a46800e0a8b4f5c&parentname=&mobile=
request_method:GET
cookie:PHPSESSID:j3675n7df6s0ik9sj1trcah315;
client_ip:114.249.230.22
error_no
error_msg:success
=====================2017-08-17 17:03:33===========================
service_cost:2.007
time:17/Aug/2017:17:03:33 +0800
entrance_type:Mozilla/5.0 (Macintosh; Intel Mac OS X 10_12_6) AppleWebKit/537.36 (KHTML, like Gecko) Chrome/60.0.3112.90 Safari/537.36
ourl:/user/student?grade=-1&username=&uid=587f31742a46800e0a8b4a09&parentname=&mobile=
request_method:GET
cookie:PHPSESSID:j3675n7df6s0ik9sj1trcah315;
client_ip:114.249.230.22
error_no
error_msg:success
=====================2017-08-17 17:04:13===========================
service_cost:1.826
time:17/Aug/2017:17:04:13 +0800
entrance_type:Mozilla/5.0 (Macintosh; Intel Mac OS X 10_12_6) AppleWebKit/537.36 (KHTML, like Gecko) Chrome/60.0.3112.90 Safari/537.36
ourl:/user/student?grade=-1&username=&uid=587f31742a46800e0a8b474b&parentname=&mobile=
request_method:GET
cookie:PHPSESSID:j3675n7df6s0ik9sj1trcah315;
client_ip:114.249.230.22
error_no
error_msg:success
=====================2017-08-17 17:06:06===========================
service_cost:1.849
time:17/Aug/2017:17:06:06 +0800
entrance_type:Mozilla/5.0 (Macintosh; Intel Mac OS X 10_12_6) AppleWebKit/537.36 (KHTML, like Gecko) Chrome/60.0.3112.90 Safari/537.36
ourl:/user/student?grade=-1&username=&uid=587f31742a46800e0a8b4a09&parentname=&mobile=
request_method:GET
cookie:PHPSESSID:j3675n7df6s0ik9sj1trcah315;
client_ip:114.249.230.22
error_no
error_msg:success
