=====================2017-05-17 10:15:14===========================
service_cost:8.722
time:17/May/2017:10:15:14 +0800
entrance_type:Mozilla/5.0 (Windows NT 10.0; WOW64) AppleWebKit/537.36 (KHTML, like Gecko) Chrome/57.0.2987.110 Safari/537.36
ourl:/feedback/index?pn=1
request_method:GET
cookie:PHPSESSID:dv7ne00di4bh4058ocarmkdc45;ttxs:a:4:{s:3:"_id";s:24:"58a10c2dd79e4fc8f83f6cf1";s:8:"username";s:7:"chenyun";s:7:"profile";s:28:"好好学习，天天向上!";s:7:"iconurl";s:64:"https://oi7ro6pyq.qnssl.com/5d464b9381d49d2394235b79fdb4fc09.png";};
client_ip:192.168.1.65
error_no:13053
error_msg:No suitable servers found (`serverSelectionTryOnce` set): [connection closed calling ismaster on '60.205.136.72:27001']
=====================2017-05-17 10:15:16===========================
service_cost:7.379
time:17/May/2017:10:15:16 +0800
entrance_type:Mozilla/5.0 (Windows NT 10.0; WOW64) AppleWebKit/537.36 (KHTML, like Gecko) Chrome/57.0.2987.110 Safari/537.36
ourl:/feedback/index?pn=1
request_method:GET
cookie:PHPSESSID:dv7ne00di4bh4058ocarmkdc45;ttxs:a:4:{s:3:"_id";s:24:"58a10c2dd79e4fc8f83f6cf1";s:8:"username";s:7:"chenyun";s:7:"profile";s:28:"好好学习，天天向上!";s:7:"iconurl";s:64:"https://oi7ro6pyq.qnssl.com/5d464b9381d49d2394235b79fdb4fc09.png";};
client_ip:192.168.1.65
error_no:13053
error_msg:No suitable servers found (`serverSelectionTryOnce` set): [connection closed calling ismaster on '60.205.136.72:27001']
=====================2017-05-17 10:15:17===========================
service_cost:0.17
time:17/May/2017:10:15:17 +0800
entrance_type:Mozilla/5.0 (Windows NT 10.0; WOW64) AppleWebKit/537.36 (KHTML, like Gecko) Chrome/57.0.2987.110 Safari/537.36
ourl:/feedback/index?pn=1
request_method:GET
cookie:PHPSESSID:dv7ne00di4bh4058ocarmkdc45;ttxs:a:4:{s:3:"_id";s:24:"58a10c2dd79e4fc8f83f6cf1";s:8:"username";s:7:"chenyun";s:7:"profile";s:28:"好好学习，天天向上!";s:7:"iconurl";s:64:"https://oi7ro6pyq.qnssl.com/5d464b9381d49d2394235b79fdb4fc09.png";};
client_ip:192.168.1.65
error_no:13053
error_msg:No suitable servers found (`serverSelectionTryOnce` set): [connection closed calling ismaster on '60.205.136.72:27001']
=====================2017-05-17 10:15:26===========================
service_cost:55.2
time:17/May/2017:10:15:26 +0800
entrance_type:Mozilla/5.0 (Windows NT 10.0; WOW64) AppleWebKit/537.36 (KHTML, like Gecko) Chrome/57.0.2987.110 Safari/537.36
ourl:/feedback/index
request_method:GET
cookie:PHPSESSID:dv7ne00di4bh4058ocarmkdc45;ttxs:a:4:{s:3:"_id";s:24:"58a10c2dd79e4fc8f83f6cf1";s:8:"username";s:7:"chenyun";s:7:"profile";s:28:"好好学习，天天向上!";s:7:"iconurl";s:64:"https://oi7ro6pyq.qnssl.com/5d464b9381d49d2394235b79fdb4fc09.png";};
client_ip:192.168.1.65
error_no
error_msg:success
=====================2017-05-17 10:15:26===========================
service_cost:359.739
time:17/May/2017:10:15:26 +0800
entrance_type:Mozilla/5.0 (Windows NT 10.0; WOW64) AppleWebKit/537.36 (KHTML, like Gecko) Chrome/57.0.2987.110 Safari/537.36
ourl:/feedback/index?pn=1
request_method:GET
cookie:PHPSESSID:dv7ne00di4bh4058ocarmkdc45;ttxs:a:4:{s:3:"_id";s:24:"58a10c2dd79e4fc8f83f6cf1";s:8:"username";s:7:"chenyun";s:7:"profile";s:28:"好好学习，天天向上!";s:7:"iconurl";s:64:"https://oi7ro6pyq.qnssl.com/5d464b9381d49d2394235b79fdb4fc09.png";};
client_ip:192.168.1.65
error_no
error_msg:success
=====================2017-05-17 10:15:32===========================
service_cost:15.905
time:17/May/2017:10:15:32 +0800
entrance_type:Mozilla/5.0 (Windows NT 10.0; WOW64) AppleWebKit/537.36 (KHTML, like Gecko) Chrome/57.0.2987.110 Safari/537.36
ourl:/sport/project
request_method:GET
cookie:PHPSESSID:dv7ne00di4bh4058ocarmkdc45;ttxs:a:4:{s:3:"_id";s:24:"58a10c2dd79e4fc8f83f6cf1";s:8:"username";s:7:"chenyun";s:7:"profile";s:28:"好好学习，天天向上!";s:7:"iconurl";s:64:"https://oi7ro6pyq.qnssl.com/5d464b9381d49d2394235b79fdb4fc09.png";};
client_ip:192.168.1.65
error_no
error_msg:success
=====================2017-05-17 10:17:26===========================
service_cost:201.939
time:17/May/2017:10:17:26 +0800
entrance_type:Mozilla/5.0 (Windows NT 10.0; WOW64) AppleWebKit/537.36 (KHTML, like Gecko) Chrome/57.0.2987.110 Safari/537.36
ourl:/sport/banner
request_method:GET
cookie:PHPSESSID:dv7ne00di4bh4058ocarmkdc45;ttxs:a:4:{s:3:"_id";s:24:"58a10c2dd79e4fc8f83f6cf1";s:8:"username";s:7:"chenyun";s:7:"profile";s:28:"好好学习，天天向上!";s:7:"iconurl";s:64:"https://oi7ro6pyq.qnssl.com/5d464b9381d49d2394235b79fdb4fc09.png";};
client_ip:192.168.1.65
error_no
error_msg:success
=====================2017-05-17 10:20:08===========================
service_cost:-465.086
time:17/May/2017:10:20:08 +0800
entrance_type:Mozilla/5.0 (Windows NT 10.0; WOW64) AppleWebKit/537.36 (KHTML, like Gecko) Chrome/57.0.2987.110 Safari/537.36
ourl:/sport/banner
request_method:GET
cookie:PHPSESSID:dv7ne00di4bh4058ocarmkdc45;ttxs:a:4:{s:3:"_id";s:24:"58a10c2dd79e4fc8f83f6cf1";s:8:"username";s:7:"chenyun";s:7:"profile";s:28:"好好学习，天天向上!";s:7:"iconurl";s:64:"https://oi7ro6pyq.qnssl.com/5d464b9381d49d2394235b79fdb4fc09.png";};
client_ip:192.168.1.65
error_no
error_msg:success
=====================2017-05-17 10:20:12===========================
service_cost:281.024
time:17/May/2017:10:20:12 +0800
entrance_type:Mozilla/5.0 (Windows NT 10.0; WOW64) AppleWebKit/537.36 (KHTML, like Gecko) Chrome/57.0.2987.110 Safari/537.36
ourl:/sport/banner
request_method:GET
cookie:PHPSESSID:dv7ne00di4bh4058ocarmkdc45;ttxs:a:4:{s:3:"_id";s:24:"58a10c2dd79e4fc8f83f6cf1";s:8:"username";s:7:"chenyun";s:7:"profile";s:28:"好好学习，天天向上!";s:7:"iconurl";s:64:"https://oi7ro6pyq.qnssl.com/5d464b9381d49d2394235b79fdb4fc09.png";};
client_ip:192.168.1.65
error_no
error_msg:success
=====================2017-05-17 10:21:00===========================
service_cost:-314.498
time:17/May/2017:10:21:00 +0800
entrance_type:Mozilla/5.0 (Windows NT 10.0; WOW64) AppleWebKit/537.36 (KHTML, like Gecko) Chrome/57.0.2987.110 Safari/537.36
ourl:/sport/banner
request_method:GET
cookie:PHPSESSID:dv7ne00di4bh4058ocarmkdc45;ttxs:a:4:{s:3:"_id";s:24:"58a10c2dd79e4fc8f83f6cf1";s:8:"username";s:7:"chenyun";s:7:"profile";s:28:"好好学习，天天向上!";s:7:"iconurl";s:64:"https://oi7ro6pyq.qnssl.com/5d464b9381d49d2394235b79fdb4fc09.png";};
client_ip:192.168.1.65
error_no
error_msg:success
=====================2017-05-17 10:21:39===========================
service_cost:-695.901
time:17/May/2017:10:21:39 +0800
entrance_type:Mozilla/5.0 (Windows NT 10.0; WOW64) AppleWebKit/537.36 (KHTML, like Gecko) Chrome/57.0.2987.110 Safari/537.36
ourl:/sport/banner
request_method:GET
cookie:PHPSESSID:dv7ne00di4bh4058ocarmkdc45;ttxs:a:4:{s:3:"_id";s:24:"58a10c2dd79e4fc8f83f6cf1";s:8:"username";s:7:"chenyun";s:7:"profile";s:28:"好好学习，天天向上!";s:7:"iconurl";s:64:"https://oi7ro6pyq.qnssl.com/5d464b9381d49d2394235b79fdb4fc09.png";};
client_ip:192.168.1.65
error_no
error_msg:success
=====================2017-05-17 10:23:20===========================
service_cost:121.607
time:17/May/2017:10:23:20 +0800
entrance_type:Mozilla/5.0 (Windows NT 10.0; WOW64) AppleWebKit/537.36 (KHTML, like Gecko) Chrome/57.0.2987.110 Safari/537.36
ourl:/sport/banner
request_method:GET
cookie:PHPSESSID:dv7ne00di4bh4058ocarmkdc45;ttxs:a:4:{s:3:"_id";s:24:"58a10c2dd79e4fc8f83f6cf1";s:8:"username";s:7:"chenyun";s:7:"profile";s:28:"好好学习，天天向上!";s:7:"iconurl";s:64:"https://oi7ro6pyq.qnssl.com/5d464b9381d49d2394235b79fdb4fc09.png";};
client_ip:192.168.1.65
error_no
error_msg:success
=====================2017-05-17 10:23:23===========================
service_cost:111.674
time:17/May/2017:10:23:23 +0800
entrance_type:Mozilla/5.0 (Windows NT 10.0; WOW64) AppleWebKit/537.36 (KHTML, like Gecko) Chrome/57.0.2987.110 Safari/537.36
ourl:/sport/banner
request_method:GET
cookie:PHPSESSID:dv7ne00di4bh4058ocarmkdc45;ttxs:a:4:{s:3:"_id";s:24:"58a10c2dd79e4fc8f83f6cf1";s:8:"username";s:7:"chenyun";s:7:"profile";s:28:"好好学习，天天向上!";s:7:"iconurl";s:64:"https://oi7ro6pyq.qnssl.com/5d464b9381d49d2394235b79fdb4fc09.png";};
client_ip:192.168.1.65
error_no
error_msg:success
=====================2017-05-17 10:24:58===========================
service_cost:258.381
time:17/May/2017:10:24:58 +0800
entrance_type:Mozilla/5.0 (Windows NT 10.0; WOW64) AppleWebKit/537.36 (KHTML, like Gecko) Chrome/57.0.2987.110 Safari/537.36
ourl:/sport/banner
request_method:GET
cookie:PHPSESSID:dv7ne00di4bh4058ocarmkdc45;ttxs:a:4:{s:3:"_id";s:24:"58a10c2dd79e4fc8f83f6cf1";s:8:"username";s:7:"chenyun";s:7:"profile";s:28:"好好学习，天天向上!";s:7:"iconurl";s:64:"https://oi7ro6pyq.qnssl.com/5d464b9381d49d2394235b79fdb4fc09.png";};
client_ip:192.168.1.65
error_no
error_msg:success
=====================2017-05-17 10:25:04===========================
service_cost:122.159
time:17/May/2017:10:25:04 +0800
entrance_type:Mozilla/5.0 (Windows NT 10.0; WOW64) AppleWebKit/537.36 (KHTML, like Gecko) Chrome/57.0.2987.110 Safari/537.36
ourl:/sport/banner
request_method:GET
cookie:PHPSESSID:dv7ne00di4bh4058ocarmkdc45;ttxs:a:4:{s:3:"_id";s:24:"58a10c2dd79e4fc8f83f6cf1";s:8:"username";s:7:"chenyun";s:7:"profile";s:28:"好好学习，天天向上!";s:7:"iconurl";s:64:"https://oi7ro6pyq.qnssl.com/5d464b9381d49d2394235b79fdb4fc09.png";};
client_ip:192.168.1.65
error_no
error_msg:success
=====================2017-05-17 10:26:53===========================
service_cost:141.861
time:17/May/2017:10:26:53 +0800
entrance_type:Mozilla/5.0 (Windows NT 10.0; WOW64) AppleWebKit/537.36 (KHTML, like Gecko) Chrome/57.0.2987.110 Safari/537.36
ourl:/sport/banner
request_method:GET
cookie:PHPSESSID:dv7ne00di4bh4058ocarmkdc45;ttxs:a:4:{s:3:"_id";s:24:"58a10c2dd79e4fc8f83f6cf1";s:8:"username";s:7:"chenyun";s:7:"profile";s:28:"好好学习，天天向上!";s:7:"iconurl";s:64:"https://oi7ro6pyq.qnssl.com/5d464b9381d49d2394235b79fdb4fc09.png";};
client_ip:192.168.1.65
error_no
error_msg:success
=====================2017-05-17 10:27:05===========================
service_cost:-805.152
time:17/May/2017:10:27:05 +0800
entrance_type:Mozilla/5.0 (Windows NT 10.0; WOW64) AppleWebKit/537.36 (KHTML, like Gecko) Chrome/57.0.2987.110 Safari/537.36
ourl:/sport/banner
request_method:GET
cookie:PHPSESSID:dv7ne00di4bh4058ocarmkdc45;ttxs:a:4:{s:3:"_id";s:24:"58a10c2dd79e4fc8f83f6cf1";s:8:"username";s:7:"chenyun";s:7:"profile";s:28:"好好学习，天天向上!";s:7:"iconurl";s:64:"https://oi7ro6pyq.qnssl.com/5d464b9381d49d2394235b79fdb4fc09.png";};
client_ip:192.168.1.65
error_no
error_msg:success
=====================2017-05-17 10:30:05===========================
service_cost:205.81
time:17/May/2017:10:30:05 +0800
entrance_type:Mozilla/5.0 (Windows NT 10.0; WOW64) AppleWebKit/537.36 (KHTML, like Gecko) Chrome/57.0.2987.110 Safari/537.36
ourl:/sport/banner
request_method:GET
cookie:PHPSESSID:dv7ne00di4bh4058ocarmkdc45;ttxs:a:4:{s:3:"_id";s:24:"58a10c2dd79e4fc8f83f6cf1";s:8:"username";s:7:"chenyun";s:7:"profile";s:28:"好好学习，天天向上!";s:7:"iconurl";s:64:"https://oi7ro6pyq.qnssl.com/5d464b9381d49d2394235b79fdb4fc09.png";};
client_ip:192.168.1.65
error_no
error_msg:success
=====================2017-05-17 10:31:02===========================
service_cost:184.866
time:17/May/2017:10:31:02 +0800
entrance_type:Mozilla/5.0 (Windows NT 10.0; WOW64) AppleWebKit/537.36 (KHTML, like Gecko) Chrome/57.0.2987.110 Safari/537.36
ourl:/sport/banner
request_method:GET
cookie:PHPSESSID:dv7ne00di4bh4058ocarmkdc45;ttxs:a:4:{s:3:"_id";s:24:"58a10c2dd79e4fc8f83f6cf1";s:8:"username";s:7:"chenyun";s:7:"profile";s:28:"好好学习，天天向上!";s:7:"iconurl";s:64:"https://oi7ro6pyq.qnssl.com/5d464b9381d49d2394235b79fdb4fc09.png";};
client_ip:192.168.1.65
error_no
error_msg:success
=====================2017-05-17 10:31:41===========================
service_cost:146.837
time:17/May/2017:10:31:41 +0800
entrance_type:Mozilla/5.0 (Windows NT 10.0; WOW64) AppleWebKit/537.36 (KHTML, like Gecko) Chrome/57.0.2987.110 Safari/537.36
ourl:/sport/banner
request_method:GET
cookie:PHPSESSID:dv7ne00di4bh4058ocarmkdc45;ttxs:a:4:{s:3:"_id";s:24:"58a10c2dd79e4fc8f83f6cf1";s:8:"username";s:7:"chenyun";s:7:"profile";s:28:"好好学习，天天向上!";s:7:"iconurl";s:64:"https://oi7ro6pyq.qnssl.com/5d464b9381d49d2394235b79fdb4fc09.png";};
client_ip:192.168.1.65
error_no
error_msg:success
=====================2017-05-17 10:32:46===========================
service_cost:126.805
time:17/May/2017:10:32:46 +0800
entrance_type:Mozilla/5.0 (Windows NT 10.0; WOW64) AppleWebKit/537.36 (KHTML, like Gecko) Chrome/57.0.2987.110 Safari/537.36
ourl:/sport/banner
request_method:GET
cookie:PHPSESSID:dv7ne00di4bh4058ocarmkdc45;ttxs:a:4:{s:3:"_id";s:24:"58a10c2dd79e4fc8f83f6cf1";s:8:"username";s:7:"chenyun";s:7:"profile";s:28:"好好学习，天天向上!";s:7:"iconurl";s:64:"https://oi7ro6pyq.qnssl.com/5d464b9381d49d2394235b79fdb4fc09.png";};
client_ip:192.168.1.65
error_no
error_msg:success
=====================2017-05-17 10:36:12===========================
service_cost:-196.077
time:17/May/2017:10:36:12 +0800
entrance_type:Mozilla/5.0 (Windows NT 10.0; WOW64) AppleWebKit/537.36 (KHTML, like Gecko) Chrome/57.0.2987.110 Safari/537.36
ourl:/sport/banner
request_method:GET
cookie:PHPSESSID:dv7ne00di4bh4058ocarmkdc45;ttxs:a:4:{s:3:"_id";s:24:"58a10c2dd79e4fc8f83f6cf1";s:8:"username";s:7:"chenyun";s:7:"profile";s:28:"好好学习，天天向上!";s:7:"iconurl";s:64:"https://oi7ro6pyq.qnssl.com/5d464b9381d49d2394235b79fdb4fc09.png";};
client_ip:192.168.1.65
error_no
error_msg:success
=====================2017-05-17 10:36:17===========================
service_cost:141.614
time:17/May/2017:10:36:17 +0800
entrance_type:Mozilla/5.0 (Windows NT 10.0; WOW64) AppleWebKit/537.36 (KHTML, like Gecko) Chrome/57.0.2987.110 Safari/537.36
ourl:/sport/banner
request_method:GET
cookie:PHPSESSID:dv7ne00di4bh4058ocarmkdc45;ttxs:a:4:{s:3:"_id";s:24:"58a10c2dd79e4fc8f83f6cf1";s:8:"username";s:7:"chenyun";s:7:"profile";s:28:"好好学习，天天向上!";s:7:"iconurl";s:64:"https://oi7ro6pyq.qnssl.com/5d464b9381d49d2394235b79fdb4fc09.png";};
client_ip:192.168.1.65
error_no
error_msg:success
=====================2017-05-17 10:36:27===========================
service_cost:-748.824
time:17/May/2017:10:36:27 +0800
entrance_type:Mozilla/5.0 (Windows NT 10.0; WOW64) AppleWebKit/537.36 (KHTML, like Gecko) Chrome/57.0.2987.110 Safari/537.36
ourl:/sport/banner
request_method:GET
cookie:PHPSESSID:dv7ne00di4bh4058ocarmkdc45;ttxs:a:4:{s:3:"_id";s:24:"58a10c2dd79e4fc8f83f6cf1";s:8:"username";s:7:"chenyun";s:7:"profile";s:28:"好好学习，天天向上!";s:7:"iconurl";s:64:"https://oi7ro6pyq.qnssl.com/5d464b9381d49d2394235b79fdb4fc09.png";};
client_ip:192.168.1.65
error_no
error_msg:success
=====================2017-05-17 10:36:56===========================
service_cost:99.572
time:17/May/2017:10:36:56 +0800
entrance_type:Mozilla/5.0 (Windows NT 10.0; WOW64) AppleWebKit/537.36 (KHTML, like Gecko) Chrome/57.0.2987.110 Safari/537.36
ourl:/sport/banner
request_method:GET
cookie:PHPSESSID:dv7ne00di4bh4058ocarmkdc45;ttxs:a:4:{s:3:"_id";s:24:"58a10c2dd79e4fc8f83f6cf1";s:8:"username";s:7:"chenyun";s:7:"profile";s:28:"好好学习，天天向上!";s:7:"iconurl";s:64:"https://oi7ro6pyq.qnssl.com/5d464b9381d49d2394235b79fdb4fc09.png";};
client_ip:192.168.1.65
error_no
error_msg:success
=====================2017-05-17 10:37:00===========================
service_cost:137.496
time:17/May/2017:10:37:00 +0800
entrance_type:Mozilla/5.0 (Windows NT 10.0; WOW64) AppleWebKit/537.36 (KHTML, like Gecko) Chrome/57.0.2987.110 Safari/537.36
ourl:/sport/banner
request_method:GET
cookie:PHPSESSID:dv7ne00di4bh4058ocarmkdc45;ttxs:a:4:{s:3:"_id";s:24:"58a10c2dd79e4fc8f83f6cf1";s:8:"username";s:7:"chenyun";s:7:"profile";s:28:"好好学习，天天向上!";s:7:"iconurl";s:64:"https://oi7ro6pyq.qnssl.com/5d464b9381d49d2394235b79fdb4fc09.png";};
client_ip:192.168.1.65
error_no
error_msg:success
=====================2017-05-17 10:37:48===========================
service_cost:-294.109
time:17/May/2017:10:37:48 +0800
entrance_type:Mozilla/5.0 (Windows NT 10.0; WOW64) AppleWebKit/537.36 (KHTML, like Gecko) Chrome/57.0.2987.110 Safari/537.36
ourl:/sport/banner
request_method:GET
cookie:PHPSESSID:dv7ne00di4bh4058ocarmkdc45;ttxs:a:4:{s:3:"_id";s:24:"58a10c2dd79e4fc8f83f6cf1";s:8:"username";s:7:"chenyun";s:7:"profile";s:28:"好好学习，天天向上!";s:7:"iconurl";s:64:"https://oi7ro6pyq.qnssl.com/5d464b9381d49d2394235b79fdb4fc09.png";};
client_ip:192.168.1.65
error_no
error_msg:success
=====================2017-05-17 10:39:37===========================
service_cost:-850.08
time:17/May/2017:10:39:37 +0800
entrance_type:Mozilla/5.0 (Windows NT 10.0; WOW64) AppleWebKit/537.36 (KHTML, like Gecko) Chrome/57.0.2987.110 Safari/537.36
ourl:/sport/banner
request_method:GET
cookie:PHPSESSID:dv7ne00di4bh4058ocarmkdc45;ttxs:a:4:{s:3:"_id";s:24:"58a10c2dd79e4fc8f83f6cf1";s:8:"username";s:7:"chenyun";s:7:"profile";s:28:"好好学习，天天向上!";s:7:"iconurl";s:64:"https://oi7ro6pyq.qnssl.com/5d464b9381d49d2394235b79fdb4fc09.png";};
client_ip:192.168.1.65
error_no
error_msg:success
=====================2017-05-17 10:39:39===========================
service_cost:397.195
time:17/May/2017:10:39:39 +0800
entrance_type:Mozilla/5.0 (Windows NT 10.0; WOW64) AppleWebKit/537.36 (KHTML, like Gecko) Chrome/57.0.2987.110 Safari/537.36
ourl:/sport/banner
request_method:GET
cookie:PHPSESSID:dv7ne00di4bh4058ocarmkdc45;ttxs:a:4:{s:3:"_id";s:24:"58a10c2dd79e4fc8f83f6cf1";s:8:"username";s:7:"chenyun";s:7:"profile";s:28:"好好学习，天天向上!";s:7:"iconurl";s:64:"https://oi7ro6pyq.qnssl.com/5d464b9381d49d2394235b79fdb4fc09.png";};
client_ip:192.168.1.65
error_no
error_msg:success
=====================2017-05-17 10:43:12===========================
service_cost:149.689
time:17/May/2017:10:43:12 +0800
entrance_type:Mozilla/5.0 (Windows NT 10.0; WOW64) AppleWebKit/537.36 (KHTML, like Gecko) Chrome/57.0.2987.110 Safari/537.36
ourl:/sport/banner
request_method:GET
cookie:PHPSESSID:dv7ne00di4bh4058ocarmkdc45;ttxs:a:4:{s:3:"_id";s:24:"58a10c2dd79e4fc8f83f6cf1";s:8:"username";s:7:"chenyun";s:7:"profile";s:28:"好好学习，天天向上!";s:7:"iconurl";s:64:"https://oi7ro6pyq.qnssl.com/5d464b9381d49d2394235b79fdb4fc09.png";};
client_ip:192.168.1.65
error_no
error_msg:success
=====================2017-05-17 10:44:30===========================
service_cost:179.055
time:17/May/2017:10:44:30 +0800
entrance_type:Mozilla/5.0 (Windows NT 10.0; WOW64) AppleWebKit/537.36 (KHTML, like Gecko) Chrome/57.0.2987.110 Safari/537.36
ourl:/sport/banner
request_method:GET
cookie:PHPSESSID:dv7ne00di4bh4058ocarmkdc45;ttxs:a:4:{s:3:"_id";s:24:"58a10c2dd79e4fc8f83f6cf1";s:8:"username";s:7:"chenyun";s:7:"profile";s:28:"好好学习，天天向上!";s:7:"iconurl";s:64:"https://oi7ro6pyq.qnssl.com/5d464b9381d49d2394235b79fdb4fc09.png";};
client_ip:192.168.1.65
error_no
error_msg:success
=====================2017-05-17 10:45:16===========================
service_cost:-726.481
time:17/May/2017:10:45:16 +0800
entrance_type:Mozilla/5.0 (Windows NT 10.0; WOW64) AppleWebKit/537.36 (KHTML, like Gecko) Chrome/57.0.2987.110 Safari/537.36
ourl:/sport/banner
request_method:GET
cookie:PHPSESSID:dv7ne00di4bh4058ocarmkdc45;ttxs:a:4:{s:3:"_id";s:24:"58a10c2dd79e4fc8f83f6cf1";s:8:"username";s:7:"chenyun";s:7:"profile";s:28:"好好学习，天天向上!";s:7:"iconurl";s:64:"https://oi7ro6pyq.qnssl.com/5d464b9381d49d2394235b79fdb4fc09.png";};
client_ip:192.168.1.65
error_no
error_msg:success
=====================2017-05-17 10:46:01===========================
service_cost:157.066
time:17/May/2017:10:46:01 +0800
entrance_type:Mozilla/5.0 (Windows NT 10.0; WOW64) AppleWebKit/537.36 (KHTML, like Gecko) Chrome/57.0.2987.110 Safari/537.36
ourl:/sport/banner
request_method:GET
cookie:PHPSESSID:dv7ne00di4bh4058ocarmkdc45;ttxs:a:4:{s:3:"_id";s:24:"58a10c2dd79e4fc8f83f6cf1";s:8:"username";s:7:"chenyun";s:7:"profile";s:28:"好好学习，天天向上!";s:7:"iconurl";s:64:"https://oi7ro6pyq.qnssl.com/5d464b9381d49d2394235b79fdb4fc09.png";};
client_ip:192.168.1.65
error_no
error_msg:success
=====================2017-05-17 10:47:53===========================
service_cost:130.028
time:17/May/2017:10:47:53 +0800
entrance_type:Mozilla/5.0 (Windows NT 10.0; WOW64) AppleWebKit/537.36 (KHTML, like Gecko) Chrome/57.0.2987.110 Safari/537.36
ourl:/sport/banner
request_method:GET
cookie:PHPSESSID:dv7ne00di4bh4058ocarmkdc45;ttxs:a:4:{s:3:"_id";s:24:"58a10c2dd79e4fc8f83f6cf1";s:8:"username";s:7:"chenyun";s:7:"profile";s:28:"好好学习，天天向上!";s:7:"iconurl";s:64:"https://oi7ro6pyq.qnssl.com/5d464b9381d49d2394235b79fdb4fc09.png";};
client_ip:192.168.1.65
error_no
error_msg:success
=====================2017-05-17 10:48:12===========================
service_cost:101.639
time:17/May/2017:10:48:12 +0800
entrance_type:Mozilla/5.0 (Windows NT 10.0; WOW64) AppleWebKit/537.36 (KHTML, like Gecko) Chrome/57.0.2987.110 Safari/537.36
ourl:/sport/banner
request_method:GET
cookie:PHPSESSID:dv7ne00di4bh4058ocarmkdc45;ttxs:a:4:{s:3:"_id";s:24:"58a10c2dd79e4fc8f83f6cf1";s:8:"username";s:7:"chenyun";s:7:"profile";s:28:"好好学习，天天向上!";s:7:"iconurl";s:64:"https://oi7ro6pyq.qnssl.com/5d464b9381d49d2394235b79fdb4fc09.png";};
client_ip:192.168.1.65
error_no
error_msg:success
=====================2017-05-17 10:48:24===========================
service_cost:133.476
time:17/May/2017:10:48:24 +0800
entrance_type:Mozilla/5.0 (Windows NT 10.0; WOW64) AppleWebKit/537.36 (KHTML, like Gecko) Chrome/57.0.2987.110 Safari/537.36
ourl:/sport/banner
request_method:GET
cookie:PHPSESSID:dv7ne00di4bh4058ocarmkdc45;ttxs:a:4:{s:3:"_id";s:24:"58a10c2dd79e4fc8f83f6cf1";s:8:"username";s:7:"chenyun";s:7:"profile";s:28:"好好学习，天天向上!";s:7:"iconurl";s:64:"https://oi7ro6pyq.qnssl.com/5d464b9381d49d2394235b79fdb4fc09.png";};
client_ip:192.168.1.65
error_no
error_msg:success
=====================2017-05-17 10:58:23===========================
service_cost:124.557
time:17/May/2017:10:58:23 +0800
entrance_type:Mozilla/5.0 (Windows NT 10.0; WOW64) AppleWebKit/537.36 (KHTML, like Gecko) Chrome/57.0.2987.110 Safari/537.36
ourl:/sport/banner
request_method:GET
cookie:PHPSESSID:dv7ne00di4bh4058ocarmkdc45;ttxs:a:4:{s:3:"_id";s:24:"58a10c2dd79e4fc8f83f6cf1";s:8:"username";s:7:"chenyun";s:7:"profile";s:28:"好好学习，天天向上!";s:7:"iconurl";s:64:"https://oi7ro6pyq.qnssl.com/5d464b9381d49d2394235b79fdb4fc09.png";};
client_ip:192.168.1.65
error_no
error_msg:success
=====================2017-05-17 10:58:28===========================
service_cost:123.597
time:17/May/2017:10:58:28 +0800
entrance_type:Mozilla/5.0 (Windows NT 10.0; WOW64) AppleWebKit/537.36 (KHTML, like Gecko) Chrome/57.0.2987.110 Safari/537.36
ourl:/sport/banner
request_method:GET
cookie:PHPSESSID:dv7ne00di4bh4058ocarmkdc45;ttxs:a:4:{s:3:"_id";s:24:"58a10c2dd79e4fc8f83f6cf1";s:8:"username";s:7:"chenyun";s:7:"profile";s:28:"好好学习，天天向上!";s:7:"iconurl";s:64:"https://oi7ro6pyq.qnssl.com/5d464b9381d49d2394235b79fdb4fc09.png";};
client_ip:192.168.1.65
error_no
error_msg:success
=====================2017-05-17 10:59:02===========================
service_cost:132.293
time:17/May/2017:10:59:02 +0800
entrance_type:Mozilla/5.0 (Windows NT 10.0; WOW64) AppleWebKit/537.36 (KHTML, like Gecko) Chrome/57.0.2987.110 Safari/537.36
ourl:/sport/banner
request_method:GET
cookie:PHPSESSID:dv7ne00di4bh4058ocarmkdc45;ttxs:a:4:{s:3:"_id";s:24:"58a10c2dd79e4fc8f83f6cf1";s:8:"username";s:7:"chenyun";s:7:"profile";s:28:"好好学习，天天向上!";s:7:"iconurl";s:64:"https://oi7ro6pyq.qnssl.com/5d464b9381d49d2394235b79fdb4fc09.png";};
client_ip:192.168.1.65
error_no
error_msg:success
=====================2017-05-17 10:59:04===========================
service_cost:-859.996
time:17/May/2017:10:59:04 +0800
entrance_type:Mozilla/5.0 (Windows NT 10.0; WOW64) AppleWebKit/537.36 (KHTML, like Gecko) Chrome/57.0.2987.110 Safari/537.36
ourl:/sport/banner
request_method:GET
cookie:PHPSESSID:dv7ne00di4bh4058ocarmkdc45;ttxs:a:4:{s:3:"_id";s:24:"58a10c2dd79e4fc8f83f6cf1";s:8:"username";s:7:"chenyun";s:7:"profile";s:28:"好好学习，天天向上!";s:7:"iconurl";s:64:"https://oi7ro6pyq.qnssl.com/5d464b9381d49d2394235b79fdb4fc09.png";};
client_ip:192.168.1.65
error_no
error_msg:success
=====================2017-05-17 11:00:29===========================
service_cost:148.136
time:17/May/2017:11:00:29 +0800
entrance_type:Mozilla/5.0 (Windows NT 10.0; WOW64) AppleWebKit/537.36 (KHTML, like Gecko) Chrome/57.0.2987.110 Safari/537.36
ourl:/sport/banner
request_method:GET
cookie:PHPSESSID:dv7ne00di4bh4058ocarmkdc45;ttxs:a:4:{s:3:"_id";s:24:"58a10c2dd79e4fc8f83f6cf1";s:8:"username";s:7:"chenyun";s:7:"profile";s:28:"好好学习，天天向上!";s:7:"iconurl";s:64:"https://oi7ro6pyq.qnssl.com/5d464b9381d49d2394235b79fdb4fc09.png";};
client_ip:192.168.1.65
error_no
error_msg:success
=====================2017-05-17 11:07:24===========================
service_cost:220.483
time:17/May/2017:11:07:24 +0800
entrance_type:Mozilla/5.0 (Windows NT 10.0; WOW64) AppleWebKit/537.36 (KHTML, like Gecko) Chrome/57.0.2987.110 Safari/537.36
ourl:/sport/banner
request_method:GET
cookie:PHPSESSID:dv7ne00di4bh4058ocarmkdc45;ttxs:a:4:{s:3:"_id";s:24:"58a10c2dd79e4fc8f83f6cf1";s:8:"username";s:7:"chenyun";s:7:"profile";s:28:"好好学习，天天向上!";s:7:"iconurl";s:64:"https://oi7ro6pyq.qnssl.com/5d464b9381d49d2394235b79fdb4fc09.png";};
client_ip:192.168.1.65
error_no
error_msg:success
=====================2017-05-17 11:10:53===========================
service_cost:110.963
time:17/May/2017:11:10:53 +0800
entrance_type:Mozilla/5.0 (Windows NT 10.0; WOW64) AppleWebKit/537.36 (KHTML, like Gecko) Chrome/57.0.2987.110 Safari/537.36
ourl:/sport/banner
request_method:GET
cookie:PHPSESSID:dv7ne00di4bh4058ocarmkdc45;ttxs:a:4:{s:3:"_id";s:24:"58a10c2dd79e4fc8f83f6cf1";s:8:"username";s:7:"chenyun";s:7:"profile";s:28:"好好学习，天天向上!";s:7:"iconurl";s:64:"https://oi7ro6pyq.qnssl.com/5d464b9381d49d2394235b79fdb4fc09.png";};
client_ip:192.168.1.65
error_no
error_msg:success
=====================2017-05-17 11:13:05===========================
service_cost:667.643
time:17/May/2017:11:13:05 +0800
entrance_type:Mozilla/5.0 (Windows NT 10.0; WOW64) AppleWebKit/537.36 (KHTML, like Gecko) Chrome/57.0.2987.110 Safari/537.36
ourl:/sport/banner
request_method:GET
cookie:PHPSESSID:dv7ne00di4bh4058ocarmkdc45;ttxs:a:4:{s:3:"_id";s:24:"58a10c2dd79e4fc8f83f6cf1";s:8:"username";s:7:"chenyun";s:7:"profile";s:28:"好好学习，天天向上!";s:7:"iconurl";s:64:"https://oi7ro6pyq.qnssl.com/5d464b9381d49d2394235b79fdb4fc09.png";};
client_ip:192.168.1.65
error_no
error_msg:success
=====================2017-05-17 11:13:58===========================
service_cost:27.06
time:17/May/2017:11:13:58 +0800
entrance_type:Mozilla/5.0 (Windows NT 10.0; WOW64) AppleWebKit/537.36 (KHTML, like Gecko) Chrome/57.0.2987.110 Safari/537.36
ourl:/sport/editBanner?_id=58f0eac76eb7ccda15faf3b1
request_method:POST
cookie:PHPSESSID:dv7ne00di4bh4058ocarmkdc45;ttxs:a:4:{s:3:"_id";s:24:"58a10c2dd79e4fc8f83f6cf1";s:8:"username";s:7:"chenyun";s:7:"profile";s:28:"好好学习，天天向上!";s:7:"iconurl";s:64:"https://oi7ro6pyq.qnssl.com/5d464b9381d49d2394235b79fdb4fc09.png";};
client_ip:192.168.1.65
error_no
error_msg:success
=====================2017-05-17 11:13:58===========================
service_cost:121.544
time:17/May/2017:11:13:58 +0800
entrance_type:Mozilla/5.0 (Windows NT 10.0; WOW64) AppleWebKit/537.36 (KHTML, like Gecko) Chrome/57.0.2987.110 Safari/537.36
ourl:/sport/banner
request_method:GET
cookie:PHPSESSID:dv7ne00di4bh4058ocarmkdc45;ttxs:a:4:{s:3:"_id";s:24:"58a10c2dd79e4fc8f83f6cf1";s:8:"username";s:7:"chenyun";s:7:"profile";s:28:"好好学习，天天向上!";s:7:"iconurl";s:64:"https://oi7ro6pyq.qnssl.com/5d464b9381d49d2394235b79fdb4fc09.png";};
client_ip:192.168.1.65
error_no
error_msg:success
=====================2017-05-17 11:14:41===========================
service_cost:122.283
time:17/May/2017:11:14:41 +0800
entrance_type:Mozilla/5.0 (Windows NT 10.0; WOW64) AppleWebKit/537.36 (KHTML, like Gecko) Chrome/57.0.2987.110 Safari/537.36
ourl:/sport/banner
request_method:GET
cookie:PHPSESSID:dv7ne00di4bh4058ocarmkdc45;ttxs:a:4:{s:3:"_id";s:24:"58a10c2dd79e4fc8f83f6cf1";s:8:"username";s:7:"chenyun";s:7:"profile";s:28:"好好学习，天天向上!";s:7:"iconurl";s:64:"https://oi7ro6pyq.qnssl.com/5d464b9381d49d2394235b79fdb4fc09.png";};
client_ip:192.168.1.65
error_no
error_msg:success
=====================2017-05-17 11:17:38===========================
service_cost:125.037
time:17/May/2017:11:17:38 +0800
entrance_type:Mozilla/5.0 (Windows NT 10.0; WOW64) AppleWebKit/537.36 (KHTML, like Gecko) Chrome/57.0.2987.110 Safari/537.36
ourl:/sport/banner
request_method:GET
cookie:PHPSESSID:dv7ne00di4bh4058ocarmkdc45;ttxs:a:4:{s:3:"_id";s:24:"58a10c2dd79e4fc8f83f6cf1";s:8:"username";s:7:"chenyun";s:7:"profile";s:28:"好好学习，天天向上!";s:7:"iconurl";s:64:"https://oi7ro6pyq.qnssl.com/5d464b9381d49d2394235b79fdb4fc09.png";};
client_ip:192.168.1.65
error_no
error_msg:success
=====================2017-05-17 11:18:23===========================
service_cost:104.443
time:17/May/2017:11:18:23 +0800
entrance_type:Mozilla/5.0 (Windows NT 10.0; WOW64) AppleWebKit/537.36 (KHTML, like Gecko) Chrome/57.0.2987.110 Safari/537.36
ourl:/sport/banner
request_method:GET
cookie:PHPSESSID:dv7ne00di4bh4058ocarmkdc45;ttxs:a:4:{s:3:"_id";s:24:"58a10c2dd79e4fc8f83f6cf1";s:8:"username";s:7:"chenyun";s:7:"profile";s:28:"好好学习，天天向上!";s:7:"iconurl";s:64:"https://oi7ro6pyq.qnssl.com/5d464b9381d49d2394235b79fdb4fc09.png";};
client_ip:192.168.1.65
error_no
error_msg:success
=====================2017-05-17 11:20:20===========================
service_cost:162.34
time:17/May/2017:11:20:20 +0800
entrance_type:Mozilla/5.0 (Windows NT 10.0; WOW64) AppleWebKit/537.36 (KHTML, like Gecko) Chrome/57.0.2987.110 Safari/537.36
ourl:/sport/banner
request_method:GET
cookie:PHPSESSID:dv7ne00di4bh4058ocarmkdc45;ttxs:a:4:{s:3:"_id";s:24:"58a10c2dd79e4fc8f83f6cf1";s:8:"username";s:7:"chenyun";s:7:"profile";s:28:"好好学习，天天向上!";s:7:"iconurl";s:64:"https://oi7ro6pyq.qnssl.com/5d464b9381d49d2394235b79fdb4fc09.png";};
client_ip:192.168.1.65
error_no
error_msg:success
=====================2017-05-17 11:21:06===========================
service_cost:373.793
time:17/May/2017:11:21:06 +0800
entrance_type:Mozilla/5.0 (Windows NT 10.0; WOW64) AppleWebKit/537.36 (KHTML, like Gecko) Chrome/57.0.2987.110 Safari/537.36
ourl:/sport/banner
request_method:GET
cookie:PHPSESSID:dv7ne00di4bh4058ocarmkdc45;ttxs:a:4:{s:3:"_id";s:24:"58a10c2dd79e4fc8f83f6cf1";s:8:"username";s:7:"chenyun";s:7:"profile";s:28:"好好学习，天天向上!";s:7:"iconurl";s:64:"https://oi7ro6pyq.qnssl.com/5d464b9381d49d2394235b79fdb4fc09.png";};
client_ip:192.168.1.65
error_no
error_msg:success
=====================2017-05-17 11:21:58===========================
service_cost:123.175
time:17/May/2017:11:21:58 +0800
entrance_type:Mozilla/5.0 (Windows NT 10.0; WOW64) AppleWebKit/537.36 (KHTML, like Gecko) Chrome/57.0.2987.110 Safari/537.36
ourl:/sport/banner
request_method:GET
cookie:PHPSESSID:dv7ne00di4bh4058ocarmkdc45;ttxs:a:4:{s:3:"_id";s:24:"58a10c2dd79e4fc8f83f6cf1";s:8:"username";s:7:"chenyun";s:7:"profile";s:28:"好好学习，天天向上!";s:7:"iconurl";s:64:"https://oi7ro6pyq.qnssl.com/5d464b9381d49d2394235b79fdb4fc09.png";};
client_ip:192.168.1.65
error_no
error_msg:success
=====================2017-05-17 11:26:56===========================
service_cost:109.951
time:17/May/2017:11:26:56 +0800
entrance_type:Mozilla/5.0 (Windows NT 10.0; WOW64) AppleWebKit/537.36 (KHTML, like Gecko) Chrome/57.0.2987.110 Safari/537.36
ourl:/sport/banner
request_method:GET
cookie:PHPSESSID:dv7ne00di4bh4058ocarmkdc45;ttxs:a:4:{s:3:"_id";s:24:"58a10c2dd79e4fc8f83f6cf1";s:8:"username";s:7:"chenyun";s:7:"profile";s:28:"好好学习，天天向上!";s:7:"iconurl";s:64:"https://oi7ro6pyq.qnssl.com/5d464b9381d49d2394235b79fdb4fc09.png";};
client_ip:192.168.1.65
error_no
error_msg:success
=====================2017-05-17 11:30:52===========================
service_cost:-877.372
time:17/May/2017:11:30:52 +0800
entrance_type:Mozilla/5.0 (Windows NT 10.0; WOW64) AppleWebKit/537.36 (KHTML, like Gecko) Chrome/57.0.2987.110 Safari/537.36
ourl:/sport/banner
request_method:GET
cookie:PHPSESSID:dv7ne00di4bh4058ocarmkdc45;ttxs:a:4:{s:3:"_id";s:24:"58a10c2dd79e4fc8f83f6cf1";s:8:"username";s:7:"chenyun";s:7:"profile";s:28:"好好学习，天天向上!";s:7:"iconurl";s:64:"https://oi7ro6pyq.qnssl.com/5d464b9381d49d2394235b79fdb4fc09.png";};
client_ip:192.168.1.65
error_no
error_msg:success
=====================2017-05-17 11:38:37===========================
service_cost:132.35
time:17/May/2017:11:38:37 +0800
entrance_type:Mozilla/5.0 (Windows NT 10.0; WOW64) AppleWebKit/537.36 (KHTML, like Gecko) Chrome/57.0.2987.110 Safari/537.36
ourl:/sport/banner
request_method:GET
cookie:PHPSESSID:dv7ne00di4bh4058ocarmkdc45;ttxs:a:4:{s:3:"_id";s:24:"58a10c2dd79e4fc8f83f6cf1";s:8:"username";s:7:"chenyun";s:7:"profile";s:28:"好好学习，天天向上!";s:7:"iconurl";s:64:"https://oi7ro6pyq.qnssl.com/5d464b9381d49d2394235b79fdb4fc09.png";};
client_ip:192.168.1.65
error_no
error_msg:success
=====================2017-05-17 11:43:08===========================
service_cost:485.845
time:17/May/2017:11:43:08 +0800
entrance_type:Mozilla/5.0 (Windows NT 10.0; WOW64) AppleWebKit/537.36 (KHTML, like Gecko) Chrome/57.0.2987.110 Safari/537.36
ourl:/sport/banner
request_method:GET
cookie:PHPSESSID:dv7ne00di4bh4058ocarmkdc45;ttxs:a:4:{s:3:"_id";s:24:"58a10c2dd79e4fc8f83f6cf1";s:8:"username";s:7:"chenyun";s:7:"profile";s:28:"好好学习，天天向上!";s:7:"iconurl";s:64:"https://oi7ro6pyq.qnssl.com/5d464b9381d49d2394235b79fdb4fc09.png";};
client_ip:192.168.1.65
error_no
error_msg:success
=====================2017-05-17 12:31:45===========================
service_cost:116.829
time:17/May/2017:12:31:45 +0800
entrance_type:Mozilla/5.0 (Windows NT 10.0; WOW64) AppleWebKit/537.36 (KHTML, like Gecko) Chrome/57.0.2987.110 Safari/537.36
ourl:/sport/banner
request_method:GET
cookie:PHPSESSID:dv7ne00di4bh4058ocarmkdc45;ttxs:a:4:{s:3:"_id";s:24:"58a10c2dd79e4fc8f83f6cf1";s:8:"username";s:7:"chenyun";s:7:"profile";s:28:"好好学习，天天向上!";s:7:"iconurl";s:64:"https://oi7ro6pyq.qnssl.com/5d464b9381d49d2394235b79fdb4fc09.png";};
client_ip:192.168.1.65
error_no
error_msg:success
=====================2017-05-17 12:51:01===========================
service_cost:0.08600000000003
time:17/May/2017:12:51:01 +0800
entrance_type:Mozilla/5.0 (Windows NT 10.0; WOW64) AppleWebKit/537.36 (KHTML, like Gecko) Chrome/57.0.2987.110 Safari/537.36
ourl:/sport/addBanner
request_method:POST
cookie:PHPSESSID:dv7ne00di4bh4058ocarmkdc45;ttxs:a:4:{s:3:"_id";s:24:"58a10c2dd79e4fc8f83f6cf1";s:8:"username";s:7:"chenyun";s:7:"profile";s:28:"好好学习，天天向上!";s:7:"iconurl";s:64:"https://oi7ro6pyq.qnssl.com/5d464b9381d49d2394235b79fdb4fc09.png";};
client_ip:192.168.1.65
error_no:-1
error_msg:未知错误
=====================2017-05-17 12:56:59===========================
service_cost:67.841
time:17/May/2017:12:56:59 +0800
entrance_type:Mozilla/5.0 (Windows NT 10.0; WOW64) AppleWebKit/537.36 (KHTML, like Gecko) Chrome/57.0.2987.110 Safari/537.36
ourl:/sport/addBanner
request_method:POST
cookie:PHPSESSID:dv7ne00di4bh4058ocarmkdc45;ttxs:a:4:{s:3:"_id";s:24:"58a10c2dd79e4fc8f83f6cf1";s:8:"username";s:7:"chenyun";s:7:"profile";s:28:"好好学习，天天向上!";s:7:"iconurl";s:64:"https://oi7ro6pyq.qnssl.com/5d464b9381d49d2394235b79fdb4fc09.png";};
client_ip:192.168.1.65
error_no
error_msg:success
=====================2017-05-17 12:57:00===========================
service_cost:-867.954
time:17/May/2017:12:57:00 +0800
entrance_type:Mozilla/5.0 (Windows NT 10.0; WOW64) AppleWebKit/537.36 (KHTML, like Gecko) Chrome/57.0.2987.110 Safari/537.36
ourl:/sport/banner
request_method:GET
cookie:PHPSESSID:dv7ne00di4bh4058ocarmkdc45;ttxs:a:4:{s:3:"_id";s:24:"58a10c2dd79e4fc8f83f6cf1";s:8:"username";s:7:"chenyun";s:7:"profile";s:28:"好好学习，天天向上!";s:7:"iconurl";s:64:"https://oi7ro6pyq.qnssl.com/5d464b9381d49d2394235b79fdb4fc09.png";};
client_ip:192.168.1.65
error_no
error_msg:success
=====================2017-05-17 12:58:09===========================
service_cost:19.987
time:17/May/2017:12:58:09 +0800
entrance_type:Mozilla/5.0 (Windows NT 10.0; WOW64) AppleWebKit/537.36 (KHTML, like Gecko) Chrome/57.0.2987.110 Safari/537.36
ourl:/sport/delBanner
request_method:POST
cookie:PHPSESSID:dv7ne00di4bh4058ocarmkdc45;ttxs:a:4:{s:3:"_id";s:24:"58a10c2dd79e4fc8f83f6cf1";s:8:"username";s:7:"chenyun";s:7:"profile";s:28:"好好学习，天天向上!";s:7:"iconurl";s:64:"https://oi7ro6pyq.qnssl.com/5d464b9381d49d2394235b79fdb4fc09.png";};
client_ip:192.168.1.65
error_no
error_msg:success
=====================2017-05-17 12:58:09===========================
service_cost:119.988
time:17/May/2017:12:58:09 +0800
entrance_type:Mozilla/5.0 (Windows NT 10.0; WOW64) AppleWebKit/537.36 (KHTML, like Gecko) Chrome/57.0.2987.110 Safari/537.36
ourl:/sport/banner
request_method:GET
cookie:PHPSESSID:dv7ne00di4bh4058ocarmkdc45;ttxs:a:4:{s:3:"_id";s:24:"58a10c2dd79e4fc8f83f6cf1";s:8:"username";s:7:"chenyun";s:7:"profile";s:28:"好好学习，天天向上!";s:7:"iconurl";s:64:"https://oi7ro6pyq.qnssl.com/5d464b9381d49d2394235b79fdb4fc09.png";};
client_ip:192.168.1.65
error_no
error_msg:success
=====================2017-05-17 12:58:39===========================
service_cost:7.898
time:17/May/2017:12:58:39 +0800
entrance_type:Mozilla/5.0 (Windows NT 10.0; WOW64) AppleWebKit/537.36 (KHTML, like Gecko) Chrome/57.0.2987.110 Safari/537.36
ourl:/sport/addBanner
request_method:POST
cookie:PHPSESSID:dv7ne00di4bh4058ocarmkdc45;ttxs:a:4:{s:3:"_id";s:24:"58a10c2dd79e4fc8f83f6cf1";s:8:"username";s:7:"chenyun";s:7:"profile";s:28:"好好学习，天天向上!";s:7:"iconurl";s:64:"https://oi7ro6pyq.qnssl.com/5d464b9381d49d2394235b79fdb4fc09.png";};
client_ip:192.168.1.65
error_no
error_msg:success
=====================2017-05-17 12:58:39===========================
service_cost:143.441
time:17/May/2017:12:58:39 +0800
entrance_type:Mozilla/5.0 (Windows NT 10.0; WOW64) AppleWebKit/537.36 (KHTML, like Gecko) Chrome/57.0.2987.110 Safari/537.36
ourl:/sport/banner
request_method:GET
cookie:PHPSESSID:dv7ne00di4bh4058ocarmkdc45;ttxs:a:4:{s:3:"_id";s:24:"58a10c2dd79e4fc8f83f6cf1";s:8:"username";s:7:"chenyun";s:7:"profile";s:28:"好好学习，天天向上!";s:7:"iconurl";s:64:"https://oi7ro6pyq.qnssl.com/5d464b9381d49d2394235b79fdb4fc09.png";};
client_ip:192.168.1.65
error_no
error_msg:success
=====================2017-05-17 12:58:44===========================
service_cost:154.592
time:17/May/2017:12:58:44 +0800
entrance_type:Mozilla/5.0 (Windows NT 10.0; WOW64) AppleWebKit/537.36 (KHTML, like Gecko) Chrome/57.0.2987.110 Safari/537.36
ourl:/sport/banner
request_method:GET
cookie:PHPSESSID:dv7ne00di4bh4058ocarmkdc45;ttxs:a:4:{s:3:"_id";s:24:"58a10c2dd79e4fc8f83f6cf1";s:8:"username";s:7:"chenyun";s:7:"profile";s:28:"好好学习，天天向上!";s:7:"iconurl";s:64:"https://oi7ro6pyq.qnssl.com/5d464b9381d49d2394235b79fdb4fc09.png";};
client_ip:192.168.1.65
error_no
error_msg:success
=====================2017-05-17 13:01:05===========================
service_cost:-860.039
time:17/May/2017:13:01:05 +0800
entrance_type:Mozilla/5.0 (Windows NT 10.0; WOW64) AppleWebKit/537.36 (KHTML, like Gecko) Chrome/57.0.2987.110 Safari/537.36
ourl:/sport/banner
request_method:GET
cookie:PHPSESSID:dv7ne00di4bh4058ocarmkdc45;ttxs:a:4:{s:3:"_id";s:24:"58a10c2dd79e4fc8f83f6cf1";s:8:"username";s:7:"chenyun";s:7:"profile";s:28:"好好学习，天天向上!";s:7:"iconurl";s:64:"https://oi7ro6pyq.qnssl.com/5d464b9381d49d2394235b79fdb4fc09.png";};
client_ip:192.168.1.65
error_no
error_msg:success
=====================2017-05-17 13:01:07===========================
service_cost:13.826
time:17/May/2017:13:01:07 +0800
entrance_type:Mozilla/5.0 (Windows NT 10.0; WOW64) AppleWebKit/537.36 (KHTML, like Gecko) Chrome/57.0.2987.110 Safari/537.36
ourl:/sport/delBanner
request_method:POST
cookie:PHPSESSID:dv7ne00di4bh4058ocarmkdc45;ttxs:a:4:{s:3:"_id";s:24:"58a10c2dd79e4fc8f83f6cf1";s:8:"username";s:7:"chenyun";s:7:"profile";s:28:"好好学习，天天向上!";s:7:"iconurl";s:64:"https://oi7ro6pyq.qnssl.com/5d464b9381d49d2394235b79fdb4fc09.png";};
client_ip:192.168.1.65
error_no
error_msg:success
=====================2017-05-17 13:01:07===========================
service_cost:125.414
time:17/May/2017:13:01:07 +0800
entrance_type:Mozilla/5.0 (Windows NT 10.0; WOW64) AppleWebKit/537.36 (KHTML, like Gecko) Chrome/57.0.2987.110 Safari/537.36
ourl:/sport/banner
request_method:GET
cookie:PHPSESSID:dv7ne00di4bh4058ocarmkdc45;ttxs:a:4:{s:3:"_id";s:24:"58a10c2dd79e4fc8f83f6cf1";s:8:"username";s:7:"chenyun";s:7:"profile";s:28:"好好学习，天天向上!";s:7:"iconurl";s:64:"https://oi7ro6pyq.qnssl.com/5d464b9381d49d2394235b79fdb4fc09.png";};
client_ip:192.168.1.65
error_no
error_msg:success
=====================2017-05-17 13:01:32===========================
service_cost:6.228
time:17/May/2017:13:01:32 +0800
entrance_type:Mozilla/5.0 (Windows NT 10.0; WOW64) AppleWebKit/537.36 (KHTML, like Gecko) Chrome/57.0.2987.110 Safari/537.36
ourl:/sport/addBanner
request_method:POST
cookie:PHPSESSID:dv7ne00di4bh4058ocarmkdc45;ttxs:a:4:{s:3:"_id";s:24:"58a10c2dd79e4fc8f83f6cf1";s:8:"username";s:7:"chenyun";s:7:"profile";s:28:"好好学习，天天向上!";s:7:"iconurl";s:64:"https://oi7ro6pyq.qnssl.com/5d464b9381d49d2394235b79fdb4fc09.png";};
client_ip:192.168.1.65
error_no
error_msg:success
=====================2017-05-17 13:01:32===========================
service_cost:116.585
time:17/May/2017:13:01:32 +0800
entrance_type:Mozilla/5.0 (Windows NT 10.0; WOW64) AppleWebKit/537.36 (KHTML, like Gecko) Chrome/57.0.2987.110 Safari/537.36
ourl:/sport/banner
request_method:GET
cookie:PHPSESSID:dv7ne00di4bh4058ocarmkdc45;ttxs:a:4:{s:3:"_id";s:24:"58a10c2dd79e4fc8f83f6cf1";s:8:"username";s:7:"chenyun";s:7:"profile";s:28:"好好学习，天天向上!";s:7:"iconurl";s:64:"https://oi7ro6pyq.qnssl.com/5d464b9381d49d2394235b79fdb4fc09.png";};
client_ip:192.168.1.65
error_no
error_msg:success
=====================2017-05-17 13:01:39===========================
service_cost:125.43
time:17/May/2017:13:01:39 +0800
entrance_type:Mozilla/5.0 (Windows NT 10.0; WOW64) AppleWebKit/537.36 (KHTML, like Gecko) Chrome/57.0.2987.110 Safari/537.36
ourl:/sport/banner
request_method:GET
cookie:PHPSESSID:dv7ne00di4bh4058ocarmkdc45;ttxs:a:4:{s:3:"_id";s:24:"58a10c2dd79e4fc8f83f6cf1";s:8:"username";s:7:"chenyun";s:7:"profile";s:28:"好好学习，天天向上!";s:7:"iconurl";s:64:"https://oi7ro6pyq.qnssl.com/5d464b9381d49d2394235b79fdb4fc09.png";};
client_ip:192.168.1.65
error_no
error_msg:success
=====================2017-05-17 13:01:40===========================
service_cost:110.224
time:17/May/2017:13:01:40 +0800
entrance_type:Mozilla/5.0 (Windows NT 10.0; WOW64) AppleWebKit/537.36 (KHTML, like Gecko) Chrome/57.0.2987.110 Safari/537.36
ourl:/sport/banner
request_method:GET
cookie:PHPSESSID:dv7ne00di4bh4058ocarmkdc45;ttxs:a:4:{s:3:"_id";s:24:"58a10c2dd79e4fc8f83f6cf1";s:8:"username";s:7:"chenyun";s:7:"profile";s:28:"好好学习，天天向上!";s:7:"iconurl";s:64:"https://oi7ro6pyq.qnssl.com/5d464b9381d49d2394235b79fdb4fc09.png";};
client_ip:192.168.1.65
error_no
error_msg:success
=====================2017-05-17 13:06:00===========================
service_cost:18.76
time:17/May/2017:13:06:00 +0800
entrance_type:Mozilla/5.0 (Windows NT 10.0; WOW64) AppleWebKit/537.36 (KHTML, like Gecko) Chrome/57.0.2987.110 Safari/537.36
ourl:/sport/addBanner
request_method:POST
cookie:PHPSESSID:dv7ne00di4bh4058ocarmkdc45;ttxs:a:4:{s:3:"_id";s:24:"58a10c2dd79e4fc8f83f6cf1";s:8:"username";s:7:"chenyun";s:7:"profile";s:28:"好好学习，天天向上!";s:7:"iconurl";s:64:"https://oi7ro6pyq.qnssl.com/5d464b9381d49d2394235b79fdb4fc09.png";};
client_ip:192.168.1.65
error_no
error_msg:success
=====================2017-05-17 13:06:00===========================
service_cost:110.18
time:17/May/2017:13:06:00 +0800
entrance_type:Mozilla/5.0 (Windows NT 10.0; WOW64) AppleWebKit/537.36 (KHTML, like Gecko) Chrome/57.0.2987.110 Safari/537.36
ourl:/sport/banner
request_method:GET
cookie:PHPSESSID:dv7ne00di4bh4058ocarmkdc45;ttxs:a:4:{s:3:"_id";s:24:"58a10c2dd79e4fc8f83f6cf1";s:8:"username";s:7:"chenyun";s:7:"profile";s:28:"好好学习，天天向上!";s:7:"iconurl";s:64:"https://oi7ro6pyq.qnssl.com/5d464b9381d49d2394235b79fdb4fc09.png";};
client_ip:192.168.1.65
error_no
error_msg:success
=====================2017-05-17 13:09:32===========================
service_cost:186.929
time:17/May/2017:13:09:32 +0800
entrance_type:Mozilla/5.0 (Windows NT 10.0; WOW64) AppleWebKit/537.36 (KHTML, like Gecko) Chrome/57.0.2987.110 Safari/537.36
ourl:/sport/banner
request_method:GET
cookie:PHPSESSID:dv7ne00di4bh4058ocarmkdc45;ttxs:a:4:{s:3:"_id";s:24:"58a10c2dd79e4fc8f83f6cf1";s:8:"username";s:7:"chenyun";s:7:"profile";s:28:"好好学习，天天向上!";s:7:"iconurl";s:64:"https://oi7ro6pyq.qnssl.com/5d464b9381d49d2394235b79fdb4fc09.png";};
client_ip:192.168.1.65
error_no
error_msg:success
=====================2017-05-17 13:10:23===========================
service_cost:11.254
time:17/May/2017:13:10:23 +0800
entrance_type:Mozilla/5.0 (Windows NT 10.0; WOW64) AppleWebKit/537.36 (KHTML, like Gecko) Chrome/57.0.2987.110 Safari/537.36
ourl:/sport/delBanner
request_method:POST
cookie:PHPSESSID:dv7ne00di4bh4058ocarmkdc45;ttxs:a:4:{s:3:"_id";s:24:"58a10c2dd79e4fc8f83f6cf1";s:8:"username";s:7:"chenyun";s:7:"profile";s:28:"好好学习，天天向上!";s:7:"iconurl";s:64:"https://oi7ro6pyq.qnssl.com/5d464b9381d49d2394235b79fdb4fc09.png";};
client_ip:192.168.1.65
error_no
error_msg:success
=====================2017-05-17 13:10:23===========================
service_cost:117.095
time:17/May/2017:13:10:23 +0800
entrance_type:Mozilla/5.0 (Windows NT 10.0; WOW64) AppleWebKit/537.36 (KHTML, like Gecko) Chrome/57.0.2987.110 Safari/537.36
ourl:/sport/banner
request_method:GET
cookie:PHPSESSID:dv7ne00di4bh4058ocarmkdc45;ttxs:a:4:{s:3:"_id";s:24:"58a10c2dd79e4fc8f83f6cf1";s:8:"username";s:7:"chenyun";s:7:"profile";s:28:"好好学习，天天向上!";s:7:"iconurl";s:64:"https://oi7ro6pyq.qnssl.com/5d464b9381d49d2394235b79fdb4fc09.png";};
client_ip:192.168.1.65
error_no
error_msg:success
=====================2017-05-17 13:10:25===========================
service_cost:8.5810000000001
time:17/May/2017:13:10:25 +0800
entrance_type:Mozilla/5.0 (Windows NT 10.0; WOW64) AppleWebKit/537.36 (KHTML, like Gecko) Chrome/57.0.2987.110 Safari/537.36
ourl:/sport/delBanner
request_method:POST
cookie:PHPSESSID:dv7ne00di4bh4058ocarmkdc45;ttxs:a:4:{s:3:"_id";s:24:"58a10c2dd79e4fc8f83f6cf1";s:8:"username";s:7:"chenyun";s:7:"profile";s:28:"好好学习，天天向上!";s:7:"iconurl";s:64:"https://oi7ro6pyq.qnssl.com/5d464b9381d49d2394235b79fdb4fc09.png";};
client_ip:192.168.1.65
error_no
error_msg:success
=====================2017-05-17 13:10:26===========================
service_cost:-824.622
time:17/May/2017:13:10:26 +0800
entrance_type:Mozilla/5.0 (Windows NT 10.0; WOW64) AppleWebKit/537.36 (KHTML, like Gecko) Chrome/57.0.2987.110 Safari/537.36
ourl:/sport/banner
request_method:GET
cookie:PHPSESSID:dv7ne00di4bh4058ocarmkdc45;ttxs:a:4:{s:3:"_id";s:24:"58a10c2dd79e4fc8f83f6cf1";s:8:"username";s:7:"chenyun";s:7:"profile";s:28:"好好学习，天天向上!";s:7:"iconurl";s:64:"https://oi7ro6pyq.qnssl.com/5d464b9381d49d2394235b79fdb4fc09.png";};
client_ip:192.168.1.65
error_no
error_msg:success
=====================2017-05-17 13:14:26===========================
service_cost:155.907
time:17/May/2017:13:14:26 +0800
entrance_type:Mozilla/5.0 (Windows NT 10.0; WOW64) AppleWebKit/537.36 (KHTML, like Gecko) Chrome/57.0.2987.110 Safari/537.36
ourl:/sport/banner
request_method:GET
cookie:PHPSESSID:dv7ne00di4bh4058ocarmkdc45;ttxs:a:4:{s:3:"_id";s:24:"58a10c2dd79e4fc8f83f6cf1";s:8:"username";s:7:"chenyun";s:7:"profile";s:28:"好好学习，天天向上!";s:7:"iconurl";s:64:"https://oi7ro6pyq.qnssl.com/5d464b9381d49d2394235b79fdb4fc09.png";};
client_ip:192.168.1.65
error_no
error_msg:success
=====================2017-05-17 13:14:50===========================
service_cost:13.904
time:17/May/2017:13:14:50 +0800
entrance_type:Mozilla/5.0 (Windows NT 10.0; WOW64) AppleWebKit/537.36 (KHTML, like Gecko) Chrome/57.0.2987.110 Safari/537.36
ourl:/sport/addBanner
request_method:POST
cookie:PHPSESSID:dv7ne00di4bh4058ocarmkdc45;ttxs:a:4:{s:3:"_id";s:24:"58a10c2dd79e4fc8f83f6cf1";s:8:"username";s:7:"chenyun";s:7:"profile";s:28:"好好学习，天天向上!";s:7:"iconurl";s:64:"https://oi7ro6pyq.qnssl.com/5d464b9381d49d2394235b79fdb4fc09.png";};
client_ip:192.168.1.65
error_no
error_msg:success
=====================2017-05-17 13:14:50===========================
service_cost:99.988
time:17/May/2017:13:14:50 +0800
entrance_type:Mozilla/5.0 (Windows NT 10.0; WOW64) AppleWebKit/537.36 (KHTML, like Gecko) Chrome/57.0.2987.110 Safari/537.36
ourl:/sport/banner
request_method:GET
cookie:PHPSESSID:dv7ne00di4bh4058ocarmkdc45;ttxs:a:4:{s:3:"_id";s:24:"58a10c2dd79e4fc8f83f6cf1";s:8:"username";s:7:"chenyun";s:7:"profile";s:28:"好好学习，天天向上!";s:7:"iconurl";s:64:"https://oi7ro6pyq.qnssl.com/5d464b9381d49d2394235b79fdb4fc09.png";};
client_ip:192.168.1.65
error_no
error_msg:success
=====================2017-05-17 13:15:18===========================
service_cost:7.191
time:17/May/2017:13:15:18 +0800
entrance_type:Mozilla/5.0 (Windows NT 10.0; WOW64) AppleWebKit/537.36 (KHTML, like Gecko) Chrome/57.0.2987.110 Safari/537.36
ourl:/sport/delBanner
request_method:POST
cookie:PHPSESSID:dv7ne00di4bh4058ocarmkdc45;ttxs:a:4:{s:3:"_id";s:24:"58a10c2dd79e4fc8f83f6cf1";s:8:"username";s:7:"chenyun";s:7:"profile";s:28:"好好学习，天天向上!";s:7:"iconurl";s:64:"https://oi7ro6pyq.qnssl.com/5d464b9381d49d2394235b79fdb4fc09.png";};
client_ip:192.168.1.65
error_no
error_msg:success
=====================2017-05-17 13:15:18===========================
service_cost:115.53
time:17/May/2017:13:15:18 +0800
entrance_type:Mozilla/5.0 (Windows NT 10.0; WOW64) AppleWebKit/537.36 (KHTML, like Gecko) Chrome/57.0.2987.110 Safari/537.36
ourl:/sport/banner
request_method:GET
cookie:PHPSESSID:dv7ne00di4bh4058ocarmkdc45;ttxs:a:4:{s:3:"_id";s:24:"58a10c2dd79e4fc8f83f6cf1";s:8:"username";s:7:"chenyun";s:7:"profile";s:28:"好好学习，天天向上!";s:7:"iconurl";s:64:"https://oi7ro6pyq.qnssl.com/5d464b9381d49d2394235b79fdb4fc09.png";};
client_ip:192.168.1.65
error_no
error_msg:success
=====================2017-05-17 13:17:15===========================
service_cost:175.478
time:17/May/2017:13:17:15 +0800
entrance_type:Mozilla/5.0 (Windows NT 10.0; WOW64) AppleWebKit/537.36 (KHTML, like Gecko) Chrome/57.0.2987.110 Safari/537.36
ourl:/sport/banner
request_method:GET
cookie:PHPSESSID:dv7ne00di4bh4058ocarmkdc45;ttxs:a:4:{s:3:"_id";s:24:"58a10c2dd79e4fc8f83f6cf1";s:8:"username";s:7:"chenyun";s:7:"profile";s:28:"好好学习，天天向上!";s:7:"iconurl";s:64:"https://oi7ro6pyq.qnssl.com/5d464b9381d49d2394235b79fdb4fc09.png";};
client_ip:192.168.1.65
error_no
error_msg:success
=====================2017-05-17 13:19:29===========================
service_cost:135.499
time:17/May/2017:13:19:29 +0800
entrance_type:Mozilla/5.0 (Windows NT 10.0; WOW64) AppleWebKit/537.36 (KHTML, like Gecko) Chrome/57.0.2987.110 Safari/537.36
ourl:/sport/banner
request_method:GET
cookie:PHPSESSID:dv7ne00di4bh4058ocarmkdc45;ttxs:a:4:{s:3:"_id";s:24:"58a10c2dd79e4fc8f83f6cf1";s:8:"username";s:7:"chenyun";s:7:"profile";s:28:"好好学习，天天向上!";s:7:"iconurl";s:64:"https://oi7ro6pyq.qnssl.com/5d464b9381d49d2394235b79fdb4fc09.png";};
client_ip:192.168.1.65
error_no
error_msg:success
=====================2017-05-17 13:19:31===========================
service_cost:120.177
time:17/May/2017:13:19:31 +0800
entrance_type:Mozilla/5.0 (Windows NT 10.0; WOW64) AppleWebKit/537.36 (KHTML, like Gecko) Chrome/57.0.2987.110 Safari/537.36
ourl:/sport/banner
request_method:GET
cookie:PHPSESSID:dv7ne00di4bh4058ocarmkdc45;ttxs:a:4:{s:3:"_id";s:24:"58a10c2dd79e4fc8f83f6cf1";s:8:"username";s:7:"chenyun";s:7:"profile";s:28:"好好学习，天天向上!";s:7:"iconurl";s:64:"https://oi7ro6pyq.qnssl.com/5d464b9381d49d2394235b79fdb4fc09.png";};
client_ip:192.168.1.65
error_no
error_msg:success
=====================2017-05-17 13:19:45===========================
service_cost:211.59
time:17/May/2017:13:19:45 +0800
entrance_type:Mozilla/5.0 (Windows NT 10.0; WOW64) AppleWebKit/537.36 (KHTML, like Gecko) Chrome/57.0.2987.110 Safari/537.36
ourl:/sport/editBanner?_id=58f0eac76eb7ccda15faf3b1
request_method:POST
cookie:PHPSESSID:dv7ne00di4bh4058ocarmkdc45;ttxs:a:4:{s:3:"_id";s:24:"58a10c2dd79e4fc8f83f6cf1";s:8:"username";s:7:"chenyun";s:7:"profile";s:28:"好好学习，天天向上!";s:7:"iconurl";s:64:"https://oi7ro6pyq.qnssl.com/5d464b9381d49d2394235b79fdb4fc09.png";};
client_ip:192.168.1.65
error_no
error_msg:success
=====================2017-05-17 13:19:45===========================
service_cost:337.517
time:17/May/2017:13:19:45 +0800
entrance_type:Mozilla/5.0 (Windows NT 10.0; WOW64) AppleWebKit/537.36 (KHTML, like Gecko) Chrome/57.0.2987.110 Safari/537.36
ourl:/sport/banner
request_method:GET
cookie:PHPSESSID:dv7ne00di4bh4058ocarmkdc45;ttxs:a:4:{s:3:"_id";s:24:"58a10c2dd79e4fc8f83f6cf1";s:8:"username";s:7:"chenyun";s:7:"profile";s:28:"好好学习，天天向上!";s:7:"iconurl";s:64:"https://oi7ro6pyq.qnssl.com/5d464b9381d49d2394235b79fdb4fc09.png";};
client_ip:192.168.1.65
error_no
error_msg:success
=====================2017-05-17 13:19:48===========================
service_cost:-623.635
time:17/May/2017:13:19:48 +0800
entrance_type:Mozilla/5.0 (Windows NT 10.0; WOW64) AppleWebKit/537.36 (KHTML, like Gecko) Chrome/57.0.2987.110 Safari/537.36
ourl:/sport/banner
request_method:GET
cookie:PHPSESSID:dv7ne00di4bh4058ocarmkdc45;ttxs:a:4:{s:3:"_id";s:24:"58a10c2dd79e4fc8f83f6cf1";s:8:"username";s:7:"chenyun";s:7:"profile";s:28:"好好学习，天天向上!";s:7:"iconurl";s:64:"https://oi7ro6pyq.qnssl.com/5d464b9381d49d2394235b79fdb4fc09.png";};
client_ip:192.168.1.65
error_no
error_msg:success
=====================2017-05-17 13:21:35===========================
service_cost:193.921
time:17/May/2017:13:21:35 +0800
entrance_type:Mozilla/5.0 (Windows NT 10.0; WOW64) AppleWebKit/537.36 (KHTML, like Gecko) Chrome/57.0.2987.110 Safari/537.36
ourl:/sport/banner
request_method:GET
cookie:PHPSESSID:dv7ne00di4bh4058ocarmkdc45;ttxs:a:4:{s:3:"_id";s:24:"58a10c2dd79e4fc8f83f6cf1";s:8:"username";s:7:"chenyun";s:7:"profile";s:28:"好好学习，天天向上!";s:7:"iconurl";s:64:"https://oi7ro6pyq.qnssl.com/5d464b9381d49d2394235b79fdb4fc09.png";};
client_ip:192.168.1.65
error_no
error_msg:success
=====================2017-05-17 13:21:57===========================
service_cost:185.934
time:17/May/2017:13:21:57 +0800
entrance_type:Mozilla/5.0 (Windows NT 10.0; WOW64) AppleWebKit/537.36 (KHTML, like Gecko) Chrome/57.0.2987.110 Safari/537.36
ourl:/sport/banner
request_method:GET
cookie:PHPSESSID:dv7ne00di4bh4058ocarmkdc45;ttxs:a:4:{s:3:"_id";s:24:"58a10c2dd79e4fc8f83f6cf1";s:8:"username";s:7:"chenyun";s:7:"profile";s:28:"好好学习，天天向上!";s:7:"iconurl";s:64:"https://oi7ro6pyq.qnssl.com/5d464b9381d49d2394235b79fdb4fc09.png";};
client_ip:192.168.1.65
error_no
error_msg:success
=====================2017-05-17 13:22:36===========================
service_cost:136.926
time:17/May/2017:13:22:36 +0800
entrance_type:Mozilla/5.0 (Windows NT 10.0; WOW64) AppleWebKit/537.36 (KHTML, like Gecko) Chrome/57.0.2987.110 Safari/537.36
ourl:/sport/banner
request_method:GET
cookie:PHPSESSID:dv7ne00di4bh4058ocarmkdc45;ttxs:a:4:{s:3:"_id";s:24:"58a10c2dd79e4fc8f83f6cf1";s:8:"username";s:7:"chenyun";s:7:"profile";s:28:"好好学习，天天向上!";s:7:"iconurl";s:64:"https://oi7ro6pyq.qnssl.com/5d464b9381d49d2394235b79fdb4fc09.png";};
client_ip:192.168.1.65
error_no
error_msg:success
=====================2017-05-17 13:22:39===========================
service_cost:119.526
time:17/May/2017:13:22:39 +0800
entrance_type:Mozilla/5.0 (Windows NT 10.0; WOW64) AppleWebKit/537.36 (KHTML, like Gecko) Chrome/57.0.2987.110 Safari/537.36
ourl:/sport/banner
request_method:GET
cookie:PHPSESSID:dv7ne00di4bh4058ocarmkdc45;ttxs:a:4:{s:3:"_id";s:24:"58a10c2dd79e4fc8f83f6cf1";s:8:"username";s:7:"chenyun";s:7:"profile";s:28:"好好学习，天天向上!";s:7:"iconurl";s:64:"https://oi7ro6pyq.qnssl.com/5d464b9381d49d2394235b79fdb4fc09.png";};
client_ip:192.168.1.65
error_no
error_msg:success
