=====================2017-08-03 09:13:55===========================
service_cost:1.186
time:03/Aug/2017:09:13:55 +0800
entrance_type:Mozilla/5.0 (Windows NT 10.0; Win64; x64; rv:54.0) Gecko/20100101 Firefox/54.0
ourl:/user/dologin
request_method:POST
cookie:PHPSESSID:nl6v0hmkieqt3s5iv3t16ado10;
client_ip:222.128.175.80
error_no
error_msg:success
=====================2017-08-03 09:13:55===========================
service_cost:0.01000000000001
time:03/Aug/2017:09:13:55 +0800
entrance_type:Mozilla/5.0 (Windows NT 10.0; Win64; x64; rv:54.0) Gecko/20100101 Firefox/54.0
ourl:/
request_method:GET
cookie:PHPSESSID:nl6v0hmkieqt3s5iv3t16ado10;
client_ip:222.128.175.80
error_no
error_msg:success
=====================2017-08-03 09:13:58===========================
service_cost:1.539
time:03/Aug/2017:09:13:58 +0800
entrance_type:Mozilla/5.0 (Windows NT 10.0; Win64; x64; rv:54.0) Gecko/20100101 Firefox/54.0
ourl:/version/index
request_method:GET
cookie:PHPSESSID:nl6v0hmkieqt3s5iv3t16ado10;
client_ip:222.128.175.80
error_no
error_msg:success
=====================2017-08-03 09:14:03===========================
service_cost:1.531
time:03/Aug/2017:09:14:03 +0800
entrance_type:Mozilla/5.0 (Windows NT 10.0; Win64; x64; rv:54.0) Gecko/20100101 Firefox/54.0
ourl:/version/index?type=0
request_method:GET
cookie:PHPSESSID:nl6v0hmkieqt3s5iv3t16ado10;
client_ip:222.128.175.80
error_no
error_msg:success
=====================2017-08-03 09:14:05===========================
service_cost:1.923
time:03/Aug/2017:09:14:05 +0800
entrance_type:Mozilla/5.0 (Windows NT 10.0; Win64; x64; rv:54.0) Gecko/20100101 Firefox/54.0
ourl:/version/add
request_method:GET
cookie:PHPSESSID:nl6v0hmkieqt3s5iv3t16ado10;
client_ip:222.128.175.80
error_no
error_msg:success
=====================2017-08-03 09:15:53===========================
service_cost:2.491
time:03/Aug/2017:09:15:53 +0800
entrance_type:Mozilla/5.0 (Windows NT 10.0; Win64; x64; rv:54.0) Gecko/20100101 Firefox/54.0
ourl:/version/publish
request_method:POST
cookie:PHPSESSID:nl6v0hmkieqt3s5iv3t16ado10;
client_ip:222.128.175.80
error_no
error_msg:success
=====================2017-08-03 09:15:53===========================
service_cost:1.266
time:03/Aug/2017:09:15:53 +0800
entrance_type:Mozilla/5.0 (Windows NT 10.0; Win64; x64; rv:54.0) Gecko/20100101 Firefox/54.0
ourl:/version/index
request_method:GET
cookie:PHPSESSID:nl6v0hmkieqt3s5iv3t16ado10;
client_ip:222.128.175.80
error_no
error_msg:success
=====================2017-08-03 09:16:53===========================
service_cost:0.013999999999986
time:03/Aug/2017:09:16:53 +0800
entrance_type:Mozilla/5.0 (Windows NT 10.0; Win64; x64; rv:54.0) Gecko/20100101 Firefox/54.0
ourl:/
request_method:GET
cookie:PHPSESSID:nl6v0hmkieqt3s5iv3t16ado10;
client_ip:222.128.175.80
error_no
error_msg:success
=====================2017-08-03 09:16:56===========================
service_cost:1.5660000000001
time:03/Aug/2017:09:16:56 +0800
entrance_type:Mozilla/5.0 (Windows NT 10.0; Win64; x64; rv:54.0) Gecko/20100101 Firefox/54.0
ourl:/version/index
request_method:GET
cookie:PHPSESSID:nl6v0hmkieqt3s5iv3t16ado10;
client_ip:222.128.175.80
error_no
error_msg:success
=====================2017-08-03 09:17:14===========================
service_cost:1.702
time:03/Aug/2017:09:17:14 +0800
entrance_type:Mozilla/5.0 (Windows NT 10.0; Win64; x64; rv:54.0) Gecko/20100101 Firefox/54.0
ourl:/version/add
request_method:GET
cookie:PHPSESSID:nl6v0hmkieqt3s5iv3t16ado10;
client_ip:222.128.175.80
error_no
error_msg:success
=====================2017-08-03 09:17:16===========================
service_cost:2.12
time:03/Aug/2017:09:17:16 +0800
entrance_type:Mozilla/5.0 (Windows NT 10.0; Win64; x64; rv:54.0) Gecko/20100101 Firefox/54.0
ourl:/version/index
request_method:GET
cookie:PHPSESSID:nl6v0hmkieqt3s5iv3t16ado10;
client_ip:222.128.175.80
error_no
error_msg:success
=====================2017-08-03 09:17:20===========================
service_cost:195.568
time:03/Aug/2017:09:17:20 +0800
entrance_type:Mozilla/5.0 (Windows NT 10.0; Win64; x64; rv:54.0) Gecko/20100101 Firefox/54.0
ourl:/sport/banner
request_method:GET
cookie:PHPSESSID:nl6v0hmkieqt3s5iv3t16ado10;
client_ip:222.128.175.80
error_no
error_msg:success
=====================2017-08-03 09:17:22===========================
service_cost:0.19599999999997
time:03/Aug/2017:09:17:22 +0800
entrance_type:Mozilla/5.0 (Windows NT 10.0; Win64; x64; rv:54.0) Gecko/20100101 Firefox/54.0
ourl:/sport/ugc
request_method:GET
cookie:PHPSESSID:nl6v0hmkieqt3s5iv3t16ado10;
client_ip:222.128.175.80
error_no
error_msg:success
=====================2017-08-03 09:17:30===========================
service_cost:2.555
time:03/Aug/2017:09:17:30 +0800
entrance_type:Mozilla/5.0 (Windows NT 10.0; Win64; x64; rv:54.0) Gecko/20100101 Firefox/54.0
ourl:/feedback/index
request_method:GET
cookie:PHPSESSID:nl6v0hmkieqt3s5iv3t16ado10;
client_ip:222.128.175.80
error_no
error_msg:success
=====================2017-08-03 09:17:31===========================
service_cost:2.516
time:03/Aug/2017:09:17:31 +0800
entrance_type:Mozilla/5.0 (Windows NT 10.0; Win64; x64; rv:54.0) Gecko/20100101 Firefox/54.0
ourl:/feedback/index?pn=1
request_method:GET
cookie:PHPSESSID:nl6v0hmkieqt3s5iv3t16ado10;
client_ip:222.128.175.80
error_no
error_msg:success
=====================2017-08-03 09:17:40===========================
service_cost:2.049
time:03/Aug/2017:09:17:40 +0800
entrance_type:Mozilla/5.0 (Windows NT 10.0; Win64; x64; rv:54.0) Gecko/20100101 Firefox/54.0
ourl:/user/student
request_method:GET
cookie:PHPSESSID:nl6v0hmkieqt3s5iv3t16ado10;
client_ip:222.128.175.80
error_no
error_msg:success
=====================2017-08-03 09:17:40===========================
service_cost:2.781
time:03/Aug/2017:09:17:40 +0800
entrance_type:Mozilla/5.0 (Windows NT 10.0; Win64; x64; rv:54.0) Gecko/20100101 Firefox/54.0
ourl:/user/student?imageView2/2/w/100/h/60/q/100
request_method:GET
cookie:PHPSESSID:nl6v0hmkieqt3s5iv3t16ado10;
client_ip:222.128.175.80
error_no
error_msg:success
=====================2017-08-03 09:34:06===========================
service_cost:1.315
time:03/Aug/2017:09:34:06 +0800
entrance_type:Mozilla/5.0 (Macintosh; Intel Mac OS X 10_12_6) AppleWebKit/537.36 (KHTML, like Gecko) Chrome/59.0.3071.115 Safari/537.36
ourl:/user/dologin
request_method:POST
cookie:PHPSESSID:j3675n7df6s0ik9sj1trcah315;
client_ip:222.128.175.80
error_no
error_msg:success
=====================2017-08-03 09:34:06===========================
service_cost:0.0090000000000368
time:03/Aug/2017:09:34:06 +0800
entrance_type:Mozilla/5.0 (Macintosh; Intel Mac OS X 10_12_6) AppleWebKit/537.36 (KHTML, like Gecko) Chrome/59.0.3071.115 Safari/537.36
ourl:/
request_method:GET
cookie:PHPSESSID:j3675n7df6s0ik9sj1trcah315;
client_ip:222.128.175.80
error_no
error_msg:success
=====================2017-08-03 09:34:32===========================
service_cost:2.344
time:03/Aug/2017:09:34:32 +0800
entrance_type:Mozilla/5.0 (Macintosh; Intel Mac OS X 10_12_6) AppleWebKit/537.36 (KHTML, like Gecko) Chrome/59.0.3071.115 Safari/537.36
ourl:/user/student
request_method:GET
cookie:PHPSESSID:j3675n7df6s0ik9sj1trcah315;
client_ip:222.128.175.80
error_no
error_msg:success
=====================2017-08-03 09:34:32===========================
service_cost:3.895
time:03/Aug/2017:09:34:32 +0800
entrance_type:Mozilla/5.0 (Macintosh; Intel Mac OS X 10_12_6) AppleWebKit/537.36 (KHTML, like Gecko) Chrome/59.0.3071.115 Safari/537.36
ourl:/user/student?imageView2/2/w/100/h/60/q/100
request_method:GET
cookie:PHPSESSID:j3675n7df6s0ik9sj1trcah315;
client_ip:222.128.175.80
error_no
error_msg:success
=====================2017-08-03 09:34:40===========================
service_cost:1.637
time:03/Aug/2017:09:34:40 +0800
entrance_type:Mozilla/5.0 (Macintosh; Intel Mac OS X 10_12_6) AppleWebKit/537.36 (KHTML, like Gecko) Chrome/59.0.3071.115 Safari/537.36
ourl:/user/student?grade=-1&username=&uid=587f31742a46800e0a8b4916&parentname=&mobile=
request_method:GET
cookie:PHPSESSID:j3675n7df6s0ik9sj1trcah315;
client_ip:222.128.175.80
error_no
error_msg:success
=====================2017-08-03 09:35:08===========================
service_cost:5.182
time:03/Aug/2017:09:35:08 +0800
entrance_type:Mozilla/5.0 (Macintosh; Intel Mac OS X 10_12_6) AppleWebKit/537.36 (KHTML, like Gecko) Chrome/59.0.3071.115 Safari/537.36
ourl:/sport/ugc?uid=587f31742a46800e0a8b4916
request_method:GET
cookie:PHPSESSID:j3675n7df6s0ik9sj1trcah315;
client_ip:222.128.175.80
error_no
error_msg:success
=====================2017-08-03 09:52:19===========================
service_cost:2.5930000000001
time:03/Aug/2017:09:52:19 +0800
entrance_type:Mozilla/5.0 (Macintosh; Intel Mac OS X 10_12_6) AppleWebKit/537.36 (KHTML, like Gecko) Chrome/59.0.3071.115 Safari/537.36
ourl:/user/student
request_method:GET
cookie:PHPSESSID:j3675n7df6s0ik9sj1trcah315;
client_ip:222.128.175.80
error_no
error_msg:success
=====================2017-08-03 09:52:19===========================
service_cost:1.9940000000001
time:03/Aug/2017:09:52:19 +0800
entrance_type:Mozilla/5.0 (Macintosh; Intel Mac OS X 10_12_6) AppleWebKit/537.36 (KHTML, like Gecko) Chrome/59.0.3071.115 Safari/537.36
ourl:/user/student?imageView2/2/w/100/h/60/q/100
request_method:GET
cookie:PHPSESSID:j3675n7df6s0ik9sj1trcah315;
client_ip:222.128.175.80
error_no
error_msg:success
=====================2017-08-03 09:53:10===========================
service_cost:2.405
time:03/Aug/2017:09:53:10 +0800
entrance_type:Mozilla/5.0 (Macintosh; Intel Mac OS X 10_12_6) AppleWebKit/537.36 (KHTML, like Gecko) Chrome/59.0.3071.115 Safari/537.36
ourl:/user/student?grade=-1&username=&uid=&parentname=&mobile=15510677628
request_method:GET
cookie:PHPSESSID:j3675n7df6s0ik9sj1trcah315;
client_ip:222.128.175.80
error_no
error_msg:success
=====================2017-08-03 09:53:17===========================
service_cost:5.169
time:03/Aug/2017:09:53:17 +0800
entrance_type:Mozilla/5.0 (Macintosh; Intel Mac OS X 10_12_6) AppleWebKit/537.36 (KHTML, like Gecko) Chrome/59.0.3071.115 Safari/537.36
ourl:/sport/ugc?uid=587f31732a46800e0a8b45f0
request_method:GET
cookie:PHPSESSID:j3675n7df6s0ik9sj1trcah315;
client_ip:222.128.175.80
error_no
error_msg:success
=====================2017-08-03 09:53:40===========================
service_cost:2.096
time:03/Aug/2017:09:53:40 +0800
entrance_type:Mozilla/5.0 (Macintosh; Intel Mac OS X 10_12_6) AppleWebKit/537.36 (KHTML, like Gecko) Chrome/59.0.3071.115 Safari/537.36
ourl:/sport/p/59685cb72173cc77db5a524c.html
request_method:GET
cookie:PHPSESSID:j3675n7df6s0ik9sj1trcah315;
client_ip:222.128.175.80
error_no
error_msg:success
=====================2017-08-03 09:53:43===========================
service_cost:5.446
time:03/Aug/2017:09:53:43 +0800
entrance_type:Mozilla/5.0 (Macintosh; Intel Mac OS X 10_12_6) AppleWebKit/537.36 (KHTML, like Gecko) Chrome/59.0.3071.115 Safari/537.36
ourl:/sport/ugc?uid=587f31732a46800e0a8b45f0
request_method:GET
cookie:PHPSESSID:j3675n7df6s0ik9sj1trcah315;
client_ip:222.128.175.80
error_no
error_msg:success
=====================2017-08-03 09:54:06===========================
service_cost:2.281
time:03/Aug/2017:09:54:06 +0800
entrance_type:Mozilla/5.0 (Macintosh; Intel Mac OS X 10_12_6) AppleWebKit/537.36 (KHTML, like Gecko) Chrome/59.0.3071.115 Safari/537.36
ourl:/user/student
request_method:GET
cookie:PHPSESSID:j3675n7df6s0ik9sj1trcah315;
client_ip:222.128.175.80
error_no
error_msg:success
=====================2017-08-03 09:54:06===========================
service_cost:1.897
time:03/Aug/2017:09:54:06 +0800
entrance_type:Mozilla/5.0 (Macintosh; Intel Mac OS X 10_12_6) AppleWebKit/537.36 (KHTML, like Gecko) Chrome/59.0.3071.115 Safari/537.36
ourl:/user/student?imageView2/2/w/100/h/60/q/100
request_method:GET
cookie:PHPSESSID:j3675n7df6s0ik9sj1trcah315;
client_ip:222.128.175.80
error_no
error_msg:success
=====================2017-08-03 09:54:18===========================
service_cost:2.298
time:03/Aug/2017:09:54:18 +0800
entrance_type:Mozilla/5.0 (Macintosh; Intel Mac OS X 10_12_6) AppleWebKit/537.36 (KHTML, like Gecko) Chrome/59.0.3071.115 Safari/537.36
ourl:/user/student?grade=-1&username=&uid=&parentname=&mobile=15510677628
request_method:GET
cookie:PHPSESSID:j3675n7df6s0ik9sj1trcah315;
client_ip:222.128.175.80
error_no
error_msg:success
=====================2017-08-03 10:33:12===========================
service_cost:2.8100000000001
time:03/Aug/2017:10:33:12 +0800
entrance_type:Mozilla/5.0 (Macintosh; Intel Mac OS X 10_12_6) AppleWebKit/537.36 (KHTML, like Gecko) Chrome/59.0.3071.115 Safari/537.36
ourl:/user/student?grade=-1&username=&uid=&parentname=&mobile=
request_method:GET
cookie:PHPSESSID:j3675n7df6s0ik9sj1trcah315;
client_ip:222.128.175.80
error_no
error_msg:success
=====================2017-08-03 10:33:12===========================
service_cost:2.1230000000001
time:03/Aug/2017:10:33:12 +0800
entrance_type:Mozilla/5.0 (Macintosh; Intel Mac OS X 10_12_6) AppleWebKit/537.36 (KHTML, like Gecko) Chrome/59.0.3071.115 Safari/537.36
ourl:/user/student?imageView2/2/w/100/h/60/q/100
request_method:GET
cookie:PHPSESSID:j3675n7df6s0ik9sj1trcah315;
client_ip:222.128.175.80
error_no
error_msg:success
=====================2017-08-03 10:59:06===========================
service_cost:1.378
time:03/Aug/2017:10:59:06 +0800
entrance_type:Mozilla/5.0 (Windows NT 10.0; Win64; x64) AppleWebKit/537.36 (KHTML, like Gecko) Chrome/51.0.2704.79 Safari/537.36 Edge/14.14393
ourl:/user/dologin
request_method:POST
cookie:PHPSESSID:lvbguujq6gqif4br8ocf6ifvi5;
client_ip:222.128.175.80
error_no
error_msg:success
=====================2017-08-03 10:59:06===========================
service_cost:0.014999999999987
time:03/Aug/2017:10:59:06 +0800
entrance_type:Mozilla/5.0 (Windows NT 10.0; Win64; x64) AppleWebKit/537.36 (KHTML, like Gecko) Chrome/51.0.2704.79 Safari/537.36 Edge/14.14393
ourl:/
request_method:GET
cookie:PHPSESSID:lvbguujq6gqif4br8ocf6ifvi5;
client_ip:222.128.175.80
error_no
error_msg:success
=====================2017-08-03 10:59:11===========================
service_cost:2.327
time:03/Aug/2017:10:59:11 +0800
entrance_type:Mozilla/5.0 (Windows NT 10.0; Win64; x64) AppleWebKit/537.36 (KHTML, like Gecko) Chrome/51.0.2704.79 Safari/537.36 Edge/14.14393
ourl:/user/student
request_method:GET
cookie:PHPSESSID:lvbguujq6gqif4br8ocf6ifvi5;
client_ip:222.128.175.80
error_no
error_msg:success
=====================2017-08-03 10:59:11===========================
service_cost:2.523
time:03/Aug/2017:10:59:11 +0800
entrance_type:Mozilla/5.0 (Windows NT 10.0; Win64; x64) AppleWebKit/537.36 (KHTML, like Gecko) Chrome/51.0.2704.79 Safari/537.36 Edge/14.14393
ourl:/user/student?imageView2/2/w/100/h/60/q/100
request_method:GET
cookie:PHPSESSID:lvbguujq6gqif4br8ocf6ifvi5;
client_ip:222.128.175.80
error_no
error_msg:success
=====================2017-08-03 11:00:29===========================
service_cost:7.551
time:03/Aug/2017:11:00:29 +0800
entrance_type:Mozilla/5.0 (Windows NT 10.0; Win64; x64) AppleWebKit/537.36 (KHTML, like Gecko) Chrome/51.0.2704.79 Safari/537.36 Edge/14.14393
ourl:/user/student?grade=-1&username=A++%E5%BC%A0%E5%BA%86%E8%BF%8E+177&uid=&parentname=&mobile=
request_method:GET
cookie:PHPSESSID:lvbguujq6gqif4br8ocf6ifvi5;
client_ip:222.128.175.80
error_no
error_msg:success
=====================2017-08-03 11:00:42===========================
service_cost:11.619
time:03/Aug/2017:11:00:42 +0800
entrance_type:Mozilla/5.0 (Windows NT 10.0; Win64; x64) AppleWebKit/537.36 (KHTML, like Gecko) Chrome/51.0.2704.79 Safari/537.36 Edge/14.14393
ourl:/user/student?grade=-1&username=%E5%BC%A0%E5%BA%86%E8%BF%8E+&uid=&parentname=&mobile=
request_method:GET
cookie:PHPSESSID:lvbguujq6gqif4br8ocf6ifvi5;
client_ip:222.128.175.80
error_no
error_msg:success
=====================2017-08-03 11:00:56===========================
service_cost:5.231
time:03/Aug/2017:11:00:56 +0800
entrance_type:Mozilla/5.0 (Windows NT 10.0; Win64; x64) AppleWebKit/537.36 (KHTML, like Gecko) Chrome/51.0.2704.79 Safari/537.36 Edge/14.14393
ourl:/sport/ugc?uid=58a10c16d79e4fc8f83f6cef
request_method:GET
cookie:PHPSESSID:lvbguujq6gqif4br8ocf6ifvi5;
client_ip:222.128.175.80
error_no
error_msg:success
=====================2017-08-03 11:01:22===========================
service_cost:12.049
time:03/Aug/2017:11:01:22 +0800
entrance_type:Mozilla/5.0 (Windows NT 10.0; Win64; x64) AppleWebKit/537.36 (KHTML, like Gecko) Chrome/51.0.2704.79 Safari/537.36 Edge/14.14393
ourl:/user/student?grade=-1&username=%E5%BC%A0%E5%BA%86%E8%BF%8E+&uid=&parentname=&mobile=
request_method:GET
cookie:PHPSESSID:lvbguujq6gqif4br8ocf6ifvi5;
client_ip:222.128.175.80
error_no
error_msg:success
=====================2017-08-03 11:01:44===========================
service_cost:11.171
time:03/Aug/2017:11:01:44 +0800
entrance_type:Mozilla/5.0 (Windows NT 10.0; Win64; x64) AppleWebKit/537.36 (KHTML, like Gecko) Chrome/51.0.2704.79 Safari/537.36 Edge/14.14393
ourl:/user/student?grade=-1&username=%E5%BC%A0%E5%BA%86%E8%BF%8E+&uid=&parentname=&mobile=
request_method:GET
cookie:PHPSESSID:lvbguujq6gqif4br8ocf6ifvi5;
client_ip:222.128.175.80
error_no
error_msg:success
=====================2017-08-03 11:02:19===========================
service_cost:2.0370000000001
time:03/Aug/2017:11:02:19 +0800
entrance_type:Mozilla/5.0 (Macintosh; Intel Mac OS X 10_12_6) AppleWebKit/537.36 (KHTML, like Gecko) Chrome/59.0.3071.115 Safari/537.36
ourl:/user/student?grade=-1&username=&uid=587f31732a46800e0a8b45f0&parentname=&mobile=
request_method:GET
cookie:PHPSESSID:j3675n7df6s0ik9sj1trcah315;
client_ip:222.128.175.80
error_no
error_msg:success
=====================2017-08-03 11:11:46===========================
service_cost:1.954
time:03/Aug/2017:11:11:46 +0800
entrance_type:Mozilla/5.0 (Macintosh; Intel Mac OS X 10_12_6) AppleWebKit/537.36 (KHTML, like Gecko) Chrome/59.0.3071.115 Safari/537.36
ourl:/user/student?grade=-1&username=&uid=587f31732a46800e0a8b45f0&parentname=&mobile=
request_method:GET
cookie:PHPSESSID:j3675n7df6s0ik9sj1trcah315;
client_ip:222.128.175.80
error_no
error_msg:success
=====================2017-08-03 11:11:54===========================
service_cost:1.8050000000001
time:03/Aug/2017:11:11:54 +0800
entrance_type:Mozilla/5.0 (Macintosh; Intel Mac OS X 10_12_6) AppleWebKit/537.36 (KHTML, like Gecko) Chrome/59.0.3071.115 Safari/537.36
ourl:/user/student?grade=-1&username=&uid=587f31732a46800e0a8b45f0&parentname=&mobile=
request_method:GET
cookie:PHPSESSID:j3675n7df6s0ik9sj1trcah315;
client_ip:222.128.175.80
error_no
error_msg:success
=====================2017-08-03 11:45:48===========================
service_cost:1.712
time:03/Aug/2017:11:45:48 +0800
entrance_type:Mozilla/5.0 (Macintosh; Intel Mac OS X 10_12_6) AppleWebKit/537.36 (KHTML, like Gecko) Chrome/59.0.3071.115 Safari/537.36
ourl:/user/student?grade=-1&username=&uid=587f31732a46800e0a8b45f0&parentname=&mobile=
request_method:GET
cookie:PHPSESSID:j3675n7df6s0ik9sj1trcah315;
client_ip:222.128.175.80
error_no
error_msg:success
