=====================2017-04-17 09:42:22===========================
service_cost:0.046000000000102
time:17/Apr/2017:09:42:22 +0800
entrance_type:Mozilla/5.0 (Windows NT 10.0; WOW64) AppleWebKit/537.36 (KHTML, like Gecko) Chrome/57.0.2987.110 Safari/537.36
ourl:/
request_method:GET
cookie:PHPSESSID:dv7ne00di4bh4058ocarmkdc45;ttxs:a:4:{s:3:"_id";s:24:"58a10c2dd79e4fc8f83f6cf1";s:8:"username";s:7:"chenyun";s:7:"profile";s:28:"好好学习，天天向上!";s:7:"iconurl";s:64:"https://oi7ro6pyq.qnssl.com/5d464b9381d49d2394235b79fdb4fc09.png";};
client_ip:192.168.1.26
error_no:200
error_msg:文章标题不能为空
=====================2017-04-17 09:43:09===========================
service_cost:0.011000000000039
time:17/Apr/2017:09:43:09 +0800
entrance_type:Mozilla/5.0 (Windows NT 10.0; WOW64) AppleWebKit/537.36 (KHTML, like Gecko) Chrome/57.0.2987.110 Safari/537.36
ourl:/
request_method:GET
cookie:PHPSESSID:dv7ne00di4bh4058ocarmkdc45;ttxs:a:4:{s:3:"_id";s:24:"58a10c2dd79e4fc8f83f6cf1";s:8:"username";s:7:"chenyun";s:7:"profile";s:28:"好好学习，天天向上!";s:7:"iconurl";s:64:"https://oi7ro6pyq.qnssl.com/5d464b9381d49d2394235b79fdb4fc09.png";};
client_ip:192.168.1.26
error_no:200
error_msg:文章标题不能为空
=====================2017-04-17 09:48:44===========================
service_cost:8.4219999999999
time:17/Apr/2017:09:48:44 +0800
entrance_type:Mozilla/5.0 (Windows NT 10.0; WOW64) AppleWebKit/537.36 (KHTML, like Gecko) Chrome/57.0.2987.110 Safari/537.36
ourl:/sport/banner
request_method:GET
cookie:PHPSESSID:dv7ne00di4bh4058ocarmkdc45;ttxs:a:4:{s:3:"_id";s:24:"58a10c2dd79e4fc8f83f6cf1";s:8:"username";s:7:"chenyun";s:7:"profile";s:28:"好好学习，天天向上!";s:7:"iconurl";s:64:"https://oi7ro6pyq.qnssl.com/5d464b9381d49d2394235b79fdb4fc09.png";};
client_ip:192.168.1.26
error_no:13053
error_msg:No suitable servers found (`serverSelectionTryOnce` set): [connection closed calling ismaster on '60.205.136.72:27001']
=====================2017-04-17 09:48:48===========================
service_cost:11.127
time:17/Apr/2017:09:48:48 +0800
entrance_type:Mozilla/5.0 (Windows NT 10.0; WOW64) AppleWebKit/537.36 (KHTML, like Gecko) Chrome/57.0.2987.110 Safari/537.36
ourl:/sport/banner
request_method:GET
cookie:PHPSESSID:dv7ne00di4bh4058ocarmkdc45;ttxs:a:4:{s:3:"_id";s:24:"58a10c2dd79e4fc8f83f6cf1";s:8:"username";s:7:"chenyun";s:7:"profile";s:28:"好好学习，天天向上!";s:7:"iconurl";s:64:"https://oi7ro6pyq.qnssl.com/5d464b9381d49d2394235b79fdb4fc09.png";};
client_ip:192.168.1.26
error_no:13053
error_msg:No suitable servers found (`serverSelectionTryOnce` set): [connection closed calling ismaster on '60.205.136.72:27001']
=====================2017-04-17 09:48:51===========================
service_cost:75.04
time:17/Apr/2017:09:48:51 +0800
entrance_type:Mozilla/5.0 (Windows NT 10.0; WOW64) AppleWebKit/537.36 (KHTML, like Gecko) Chrome/57.0.2987.110 Safari/537.36
ourl:/sport/banner
request_method:GET
cookie:PHPSESSID:dv7ne00di4bh4058ocarmkdc45;ttxs:a:4:{s:3:"_id";s:24:"58a10c2dd79e4fc8f83f6cf1";s:8:"username";s:7:"chenyun";s:7:"profile";s:28:"好好学习，天天向上!";s:7:"iconurl";s:64:"https://oi7ro6pyq.qnssl.com/5d464b9381d49d2394235b79fdb4fc09.png";};
client_ip:192.168.1.26
error_no:200
error_msg:文章标题不能为空
=====================2017-04-17 09:48:52===========================
service_cost:0.712
time:17/Apr/2017:09:48:52 +0800
entrance_type:Mozilla/5.0 (Windows NT 10.0; WOW64) AppleWebKit/537.36 (KHTML, like Gecko) Chrome/57.0.2987.110 Safari/537.36
ourl:/sport/banner?pn=1
request_method:GET
cookie:PHPSESSID:dv7ne00di4bh4058ocarmkdc45;ttxs:a:4:{s:3:"_id";s:24:"58a10c2dd79e4fc8f83f6cf1";s:8:"username";s:7:"chenyun";s:7:"profile";s:28:"好好学习，天天向上!";s:7:"iconurl";s:64:"https://oi7ro6pyq.qnssl.com/5d464b9381d49d2394235b79fdb4fc09.png";};
client_ip:192.168.1.26
error_no:13053
error_msg:No suitable servers found (`serverSelectionTryOnce` set): [connection closed calling ismaster on '60.205.136.72:27001']
=====================2017-04-17 09:48:55===========================
service_cost:15.263
time:17/Apr/2017:09:48:55 +0800
entrance_type:Mozilla/5.0 (Windows NT 10.0; WOW64) AppleWebKit/537.36 (KHTML, like Gecko) Chrome/57.0.2987.110 Safari/537.36
ourl:/sport/banner
request_method:GET
cookie:PHPSESSID:dv7ne00di4bh4058ocarmkdc45;ttxs:a:4:{s:3:"_id";s:24:"58a10c2dd79e4fc8f83f6cf1";s:8:"username";s:7:"chenyun";s:7:"profile";s:28:"好好学习，天天向上!";s:7:"iconurl";s:64:"https://oi7ro6pyq.qnssl.com/5d464b9381d49d2394235b79fdb4fc09.png";};
client_ip:192.168.1.26
error_no:200
error_msg:文章标题不能为空
=====================2017-04-17 09:48:55===========================
service_cost:17.014
time:17/Apr/2017:09:48:55 +0800
entrance_type:Mozilla/5.0 (Windows NT 10.0; WOW64) AppleWebKit/537.36 (KHTML, like Gecko) Chrome/57.0.2987.110 Safari/537.36
ourl:/sport/banner?pn=1
request_method:GET
cookie:PHPSESSID:dv7ne00di4bh4058ocarmkdc45;ttxs:a:4:{s:3:"_id";s:24:"58a10c2dd79e4fc8f83f6cf1";s:8:"username";s:7:"chenyun";s:7:"profile";s:28:"好好学习，天天向上!";s:7:"iconurl";s:64:"https://oi7ro6pyq.qnssl.com/5d464b9381d49d2394235b79fdb4fc09.png";};
client_ip:192.168.1.26
error_no:200
error_msg:文章标题不能为空
=====================2017-04-17 09:49:06===========================
service_cost:68.372
time:17/Apr/2017:09:49:06 +0800
entrance_type:Mozilla/5.0 (Windows NT 10.0; WOW64) AppleWebKit/537.36 (KHTML, like Gecko) Chrome/57.0.2987.110 Safari/537.36
ourl:/sport/banner?pn=1
request_method:GET
cookie:PHPSESSID:dv7ne00di4bh4058ocarmkdc45;ttxs:a:4:{s:3:"_id";s:24:"58a10c2dd79e4fc8f83f6cf1";s:8:"username";s:7:"chenyun";s:7:"profile";s:28:"好好学习，天天向上!";s:7:"iconurl";s:64:"https://oi7ro6pyq.qnssl.com/5d464b9381d49d2394235b79fdb4fc09.png";};
client_ip:192.168.1.26
error_no:200
error_msg:文章标题不能为空
=====================2017-04-17 09:49:06===========================
service_cost:24.178
time:17/Apr/2017:09:49:06 +0800
entrance_type:Mozilla/5.0 (Windows NT 10.0; WOW64) AppleWebKit/537.36 (KHTML, like Gecko) Chrome/57.0.2987.110 Safari/537.36
ourl:/sport/banner?pn=1
request_method:GET
cookie:PHPSESSID:dv7ne00di4bh4058ocarmkdc45;ttxs:a:4:{s:3:"_id";s:24:"58a10c2dd79e4fc8f83f6cf1";s:8:"username";s:7:"chenyun";s:7:"profile";s:28:"好好学习，天天向上!";s:7:"iconurl";s:64:"https://oi7ro6pyq.qnssl.com/5d464b9381d49d2394235b79fdb4fc09.png";};
client_ip:192.168.1.26
error_no:200
error_msg:文章标题不能为空
=====================2017-04-17 09:49:06===========================
service_cost:81.483
time:17/Apr/2017:09:49:06 +0800
entrance_type:Mozilla/5.0 (Windows NT 10.0; WOW64) AppleWebKit/537.36 (KHTML, like Gecko) Chrome/57.0.2987.110 Safari/537.36
ourl:/sport/banner?pn=1
request_method:GET
cookie:PHPSESSID:dv7ne00di4bh4058ocarmkdc45;ttxs:a:4:{s:3:"_id";s:24:"58a10c2dd79e4fc8f83f6cf1";s:8:"username";s:7:"chenyun";s:7:"profile";s:28:"好好学习，天天向上!";s:7:"iconurl";s:64:"https://oi7ro6pyq.qnssl.com/5d464b9381d49d2394235b79fdb4fc09.png";};
client_ip:192.168.1.26
error_no:200
error_msg:文章标题不能为空
=====================2017-04-17 09:49:06===========================
service_cost:134.764
time:17/Apr/2017:09:49:06 +0800
entrance_type:Mozilla/5.0 (Windows NT 10.0; WOW64) AppleWebKit/537.36 (KHTML, like Gecko) Chrome/57.0.2987.110 Safari/537.36
ourl:/sport/banner?pn=1
request_method:GET
cookie:PHPSESSID:dv7ne00di4bh4058ocarmkdc45;ttxs:a:4:{s:3:"_id";s:24:"58a10c2dd79e4fc8f83f6cf1";s:8:"username";s:7:"chenyun";s:7:"profile";s:28:"好好学习，天天向上!";s:7:"iconurl";s:64:"https://oi7ro6pyq.qnssl.com/5d464b9381d49d2394235b79fdb4fc09.png";};
client_ip:192.168.1.26
error_no:200
error_msg:文章标题不能为空
=====================2017-04-17 09:49:06===========================
service_cost:77.664
time:17/Apr/2017:09:49:06 +0800
entrance_type:Mozilla/5.0 (Windows NT 10.0; WOW64) AppleWebKit/537.36 (KHTML, like Gecko) Chrome/57.0.2987.110 Safari/537.36
ourl:/sport/banner?pn=1
request_method:GET
cookie:PHPSESSID:dv7ne00di4bh4058ocarmkdc45;ttxs:a:4:{s:3:"_id";s:24:"58a10c2dd79e4fc8f83f6cf1";s:8:"username";s:7:"chenyun";s:7:"profile";s:28:"好好学习，天天向上!";s:7:"iconurl";s:64:"https://oi7ro6pyq.qnssl.com/5d464b9381d49d2394235b79fdb4fc09.png";};
client_ip:192.168.1.26
error_no:200
error_msg:文章标题不能为空
=====================2017-04-17 09:49:07===========================
service_cost:-928.501
time:17/Apr/2017:09:49:07 +0800
entrance_type:Mozilla/5.0 (Windows NT 10.0; WOW64) AppleWebKit/537.36 (KHTML, like Gecko) Chrome/57.0.2987.110 Safari/537.36
ourl:/sport/banner?pn=1
request_method:GET
cookie:PHPSESSID:dv7ne00di4bh4058ocarmkdc45;ttxs:a:4:{s:3:"_id";s:24:"58a10c2dd79e4fc8f83f6cf1";s:8:"username";s:7:"chenyun";s:7:"profile";s:28:"好好学习，天天向上!";s:7:"iconurl";s:64:"https://oi7ro6pyq.qnssl.com/5d464b9381d49d2394235b79fdb4fc09.png";};
client_ip:192.168.1.26
error_no:200
error_msg:文章标题不能为空
=====================2017-04-17 09:49:07===========================
service_cost:77.78
time:17/Apr/2017:09:49:07 +0800
entrance_type:Mozilla/5.0 (Windows NT 10.0; WOW64) AppleWebKit/537.36 (KHTML, like Gecko) Chrome/57.0.2987.110 Safari/537.36
ourl:/sport/banner?pn=1
request_method:GET
cookie:PHPSESSID:dv7ne00di4bh4058ocarmkdc45;ttxs:a:4:{s:3:"_id";s:24:"58a10c2dd79e4fc8f83f6cf1";s:8:"username";s:7:"chenyun";s:7:"profile";s:28:"好好学习，天天向上!";s:7:"iconurl";s:64:"https://oi7ro6pyq.qnssl.com/5d464b9381d49d2394235b79fdb4fc09.png";};
client_ip:192.168.1.26
error_no:200
error_msg:文章标题不能为空
=====================2017-04-17 09:49:07===========================
service_cost:61.834
time:17/Apr/2017:09:49:07 +0800
entrance_type:Mozilla/5.0 (Windows NT 10.0; WOW64) AppleWebKit/537.36 (KHTML, like Gecko) Chrome/57.0.2987.110 Safari/537.36
ourl:/sport/banner?pn=1
request_method:GET
cookie:PHPSESSID:dv7ne00di4bh4058ocarmkdc45;ttxs:a:4:{s:3:"_id";s:24:"58a10c2dd79e4fc8f83f6cf1";s:8:"username";s:7:"chenyun";s:7:"profile";s:28:"好好学习，天天向上!";s:7:"iconurl";s:64:"https://oi7ro6pyq.qnssl.com/5d464b9381d49d2394235b79fdb4fc09.png";};
client_ip:192.168.1.26
error_no:200
error_msg:文章标题不能为空
=====================2017-04-17 09:49:07===========================
service_cost:95.761
time:17/Apr/2017:09:49:07 +0800
entrance_type:Mozilla/5.0 (Windows NT 10.0; WOW64) AppleWebKit/537.36 (KHTML, like Gecko) Chrome/57.0.2987.110 Safari/537.36
ourl:/sport/banner?pn=1
request_method:GET
cookie:PHPSESSID:dv7ne00di4bh4058ocarmkdc45;ttxs:a:4:{s:3:"_id";s:24:"58a10c2dd79e4fc8f83f6cf1";s:8:"username";s:7:"chenyun";s:7:"profile";s:28:"好好学习，天天向上!";s:7:"iconurl";s:64:"https://oi7ro6pyq.qnssl.com/5d464b9381d49d2394235b79fdb4fc09.png";};
client_ip:192.168.1.26
error_no:200
error_msg:文章标题不能为空
=====================2017-04-17 09:49:07===========================
service_cost:145.567
time:17/Apr/2017:09:49:07 +0800
entrance_type:Mozilla/5.0 (Windows NT 10.0; WOW64) AppleWebKit/537.36 (KHTML, like Gecko) Chrome/57.0.2987.110 Safari/537.36
ourl:/sport/banner?pn=1
request_method:GET
cookie:PHPSESSID:dv7ne00di4bh4058ocarmkdc45;ttxs:a:4:{s:3:"_id";s:24:"58a10c2dd79e4fc8f83f6cf1";s:8:"username";s:7:"chenyun";s:7:"profile";s:28:"好好学习，天天向上!";s:7:"iconurl";s:64:"https://oi7ro6pyq.qnssl.com/5d464b9381d49d2394235b79fdb4fc09.png";};
client_ip:192.168.1.26
error_no:200
error_msg:文章标题不能为空
=====================2017-04-17 09:49:07===========================
service_cost:188.145
time:17/Apr/2017:09:49:07 +0800
entrance_type:Mozilla/5.0 (Windows NT 10.0; WOW64) AppleWebKit/537.36 (KHTML, like Gecko) Chrome/57.0.2987.110 Safari/537.36
ourl:/sport/banner?pn=1
request_method:GET
cookie:PHPSESSID:dv7ne00di4bh4058ocarmkdc45;ttxs:a:4:{s:3:"_id";s:24:"58a10c2dd79e4fc8f83f6cf1";s:8:"username";s:7:"chenyun";s:7:"profile";s:28:"好好学习，天天向上!";s:7:"iconurl";s:64:"https://oi7ro6pyq.qnssl.com/5d464b9381d49d2394235b79fdb4fc09.png";};
client_ip:192.168.1.26
error_no:200
error_msg:文章标题不能为空
=====================2017-04-17 09:49:08===========================
service_cost:-900.231
time:17/Apr/2017:09:49:08 +0800
entrance_type:Mozilla/5.0 (Windows NT 10.0; WOW64) AppleWebKit/537.36 (KHTML, like Gecko) Chrome/57.0.2987.110 Safari/537.36
ourl:/sport/banner?pn=1
request_method:GET
cookie:PHPSESSID:dv7ne00di4bh4058ocarmkdc45;ttxs:a:4:{s:3:"_id";s:24:"58a10c2dd79e4fc8f83f6cf1";s:8:"username";s:7:"chenyun";s:7:"profile";s:28:"好好学习，天天向上!";s:7:"iconurl";s:64:"https://oi7ro6pyq.qnssl.com/5d464b9381d49d2394235b79fdb4fc09.png";};
client_ip:192.168.1.26
error_no:200
error_msg:文章标题不能为空
=====================2017-04-17 09:49:08===========================
service_cost:19.199
time:17/Apr/2017:09:49:08 +0800
entrance_type:Mozilla/5.0 (Windows NT 10.0; WOW64) AppleWebKit/537.36 (KHTML, like Gecko) Chrome/57.0.2987.110 Safari/537.36
ourl:/sport/banner?pn=1
request_method:GET
cookie:PHPSESSID:dv7ne00di4bh4058ocarmkdc45;ttxs:a:4:{s:3:"_id";s:24:"58a10c2dd79e4fc8f83f6cf1";s:8:"username";s:7:"chenyun";s:7:"profile";s:28:"好好学习，天天向上!";s:7:"iconurl";s:64:"https://oi7ro6pyq.qnssl.com/5d464b9381d49d2394235b79fdb4fc09.png";};
client_ip:192.168.1.26
error_no:200
error_msg:文章标题不能为空
=====================2017-04-17 09:49:08===========================
service_cost:175.982
time:17/Apr/2017:09:49:08 +0800
entrance_type:Mozilla/5.0 (Windows NT 10.0; WOW64) AppleWebKit/537.36 (KHTML, like Gecko) Chrome/57.0.2987.110 Safari/537.36
ourl:/sport/banner?pn=1
request_method:GET
cookie:PHPSESSID:dv7ne00di4bh4058ocarmkdc45;ttxs:a:4:{s:3:"_id";s:24:"58a10c2dd79e4fc8f83f6cf1";s:8:"username";s:7:"chenyun";s:7:"profile";s:28:"好好学习，天天向上!";s:7:"iconurl";s:64:"https://oi7ro6pyq.qnssl.com/5d464b9381d49d2394235b79fdb4fc09.png";};
client_ip:192.168.1.26
error_no:200
error_msg:文章标题不能为空
=====================2017-04-17 09:49:08===========================
service_cost:102.783
time:17/Apr/2017:09:49:08 +0800
entrance_type:Mozilla/5.0 (Windows NT 10.0; WOW64) AppleWebKit/537.36 (KHTML, like Gecko) Chrome/57.0.2987.110 Safari/537.36
ourl:/sport/banner?pn=1
request_method:GET
cookie:PHPSESSID:dv7ne00di4bh4058ocarmkdc45;ttxs:a:4:{s:3:"_id";s:24:"58a10c2dd79e4fc8f83f6cf1";s:8:"username";s:7:"chenyun";s:7:"profile";s:28:"好好学习，天天向上!";s:7:"iconurl";s:64:"https://oi7ro6pyq.qnssl.com/5d464b9381d49d2394235b79fdb4fc09.png";};
client_ip:192.168.1.26
error_no:200
error_msg:文章标题不能为空
=====================2017-04-17 09:49:08===========================
service_cost:126.281
time:17/Apr/2017:09:49:08 +0800
entrance_type:Mozilla/5.0 (Windows NT 10.0; WOW64) AppleWebKit/537.36 (KHTML, like Gecko) Chrome/57.0.2987.110 Safari/537.36
ourl:/sport/banner?pn=1
request_method:GET
cookie:PHPSESSID:dv7ne00di4bh4058ocarmkdc45;ttxs:a:4:{s:3:"_id";s:24:"58a10c2dd79e4fc8f83f6cf1";s:8:"username";s:7:"chenyun";s:7:"profile";s:28:"好好学习，天天向上!";s:7:"iconurl";s:64:"https://oi7ro6pyq.qnssl.com/5d464b9381d49d2394235b79fdb4fc09.png";};
client_ip:192.168.1.26
error_no:200
error_msg:文章标题不能为空
=====================2017-04-17 09:49:08===========================
service_cost:40.627
time:17/Apr/2017:09:49:08 +0800
entrance_type:Mozilla/5.0 (Windows NT 10.0; WOW64) AppleWebKit/537.36 (KHTML, like Gecko) Chrome/57.0.2987.110 Safari/537.36
ourl:/sport/banner?pn=1
request_method:GET
cookie:PHPSESSID:dv7ne00di4bh4058ocarmkdc45;ttxs:a:4:{s:3:"_id";s:24:"58a10c2dd79e4fc8f83f6cf1";s:8:"username";s:7:"chenyun";s:7:"profile";s:28:"好好学习，天天向上!";s:7:"iconurl";s:64:"https://oi7ro6pyq.qnssl.com/5d464b9381d49d2394235b79fdb4fc09.png";};
client_ip:192.168.1.26
error_no:200
error_msg:文章标题不能为空
=====================2017-04-17 09:49:08===========================
service_cost:19.211
time:17/Apr/2017:09:49:08 +0800
entrance_type:Mozilla/5.0 (Windows NT 10.0; WOW64) AppleWebKit/537.36 (KHTML, like Gecko) Chrome/57.0.2987.110 Safari/537.36
ourl:/sport/banner?pn=1
request_method:GET
cookie:PHPSESSID:dv7ne00di4bh4058ocarmkdc45;ttxs:a:4:{s:3:"_id";s:24:"58a10c2dd79e4fc8f83f6cf1";s:8:"username";s:7:"chenyun";s:7:"profile";s:28:"好好学习，天天向上!";s:7:"iconurl";s:64:"https://oi7ro6pyq.qnssl.com/5d464b9381d49d2394235b79fdb4fc09.png";};
client_ip:192.168.1.26
error_no:200
error_msg:文章标题不能为空
=====================2017-04-17 09:49:09===========================
service_cost:175.68
time:17/Apr/2017:09:49:09 +0800
entrance_type:Mozilla/5.0 (Windows NT 10.0; WOW64) AppleWebKit/537.36 (KHTML, like Gecko) Chrome/57.0.2987.110 Safari/537.36
ourl:/sport/banner?pn=1
request_method:GET
cookie:PHPSESSID:dv7ne00di4bh4058ocarmkdc45;ttxs:a:4:{s:3:"_id";s:24:"58a10c2dd79e4fc8f83f6cf1";s:8:"username";s:7:"chenyun";s:7:"profile";s:28:"好好学习，天天向上!";s:7:"iconurl";s:64:"https://oi7ro6pyq.qnssl.com/5d464b9381d49d2394235b79fdb4fc09.png";};
client_ip:192.168.1.26
error_no:200
error_msg:文章标题不能为空
=====================2017-04-17 09:49:09===========================
service_cost:162.643
time:17/Apr/2017:09:49:09 +0800
entrance_type:Mozilla/5.0 (Windows NT 10.0; WOW64) AppleWebKit/537.36 (KHTML, like Gecko) Chrome/57.0.2987.110 Safari/537.36
ourl:/sport/banner?pn=1
request_method:GET
cookie:PHPSESSID:dv7ne00di4bh4058ocarmkdc45;ttxs:a:4:{s:3:"_id";s:24:"58a10c2dd79e4fc8f83f6cf1";s:8:"username";s:7:"chenyun";s:7:"profile";s:28:"好好学习，天天向上!";s:7:"iconurl";s:64:"https://oi7ro6pyq.qnssl.com/5d464b9381d49d2394235b79fdb4fc09.png";};
client_ip:192.168.1.26
error_no:200
error_msg:文章标题不能为空
=====================2017-04-17 09:49:09===========================
service_cost:43.402
time:17/Apr/2017:09:49:09 +0800
entrance_type:Mozilla/5.0 (Windows NT 10.0; WOW64) AppleWebKit/537.36 (KHTML, like Gecko) Chrome/57.0.2987.110 Safari/537.36
ourl:/sport/banner?pn=1
request_method:GET
cookie:PHPSESSID:dv7ne00di4bh4058ocarmkdc45;ttxs:a:4:{s:3:"_id";s:24:"58a10c2dd79e4fc8f83f6cf1";s:8:"username";s:7:"chenyun";s:7:"profile";s:28:"好好学习，天天向上!";s:7:"iconurl";s:64:"https://oi7ro6pyq.qnssl.com/5d464b9381d49d2394235b79fdb4fc09.png";};
client_ip:192.168.1.26
error_no:200
error_msg:文章标题不能为空
=====================2017-04-17 09:49:09===========================
service_cost:22.864
time:17/Apr/2017:09:49:09 +0800
entrance_type:Mozilla/5.0 (Windows NT 10.0; WOW64) AppleWebKit/537.36 (KHTML, like Gecko) Chrome/57.0.2987.110 Safari/537.36
ourl:/sport/banner?pn=1
request_method:GET
cookie:PHPSESSID:dv7ne00di4bh4058ocarmkdc45;ttxs:a:4:{s:3:"_id";s:24:"58a10c2dd79e4fc8f83f6cf1";s:8:"username";s:7:"chenyun";s:7:"profile";s:28:"好好学习，天天向上!";s:7:"iconurl";s:64:"https://oi7ro6pyq.qnssl.com/5d464b9381d49d2394235b79fdb4fc09.png";};
client_ip:192.168.1.26
error_no:200
error_msg:文章标题不能为空
=====================2017-04-17 09:49:10===========================
service_cost:-510.495
time:17/Apr/2017:09:49:10 +0800
entrance_type:Mozilla/5.0 (Windows NT 10.0; WOW64) AppleWebKit/537.36 (KHTML, like Gecko) Chrome/57.0.2987.110 Safari/537.36
ourl:/sport/banner?pn=1
request_method:GET
cookie:PHPSESSID:dv7ne00di4bh4058ocarmkdc45;ttxs:a:4:{s:3:"_id";s:24:"58a10c2dd79e4fc8f83f6cf1";s:8:"username";s:7:"chenyun";s:7:"profile";s:28:"好好学习，天天向上!";s:7:"iconurl";s:64:"https://oi7ro6pyq.qnssl.com/5d464b9381d49d2394235b79fdb4fc09.png";};
client_ip:192.168.1.26
error_no:200
error_msg:文章标题不能为空
=====================2017-04-17 09:50:17===========================
service_cost:0.041000000000013
time:17/Apr/2017:09:50:17 +0800
entrance_type:Mozilla/5.0 (Windows NT 10.0; WOW64) AppleWebKit/537.36 (KHTML, like Gecko) Chrome/57.0.2987.110 Safari/537.36
ourl:/index.html
request_method:GET
cookie:PHPSESSID:dv7ne00di4bh4058ocarmkdc45;ttxs:a:4:{s:3:"_id";s:24:"58a10c2dd79e4fc8f83f6cf1";s:8:"username";s:7:"chenyun";s:7:"profile";s:28:"好好学习，天天向上!";s:7:"iconurl";s:64:"https://oi7ro6pyq.qnssl.com/5d464b9381d49d2394235b79fdb4fc09.png";};
client_ip:192.168.1.26
error_no:200
error_msg:文章标题不能为空
=====================2017-04-17 09:50:19===========================
service_cost:28.1
time:17/Apr/2017:09:50:19 +0800
entrance_type:Mozilla/5.0 (Windows NT 10.0; WOW64) AppleWebKit/537.36 (KHTML, like Gecko) Chrome/57.0.2987.110 Safari/537.36
ourl:/sport/banner
request_method:GET
cookie:PHPSESSID:dv7ne00di4bh4058ocarmkdc45;ttxs:a:4:{s:3:"_id";s:24:"58a10c2dd79e4fc8f83f6cf1";s:8:"username";s:7:"chenyun";s:7:"profile";s:28:"好好学习，天天向上!";s:7:"iconurl";s:64:"https://oi7ro6pyq.qnssl.com/5d464b9381d49d2394235b79fdb4fc09.png";};
client_ip:192.168.1.26
error_no:200
error_msg:文章标题不能为空
=====================2017-04-17 09:50:20===========================
service_cost:-945.982
time:17/Apr/2017:09:50:20 +0800
entrance_type:Mozilla/5.0 (Windows NT 10.0; WOW64) AppleWebKit/537.36 (KHTML, like Gecko) Chrome/57.0.2987.110 Safari/537.36
ourl:/sport/banner?pn=1
request_method:GET
cookie:PHPSESSID:dv7ne00di4bh4058ocarmkdc45;ttxs:a:4:{s:3:"_id";s:24:"58a10c2dd79e4fc8f83f6cf1";s:8:"username";s:7:"chenyun";s:7:"profile";s:28:"好好学习，天天向上!";s:7:"iconurl";s:64:"https://oi7ro6pyq.qnssl.com/5d464b9381d49d2394235b79fdb4fc09.png";};
client_ip:192.168.1.26
error_no:200
error_msg:文章标题不能为空
=====================2017-04-17 09:50:23===========================
service_cost:15.682
time:17/Apr/2017:09:50:23 +0800
entrance_type:Mozilla/5.0 (Windows NT 10.0; WOW64) AppleWebKit/537.36 (KHTML, like Gecko) Chrome/57.0.2987.110 Safari/537.36
ourl:/sport/banner?pn=2
request_method:GET
cookie:PHPSESSID:dv7ne00di4bh4058ocarmkdc45;ttxs:a:4:{s:3:"_id";s:24:"58a10c2dd79e4fc8f83f6cf1";s:8:"username";s:7:"chenyun";s:7:"profile";s:28:"好好学习，天天向上!";s:7:"iconurl";s:64:"https://oi7ro6pyq.qnssl.com/5d464b9381d49d2394235b79fdb4fc09.png";};
client_ip:192.168.1.26
error_no:200
error_msg:文章标题不能为空
=====================2017-04-17 09:50:25===========================
service_cost:20.951
time:17/Apr/2017:09:50:25 +0800
entrance_type:Mozilla/5.0 (Windows NT 10.0; WOW64) AppleWebKit/537.36 (KHTML, like Gecko) Chrome/57.0.2987.110 Safari/537.36
ourl:/sport/banner?pn=1
request_method:GET
cookie:PHPSESSID:dv7ne00di4bh4058ocarmkdc45;ttxs:a:4:{s:3:"_id";s:24:"58a10c2dd79e4fc8f83f6cf1";s:8:"username";s:7:"chenyun";s:7:"profile";s:28:"好好学习，天天向上!";s:7:"iconurl";s:64:"https://oi7ro6pyq.qnssl.com/5d464b9381d49d2394235b79fdb4fc09.png";};
client_ip:192.168.1.26
error_no:200
error_msg:文章标题不能为空
=====================2017-04-17 09:57:14===========================
service_cost:-341.836
time:17/Apr/2017:09:57:14 +0800
entrance_type:Mozilla/5.0 (Windows NT 10.0; WOW64) AppleWebKit/537.36 (KHTML, like Gecko) Chrome/57.0.2987.110 Safari/537.36
ourl:/sport/banner?pn=1
request_method:GET
cookie:PHPSESSID:dv7ne00di4bh4058ocarmkdc45;ttxs:a:4:{s:3:"_id";s:24:"58a10c2dd79e4fc8f83f6cf1";s:8:"username";s:7:"chenyun";s:7:"profile";s:28:"好好学习，天天向上!";s:7:"iconurl";s:64:"https://oi7ro6pyq.qnssl.com/5d464b9381d49d2394235b79fdb4fc09.png";};
client_ip:192.168.1.26
error_no:200
error_msg:文章标题不能为空
=====================2017-04-17 09:57:46===========================
service_cost:-509.271
time:17/Apr/2017:09:57:46 +0800
entrance_type:Mozilla/5.0 (Windows NT 10.0; WOW64) AppleWebKit/537.36 (KHTML, like Gecko) Chrome/57.0.2987.110 Safari/537.36
ourl:/sport/banner?pn=1
request_method:GET
cookie:PHPSESSID:dv7ne00di4bh4058ocarmkdc45;ttxs:a:4:{s:3:"_id";s:24:"58a10c2dd79e4fc8f83f6cf1";s:8:"username";s:7:"chenyun";s:7:"profile";s:28:"好好学习，天天向上!";s:7:"iconurl";s:64:"https://oi7ro6pyq.qnssl.com/5d464b9381d49d2394235b79fdb4fc09.png";};
client_ip:192.168.1.26
error_no:200
error_msg:文章标题不能为空
=====================2017-04-17 09:58:06===========================
service_cost:-208.218
time:17/Apr/2017:09:58:06 +0800
entrance_type:Mozilla/5.0 (Windows NT 10.0; WOW64) AppleWebKit/537.36 (KHTML, like Gecko) Chrome/57.0.2987.110 Safari/537.36
ourl:/sport/banner?pn=1
request_method:GET
cookie:PHPSESSID:dv7ne00di4bh4058ocarmkdc45;ttxs:a:4:{s:3:"_id";s:24:"58a10c2dd79e4fc8f83f6cf1";s:8:"username";s:7:"chenyun";s:7:"profile";s:28:"好好学习，天天向上!";s:7:"iconurl";s:64:"https://oi7ro6pyq.qnssl.com/5d464b9381d49d2394235b79fdb4fc09.png";};
client_ip:192.168.1.26
error_no:200
error_msg:文章标题不能为空
=====================2017-04-17 09:58:35===========================
service_cost:26.389
time:17/Apr/2017:09:58:35 +0800
entrance_type:Mozilla/5.0 (Windows NT 10.0; WOW64) AppleWebKit/537.36 (KHTML, like Gecko) Chrome/57.0.2987.110 Safari/537.36
ourl:/sport/banner?pn=1
request_method:GET
cookie:PHPSESSID:dv7ne00di4bh4058ocarmkdc45;ttxs:a:4:{s:3:"_id";s:24:"58a10c2dd79e4fc8f83f6cf1";s:8:"username";s:7:"chenyun";s:7:"profile";s:28:"好好学习，天天向上!";s:7:"iconurl";s:64:"https://oi7ro6pyq.qnssl.com/5d464b9381d49d2394235b79fdb4fc09.png";};
client_ip:192.168.1.26
error_no:200
error_msg:文章标题不能为空
=====================2017-04-17 09:58:59===========================
service_cost:-971.223
time:17/Apr/2017:09:58:59 +0800
entrance_type:Mozilla/5.0 (Windows NT 10.0; WOW64) AppleWebKit/537.36 (KHTML, like Gecko) Chrome/57.0.2987.110 Safari/537.36
ourl:/sport/banner?pn=1
request_method:GET
cookie:PHPSESSID:dv7ne00di4bh4058ocarmkdc45;ttxs:a:4:{s:3:"_id";s:24:"58a10c2dd79e4fc8f83f6cf1";s:8:"username";s:7:"chenyun";s:7:"profile";s:28:"好好学习，天天向上!";s:7:"iconurl";s:64:"https://oi7ro6pyq.qnssl.com/5d464b9381d49d2394235b79fdb4fc09.png";};
client_ip:192.168.1.26
error_no:200
error_msg:文章标题不能为空
=====================2017-04-17 09:59:10===========================
service_cost:26.539
time:17/Apr/2017:09:59:10 +0800
entrance_type:Mozilla/5.0 (Windows NT 10.0; WOW64) AppleWebKit/537.36 (KHTML, like Gecko) Chrome/57.0.2987.110 Safari/537.36
ourl:/sport/banner?pn=1
request_method:GET
cookie:PHPSESSID:dv7ne00di4bh4058ocarmkdc45;ttxs:a:4:{s:3:"_id";s:24:"58a10c2dd79e4fc8f83f6cf1";s:8:"username";s:7:"chenyun";s:7:"profile";s:28:"好好学习，天天向上!";s:7:"iconurl";s:64:"https://oi7ro6pyq.qnssl.com/5d464b9381d49d2394235b79fdb4fc09.png";};
client_ip:192.168.1.26
error_no:200
error_msg:文章标题不能为空
=====================2017-04-17 09:59:19===========================
service_cost:27.79
time:17/Apr/2017:09:59:19 +0800
entrance_type:Mozilla/5.0 (Windows NT 10.0; WOW64) AppleWebKit/537.36 (KHTML, like Gecko) Chrome/57.0.2987.110 Safari/537.36
ourl:/sport/banner?pn=1
request_method:GET
cookie:PHPSESSID:dv7ne00di4bh4058ocarmkdc45;ttxs:a:4:{s:3:"_id";s:24:"58a10c2dd79e4fc8f83f6cf1";s:8:"username";s:7:"chenyun";s:7:"profile";s:28:"好好学习，天天向上!";s:7:"iconurl";s:64:"https://oi7ro6pyq.qnssl.com/5d464b9381d49d2394235b79fdb4fc09.png";};
client_ip:192.168.1.26
error_no:200
error_msg:文章标题不能为空
=====================2017-04-17 10:04:28===========================
service_cost:27.104
time:17/Apr/2017:10:04:28 +0800
entrance_type:Mozilla/5.0 (Windows NT 10.0; WOW64) AppleWebKit/537.36 (KHTML, like Gecko) Chrome/57.0.2987.110 Safari/537.36
ourl:/sport/banner?pn=1
request_method:GET
cookie:PHPSESSID:dv7ne00di4bh4058ocarmkdc45;ttxs:a:4:{s:3:"_id";s:24:"58a10c2dd79e4fc8f83f6cf1";s:8:"username";s:7:"chenyun";s:7:"profile";s:28:"好好学习，天天向上!";s:7:"iconurl";s:64:"https://oi7ro6pyq.qnssl.com/5d464b9381d49d2394235b79fdb4fc09.png";};
client_ip:192.168.1.26
error_no:200
error_msg:文章标题不能为空
=====================2017-04-17 10:04:56===========================
service_cost:26.123
time:17/Apr/2017:10:04:56 +0800
entrance_type:Mozilla/5.0 (Windows NT 10.0; WOW64) AppleWebKit/537.36 (KHTML, like Gecko) Chrome/57.0.2987.110 Safari/537.36
ourl:/sport/banner?pn=1
request_method:GET
cookie:PHPSESSID:dv7ne00di4bh4058ocarmkdc45;ttxs:a:4:{s:3:"_id";s:24:"58a10c2dd79e4fc8f83f6cf1";s:8:"username";s:7:"chenyun";s:7:"profile";s:28:"好好学习，天天向上!";s:7:"iconurl";s:64:"https://oi7ro6pyq.qnssl.com/5d464b9381d49d2394235b79fdb4fc09.png";};
client_ip:192.168.1.26
error_no:200
error_msg:文章标题不能为空
=====================2017-04-17 10:05:14===========================
service_cost:50.436
time:17/Apr/2017:10:05:14 +0800
entrance_type:Mozilla/5.0 (Windows NT 10.0; WOW64) AppleWebKit/537.36 (KHTML, like Gecko) Chrome/57.0.2987.110 Safari/537.36
ourl:/sport/banner?pn=1
request_method:GET
cookie:PHPSESSID:dv7ne00di4bh4058ocarmkdc45;ttxs:a:4:{s:3:"_id";s:24:"58a10c2dd79e4fc8f83f6cf1";s:8:"username";s:7:"chenyun";s:7:"profile";s:28:"好好学习，天天向上!";s:7:"iconurl";s:64:"https://oi7ro6pyq.qnssl.com/5d464b9381d49d2394235b79fdb4fc09.png";};
client_ip:192.168.1.26
error_no:200
error_msg:文章标题不能为空
=====================2017-04-17 10:05:21===========================
service_cost:24.099
time:17/Apr/2017:10:05:21 +0800
entrance_type:Mozilla/5.0 (Windows NT 10.0; WOW64) AppleWebKit/537.36 (KHTML, like Gecko) Chrome/57.0.2987.110 Safari/537.36
ourl:/sport/banner?pn=1
request_method:GET
cookie:PHPSESSID:dv7ne00di4bh4058ocarmkdc45;ttxs:a:4:{s:3:"_id";s:24:"58a10c2dd79e4fc8f83f6cf1";s:8:"username";s:7:"chenyun";s:7:"profile";s:28:"好好学习，天天向上!";s:7:"iconurl";s:64:"https://oi7ro6pyq.qnssl.com/5d464b9381d49d2394235b79fdb4fc09.png";};
client_ip:192.168.1.26
error_no:200
error_msg:文章标题不能为空
=====================2017-04-17 10:05:48===========================
service_cost:25.71
time:17/Apr/2017:10:05:48 +0800
entrance_type:Mozilla/5.0 (Windows NT 10.0; WOW64) AppleWebKit/537.36 (KHTML, like Gecko) Chrome/57.0.2987.110 Safari/537.36
ourl:/sport/banner?pn=1
request_method:GET
cookie:PHPSESSID:dv7ne00di4bh4058ocarmkdc45;ttxs:a:4:{s:3:"_id";s:24:"58a10c2dd79e4fc8f83f6cf1";s:8:"username";s:7:"chenyun";s:7:"profile";s:28:"好好学习，天天向上!";s:7:"iconurl";s:64:"https://oi7ro6pyq.qnssl.com/5d464b9381d49d2394235b79fdb4fc09.png";};
client_ip:192.168.1.26
error_no:200
error_msg:文章标题不能为空
=====================2017-04-17 10:07:12===========================
service_cost:-51.214
time:17/Apr/2017:10:07:12 +0800
entrance_type:Mozilla/5.0 (Windows NT 10.0; WOW64) AppleWebKit/537.36 (KHTML, like Gecko) Chrome/57.0.2987.110 Safari/537.36
ourl:/sport/banner?pn=1
request_method:GET
cookie:PHPSESSID:dv7ne00di4bh4058ocarmkdc45;ttxs:a:4:{s:3:"_id";s:24:"58a10c2dd79e4fc8f83f6cf1";s:8:"username";s:7:"chenyun";s:7:"profile";s:28:"好好学习，天天向上!";s:7:"iconurl";s:64:"https://oi7ro6pyq.qnssl.com/5d464b9381d49d2394235b79fdb4fc09.png";};
client_ip:192.168.1.26
error_no:200
error_msg:文章标题不能为空
=====================2017-04-17 10:07:21===========================
service_cost:61.367
time:17/Apr/2017:10:07:21 +0800
entrance_type:Mozilla/5.0 (Windows NT 10.0; WOW64) AppleWebKit/537.36 (KHTML, like Gecko) Chrome/57.0.2987.110 Safari/537.36
ourl:/sport/banner?pn=1
request_method:GET
cookie:PHPSESSID:dv7ne00di4bh4058ocarmkdc45;ttxs:a:4:{s:3:"_id";s:24:"58a10c2dd79e4fc8f83f6cf1";s:8:"username";s:7:"chenyun";s:7:"profile";s:28:"好好学习，天天向上!";s:7:"iconurl";s:64:"https://oi7ro6pyq.qnssl.com/5d464b9381d49d2394235b79fdb4fc09.png";};
client_ip:192.168.1.26
error_no:200
error_msg:文章标题不能为空
=====================2017-04-17 10:10:24===========================
service_cost:26.954
time:17/Apr/2017:10:10:24 +0800
entrance_type:Mozilla/5.0 (Windows NT 10.0; WOW64) AppleWebKit/537.36 (KHTML, like Gecko) Chrome/57.0.2987.110 Safari/537.36
ourl:/sport/banner?pn=1
request_method:GET
cookie:PHPSESSID:dv7ne00di4bh4058ocarmkdc45;ttxs:a:4:{s:3:"_id";s:24:"58a10c2dd79e4fc8f83f6cf1";s:8:"username";s:7:"chenyun";s:7:"profile";s:28:"好好学习，天天向上!";s:7:"iconurl";s:64:"https://oi7ro6pyq.qnssl.com/5d464b9381d49d2394235b79fdb4fc09.png";};
client_ip:192.168.1.26
error_no:200
error_msg:文章标题不能为空
=====================2017-04-17 10:11:29===========================
service_cost:-974.752
time:17/Apr/2017:10:11:29 +0800
entrance_type:Mozilla/5.0 (Windows NT 10.0; WOW64) AppleWebKit/537.36 (KHTML, like Gecko) Chrome/57.0.2987.110 Safari/537.36
ourl:/sport/banner?pn=1
request_method:GET
cookie:PHPSESSID:dv7ne00di4bh4058ocarmkdc45;ttxs:a:4:{s:3:"_id";s:24:"58a10c2dd79e4fc8f83f6cf1";s:8:"username";s:7:"chenyun";s:7:"profile";s:28:"好好学习，天天向上!";s:7:"iconurl";s:64:"https://oi7ro6pyq.qnssl.com/5d464b9381d49d2394235b79fdb4fc09.png";};
client_ip:192.168.1.26
error_no:200
error_msg:文章标题不能为空
=====================2017-04-17 10:11:55===========================
service_cost:41.218
time:17/Apr/2017:10:11:55 +0800
entrance_type:Mozilla/5.0 (Windows NT 10.0; WOW64) AppleWebKit/537.36 (KHTML, like Gecko) Chrome/57.0.2987.110 Safari/537.36
ourl:/sport/banner?pn=1
request_method:GET
cookie:PHPSESSID:dv7ne00di4bh4058ocarmkdc45;ttxs:a:4:{s:3:"_id";s:24:"58a10c2dd79e4fc8f83f6cf1";s:8:"username";s:7:"chenyun";s:7:"profile";s:28:"好好学习，天天向上!";s:7:"iconurl";s:64:"https://oi7ro6pyq.qnssl.com/5d464b9381d49d2394235b79fdb4fc09.png";};
client_ip:192.168.1.26
error_no:200
error_msg:文章标题不能为空
=====================2017-04-17 10:14:18===========================
service_cost:55.856
time:17/Apr/2017:10:14:18 +0800
entrance_type:Mozilla/5.0 (Windows NT 10.0; WOW64) AppleWebKit/537.36 (KHTML, like Gecko) Chrome/57.0.2987.110 Safari/537.36
ourl:/sport/banner?pn=1
request_method:GET
cookie:PHPSESSID:dv7ne00di4bh4058ocarmkdc45;ttxs:a:4:{s:3:"_id";s:24:"58a10c2dd79e4fc8f83f6cf1";s:8:"username";s:7:"chenyun";s:7:"profile";s:28:"好好学习，天天向上!";s:7:"iconurl";s:64:"https://oi7ro6pyq.qnssl.com/5d464b9381d49d2394235b79fdb4fc09.png";};
client_ip:192.168.1.26
error_no:200
error_msg:文章标题不能为空
=====================2017-04-17 10:14:19===========================
service_cost:25.161
time:17/Apr/2017:10:14:19 +0800
entrance_type:Mozilla/5.0 (Windows NT 10.0; WOW64) AppleWebKit/537.36 (KHTML, like Gecko) Chrome/57.0.2987.110 Safari/537.36
ourl:/sport/banner?pn=1
request_method:GET
cookie:PHPSESSID:dv7ne00di4bh4058ocarmkdc45;ttxs:a:4:{s:3:"_id";s:24:"58a10c2dd79e4fc8f83f6cf1";s:8:"username";s:7:"chenyun";s:7:"profile";s:28:"好好学习，天天向上!";s:7:"iconurl";s:64:"https://oi7ro6pyq.qnssl.com/5d464b9381d49d2394235b79fdb4fc09.png";};
client_ip:192.168.1.26
error_no:200
error_msg:文章标题不能为空
=====================2017-04-17 10:14:20===========================
service_cost:28.935
time:17/Apr/2017:10:14:20 +0800
entrance_type:Mozilla/5.0 (Windows NT 10.0; WOW64) AppleWebKit/537.36 (KHTML, like Gecko) Chrome/57.0.2987.110 Safari/537.36
ourl:/sport/banner?pn=1
request_method:GET
cookie:PHPSESSID:dv7ne00di4bh4058ocarmkdc45;ttxs:a:4:{s:3:"_id";s:24:"58a10c2dd79e4fc8f83f6cf1";s:8:"username";s:7:"chenyun";s:7:"profile";s:28:"好好学习，天天向上!";s:7:"iconurl";s:64:"https://oi7ro6pyq.qnssl.com/5d464b9381d49d2394235b79fdb4fc09.png";};
client_ip:192.168.1.26
error_no:200
error_msg:文章标题不能为空
=====================2017-04-17 10:14:20===========================
service_cost:26.117
time:17/Apr/2017:10:14:20 +0800
entrance_type:Mozilla/5.0 (Windows NT 10.0; WOW64) AppleWebKit/537.36 (KHTML, like Gecko) Chrome/57.0.2987.110 Safari/537.36
ourl:/sport/banner?pn=1
request_method:GET
cookie:PHPSESSID:dv7ne00di4bh4058ocarmkdc45;ttxs:a:4:{s:3:"_id";s:24:"58a10c2dd79e4fc8f83f6cf1";s:8:"username";s:7:"chenyun";s:7:"profile";s:28:"好好学习，天天向上!";s:7:"iconurl";s:64:"https://oi7ro6pyq.qnssl.com/5d464b9381d49d2394235b79fdb4fc09.png";};
client_ip:192.168.1.26
error_no:200
error_msg:文章标题不能为空
=====================2017-04-17 10:14:22===========================
service_cost:41.259
time:17/Apr/2017:10:14:22 +0800
entrance_type:Mozilla/5.0 (Windows NT 10.0; WOW64) AppleWebKit/537.36 (KHTML, like Gecko) Chrome/57.0.2987.110 Safari/537.36
ourl:/sport/banner?pn=1
request_method:GET
cookie:PHPSESSID:dv7ne00di4bh4058ocarmkdc45;ttxs:a:4:{s:3:"_id";s:24:"58a10c2dd79e4fc8f83f6cf1";s:8:"username";s:7:"chenyun";s:7:"profile";s:28:"好好学习，天天向上!";s:7:"iconurl";s:64:"https://oi7ro6pyq.qnssl.com/5d464b9381d49d2394235b79fdb4fc09.png";};
client_ip:192.168.1.26
error_no:200
error_msg:文章标题不能为空
=====================2017-04-17 10:14:22===========================
service_cost:38.755
time:17/Apr/2017:10:14:22 +0800
entrance_type:Mozilla/5.0 (Windows NT 10.0; WOW64) AppleWebKit/537.36 (KHTML, like Gecko) Chrome/57.0.2987.110 Safari/537.36
ourl:/sport/banner?pn=1
request_method:GET
cookie:PHPSESSID:dv7ne00di4bh4058ocarmkdc45;ttxs:a:4:{s:3:"_id";s:24:"58a10c2dd79e4fc8f83f6cf1";s:8:"username";s:7:"chenyun";s:7:"profile";s:28:"好好学习，天天向上!";s:7:"iconurl";s:64:"https://oi7ro6pyq.qnssl.com/5d464b9381d49d2394235b79fdb4fc09.png";};
client_ip:192.168.1.26
error_no:200
error_msg:文章标题不能为空
=====================2017-04-17 10:14:22===========================
service_cost:20.542
time:17/Apr/2017:10:14:22 +0800
entrance_type:Mozilla/5.0 (Windows NT 10.0; WOW64) AppleWebKit/537.36 (KHTML, like Gecko) Chrome/57.0.2987.110 Safari/537.36
ourl:/sport/banner?pn=1
request_method:GET
cookie:PHPSESSID:dv7ne00di4bh4058ocarmkdc45;ttxs:a:4:{s:3:"_id";s:24:"58a10c2dd79e4fc8f83f6cf1";s:8:"username";s:7:"chenyun";s:7:"profile";s:28:"好好学习，天天向上!";s:7:"iconurl";s:64:"https://oi7ro6pyq.qnssl.com/5d464b9381d49d2394235b79fdb4fc09.png";};
client_ip:192.168.1.26
error_no:200
error_msg:文章标题不能为空
=====================2017-04-17 10:14:22===========================
service_cost:22.583
time:17/Apr/2017:10:14:22 +0800
entrance_type:Mozilla/5.0 (Windows NT 10.0; WOW64) AppleWebKit/537.36 (KHTML, like Gecko) Chrome/57.0.2987.110 Safari/537.36
ourl:/sport/banner?pn=1
request_method:GET
cookie:PHPSESSID:dv7ne00di4bh4058ocarmkdc45;ttxs:a:4:{s:3:"_id";s:24:"58a10c2dd79e4fc8f83f6cf1";s:8:"username";s:7:"chenyun";s:7:"profile";s:28:"好好学习，天天向上!";s:7:"iconurl";s:64:"https://oi7ro6pyq.qnssl.com/5d464b9381d49d2394235b79fdb4fc09.png";};
client_ip:192.168.1.26
error_no:200
error_msg:文章标题不能为空
=====================2017-04-17 10:14:23===========================
service_cost:17.604
time:17/Apr/2017:10:14:23 +0800
entrance_type:Mozilla/5.0 (Windows NT 10.0; WOW64) AppleWebKit/537.36 (KHTML, like Gecko) Chrome/57.0.2987.110 Safari/537.36
ourl:/sport/banner?pn=1
request_method:GET
cookie:PHPSESSID:dv7ne00di4bh4058ocarmkdc45;ttxs:a:4:{s:3:"_id";s:24:"58a10c2dd79e4fc8f83f6cf1";s:8:"username";s:7:"chenyun";s:7:"profile";s:28:"好好学习，天天向上!";s:7:"iconurl";s:64:"https://oi7ro6pyq.qnssl.com/5d464b9381d49d2394235b79fdb4fc09.png";};
client_ip:192.168.1.26
error_no:200
error_msg:文章标题不能为空
=====================2017-04-17 10:14:23===========================
service_cost:22.567
time:17/Apr/2017:10:14:23 +0800
entrance_type:Mozilla/5.0 (Windows NT 10.0; WOW64) AppleWebKit/537.36 (KHTML, like Gecko) Chrome/57.0.2987.110 Safari/537.36
ourl:/sport/banner?pn=1
request_method:GET
cookie:PHPSESSID:dv7ne00di4bh4058ocarmkdc45;ttxs:a:4:{s:3:"_id";s:24:"58a10c2dd79e4fc8f83f6cf1";s:8:"username";s:7:"chenyun";s:7:"profile";s:28:"好好学习，天天向上!";s:7:"iconurl";s:64:"https://oi7ro6pyq.qnssl.com/5d464b9381d49d2394235b79fdb4fc09.png";};
client_ip:192.168.1.26
error_no:200
error_msg:文章标题不能为空
=====================2017-04-17 10:14:23===========================
service_cost:16.73
time:17/Apr/2017:10:14:23 +0800
entrance_type:Mozilla/5.0 (Windows NT 10.0; WOW64) AppleWebKit/537.36 (KHTML, like Gecko) Chrome/57.0.2987.110 Safari/537.36
ourl:/sport/banner?pn=1
request_method:GET
cookie:PHPSESSID:dv7ne00di4bh4058ocarmkdc45;ttxs:a:4:{s:3:"_id";s:24:"58a10c2dd79e4fc8f83f6cf1";s:8:"username";s:7:"chenyun";s:7:"profile";s:28:"好好学习，天天向上!";s:7:"iconurl";s:64:"https://oi7ro6pyq.qnssl.com/5d464b9381d49d2394235b79fdb4fc09.png";};
client_ip:192.168.1.26
error_no:200
error_msg:文章标题不能为空
=====================2017-04-17 10:14:23===========================
service_cost:16.755
time:17/Apr/2017:10:14:23 +0800
entrance_type:Mozilla/5.0 (Windows NT 10.0; WOW64) AppleWebKit/537.36 (KHTML, like Gecko) Chrome/57.0.2987.110 Safari/537.36
ourl:/sport/banner?pn=1
request_method:GET
cookie:PHPSESSID:dv7ne00di4bh4058ocarmkdc45;ttxs:a:4:{s:3:"_id";s:24:"58a10c2dd79e4fc8f83f6cf1";s:8:"username";s:7:"chenyun";s:7:"profile";s:28:"好好学习，天天向上!";s:7:"iconurl";s:64:"https://oi7ro6pyq.qnssl.com/5d464b9381d49d2394235b79fdb4fc09.png";};
client_ip:192.168.1.26
error_no:200
error_msg:文章标题不能为空
=====================2017-04-17 10:14:24===========================
service_cost:18.639
time:17/Apr/2017:10:14:24 +0800
entrance_type:Mozilla/5.0 (Windows NT 10.0; WOW64) AppleWebKit/537.36 (KHTML, like Gecko) Chrome/57.0.2987.110 Safari/537.36
ourl:/sport/banner?pn=1
request_method:GET
cookie:PHPSESSID:dv7ne00di4bh4058ocarmkdc45;ttxs:a:4:{s:3:"_id";s:24:"58a10c2dd79e4fc8f83f6cf1";s:8:"username";s:7:"chenyun";s:7:"profile";s:28:"好好学习，天天向上!";s:7:"iconurl";s:64:"https://oi7ro6pyq.qnssl.com/5d464b9381d49d2394235b79fdb4fc09.png";};
client_ip:192.168.1.26
error_no:200
error_msg:文章标题不能为空
=====================2017-04-17 10:14:24===========================
service_cost:19.608
time:17/Apr/2017:10:14:24 +0800
entrance_type:Mozilla/5.0 (Windows NT 10.0; WOW64) AppleWebKit/537.36 (KHTML, like Gecko) Chrome/57.0.2987.110 Safari/537.36
ourl:/sport/banner?pn=1
request_method:GET
cookie:PHPSESSID:dv7ne00di4bh4058ocarmkdc45;ttxs:a:4:{s:3:"_id";s:24:"58a10c2dd79e4fc8f83f6cf1";s:8:"username";s:7:"chenyun";s:7:"profile";s:28:"好好学习，天天向上!";s:7:"iconurl";s:64:"https://oi7ro6pyq.qnssl.com/5d464b9381d49d2394235b79fdb4fc09.png";};
client_ip:192.168.1.26
error_no:200
error_msg:文章标题不能为空
=====================2017-04-17 10:14:24===========================
service_cost:20.279
time:17/Apr/2017:10:14:24 +0800
entrance_type:Mozilla/5.0 (Windows NT 10.0; WOW64) AppleWebKit/537.36 (KHTML, like Gecko) Chrome/57.0.2987.110 Safari/537.36
ourl:/sport/banner?pn=1
request_method:GET
cookie:PHPSESSID:dv7ne00di4bh4058ocarmkdc45;ttxs:a:4:{s:3:"_id";s:24:"58a10c2dd79e4fc8f83f6cf1";s:8:"username";s:7:"chenyun";s:7:"profile";s:28:"好好学习，天天向上!";s:7:"iconurl";s:64:"https://oi7ro6pyq.qnssl.com/5d464b9381d49d2394235b79fdb4fc09.png";};
client_ip:192.168.1.26
error_no:200
error_msg:文章标题不能为空
=====================2017-04-17 10:14:25===========================
service_cost:18.202
time:17/Apr/2017:10:14:25 +0800
entrance_type:Mozilla/5.0 (Windows NT 10.0; WOW64) AppleWebKit/537.36 (KHTML, like Gecko) Chrome/57.0.2987.110 Safari/537.36
ourl:/sport/banner?pn=1
request_method:GET
cookie:PHPSESSID:dv7ne00di4bh4058ocarmkdc45;ttxs:a:4:{s:3:"_id";s:24:"58a10c2dd79e4fc8f83f6cf1";s:8:"username";s:7:"chenyun";s:7:"profile";s:28:"好好学习，天天向上!";s:7:"iconurl";s:64:"https://oi7ro6pyq.qnssl.com/5d464b9381d49d2394235b79fdb4fc09.png";};
client_ip:192.168.1.26
error_no:200
error_msg:文章标题不能为空
=====================2017-04-17 10:14:25===========================
service_cost:22.651
time:17/Apr/2017:10:14:25 +0800
entrance_type:Mozilla/5.0 (Windows NT 10.0; WOW64) AppleWebKit/537.36 (KHTML, like Gecko) Chrome/57.0.2987.110 Safari/537.36
ourl:/sport/banner?pn=1
request_method:GET
cookie:PHPSESSID:dv7ne00di4bh4058ocarmkdc45;ttxs:a:4:{s:3:"_id";s:24:"58a10c2dd79e4fc8f83f6cf1";s:8:"username";s:7:"chenyun";s:7:"profile";s:28:"好好学习，天天向上!";s:7:"iconurl";s:64:"https://oi7ro6pyq.qnssl.com/5d464b9381d49d2394235b79fdb4fc09.png";};
client_ip:192.168.1.26
error_no:200
error_msg:文章标题不能为空
=====================2017-04-17 10:14:40===========================
service_cost:93.89
time:17/Apr/2017:10:14:40 +0800
entrance_type:Mozilla/5.0 (Windows NT 10.0; WOW64) AppleWebKit/537.36 (KHTML, like Gecko) Chrome/57.0.2987.110 Safari/537.36
ourl:/sport/banner?pn=1
request_method:GET
cookie:PHPSESSID:dv7ne00di4bh4058ocarmkdc45;ttxs:a:4:{s:3:"_id";s:24:"58a10c2dd79e4fc8f83f6cf1";s:8:"username";s:7:"chenyun";s:7:"profile";s:28:"好好学习，天天向上!";s:7:"iconurl";s:64:"https://oi7ro6pyq.qnssl.com/5d464b9381d49d2394235b79fdb4fc09.png";};
client_ip:192.168.1.26
error_no:200
error_msg:文章标题不能为空
=====================2017-04-17 10:14:41===========================
service_cost:26.027
time:17/Apr/2017:10:14:41 +0800
entrance_type:Mozilla/5.0 (Windows NT 10.0; WOW64) AppleWebKit/537.36 (KHTML, like Gecko) Chrome/57.0.2987.110 Safari/537.36
ourl:/sport/banner?pn=1
request_method:GET
cookie:PHPSESSID:dv7ne00di4bh4058ocarmkdc45;ttxs:a:4:{s:3:"_id";s:24:"58a10c2dd79e4fc8f83f6cf1";s:8:"username";s:7:"chenyun";s:7:"profile";s:28:"好好学习，天天向上!";s:7:"iconurl";s:64:"https://oi7ro6pyq.qnssl.com/5d464b9381d49d2394235b79fdb4fc09.png";};
client_ip:192.168.1.26
error_no:200
error_msg:文章标题不能为空
=====================2017-04-17 10:16:54===========================
service_cost:25.528
time:17/Apr/2017:10:16:54 +0800
entrance_type:Mozilla/5.0 (Windows NT 10.0; WOW64) AppleWebKit/537.36 (KHTML, like Gecko) Chrome/57.0.2987.110 Safari/537.36
ourl:/sport/banner?pn=1
request_method:GET
cookie:PHPSESSID:dv7ne00di4bh4058ocarmkdc45;ttxs:a:4:{s:3:"_id";s:24:"58a10c2dd79e4fc8f83f6cf1";s:8:"username";s:7:"chenyun";s:7:"profile";s:28:"好好学习，天天向上!";s:7:"iconurl";s:64:"https://oi7ro6pyq.qnssl.com/5d464b9381d49d2394235b79fdb4fc09.png";};
client_ip:192.168.1.26
error_no:200
error_msg:文章标题不能为空
=====================2017-04-17 10:16:55===========================
service_cost:36.908
time:17/Apr/2017:10:16:55 +0800
entrance_type:Mozilla/5.0 (Windows NT 10.0; WOW64) AppleWebKit/537.36 (KHTML, like Gecko) Chrome/57.0.2987.110 Safari/537.36
ourl:/sport/banner?pn=1
request_method:GET
cookie:PHPSESSID:dv7ne00di4bh4058ocarmkdc45;ttxs:a:4:{s:3:"_id";s:24:"58a10c2dd79e4fc8f83f6cf1";s:8:"username";s:7:"chenyun";s:7:"profile";s:28:"好好学习，天天向上!";s:7:"iconurl";s:64:"https://oi7ro6pyq.qnssl.com/5d464b9381d49d2394235b79fdb4fc09.png";};
client_ip:192.168.1.26
error_no:200
error_msg:文章标题不能为空
