=====================2017-07-27 09:57:55===========================
service_cost:1.06
time:27/Jul/2017:09:57:55 +0800
entrance_type:Mozilla/5.0 (Windows NT 10.0; Win64; x64) AppleWebKit/537.36 (KHTML, like Gecko) Chrome/59.0.3071.115 Safari/537.36
ourl:/user/dologin
request_method:POST
cookie:PHPSESSID:53jt6afat03tlsadiooai8hu51;
client_ip:222.128.169.99
error_no:-1
error_msg:账号或密码错误
=====================2017-07-27 09:58:06===========================
service_cost:1.058
time:27/Jul/2017:09:58:06 +0800
entrance_type:Mozilla/5.0 (Windows NT 10.0; Win64; x64) AppleWebKit/537.36 (KHTML, like Gecko) Chrome/59.0.3071.115 Safari/537.36
ourl:/user/dologin
request_method:POST
cookie:PHPSESSID:53jt6afat03tlsadiooai8hu51;
client_ip:222.128.169.99
error_no:-1
error_msg:账号或密码错误
=====================2017-07-27 09:58:15===========================
service_cost:0.9849999999999
time:27/Jul/2017:09:58:15 +0800
entrance_type:Mozilla/5.0 (Windows NT 10.0; Win64; x64) AppleWebKit/537.36 (KHTML, like Gecko) Chrome/59.0.3071.115 Safari/537.36
ourl:/user/dologin
request_method:POST
cookie:PHPSESSID:53jt6afat03tlsadiooai8hu51;
client_ip:222.128.169.99
error_no:-1
error_msg:账号或密码错误
=====================2017-07-27 09:58:26===========================
service_cost:1.069
time:27/Jul/2017:09:58:26 +0800
entrance_type:Mozilla/5.0 (Windows NT 10.0; Win64; x64) AppleWebKit/537.36 (KHTML, like Gecko) Chrome/59.0.3071.115 Safari/537.36
ourl:/user/dologin
request_method:POST
cookie:PHPSESSID:53jt6afat03tlsadiooai8hu51;
client_ip:222.128.169.99
error_no:-1
error_msg:账号或密码错误
=====================2017-07-27 09:58:56===========================
service_cost:1.075
time:27/Jul/2017:09:58:56 +0800
entrance_type:Mozilla/5.0 (Windows NT 10.0; Win64; x64) AppleWebKit/537.36 (KHTML, like Gecko) Chrome/59.0.3071.115 Safari/537.36
ourl:/user/dologin
request_method:POST
cookie:PHPSESSID:53jt6afat03tlsadiooai8hu51;
client_ip:222.128.169.99
error_no:-1
error_msg:账号或密码错误
=====================2017-07-27 09:59:03===========================
service_cost:1.131
time:27/Jul/2017:09:59:03 +0800
entrance_type:Mozilla/5.0 (Windows NT 10.0; Win64; x64) AppleWebKit/537.36 (KHTML, like Gecko) Chrome/59.0.3071.115 Safari/537.36
ourl:/user/dologin
request_method:POST
cookie:PHPSESSID:53jt6afat03tlsadiooai8hu51;
client_ip:222.128.169.99
error_no:-1
error_msg:账号或密码错误
=====================2017-07-27 09:59:04===========================
service_cost:0.83100000000003
time:27/Jul/2017:09:59:04 +0800
entrance_type:Mozilla/5.0 (Windows NT 10.0; Win64; x64) AppleWebKit/537.36 (KHTML, like Gecko) Chrome/59.0.3071.115 Safari/537.36
ourl:/user/dologin
request_method:POST
cookie:PHPSESSID:53jt6afat03tlsadiooai8hu51;
client_ip:222.128.169.99
error_no:-1
error_msg:账号或密码错误
=====================2017-07-27 09:59:04===========================
service_cost:0.969
time:27/Jul/2017:09:59:04 +0800
entrance_type:Mozilla/5.0 (Windows NT 10.0; Win64; x64) AppleWebKit/537.36 (KHTML, like Gecko) Chrome/59.0.3071.115 Safari/537.36
ourl:/user/dologin
request_method:POST
cookie:PHPSESSID:53jt6afat03tlsadiooai8hu51;
client_ip:222.128.169.99
error_no:-1
error_msg:账号或密码错误
=====================2017-07-27 09:59:04===========================
service_cost:0.95600000000007
time:27/Jul/2017:09:59:04 +0800
entrance_type:Mozilla/5.0 (Windows NT 10.0; Win64; x64) AppleWebKit/537.36 (KHTML, like Gecko) Chrome/59.0.3071.115 Safari/537.36
ourl:/user/dologin
request_method:POST
cookie:PHPSESSID:53jt6afat03tlsadiooai8hu51;
client_ip:222.128.169.99
error_no:-1
error_msg:账号或密码错误
=====================2017-07-27 09:59:05===========================
service_cost:1.058
time:27/Jul/2017:09:59:05 +0800
entrance_type:Mozilla/5.0 (Windows NT 10.0; Win64; x64) AppleWebKit/537.36 (KHTML, like Gecko) Chrome/59.0.3071.115 Safari/537.36
ourl:/user/dologin
request_method:POST
cookie:PHPSESSID:53jt6afat03tlsadiooai8hu51;
client_ip:222.128.169.99
error_no:-1
error_msg:账号或密码错误
=====================2017-07-27 10:02:14===========================
service_cost:1.322
time:27/Jul/2017:10:02:14 +0800
entrance_type:Mozilla/5.0 (Windows NT 10.0; Win64; x64) AppleWebKit/537.36 (KHTML, like Gecko) Chrome/59.0.3071.115 Safari/537.36
ourl:/user/dologin
request_method:POST
cookie:PHPSESSID:53jt6afat03tlsadiooai8hu51;
client_ip:222.128.169.99
error_no
error_msg:success
=====================2017-07-27 10:02:15===========================
service_cost:0.0099999999999996
time:27/Jul/2017:10:02:15 +0800
entrance_type:Mozilla/5.0 (Windows NT 10.0; Win64; x64) AppleWebKit/537.36 (KHTML, like Gecko) Chrome/59.0.3071.115 Safari/537.36
ourl:/
request_method:GET
cookie:PHPSESSID:53jt6afat03tlsadiooai8hu51;
client_ip:222.128.169.99
error_no
error_msg:success
=====================2017-07-27 10:02:22===========================
service_cost:1.515
time:27/Jul/2017:10:02:22 +0800
entrance_type:Mozilla/5.0 (Windows NT 10.0; Win64; x64) AppleWebKit/537.36 (KHTML, like Gecko) Chrome/59.0.3071.115 Safari/537.36
ourl:/version/index
request_method:GET
cookie:PHPSESSID:53jt6afat03tlsadiooai8hu51;
client_ip:222.128.169.99
error_no
error_msg:success
=====================2017-07-27 10:02:24===========================
service_cost:460.441
time:27/Jul/2017:10:02:24 +0800
entrance_type:Mozilla/5.0 (Windows NT 10.0; Win64; x64) AppleWebKit/537.36 (KHTML, like Gecko) Chrome/59.0.3071.115 Safari/537.36
ourl:/sport/banner
request_method:GET
cookie:PHPSESSID:53jt6afat03tlsadiooai8hu51;
client_ip:222.128.169.99
error_no
error_msg:success
=====================2017-07-27 10:02:26===========================
service_cost:12.28
time:27/Jul/2017:10:02:26 +0800
entrance_type:Mozilla/5.0 (Windows NT 10.0; Win64; x64) AppleWebKit/537.36 (KHTML, like Gecko) Chrome/59.0.3071.115 Safari/537.36
ourl:/sport/homework
request_method:GET
cookie:PHPSESSID:53jt6afat03tlsadiooai8hu51;
client_ip:222.128.169.99
error_no
error_msg:success
=====================2017-07-27 10:02:26===========================
service_cost:10.066
time:27/Jul/2017:10:02:26 +0800
entrance_type:Mozilla/5.0 (Windows NT 10.0; Win64; x64) AppleWebKit/537.36 (KHTML, like Gecko) Chrome/59.0.3071.115 Safari/537.36
ourl:/sport/homework?pn=1
request_method:GET
cookie:PHPSESSID:53jt6afat03tlsadiooai8hu51;
client_ip:222.128.169.99
error_no
error_msg:success
=====================2017-07-27 13:39:50===========================
service_cost:11.22
time:27/Jul/2017:13:39:50 +0800
entrance_type:Mozilla/5.0 (Windows NT 10.0; Win64; x64) AppleWebKit/537.36 (KHTML, like Gecko) Chrome/59.0.3071.115 Safari/537.36
ourl:/sport/homework?pn=1
request_method:GET
cookie:PHPSESSID:53jt6afat03tlsadiooai8hu51;
client_ip:221.221.145.7
error_no
error_msg:success
=====================2017-07-27 14:14:59===========================
service_cost:14.178
time:27/Jul/2017:14:14:59 +0800
entrance_type:Mozilla/5.0 (Windows NT 10.0; Win64; x64) AppleWebKit/537.36 (KHTML, like Gecko) Chrome/59.0.3071.115 Safari/537.36
ourl:/sport/homework?pn=1
request_method:GET
cookie:PHPSESSID:53jt6afat03tlsadiooai8hu51;
client_ip:221.221.145.7
error_no
error_msg:success
=====================2017-07-27 17:19:07===========================
service_cost:10.35
time:27/Jul/2017:17:19:07 +0800
entrance_type:Mozilla/5.0 (Windows NT 10.0; Win64; x64) AppleWebKit/537.36 (KHTML, like Gecko) Chrome/59.0.3071.115 Safari/537.36
ourl:/sport/homework?pn=1
request_method:GET
cookie:PHPSESSID:53jt6afat03tlsadiooai8hu51;
client_ip:221.221.145.7
error_no
error_msg:success
=====================2017-07-27 18:03:42===========================
service_cost:10.954
time:27/Jul/2017:18:03:42 +0800
entrance_type:Mozilla/5.0 (Windows NT 10.0; Win64; x64) AppleWebKit/537.36 (KHTML, like Gecko) Chrome/59.0.3071.115 Safari/537.36
ourl:/sport/homework?pn=1
request_method:GET
cookie:PHPSESSID:53jt6afat03tlsadiooai8hu51;
client_ip:221.221.145.7
error_no
error_msg:success
