=====================2017-06-12 00:43:35===========================
service_cost:0.029999999999974
time:12/Jun/2017:00:43:35 +0800
entrance_type:Mozilla/5.0 (Windows NT 10.0; Win64; x64) AppleWebKit/537.36 (KHTML, like Gecko) Chrome/56.0.2924.87 Safari/537.36
ourl:/project/add
request_method:GET
cookie:PHPSESSID:1g41um9bqc7k45ogte7150vgi1;
client_ip:192.168.1.30
error_no
error_msg:success
=====================2017-06-12 00:44:16===========================
service_cost:29.642
time:12/Jun/2017:00:44:16 +0800
entrance_type:Mozilla/5.0 (Windows NT 10.0; Win64; x64) AppleWebKit/537.36 (KHTML, like Gecko) Chrome/56.0.2924.87 Safari/537.36
ourl:/sport/project
request_method:GET
cookie:PHPSESSID:1g41um9bqc7k45ogte7150vgi1;
client_ip:192.168.1.30
error_no
error_msg:success
=====================2017-06-12 00:44:17===========================
service_cost:25.772
time:12/Jun/2017:00:44:17 +0800
entrance_type:Mozilla/5.0 (Windows NT 10.0; Win64; x64) AppleWebKit/537.36 (KHTML, like Gecko) Chrome/56.0.2924.87 Safari/537.36
ourl:/sport/project?pn=1
request_method:GET
cookie:PHPSESSID:1g41um9bqc7k45ogte7150vgi1;
client_ip:192.168.1.30
error_no
error_msg:success
=====================2017-06-12 00:44:21===========================
service_cost:-827.079
time:12/Jun/2017:00:44:21 +0800
entrance_type:Mozilla/5.0 (Windows NT 10.0; Win64; x64) AppleWebKit/537.36 (KHTML, like Gecko) Chrome/56.0.2924.87 Safari/537.36
ourl:/sport/homework
request_method:GET
cookie:PHPSESSID:1g41um9bqc7k45ogte7150vgi1;
client_ip:192.168.1.30
error_no
error_msg:success
=====================2017-06-12 00:44:21===========================
service_cost:191.284
time:12/Jun/2017:00:44:21 +0800
entrance_type:Mozilla/5.0 (Windows NT 10.0; Win64; x64) AppleWebKit/537.36 (KHTML, like Gecko) Chrome/56.0.2924.87 Safari/537.36
ourl:/sport/homework?pn=1
request_method:GET
cookie:PHPSESSID:1g41um9bqc7k45ogte7150vgi1;
client_ip:192.168.1.30
error_no
error_msg:success
=====================2017-06-12 00:44:24===========================
service_cost:73.687
time:12/Jun/2017:00:44:24 +0800
entrance_type:Mozilla/5.0 (Windows NT 10.0; Win64; x64) AppleWebKit/537.36 (KHTML, like Gecko) Chrome/56.0.2924.87 Safari/537.36
ourl:/sport/project
request_method:GET
cookie:PHPSESSID:1g41um9bqc7k45ogte7150vgi1;
client_ip:192.168.1.30
error_no
error_msg:success
=====================2017-06-12 00:44:24===========================
service_cost:28.346
time:12/Jun/2017:00:44:24 +0800
entrance_type:Mozilla/5.0 (Windows NT 10.0; Win64; x64) AppleWebKit/537.36 (KHTML, like Gecko) Chrome/56.0.2924.87 Safari/537.36
ourl:/sport/project?pn=1
request_method:GET
cookie:PHPSESSID:1g41um9bqc7k45ogte7150vgi1;
client_ip:192.168.1.30
error_no
error_msg:success
=====================2017-06-12 00:44:24===========================
service_cost:37.136
time:12/Jun/2017:00:44:24 +0800
entrance_type:Mozilla/5.0 (Windows NT 10.0; Win64; x64) AppleWebKit/537.36 (KHTML, like Gecko) Chrome/56.0.2924.87 Safari/537.36
ourl:/sport/action
request_method:GET
cookie:PHPSESSID:1g41um9bqc7k45ogte7150vgi1;
client_ip:192.168.1.30
error_no
error_msg:success
=====================2017-06-12 00:44:25===========================
service_cost:28.73
time:12/Jun/2017:00:44:25 +0800
entrance_type:Mozilla/5.0 (Windows NT 10.0; Win64; x64) AppleWebKit/537.36 (KHTML, like Gecko) Chrome/56.0.2924.87 Safari/537.36
ourl:/sport/action?pn=1
request_method:GET
cookie:PHPSESSID:1g41um9bqc7k45ogte7150vgi1;
client_ip:192.168.1.30
error_no
error_msg:success
=====================2017-06-12 00:44:25===========================
service_cost:31.013
time:12/Jun/2017:00:44:25 +0800
entrance_type:Mozilla/5.0 (Windows NT 10.0; Win64; x64) AppleWebKit/537.36 (KHTML, like Gecko) Chrome/56.0.2924.87 Safari/537.36
ourl:/sport/project
request_method:GET
cookie:PHPSESSID:1g41um9bqc7k45ogte7150vgi1;
client_ip:192.168.1.30
error_no
error_msg:success
=====================2017-06-12 00:44:25===========================
service_cost:29.965
time:12/Jun/2017:00:44:25 +0800
entrance_type:Mozilla/5.0 (Windows NT 10.0; Win64; x64) AppleWebKit/537.36 (KHTML, like Gecko) Chrome/56.0.2924.87 Safari/537.36
ourl:/sport/project?pn=1
request_method:GET
cookie:PHPSESSID:1g41um9bqc7k45ogte7150vgi1;
client_ip:192.168.1.30
error_no
error_msg:success
=====================2017-06-12 00:44:27===========================
service_cost:200.937
time:12/Jun/2017:00:44:27 +0800
entrance_type:Mozilla/5.0 (Windows NT 10.0; Win64; x64) AppleWebKit/537.36 (KHTML, like Gecko) Chrome/56.0.2924.87 Safari/537.36
ourl:/sport/homework
request_method:GET
cookie:PHPSESSID:1g41um9bqc7k45ogte7150vgi1;
client_ip:192.168.1.30
error_no
error_msg:success
=====================2017-06-12 00:44:27===========================
service_cost:190.232
time:12/Jun/2017:00:44:27 +0800
entrance_type:Mozilla/5.0 (Windows NT 10.0; Win64; x64) AppleWebKit/537.36 (KHTML, like Gecko) Chrome/56.0.2924.87 Safari/537.36
ourl:/sport/homework?pn=1
request_method:GET
cookie:PHPSESSID:1g41um9bqc7k45ogte7150vgi1;
client_ip:192.168.1.30
error_no
error_msg:success
=====================2017-06-12 00:44:28===========================
service_cost:20.142
time:12/Jun/2017:00:44:28 +0800
entrance_type:Mozilla/5.0 (Windows NT 10.0; Win64; x64) AppleWebKit/537.36 (KHTML, like Gecko) Chrome/56.0.2924.87 Safari/537.36
ourl:/sport/project
request_method:GET
cookie:PHPSESSID:1g41um9bqc7k45ogte7150vgi1;
client_ip:192.168.1.30
error_no
error_msg:success
=====================2017-06-12 00:44:28===========================
service_cost:22.775
time:12/Jun/2017:00:44:28 +0800
entrance_type:Mozilla/5.0 (Windows NT 10.0; Win64; x64) AppleWebKit/537.36 (KHTML, like Gecko) Chrome/56.0.2924.87 Safari/537.36
ourl:/sport/project?pn=1
request_method:GET
cookie:PHPSESSID:1g41um9bqc7k45ogte7150vgi1;
client_ip:192.168.1.30
error_no
error_msg:success
=====================2017-06-12 00:45:14===========================
service_cost:0.028999999999946
time:12/Jun/2017:00:45:14 +0800
entrance_type:Mozilla/5.0 (Windows NT 10.0; Win64; x64) AppleWebKit/537.36 (KHTML, like Gecko) Chrome/56.0.2924.87 Safari/537.36
ourl:/project/add
request_method:GET
cookie:PHPSESSID:1g41um9bqc7k45ogte7150vgi1;
client_ip:192.168.1.30
error_no
error_msg:success
=====================2017-06-12 00:45:46===========================
service_cost:205.692
time:12/Jun/2017:00:45:46 +0800
entrance_type:Mozilla/5.0 (Windows NT 10.0; Win64; x64) AppleWebKit/537.36 (KHTML, like Gecko) Chrome/56.0.2924.87 Safari/537.36
ourl:/sport/homework
request_method:GET
cookie:PHPSESSID:1g41um9bqc7k45ogte7150vgi1;
client_ip:192.168.1.30
error_no
error_msg:success
=====================2017-06-12 00:45:46===========================
service_cost:185.164
time:12/Jun/2017:00:45:46 +0800
entrance_type:Mozilla/5.0 (Windows NT 10.0; Win64; x64) AppleWebKit/537.36 (KHTML, like Gecko) Chrome/56.0.2924.87 Safari/537.36
ourl:/sport/homework?pn=1
request_method:GET
cookie:PHPSESSID:1g41um9bqc7k45ogte7150vgi1;
client_ip:192.168.1.30
error_no
error_msg:success
=====================2017-06-12 00:45:47===========================
service_cost:37.452
time:12/Jun/2017:00:45:47 +0800
entrance_type:Mozilla/5.0 (Windows NT 10.0; Win64; x64) AppleWebKit/537.36 (KHTML, like Gecko) Chrome/56.0.2924.87 Safari/537.36
ourl:/sport/project
request_method:GET
cookie:PHPSESSID:1g41um9bqc7k45ogte7150vgi1;
client_ip:192.168.1.30
error_no
error_msg:success
=====================2017-06-12 00:45:47===========================
service_cost:41.762
time:12/Jun/2017:00:45:47 +0800
entrance_type:Mozilla/5.0 (Windows NT 10.0; Win64; x64) AppleWebKit/537.36 (KHTML, like Gecko) Chrome/56.0.2924.87 Safari/537.36
ourl:/sport/project?pn=1
request_method:GET
cookie:PHPSESSID:1g41um9bqc7k45ogte7150vgi1;
client_ip:192.168.1.30
error_no
error_msg:success
=====================2017-06-12 00:45:49===========================
service_cost:29.454
time:12/Jun/2017:00:45:49 +0800
entrance_type:Mozilla/5.0 (Windows NT 10.0; Win64; x64) AppleWebKit/537.36 (KHTML, like Gecko) Chrome/56.0.2924.87 Safari/537.36
ourl:/sport/project
request_method:GET
cookie:PHPSESSID:1g41um9bqc7k45ogte7150vgi1;
client_ip:192.168.1.30
error_no
error_msg:success
=====================2017-06-12 00:45:50===========================
service_cost:34.93
time:12/Jun/2017:00:45:50 +0800
entrance_type:Mozilla/5.0 (Windows NT 10.0; Win64; x64) AppleWebKit/537.36 (KHTML, like Gecko) Chrome/56.0.2924.87 Safari/537.36
ourl:/sport/project?pn=1
request_method:GET
cookie:PHPSESSID:1g41um9bqc7k45ogte7150vgi1;
client_ip:192.168.1.30
error_no
error_msg:success
=====================2017-06-12 00:45:51===========================
service_cost:0.020999999999938
time:12/Jun/2017:00:45:51 +0800
entrance_type:Mozilla/5.0 (Windows NT 10.0; Win64; x64) AppleWebKit/537.36 (KHTML, like Gecko) Chrome/56.0.2924.87 Safari/537.36
ourl:/project/add
request_method:GET
cookie:PHPSESSID:1g41um9bqc7k45ogte7150vgi1;
client_ip:192.168.1.30
error_no
error_msg:success
=====================2017-06-12 00:45:56===========================
service_cost:61.446
time:12/Jun/2017:00:45:56 +0800
entrance_type:Mozilla/5.0 (Windows NT 10.0; Win64; x64) AppleWebKit/537.36 (KHTML, like Gecko) Chrome/56.0.2924.87 Safari/537.36
ourl:/sport/action
request_method:GET
cookie:PHPSESSID:1g41um9bqc7k45ogte7150vgi1;
client_ip:192.168.1.30
error_no
error_msg:success
=====================2017-06-12 00:45:56===========================
service_cost:24.689
time:12/Jun/2017:00:45:56 +0800
entrance_type:Mozilla/5.0 (Windows NT 10.0; Win64; x64) AppleWebKit/537.36 (KHTML, like Gecko) Chrome/56.0.2924.87 Safari/537.36
ourl:/sport/action?pn=1
request_method:GET
cookie:PHPSESSID:1g41um9bqc7k45ogte7150vgi1;
client_ip:192.168.1.30
error_no
error_msg:success
=====================2017-06-12 00:45:57===========================
service_cost:40.792
time:12/Jun/2017:00:45:57 +0800
entrance_type:Mozilla/5.0 (Windows NT 10.0; Win64; x64) AppleWebKit/537.36 (KHTML, like Gecko) Chrome/56.0.2924.87 Safari/537.36
ourl:/sport/project
request_method:GET
cookie:PHPSESSID:1g41um9bqc7k45ogte7150vgi1;
client_ip:192.168.1.30
error_no
error_msg:success
=====================2017-06-12 00:45:57===========================
service_cost:29.876
time:12/Jun/2017:00:45:57 +0800
entrance_type:Mozilla/5.0 (Windows NT 10.0; Win64; x64) AppleWebKit/537.36 (KHTML, like Gecko) Chrome/56.0.2924.87 Safari/537.36
ourl:/sport/project?pn=1
request_method:GET
cookie:PHPSESSID:1g41um9bqc7k45ogte7150vgi1;
client_ip:192.168.1.30
error_no
error_msg:success
=====================2017-06-12 00:46:13===========================
service_cost:0.02599999999997
time:12/Jun/2017:00:46:13 +0800
entrance_type:Mozilla/5.0 (Windows NT 10.0; Win64; x64) AppleWebKit/537.36 (KHTML, like Gecko) Chrome/56.0.2924.87 Safari/537.36
ourl:/project/add
request_method:GET
cookie:PHPSESSID:1g41um9bqc7k45ogte7150vgi1;
client_ip:192.168.1.30
error_no
error_msg:success
=====================2017-06-12 00:46:24===========================
service_cost:25.128
time:12/Jun/2017:00:46:24 +0800
entrance_type:Mozilla/5.0 (Windows NT 10.0; Win64; x64) AppleWebKit/537.36 (KHTML, like Gecko) Chrome/56.0.2924.87 Safari/537.36
ourl:/sport/project
request_method:GET
cookie:PHPSESSID:1g41um9bqc7k45ogte7150vgi1;
client_ip:192.168.1.30
error_no
error_msg:success
=====================2017-06-12 00:46:24===========================
service_cost:27.172
time:12/Jun/2017:00:46:24 +0800
entrance_type:Mozilla/5.0 (Windows NT 10.0; Win64; x64) AppleWebKit/537.36 (KHTML, like Gecko) Chrome/56.0.2924.87 Safari/537.36
ourl:/sport/project?pn=1
request_method:GET
cookie:PHPSESSID:1g41um9bqc7k45ogte7150vgi1;
client_ip:192.168.1.30
error_no
error_msg:success
=====================2017-06-12 00:46:28===========================
service_cost:0.021999999999994
time:12/Jun/2017:00:46:28 +0800
entrance_type:Mozilla/5.0 (Windows NT 10.0; Win64; x64) AppleWebKit/537.36 (KHTML, like Gecko) Chrome/56.0.2924.87 Safari/537.36
ourl:/project/add
request_method:GET
cookie:PHPSESSID:1g41um9bqc7k45ogte7150vgi1;
client_ip:192.168.1.30
error_no
error_msg:success
=====================2017-06-12 00:46:33===========================
service_cost:235.026
time:12/Jun/2017:00:46:33 +0800
entrance_type:Mozilla/5.0 (Windows NT 10.0; Win64; x64) AppleWebKit/537.36 (KHTML, like Gecko) Chrome/56.0.2924.87 Safari/537.36
ourl:/sport/project
request_method:GET
cookie:PHPSESSID:1g41um9bqc7k45ogte7150vgi1;
client_ip:192.168.1.30
error_no
error_msg:success
=====================2017-06-12 00:46:33===========================
service_cost:41.774
time:12/Jun/2017:00:46:33 +0800
entrance_type:Mozilla/5.0 (Windows NT 10.0; Win64; x64) AppleWebKit/537.36 (KHTML, like Gecko) Chrome/56.0.2924.87 Safari/537.36
ourl:/sport/project?pn=1
request_method:GET
cookie:PHPSESSID:1g41um9bqc7k45ogte7150vgi1;
client_ip:192.168.1.30
error_no
error_msg:success
=====================2017-06-12 00:46:46===========================
service_cost:0.022999999999995
time:12/Jun/2017:00:46:46 +0800
entrance_type:Mozilla/5.0 (Windows NT 10.0; Win64; x64) AppleWebKit/537.36 (KHTML, like Gecko) Chrome/56.0.2924.87 Safari/537.36
ourl:/project/add
request_method:GET
cookie:PHPSESSID:1g41um9bqc7k45ogte7150vgi1;
client_ip:192.168.1.30
error_no
error_msg:success
=====================2017-06-12 00:46:47===========================
service_cost:0.021
time:12/Jun/2017:00:46:47 +0800
entrance_type:Mozilla/5.0 (Windows NT 10.0; Win64; x64) AppleWebKit/537.36 (KHTML, like Gecko) Chrome/56.0.2924.87 Safari/537.36
ourl:/project/add
request_method:GET
cookie:PHPSESSID:1g41um9bqc7k45ogte7150vgi1;
client_ip:192.168.1.30
error_no
error_msg:success
=====================2017-06-12 00:46:50===========================
service_cost:0.024000000000024
time:12/Jun/2017:00:46:50 +0800
entrance_type:Mozilla/5.0 (Windows NT 10.0; Win64; x64) AppleWebKit/537.36 (KHTML, like Gecko) Chrome/56.0.2924.87 Safari/537.36
ourl:/project/add
request_method:GET
cookie:PHPSESSID:1g41um9bqc7k45ogte7150vgi1;
client_ip:192.168.1.30
error_no
error_msg:success
=====================2017-06-12 00:46:51===========================
service_cost:0.022999999999995
time:12/Jun/2017:00:46:51 +0800
entrance_type:Mozilla/5.0 (Windows NT 10.0; Win64; x64) AppleWebKit/537.36 (KHTML, like Gecko) Chrome/56.0.2924.87 Safari/537.36
ourl:/project/add
request_method:GET
cookie:PHPSESSID:1g41um9bqc7k45ogte7150vgi1;
client_ip:192.168.1.30
error_no
error_msg:success
=====================2017-06-12 00:46:51===========================
service_cost:82.745
time:12/Jun/2017:00:46:51 +0800
entrance_type:Mozilla/5.0 (Windows NT 10.0; Win64; x64) AppleWebKit/537.36 (KHTML, like Gecko) Chrome/56.0.2924.87 Safari/537.36
ourl:/sport/action
request_method:GET
cookie:PHPSESSID:1g41um9bqc7k45ogte7150vgi1;
client_ip:192.168.1.30
error_no
error_msg:success
=====================2017-06-12 00:46:51===========================
service_cost:24.232
time:12/Jun/2017:00:46:51 +0800
entrance_type:Mozilla/5.0 (Windows NT 10.0; Win64; x64) AppleWebKit/537.36 (KHTML, like Gecko) Chrome/56.0.2924.87 Safari/537.36
ourl:/sport/action?pn=1
request_method:GET
cookie:PHPSESSID:1g41um9bqc7k45ogte7150vgi1;
client_ip:192.168.1.30
error_no
error_msg:success
=====================2017-06-12 00:46:55===========================
service_cost:41.202
time:12/Jun/2017:00:46:55 +0800
entrance_type:Mozilla/5.0 (Windows NT 10.0; Win64; x64) AppleWebKit/537.36 (KHTML, like Gecko) Chrome/56.0.2924.87 Safari/537.36
ourl:/sport/project
request_method:GET
cookie:PHPSESSID:1g41um9bqc7k45ogte7150vgi1;
client_ip:192.168.1.30
error_no
error_msg:success
=====================2017-06-12 00:46:55===========================
service_cost:177.537
time:12/Jun/2017:00:46:55 +0800
entrance_type:Mozilla/5.0 (Windows NT 10.0; Win64; x64) AppleWebKit/537.36 (KHTML, like Gecko) Chrome/56.0.2924.87 Safari/537.36
ourl:/sport/project?pn=1
request_method:GET
cookie:PHPSESSID:1g41um9bqc7k45ogte7150vgi1;
client_ip:192.168.1.30
error_no
error_msg:success
=====================2017-06-12 00:47:01===========================
service_cost:0.031999999999976
time:12/Jun/2017:00:47:01 +0800
entrance_type:Mozilla/5.0 (Windows NT 10.0; Win64; x64) AppleWebKit/537.36 (KHTML, like Gecko) Chrome/56.0.2924.87 Safari/537.36
ourl:/project/add
request_method:GET
cookie:PHPSESSID:1g41um9bqc7k45ogte7150vgi1;
client_ip:192.168.1.30
error_no
error_msg:success
=====================2017-06-12 00:47:04===========================
service_cost:213.527
time:12/Jun/2017:00:47:04 +0800
entrance_type:Mozilla/5.0 (Windows NT 10.0; Win64; x64) AppleWebKit/537.36 (KHTML, like Gecko) Chrome/56.0.2924.87 Safari/537.36
ourl:/sport/homework
request_method:GET
cookie:PHPSESSID:1g41um9bqc7k45ogte7150vgi1;
client_ip:192.168.1.30
error_no
error_msg:success
=====================2017-06-12 00:47:04===========================
service_cost:273.644
time:12/Jun/2017:00:47:04 +0800
entrance_type:Mozilla/5.0 (Windows NT 10.0; Win64; x64) AppleWebKit/537.36 (KHTML, like Gecko) Chrome/56.0.2924.87 Safari/537.36
ourl:/sport/homework?pn=1
request_method:GET
cookie:PHPSESSID:1g41um9bqc7k45ogte7150vgi1;
client_ip:192.168.1.30
error_no
error_msg:success
=====================2017-06-12 00:47:07===========================
service_cost:23.978
time:12/Jun/2017:00:47:07 +0800
entrance_type:Mozilla/5.0 (Windows NT 10.0; Win64; x64) AppleWebKit/537.36 (KHTML, like Gecko) Chrome/56.0.2924.87 Safari/537.36
ourl:/sport/project
request_method:GET
cookie:PHPSESSID:1g41um9bqc7k45ogte7150vgi1;
client_ip:192.168.1.30
error_no
error_msg:success
=====================2017-06-12 00:47:07===========================
service_cost:33.371
time:12/Jun/2017:00:47:07 +0800
entrance_type:Mozilla/5.0 (Windows NT 10.0; Win64; x64) AppleWebKit/537.36 (KHTML, like Gecko) Chrome/56.0.2924.87 Safari/537.36
ourl:/sport/project?pn=1
request_method:GET
cookie:PHPSESSID:1g41um9bqc7k45ogte7150vgi1;
client_ip:192.168.1.30
error_no
error_msg:success
=====================2017-06-12 00:47:10===========================
service_cost:0.024999999999942
time:12/Jun/2017:00:47:10 +0800
entrance_type:Mozilla/5.0 (Windows NT 10.0; Win64; x64) AppleWebKit/537.36 (KHTML, like Gecko) Chrome/56.0.2924.87 Safari/537.36
ourl:/project/add
request_method:GET
cookie:PHPSESSID:1g41um9bqc7k45ogte7150vgi1;
client_ip:192.168.1.30
error_no
error_msg:success
=====================2017-06-12 00:47:14===========================
service_cost:259.779
time:12/Jun/2017:00:47:14 +0800
entrance_type:Mozilla/5.0 (Windows NT 10.0; Win64; x64) AppleWebKit/537.36 (KHTML, like Gecko) Chrome/56.0.2924.87 Safari/537.36
ourl:/sport/homework
request_method:GET
cookie:PHPSESSID:1g41um9bqc7k45ogte7150vgi1;
client_ip:192.168.1.30
error_no
error_msg:success
=====================2017-06-12 00:47:14===========================
service_cost:186.075
time:12/Jun/2017:00:47:14 +0800
entrance_type:Mozilla/5.0 (Windows NT 10.0; Win64; x64) AppleWebKit/537.36 (KHTML, like Gecko) Chrome/56.0.2924.87 Safari/537.36
ourl:/sport/homework?pn=1
request_method:GET
cookie:PHPSESSID:1g41um9bqc7k45ogte7150vgi1;
client_ip:192.168.1.30
error_no
error_msg:success
=====================2017-06-12 00:47:19===========================
service_cost:34.057
time:12/Jun/2017:00:47:19 +0800
entrance_type:Mozilla/5.0 (Windows NT 10.0; Win64; x64) AppleWebKit/537.36 (KHTML, like Gecko) Chrome/56.0.2924.87 Safari/537.36
ourl:/sport/project
request_method:GET
cookie:PHPSESSID:1g41um9bqc7k45ogte7150vgi1;
client_ip:192.168.1.30
error_no
error_msg:success
=====================2017-06-12 00:47:19===========================
service_cost:73.093
time:12/Jun/2017:00:47:19 +0800
entrance_type:Mozilla/5.0 (Windows NT 10.0; Win64; x64) AppleWebKit/537.36 (KHTML, like Gecko) Chrome/56.0.2924.87 Safari/537.36
ourl:/sport/project?pn=1
request_method:GET
cookie:PHPSESSID:1g41um9bqc7k45ogte7150vgi1;
client_ip:192.168.1.30
error_no
error_msg:success
=====================2017-06-12 00:47:46===========================
service_cost:211.46
time:12/Jun/2017:00:47:46 +0800
entrance_type:Mozilla/5.0 (Windows NT 10.0; Win64; x64) AppleWebKit/537.36 (KHTML, like Gecko) Chrome/56.0.2924.87 Safari/537.36
ourl:/sport/homework
request_method:GET
cookie:PHPSESSID:1g41um9bqc7k45ogte7150vgi1;
client_ip:192.168.1.30
error_no
error_msg:success
=====================2017-06-12 00:47:47===========================
service_cost:-761.605
time:12/Jun/2017:00:47:47 +0800
entrance_type:Mozilla/5.0 (Windows NT 10.0; Win64; x64) AppleWebKit/537.36 (KHTML, like Gecko) Chrome/56.0.2924.87 Safari/537.36
ourl:/sport/homework?pn=1
request_method:GET
cookie:PHPSESSID:1g41um9bqc7k45ogte7150vgi1;
client_ip:192.168.1.30
error_no
error_msg:success
=====================2017-06-12 00:47:59===========================
service_cost:89.121
time:12/Jun/2017:00:47:59 +0800
entrance_type:Mozilla/5.0 (Windows NT 10.0; Win64; x64) AppleWebKit/537.36 (KHTML, like Gecko) Chrome/56.0.2924.87 Safari/537.36
ourl:/sport/project
request_method:GET
cookie:PHPSESSID:1g41um9bqc7k45ogte7150vgi1;
client_ip:192.168.1.30
error_no
error_msg:success
=====================2017-06-12 00:47:59===========================
service_cost:31.465
time:12/Jun/2017:00:47:59 +0800
entrance_type:Mozilla/5.0 (Windows NT 10.0; Win64; x64) AppleWebKit/537.36 (KHTML, like Gecko) Chrome/56.0.2924.87 Safari/537.36
ourl:/sport/project?pn=1
request_method:GET
cookie:PHPSESSID:1g41um9bqc7k45ogte7150vgi1;
client_ip:192.168.1.30
error_no
error_msg:success
=====================2017-06-12 00:48:05===========================
service_cost:0.020999999999993
time:12/Jun/2017:00:48:05 +0800
entrance_type:Mozilla/5.0 (Windows NT 10.0; Win64; x64) AppleWebKit/537.36 (KHTML, like Gecko) Chrome/56.0.2924.87 Safari/537.36
ourl:/project/add
request_method:GET
cookie:PHPSESSID:1g41um9bqc7k45ogte7150vgi1;
client_ip:192.168.1.30
error_no
error_msg:success
=====================2017-06-12 00:48:08===========================
service_cost:33.47
time:12/Jun/2017:00:48:08 +0800
entrance_type:Mozilla/5.0 (Windows NT 10.0; Win64; x64) AppleWebKit/537.36 (KHTML, like Gecko) Chrome/56.0.2924.87 Safari/537.36
ourl:/sport/project
request_method:GET
cookie:PHPSESSID:1g41um9bqc7k45ogte7150vgi1;
client_ip:192.168.1.30
error_no
error_msg:success
=====================2017-06-12 00:48:09===========================
service_cost:25.515
time:12/Jun/2017:00:48:09 +0800
entrance_type:Mozilla/5.0 (Windows NT 10.0; Win64; x64) AppleWebKit/537.36 (KHTML, like Gecko) Chrome/56.0.2924.87 Safari/537.36
ourl:/sport/project?pn=1
request_method:GET
cookie:PHPSESSID:1g41um9bqc7k45ogte7150vgi1;
client_ip:192.168.1.30
error_no
error_msg:success
=====================2017-06-12 00:48:10===========================
service_cost:31.05
time:12/Jun/2017:00:48:10 +0800
entrance_type:Mozilla/5.0 (Windows NT 10.0; Win64; x64) AppleWebKit/537.36 (KHTML, like Gecko) Chrome/56.0.2924.87 Safari/537.36
ourl:/project/sku/598c2766e1382305641836b3.html
request_method:GET
cookie:PHPSESSID:1g41um9bqc7k45ogte7150vgi1;
client_ip:192.168.1.30
error_no
error_msg:success
=====================2017-06-12 00:48:34===========================
service_cost:-332.272
time:12/Jun/2017:00:48:34 +0800
entrance_type:Mozilla/5.0 (Windows NT 10.0; Win64; x64) AppleWebKit/537.36 (KHTML, like Gecko) Chrome/56.0.2924.87 Safari/537.36
ourl:/action/search
request_method:POST
cookie:PHPSESSID:1g41um9bqc7k45ogte7150vgi1;
client_ip:192.168.1.30
error_no
error_msg:success
=====================2017-06-12 00:48:47===========================
service_cost:302.424
time:12/Jun/2017:00:48:47 +0800
entrance_type:Mozilla/5.0 (Windows NT 10.0; Win64; x64) AppleWebKit/537.36 (KHTML, like Gecko) Chrome/56.0.2924.87 Safari/537.36
ourl:/action/search
request_method:POST
cookie:PHPSESSID:1g41um9bqc7k45ogte7150vgi1;
client_ip:192.168.1.30
error_no
error_msg:success
=====================2017-06-12 00:49:10===========================
service_cost:-627.089
time:12/Jun/2017:00:49:10 +0800
entrance_type:Mozilla/5.0 (Windows NT 10.0; Win64; x64) AppleWebKit/537.36 (KHTML, like Gecko) Chrome/56.0.2924.87 Safari/537.36
ourl:/action/search
request_method:POST
cookie:PHPSESSID:1g41um9bqc7k45ogte7150vgi1;
client_ip:192.168.1.30
error_no
error_msg:success
=====================2017-06-12 00:49:28===========================
service_cost:61.083
time:12/Jun/2017:00:49:28 +0800
entrance_type:Mozilla/5.0 (Windows NT 10.0; Win64; x64) AppleWebKit/537.36 (KHTML, like Gecko) Chrome/56.0.2924.87 Safari/537.36
ourl:/sport/homework
request_method:GET
cookie:PHPSESSID:1g41um9bqc7k45ogte7150vgi1;
client_ip:192.168.1.30
error_no
error_msg:success
=====================2017-06-12 00:49:35===========================
service_cost:524.877
time:12/Jun/2017:00:49:35 +0800
entrance_type:Mozilla/5.0 (Windows NT 10.0; Win64; x64) AppleWebKit/537.36 (KHTML, like Gecko) Chrome/56.0.2924.87 Safari/537.36
ourl:/sport/homework?pn=1
request_method:GET
cookie:PHPSESSID:1g41um9bqc7k45ogte7150vgi1;
client_ip:192.168.1.30
error_no
error_msg:success
=====================2017-06-12 00:50:21===========================
service_cost:33.745
time:12/Jun/2017:00:50:21 +0800
entrance_type:Mozilla/5.0 (Windows NT 10.0; Win64; x64) AppleWebKit/537.36 (KHTML, like Gecko) Chrome/56.0.2924.87 Safari/537.36
ourl:/sport/project
request_method:GET
cookie:PHPSESSID:1g41um9bqc7k45ogte7150vgi1;
client_ip:192.168.1.30
error_no
error_msg:success
=====================2017-06-12 00:50:21===========================
service_cost:31.764
time:12/Jun/2017:00:50:21 +0800
entrance_type:Mozilla/5.0 (Windows NT 10.0; Win64; x64) AppleWebKit/537.36 (KHTML, like Gecko) Chrome/56.0.2924.87 Safari/537.36
ourl:/sport/project?pn=1
request_method:GET
cookie:PHPSESSID:1g41um9bqc7k45ogte7150vgi1;
client_ip:192.168.1.30
error_no
error_msg:success
=====================2017-06-12 00:50:22===========================
service_cost:35.85
time:12/Jun/2017:00:50:22 +0800
entrance_type:Mozilla/5.0 (Windows NT 10.0; Win64; x64) AppleWebKit/537.36 (KHTML, like Gecko) Chrome/56.0.2924.87 Safari/537.36
ourl:/sport/action
request_method:GET
cookie:PHPSESSID:1g41um9bqc7k45ogte7150vgi1;
client_ip:192.168.1.30
error_no
error_msg:success
=====================2017-06-12 00:50:23===========================
service_cost:39.442
time:12/Jun/2017:00:50:23 +0800
entrance_type:Mozilla/5.0 (Windows NT 10.0; Win64; x64) AppleWebKit/537.36 (KHTML, like Gecko) Chrome/56.0.2924.87 Safari/537.36
ourl:/sport/action?pn=1
request_method:GET
cookie:PHPSESSID:1g41um9bqc7k45ogte7150vgi1;
client_ip:192.168.1.30
error_no
error_msg:success
=====================2017-06-12 00:50:23===========================
service_cost:189.733
time:12/Jun/2017:00:50:23 +0800
entrance_type:Mozilla/5.0 (Windows NT 10.0; Win64; x64) AppleWebKit/537.36 (KHTML, like Gecko) Chrome/56.0.2924.87 Safari/537.36
ourl:/sport/homework
request_method:GET
cookie:PHPSESSID:1g41um9bqc7k45ogte7150vgi1;
client_ip:192.168.1.30
error_no
error_msg:success
=====================2017-06-12 00:50:24===========================
service_cost:224.953
time:12/Jun/2017:00:50:24 +0800
entrance_type:Mozilla/5.0 (Windows NT 10.0; Win64; x64) AppleWebKit/537.36 (KHTML, like Gecko) Chrome/56.0.2924.87 Safari/537.36
ourl:/sport/homework?pn=1
request_method:GET
cookie:PHPSESSID:1g41um9bqc7k45ogte7150vgi1;
client_ip:192.168.1.30
error_no
error_msg:success
=====================2017-06-12 00:50:25===========================
service_cost:59.629
time:12/Jun/2017:00:50:25 +0800
entrance_type:Mozilla/5.0 (Windows NT 10.0; Win64; x64) AppleWebKit/537.36 (KHTML, like Gecko) Chrome/56.0.2924.87 Safari/537.36
ourl:/sport/action
request_method:GET
cookie:PHPSESSID:1g41um9bqc7k45ogte7150vgi1;
client_ip:192.168.1.30
error_no
error_msg:success
=====================2017-06-12 00:50:25===========================
service_cost:28.615
time:12/Jun/2017:00:50:25 +0800
entrance_type:Mozilla/5.0 (Windows NT 10.0; Win64; x64) AppleWebKit/537.36 (KHTML, like Gecko) Chrome/56.0.2924.87 Safari/537.36
ourl:/sport/action?pn=1
request_method:GET
cookie:PHPSESSID:1g41um9bqc7k45ogte7150vgi1;
client_ip:192.168.1.30
error_no
error_msg:success
=====================2017-06-12 01:28:51===========================
service_cost:60.543
time:12/Jun/2017:01:28:51 +0800
entrance_type:Mozilla/5.0 (Windows NT 10.0; Win64; x64) AppleWebKit/537.36 (KHTML, like Gecko) Chrome/56.0.2924.87 Safari/537.36
ourl:/user/dologin
request_method:POST
cookie:PHPSESSID:1g41um9bqc7k45ogte7150vgi1;
client_ip:192.168.1.30
error_no
error_msg:success
=====================2017-06-12 01:28:51===========================
service_cost:0.016000000000016
time:12/Jun/2017:01:28:51 +0800
entrance_type:Mozilla/5.0 (Windows NT 10.0; Win64; x64) AppleWebKit/537.36 (KHTML, like Gecko) Chrome/56.0.2924.87 Safari/537.36
ourl:/
request_method:GET
cookie:PHPSESSID:1g41um9bqc7k45ogte7150vgi1;
client_ip:192.168.1.30
error_no
error_msg:success
=====================2017-06-12 01:30:20===========================
service_cost:25.983
time:12/Jun/2017:01:30:20 +0800
entrance_type:Mozilla/5.0 (Windows NT 10.0; Win64; x64) AppleWebKit/537.36 (KHTML, like Gecko) Chrome/56.0.2924.87 Safari/537.36
ourl:/sport/project
request_method:GET
cookie:PHPSESSID:1g41um9bqc7k45ogte7150vgi1;
client_ip:192.168.1.30
error_no
error_msg:success
=====================2017-06-12 01:30:20===========================
service_cost:31.817
time:12/Jun/2017:01:30:20 +0800
entrance_type:Mozilla/5.0 (Windows NT 10.0; Win64; x64) AppleWebKit/537.36 (KHTML, like Gecko) Chrome/56.0.2924.87 Safari/537.36
ourl:/sport/project?pn=1
request_method:GET
cookie:PHPSESSID:1g41um9bqc7k45ogte7150vgi1;
client_ip:192.168.1.30
error_no
error_msg:success
=====================2017-06-12 01:30:22===========================
service_cost:250.055
time:12/Jun/2017:01:30:22 +0800
entrance_type:Mozilla/5.0 (Windows NT 10.0; Win64; x64) AppleWebKit/537.36 (KHTML, like Gecko) Chrome/56.0.2924.87 Safari/537.36
ourl:/sport/homework
request_method:GET
cookie:PHPSESSID:1g41um9bqc7k45ogte7150vgi1;
client_ip:192.168.1.30
error_no
error_msg:success
=====================2017-06-12 01:30:23===========================
service_cost:-798.276
time:12/Jun/2017:01:30:23 +0800
entrance_type:Mozilla/5.0 (Windows NT 10.0; Win64; x64) AppleWebKit/537.36 (KHTML, like Gecko) Chrome/56.0.2924.87 Safari/537.36
ourl:/sport/homework?pn=1
request_method:GET
cookie:PHPSESSID:1g41um9bqc7k45ogte7150vgi1;
client_ip:192.168.1.30
error_no
error_msg:success
=====================2017-06-12 01:30:24===========================
service_cost:42.535
time:12/Jun/2017:01:30:24 +0800
entrance_type:Mozilla/5.0 (Windows NT 10.0; Win64; x64) AppleWebKit/537.36 (KHTML, like Gecko) Chrome/56.0.2924.87 Safari/537.36
ourl:/sport/action
request_method:GET
cookie:PHPSESSID:1g41um9bqc7k45ogte7150vgi1;
client_ip:192.168.1.30
error_no
error_msg:success
=====================2017-06-12 01:30:24===========================
service_cost:35.627
time:12/Jun/2017:01:30:24 +0800
entrance_type:Mozilla/5.0 (Windows NT 10.0; Win64; x64) AppleWebKit/537.36 (KHTML, like Gecko) Chrome/56.0.2924.87 Safari/537.36
ourl:/sport/action?pn=1
request_method:GET
cookie:PHPSESSID:1g41um9bqc7k45ogte7150vgi1;
client_ip:192.168.1.30
error_no
error_msg:success
=====================2017-06-12 04:09:31===========================
service_cost:12.803
time:12/Jun/2017:04:09:31 +0800
entrance_type:Mozilla/5.0 (Windows NT 10.0; Win64; x64; rv:54.0) Gecko/20100101 Firefox/54.0
ourl:/user/dologin
request_method:POST
cookie:PHPSESSID:n2tean489gaitelag725f6mja2;
client_ip:192.168.1.30
error_no
error_msg:success
=====================2017-06-12 04:09:31===========================
service_cost:0.021000000000049
time:12/Jun/2017:04:09:31 +0800
entrance_type:Mozilla/5.0 (Windows NT 10.0; Win64; x64; rv:54.0) Gecko/20100101 Firefox/54.0
ourl:/
request_method:GET
cookie:PHPSESSID:n2tean489gaitelag725f6mja2;
client_ip:192.168.1.30
error_no
error_msg:success
=====================2017-06-12 04:09:36===========================
service_cost:23.707
time:12/Jun/2017:04:09:36 +0800
entrance_type:Mozilla/5.0 (Windows NT 10.0; Win64; x64; rv:54.0) Gecko/20100101 Firefox/54.0
ourl:/user/class
request_method:GET
cookie:PHPSESSID:n2tean489gaitelag725f6mja2;
client_ip:192.168.1.30
error_no
error_msg:success
=====================2017-06-12 04:09:37===========================
service_cost:27.707
time:12/Jun/2017:04:09:37 +0800
entrance_type:Mozilla/5.0 (Windows NT 10.0; Win64; x64; rv:54.0) Gecko/20100101 Firefox/54.0
ourl:/user/student
request_method:GET
cookie:PHPSESSID:n2tean489gaitelag725f6mja2;
client_ip:192.168.1.30
error_no
error_msg:success
=====================2017-06-12 04:09:37===========================
service_cost:81.521
time:12/Jun/2017:04:09:37 +0800
entrance_type:Mozilla/5.0 (Windows NT 10.0; Win64; x64; rv:54.0) Gecko/20100101 Firefox/54.0
ourl:/user/student?imageView2/2/w/100/h/60/q/100
request_method:GET
cookie:PHPSESSID:n2tean489gaitelag725f6mja2;
client_ip:192.168.1.30
error_no
error_msg:success
=====================2017-06-12 04:09:38===========================
service_cost:19.626
time:12/Jun/2017:04:09:38 +0800
entrance_type:Mozilla/5.0 (Windows NT 10.0; Win64; x64; rv:54.0) Gecko/20100101 Firefox/54.0
ourl:/user/school
request_method:GET
cookie:PHPSESSID:n2tean489gaitelag725f6mja2;
client_ip:192.168.1.30
error_no
error_msg:success
=====================2017-06-12 04:09:39===========================
service_cost:207.716
time:12/Jun/2017:04:09:39 +0800
entrance_type:Mozilla/5.0 (Windows NT 10.0; Win64; x64; rv:54.0) Gecko/20100101 Firefox/54.0
ourl:/sport/homework
request_method:GET
cookie:PHPSESSID:n2tean489gaitelag725f6mja2;
client_ip:192.168.1.30
error_no
error_msg:success
=====================2017-06-12 04:09:40===========================
service_cost:225.41
time:12/Jun/2017:04:09:40 +0800
entrance_type:Mozilla/5.0 (Windows NT 10.0; Win64; x64; rv:54.0) Gecko/20100101 Firefox/54.0
ourl:/sport/homework?pn=1
request_method:GET
cookie:PHPSESSID:n2tean489gaitelag725f6mja2;
client_ip:192.168.1.30
error_no
error_msg:success
=====================2017-06-12 04:09:42===========================
service_cost:24.344
time:12/Jun/2017:04:09:42 +0800
entrance_type:Mozilla/5.0 (Windows NT 10.0; Win64; x64; rv:54.0) Gecko/20100101 Firefox/54.0
ourl:/sport/project
request_method:GET
cookie:PHPSESSID:n2tean489gaitelag725f6mja2;
client_ip:192.168.1.30
error_no
error_msg:success
=====================2017-06-12 04:09:43===========================
service_cost:-923.894
time:12/Jun/2017:04:09:43 +0800
entrance_type:Mozilla/5.0 (Windows NT 10.0; Win64; x64; rv:54.0) Gecko/20100101 Firefox/54.0
ourl:/sport/project?pn=1
request_method:GET
cookie:PHPSESSID:n2tean489gaitelag725f6mja2;
client_ip:192.168.1.30
error_no
error_msg:success
=====================2017-06-12 04:09:45===========================
service_cost:-239.932
time:12/Jun/2017:04:09:45 +0800
entrance_type:Mozilla/5.0 (Windows NT 10.0; Win64; x64; rv:54.0) Gecko/20100101 Firefox/54.0
ourl:/sport/action
request_method:GET
cookie:PHPSESSID:n2tean489gaitelag725f6mja2;
client_ip:192.168.1.30
error_no
error_msg:success
=====================2017-06-12 04:09:46===========================
service_cost:-546.266
time:12/Jun/2017:04:09:46 +0800
entrance_type:Mozilla/5.0 (Windows NT 10.0; Win64; x64; rv:54.0) Gecko/20100101 Firefox/54.0
ourl:/sport/action?pn=1
request_method:GET
cookie:PHPSESSID:n2tean489gaitelag725f6mja2;
client_ip:192.168.1.30
error_no
error_msg:success
=====================2017-06-12 04:09:47===========================
service_cost:236.234
time:12/Jun/2017:04:09:47 +0800
entrance_type:Mozilla/5.0 (Windows NT 10.0; Win64; x64; rv:54.0) Gecko/20100101 Firefox/54.0
ourl:/sport/homework
request_method:GET
cookie:PHPSESSID:n2tean489gaitelag725f6mja2;
client_ip:192.168.1.30
error_no
error_msg:success
=====================2017-06-12 04:09:48===========================
service_cost:175.802
time:12/Jun/2017:04:09:48 +0800
entrance_type:Mozilla/5.0 (Windows NT 10.0; Win64; x64; rv:54.0) Gecko/20100101 Firefox/54.0
ourl:/sport/homework?pn=1
request_method:GET
cookie:PHPSESSID:n2tean489gaitelag725f6mja2;
client_ip:192.168.1.30
error_no
error_msg:success
=====================2017-06-12 04:09:49===========================
service_cost:27.2
time:12/Jun/2017:04:09:49 +0800
entrance_type:Mozilla/5.0 (Windows NT 10.0; Win64; x64; rv:54.0) Gecko/20100101 Firefox/54.0
ourl:/sport/project
request_method:GET
cookie:PHPSESSID:n2tean489gaitelag725f6mja2;
client_ip:192.168.1.30
error_no
error_msg:success
=====================2017-06-12 04:09:50===========================
service_cost:25.224
time:12/Jun/2017:04:09:50 +0800
entrance_type:Mozilla/5.0 (Windows NT 10.0; Win64; x64; rv:54.0) Gecko/20100101 Firefox/54.0
ourl:/sport/project?pn=1
request_method:GET
cookie:PHPSESSID:n2tean489gaitelag725f6mja2;
client_ip:192.168.1.30
error_no
error_msg:success
=====================2017-06-12 04:09:54===========================
service_cost:180.168
time:12/Jun/2017:04:09:54 +0800
entrance_type:Mozilla/5.0 (Windows NT 10.0; Win64; x64; rv:54.0) Gecko/20100101 Firefox/54.0
ourl:/sport/action
request_method:GET
cookie:PHPSESSID:n2tean489gaitelag725f6mja2;
client_ip:192.168.1.30
error_no
error_msg:success
=====================2017-06-12 04:09:55===========================
service_cost:132.12
time:12/Jun/2017:04:09:55 +0800
entrance_type:Mozilla/5.0 (Windows NT 10.0; Win64; x64; rv:54.0) Gecko/20100101 Firefox/54.0
ourl:/sport/action?pn=1
request_method:GET
cookie:PHPSESSID:n2tean489gaitelag725f6mja2;
client_ip:192.168.1.30
error_no
error_msg:success
=====================2017-06-12 04:09:56===========================
service_cost:192.381
time:12/Jun/2017:04:09:56 +0800
entrance_type:Mozilla/5.0 (Windows NT 10.0; Win64; x64; rv:54.0) Gecko/20100101 Firefox/54.0
ourl:/sport/project
request_method:GET
cookie:PHPSESSID:n2tean489gaitelag725f6mja2;
client_ip:192.168.1.30
error_no
error_msg:success
=====================2017-06-12 04:09:57===========================
service_cost:-772.164
time:12/Jun/2017:04:09:57 +0800
entrance_type:Mozilla/5.0 (Windows NT 10.0; Win64; x64; rv:54.0) Gecko/20100101 Firefox/54.0
ourl:/sport/project?pn=1
request_method:GET
cookie:PHPSESSID:n2tean489gaitelag725f6mja2;
client_ip:192.168.1.30
error_no
error_msg:success
=====================2017-06-12 04:09:58===========================
service_cost:838.113
time:12/Jun/2017:04:09:58 +0800
entrance_type:Mozilla/5.0 (Windows NT 10.0; Win64; x64; rv:54.0) Gecko/20100101 Firefox/54.0
ourl:/sport/homework
request_method:GET
cookie:PHPSESSID:n2tean489gaitelag725f6mja2;
client_ip:192.168.1.30
error_no
error_msg:success
=====================2017-06-12 04:09:59===========================
service_cost:194.195
time:12/Jun/2017:04:09:59 +0800
entrance_type:Mozilla/5.0 (Windows NT 10.0; Win64; x64; rv:54.0) Gecko/20100101 Firefox/54.0
ourl:/sport/homework?pn=1
request_method:GET
cookie:PHPSESSID:n2tean489gaitelag725f6mja2;
client_ip:192.168.1.30
error_no
error_msg:success
