=====================2017-08-09 13:34:11===========================
service_cost:1.406
time:09/Aug/2017:13:34:11 +0800
entrance_type:Mozilla/5.0 (Macintosh; Intel Mac OS X 10_12_6) AppleWebKit/537.36 (KHTML, like Gecko) Chrome/50.0.2661.75 Safari/537.36 QQBrowser/4.1.4132.400
ourl:/user/dologin
request_method:POST
cookie:PHPSESSID:gvqp5865algv33cah6n3pkh6q3;
client_ip:114.249.225.21
error_no
error_msg:success
=====================2017-08-09 13:34:11===========================
service_cost:0.012999999999985
time:09/Aug/2017:13:34:11 +0800
entrance_type:Mozilla/5.0 (Macintosh; Intel Mac OS X 10_12_6) AppleWebKit/537.36 (KHTML, like Gecko) Chrome/50.0.2661.75 Safari/537.36 QQBrowser/4.1.4132.400
ourl:/
request_method:GET
cookie:PHPSESSID:gvqp5865algv33cah6n3pkh6q3;
client_ip:114.249.225.21
error_no
error_msg:success
=====================2017-08-09 13:34:13===========================
service_cost:1.283
time:09/Aug/2017:13:34:13 +0800
entrance_type:Mozilla/5.0 (Macintosh; Intel Mac OS X 10_12_6) AppleWebKit/537.36 (KHTML, like Gecko) Chrome/50.0.2661.75 Safari/537.36 QQBrowser/4.1.4132.400
ourl:/user/dologin
request_method:POST
cookie:PHPSESSID:gvqp5865algv33cah6n3pkh6q3;
client_ip:114.249.225.21
error_no
error_msg:success
=====================2017-08-09 13:34:13===========================
service_cost:0.01000000000001
time:09/Aug/2017:13:34:13 +0800
entrance_type:Mozilla/5.0 (Macintosh; Intel Mac OS X 10_12_6) AppleWebKit/537.36 (KHTML, like Gecko) Chrome/50.0.2661.75 Safari/537.36 QQBrowser/4.1.4132.400
ourl:/
request_method:GET
cookie:PHPSESSID:gvqp5865algv33cah6n3pkh6q3;
client_ip:114.249.225.21
error_no
error_msg:success
=====================2017-08-09 13:34:16===========================
service_cost:1.836
time:09/Aug/2017:13:34:16 +0800
entrance_type:Mozilla/5.0 (Macintosh; Intel Mac OS X 10_12_6) AppleWebKit/537.36 (KHTML, like Gecko) Chrome/50.0.2661.75 Safari/537.36 QQBrowser/4.1.4132.400
ourl:/sport/project
request_method:GET
cookie:PHPSESSID:gvqp5865algv33cah6n3pkh6q3;
client_ip:114.249.225.21
error_no
error_msg:success
=====================2017-08-09 13:34:20===========================
service_cost:3.327
time:09/Aug/2017:13:34:20 +0800
entrance_type:Mozilla/5.0 (Macintosh; Intel Mac OS X 10_12_6) AppleWebKit/537.36 (KHTML, like Gecko) Chrome/50.0.2661.75 Safari/537.36 QQBrowser/4.1.4132.400
ourl:/sport/p/590c197be1382304ad3fdc3e.html
request_method:GET
cookie:PHPSESSID:gvqp5865algv33cah6n3pkh6q3;
client_ip:114.249.225.21
error_no
error_msg:success
=====================2017-08-09 13:34:27===========================
service_cost:16.984
time:09/Aug/2017:13:34:27 +0800
entrance_type:Mozilla/5.0 (Macintosh; Intel Mac OS X 10_12_6) AppleWebKit/537.36 (KHTML, like Gecko) Chrome/50.0.2661.75 Safari/537.36 QQBrowser/4.1.4132.400
ourl:/sport/homework
request_method:GET
cookie:PHPSESSID:gvqp5865algv33cah6n3pkh6q3;
client_ip:114.249.225.21
error_no
error_msg:success
=====================2017-08-09 13:34:27===========================
service_cost:12.732
time:09/Aug/2017:13:34:27 +0800
entrance_type:Mozilla/5.0 (Macintosh; Intel Mac OS X 10_12_6) AppleWebKit/537.36 (KHTML, like Gecko) Chrome/50.0.2661.75 Safari/537.36 QQBrowser/4.1.4132.400
ourl:/sport/homework?pn=1
request_method:GET
cookie:PHPSESSID:gvqp5865algv33cah6n3pkh6q3;
client_ip:114.249.225.21
error_no
error_msg:success
=====================2017-08-09 13:34:30===========================
service_cost:2.239
time:09/Aug/2017:13:34:30 +0800
entrance_type:Mozilla/5.0 (Macintosh; Intel Mac OS X 10_12_6) AppleWebKit/537.36 (KHTML, like Gecko) Chrome/50.0.2661.75 Safari/537.36 QQBrowser/4.1.4132.400
ourl:/user/student
request_method:GET
cookie:PHPSESSID:gvqp5865algv33cah6n3pkh6q3;
client_ip:114.249.225.21
error_no
error_msg:success
=====================2017-08-09 13:34:30===========================
service_cost:1.902
time:09/Aug/2017:13:34:30 +0800
entrance_type:Mozilla/5.0 (Macintosh; Intel Mac OS X 10_12_6) AppleWebKit/537.36 (KHTML, like Gecko) Chrome/50.0.2661.75 Safari/537.36 QQBrowser/4.1.4132.400
ourl:/user/student?imageView2/2/w/100/h/60/q/100
request_method:GET
cookie:PHPSESSID:gvqp5865algv33cah6n3pkh6q3;
client_ip:114.249.225.21
error_no
error_msg:success
=====================2017-08-09 14:15:05===========================
service_cost:1.1639999999999
time:09/Aug/2017:14:15:05 +0800
entrance_type:Mozilla/5.0 (Windows NT 6.1; WOW64) AppleWebKit/537.36 (KHTML, like Gecko) Chrome/59.0.3071.115 Safari/537.36
ourl:/user/dologin
request_method:POST
cookie:PHPSESSID:l6i2kh5r72rclfan97crtcj7v1;
client_ip:114.249.225.21
error_no
error_msg:success
=====================2017-08-09 14:15:05===========================
service_cost:0.012000000000012
time:09/Aug/2017:14:15:05 +0800
entrance_type:Mozilla/5.0 (Windows NT 6.1; WOW64) AppleWebKit/537.36 (KHTML, like Gecko) Chrome/59.0.3071.115 Safari/537.36
ourl:/
request_method:GET
cookie:PHPSESSID:l6i2kh5r72rclfan97crtcj7v1;
client_ip:114.249.225.21
error_no
error_msg:success
=====================2017-08-09 14:15:16===========================
service_cost:2.709
time:09/Aug/2017:14:15:16 +0800
entrance_type:Mozilla/5.0 (Windows NT 6.1; WOW64) AppleWebKit/537.36 (KHTML, like Gecko) Chrome/59.0.3071.115 Safari/537.36
ourl:/user/student
request_method:GET
cookie:PHPSESSID:l6i2kh5r72rclfan97crtcj7v1;
client_ip:114.249.225.21
error_no
error_msg:success
=====================2017-08-09 14:15:16===========================
service_cost:2
time:09/Aug/2017:14:15:16 +0800
entrance_type:Mozilla/5.0 (Windows NT 6.1; WOW64) AppleWebKit/537.36 (KHTML, like Gecko) Chrome/59.0.3071.115 Safari/537.36
ourl:/user/student?imageView2/2/w/100/h/60/q/100
request_method:GET
cookie:PHPSESSID:l6i2kh5r72rclfan97crtcj7v1;
client_ip:114.249.225.21
error_no
error_msg:success
=====================2017-08-09 14:15:34===========================
service_cost:2.116
time:09/Aug/2017:14:15:34 +0800
entrance_type:Mozilla/5.0 (Windows NT 6.1; WOW64) AppleWebKit/537.36 (KHTML, like Gecko) Chrome/59.0.3071.115 Safari/537.36
ourl:/user/student?grade=-1&username=&uid=&parentname=&mobile=17701306902
request_method:GET
cookie:PHPSESSID:l6i2kh5r72rclfan97crtcj7v1;
client_ip:114.249.225.21
error_no
error_msg:success
=====================2017-08-09 14:15:55===========================
service_cost:1.992
time:09/Aug/2017:14:15:55 +0800
entrance_type:Mozilla/5.0 (Windows NT 6.1; WOW64) AppleWebKit/537.36 (KHTML, like Gecko) Chrome/59.0.3071.115 Safari/537.36
ourl:/user/student?grade=-1&username=&uid=&parentname=&mobile=13011802768
request_method:GET
cookie:PHPSESSID:l6i2kh5r72rclfan97crtcj7v1;
client_ip:114.249.225.21
error_no
error_msg:success
=====================2017-08-09 14:22:28===========================
service_cost:2.07
time:09/Aug/2017:14:22:28 +0800
entrance_type:Mozilla/5.0 (Windows NT 6.1; WOW64) AppleWebKit/537.36 (KHTML, like Gecko) Chrome/59.0.3071.115 Safari/537.36
ourl:/user/student?grade=-1&username=&uid=&parentname=&mobile=13011802768
request_method:GET
cookie:PHPSESSID:l6i2kh5r72rclfan97crtcj7v1;
client_ip:114.249.225.21
error_no
error_msg:success
=====================2017-08-09 14:22:40===========================
service_cost:2.02
time:09/Aug/2017:14:22:40 +0800
entrance_type:Mozilla/5.0 (Windows NT 6.1; WOW64) AppleWebKit/537.36 (KHTML, like Gecko) Chrome/59.0.3071.115 Safari/537.36
ourl:/user/student?grade=-1&username=&uid=&parentname=&mobile=17701306902
request_method:GET
cookie:PHPSESSID:l6i2kh5r72rclfan97crtcj7v1;
client_ip:114.249.225.21
error_no
error_msg:success
=====================2017-08-09 15:28:14===========================
service_cost:1.116
time:09/Aug/2017:15:28:14 +0800
entrance_type:Mozilla/5.0 (Macintosh; Intel Mac OS X 10_12_6) AppleWebKit/537.36 (KHTML, like Gecko) Chrome/60.0.3112.90 Safari/537.36
ourl:/user/dologin
request_method:POST
cookie:PHPSESSID:j3675n7df6s0ik9sj1trcah315;
client_ip:114.249.225.21
error_no
error_msg:success
=====================2017-08-09 15:28:14===========================
service_cost:0.011000000000011
time:09/Aug/2017:15:28:14 +0800
entrance_type:Mozilla/5.0 (Macintosh; Intel Mac OS X 10_12_6) AppleWebKit/537.36 (KHTML, like Gecko) Chrome/60.0.3112.90 Safari/537.36
ourl:/
request_method:GET
cookie:PHPSESSID:j3675n7df6s0ik9sj1trcah315;
client_ip:114.249.225.21
error_no
error_msg:success
=====================2017-08-09 15:28:18===========================
service_cost:2.151
time:09/Aug/2017:15:28:18 +0800
entrance_type:Mozilla/5.0 (Macintosh; Intel Mac OS X 10_12_6) AppleWebKit/537.36 (KHTML, like Gecko) Chrome/60.0.3112.90 Safari/537.36
ourl:/user/student
request_method:GET
cookie:PHPSESSID:j3675n7df6s0ik9sj1trcah315;
client_ip:114.249.225.21
error_no
error_msg:success
=====================2017-08-09 15:28:18===========================
service_cost:3.1639999999999
time:09/Aug/2017:15:28:18 +0800
entrance_type:Mozilla/5.0 (Macintosh; Intel Mac OS X 10_12_6) AppleWebKit/537.36 (KHTML, like Gecko) Chrome/60.0.3112.90 Safari/537.36
ourl:/user/student?imageView2/2/w/100/h/60/q/100
request_method:GET
cookie:PHPSESSID:j3675n7df6s0ik9sj1trcah315;
client_ip:114.249.225.21
error_no
error_msg:success
=====================2017-08-09 15:28:23===========================
service_cost:1.665
time:09/Aug/2017:15:28:23 +0800
entrance_type:Mozilla/5.0 (Macintosh; Intel Mac OS X 10_12_6) AppleWebKit/537.36 (KHTML, like Gecko) Chrome/60.0.3112.90 Safari/537.36
ourl:/user/student?grade=-1&username=&uid=5988083a8238ab2e54c13854&parentname=&mobile=
request_method:GET
cookie:PHPSESSID:j3675n7df6s0ik9sj1trcah315;
client_ip:114.249.225.21
error_no
error_msg:success
=====================2017-08-09 15:28:23===========================
service_cost:2.133
time:09/Aug/2017:15:28:23 +0800
entrance_type:Mozilla/5.0 (Macintosh; Intel Mac OS X 10_12_6) AppleWebKit/537.36 (KHTML, like Gecko) Chrome/60.0.3112.90 Safari/537.36
ourl:/user/student?imageView2/2/w/100/h/60/q/100
request_method:GET
cookie:PHPSESSID:j3675n7df6s0ik9sj1trcah315;
client_ip:114.249.225.21
error_no
error_msg:success
