=====================2017-07-31 10:06:11===========================
service_cost:1.272
time:31/Jul/2017:10:06:11 +0800
entrance_type:Mozilla/5.0 (Windows NT 10.0; Win64; x64; rv:54.0) Gecko/20100101 Firefox/54.0
ourl:/user/dologin
request_method:POST
cookie:PHPSESSID:2da1bikd6306vi5e3oeero3uc1;
client_ip:221.221.145.7
error_no
error_msg:success
=====================2017-07-31 10:06:11===========================
service_cost:0.01000000000001
time:31/Jul/2017:10:06:11 +0800
entrance_type:Mozilla/5.0 (Windows NT 10.0; Win64; x64; rv:54.0) Gecko/20100101 Firefox/54.0
ourl:/
request_method:GET
cookie:PHPSESSID:2da1bikd6306vi5e3oeero3uc1;
client_ip:221.221.145.7
error_no
error_msg:success
=====================2017-07-31 10:06:40===========================
service_cost:0.18599999999991
time:31/Jul/2017:10:06:40 +0800
entrance_type:Mozilla/5.0 (Windows NT 10.0; Win64; x64; rv:54.0) Gecko/20100101 Firefox/54.0
ourl:/sport/ugc
request_method:GET
cookie:PHPSESSID:2da1bikd6306vi5e3oeero3uc1;
client_ip:221.221.145.7
error_no
error_msg:success
=====================2017-07-31 10:06:48===========================
service_cost:0.22599999999995
time:31/Jul/2017:10:06:48 +0800
entrance_type:Mozilla/5.0 (Windows NT 10.0; Win64; x64; rv:54.0) Gecko/20100101 Firefox/54.0
ourl:/sport/ugc?type=1&uid=
request_method:GET
cookie:PHPSESSID:2da1bikd6306vi5e3oeero3uc1;
client_ip:221.221.145.7
error_no
error_msg:success
=====================2017-07-31 10:11:49===========================
service_cost:4.18
time:31/Jul/2017:10:11:49 +0800
entrance_type:Mozilla/5.0 (Windows NT 10.0; Win64; x64; rv:54.0) Gecko/20100101 Firefox/54.0
ourl:/sport/action
request_method:GET
cookie:PHPSESSID:2da1bikd6306vi5e3oeero3uc1;
client_ip:221.221.145.7
error_no
error_msg:success
=====================2017-07-31 10:11:49===========================
service_cost:3.24
time:31/Jul/2017:10:11:49 +0800
entrance_type:Mozilla/5.0 (Windows NT 10.0; Win64; x64; rv:54.0) Gecko/20100101 Firefox/54.0
ourl:/sport/action?pn=1
request_method:GET
cookie:PHPSESSID:2da1bikd6306vi5e3oeero3uc1;
client_ip:221.221.145.7
error_no
error_msg:success
=====================2017-07-31 10:11:51===========================
service_cost:1.605
time:31/Jul/2017:10:11:51 +0800
entrance_type:Mozilla/5.0 (Windows NT 10.0; Win64; x64; rv:54.0) Gecko/20100101 Firefox/54.0
ourl:/sport/project
request_method:GET
cookie:PHPSESSID:2da1bikd6306vi5e3oeero3uc1;
client_ip:221.221.145.7
error_no
error_msg:success
=====================2017-07-31 10:11:54===========================
service_cost:3.982
time:31/Jul/2017:10:11:54 +0800
entrance_type:Mozilla/5.0 (Windows NT 10.0; Win64; x64; rv:54.0) Gecko/20100101 Firefox/54.0
ourl:/sport/action
request_method:GET
cookie:PHPSESSID:2da1bikd6306vi5e3oeero3uc1;
client_ip:221.221.145.7
error_no
error_msg:success
=====================2017-07-31 10:11:55===========================
service_cost:17.774
time:31/Jul/2017:10:11:55 +0800
entrance_type:Mozilla/5.0 (Windows NT 10.0; Win64; x64; rv:54.0) Gecko/20100101 Firefox/54.0
ourl:/sport/action?pn=1
request_method:GET
cookie:PHPSESSID:2da1bikd6306vi5e3oeero3uc1;
client_ip:221.221.145.7
error_no
error_msg:success
=====================2017-07-31 10:11:57===========================
service_cost:15.701
time:31/Jul/2017:10:11:57 +0800
entrance_type:Mozilla/5.0 (Windows NT 10.0; Win64; x64; rv:54.0) Gecko/20100101 Firefox/54.0
ourl:/user/student
request_method:GET
cookie:PHPSESSID:2da1bikd6306vi5e3oeero3uc1;
client_ip:221.221.145.7
error_no
error_msg:success
=====================2017-07-31 10:11:57===========================
service_cost:12
time:31/Jul/2017:10:11:57 +0800
entrance_type:Mozilla/5.0 (Windows NT 10.0; Win64; x64; rv:54.0) Gecko/20100101 Firefox/54.0
ourl:/user/student?imageView2/2/w/100/h/60/q/100
request_method:GET
cookie:PHPSESSID:2da1bikd6306vi5e3oeero3uc1;
client_ip:221.221.145.7
error_no
error_msg:success
=====================2017-07-31 10:12:26===========================
service_cost:10.126
time:31/Jul/2017:10:12:26 +0800
entrance_type:Mozilla/5.0 (Windows NT 10.0; Win64; x64; rv:54.0) Gecko/20100101 Firefox/54.0
ourl:/sport/homework
request_method:GET
cookie:PHPSESSID:2da1bikd6306vi5e3oeero3uc1;
client_ip:221.221.145.7
error_no
error_msg:success
=====================2017-07-31 10:12:27===========================
service_cost:10.972
time:31/Jul/2017:10:12:27 +0800
entrance_type:Mozilla/5.0 (Windows NT 10.0; Win64; x64; rv:54.0) Gecko/20100101 Firefox/54.0
ourl:/sport/homework?pn=1
request_method:GET
cookie:PHPSESSID:2da1bikd6306vi5e3oeero3uc1;
client_ip:221.221.145.7
error_no
error_msg:success
=====================2017-07-31 10:12:29===========================
service_cost:1.42
time:31/Jul/2017:10:12:29 +0800
entrance_type:Mozilla/5.0 (Windows NT 10.0; Win64; x64; rv:54.0) Gecko/20100101 Firefox/54.0
ourl:/sport/project
request_method:GET
cookie:PHPSESSID:2da1bikd6306vi5e3oeero3uc1;
client_ip:221.221.145.7
error_no
error_msg:success
=====================2017-07-31 10:12:29===========================
service_cost:5.35
time:31/Jul/2017:10:12:29 +0800
entrance_type:Mozilla/5.0 (Windows NT 10.0; Win64; x64; rv:54.0) Gecko/20100101 Firefox/54.0
ourl:/sport/action
request_method:GET
cookie:PHPSESSID:2da1bikd6306vi5e3oeero3uc1;
client_ip:221.221.145.7
error_no
error_msg:success
=====================2017-07-31 10:12:30===========================
service_cost:3.511
time:31/Jul/2017:10:12:30 +0800
entrance_type:Mozilla/5.0 (Windows NT 10.0; Win64; x64; rv:54.0) Gecko/20100101 Firefox/54.0
ourl:/sport/action?pn=1
request_method:GET
cookie:PHPSESSID:2da1bikd6306vi5e3oeero3uc1;
client_ip:221.221.145.7
error_no
error_msg:success
=====================2017-07-31 10:12:30===========================
service_cost:1.817
time:31/Jul/2017:10:12:30 +0800
entrance_type:Mozilla/5.0 (Windows NT 10.0; Win64; x64; rv:54.0) Gecko/20100101 Firefox/54.0
ourl:/sport/project
request_method:GET
cookie:PHPSESSID:2da1bikd6306vi5e3oeero3uc1;
client_ip:221.221.145.7
error_no
error_msg:success
=====================2017-07-31 10:12:31===========================
service_cost:9.52
time:31/Jul/2017:10:12:31 +0800
entrance_type:Mozilla/5.0 (Windows NT 10.0; Win64; x64; rv:54.0) Gecko/20100101 Firefox/54.0
ourl:/sport/homework
request_method:GET
cookie:PHPSESSID:2da1bikd6306vi5e3oeero3uc1;
client_ip:221.221.145.7
error_no
error_msg:success
=====================2017-07-31 10:12:31===========================
service_cost:11.228
time:31/Jul/2017:10:12:31 +0800
entrance_type:Mozilla/5.0 (Windows NT 10.0; Win64; x64; rv:54.0) Gecko/20100101 Firefox/54.0
ourl:/sport/homework?pn=1
request_method:GET
cookie:PHPSESSID:2da1bikd6306vi5e3oeero3uc1;
client_ip:221.221.145.7
error_no
error_msg:success
=====================2017-07-31 10:12:41===========================
service_cost:13.667
time:31/Jul/2017:10:12:41 +0800
entrance_type:Mozilla/5.0 (Windows NT 10.0; Win64; x64; rv:54.0) Gecko/20100101 Firefox/54.0
ourl:/sport/homework?pn=2
request_method:GET
cookie:PHPSESSID:2da1bikd6306vi5e3oeero3uc1;
client_ip:221.221.145.7
error_no
error_msg:success
=====================2017-07-31 10:12:54===========================
service_cost:11.854
time:31/Jul/2017:10:12:54 +0800
entrance_type:Mozilla/5.0 (Windows NT 10.0; Win64; x64; rv:54.0) Gecko/20100101 Firefox/54.0
ourl:/user/student
request_method:GET
cookie:PHPSESSID:2da1bikd6306vi5e3oeero3uc1;
client_ip:221.221.145.7
error_no
error_msg:success
=====================2017-07-31 10:12:54===========================
service_cost:10.72
time:31/Jul/2017:10:12:54 +0800
entrance_type:Mozilla/5.0 (Windows NT 10.0; Win64; x64; rv:54.0) Gecko/20100101 Firefox/54.0
ourl:/user/student?imageView2/2/w/100/h/60/q/100
request_method:GET
cookie:PHPSESSID:2da1bikd6306vi5e3oeero3uc1;
client_ip:221.221.145.7
error_no
error_msg:success
=====================2017-07-31 10:13:00===========================
service_cost:11.669
time:31/Jul/2017:10:13:00 +0800
entrance_type:Mozilla/5.0 (Windows NT 10.0; Win64; x64; rv:54.0) Gecko/20100101 Firefox/54.0
ourl:/user/student?&pn=3
request_method:GET
cookie:PHPSESSID:2da1bikd6306vi5e3oeero3uc1;
client_ip:221.221.145.7
error_no
error_msg:success
=====================2017-07-31 10:13:00===========================
service_cost:10.484
time:31/Jul/2017:10:13:00 +0800
entrance_type:Mozilla/5.0 (Windows NT 10.0; Win64; x64; rv:54.0) Gecko/20100101 Firefox/54.0
ourl:/user/student?imageView2/2/w/100/h/60/q/100
request_method:GET
cookie:PHPSESSID:2da1bikd6306vi5e3oeero3uc1;
client_ip:221.221.145.7
error_no
error_msg:success
=====================2017-07-31 10:13:16===========================
service_cost:13.945
time:31/Jul/2017:10:13:16 +0800
entrance_type:Mozilla/5.0 (Windows NT 10.0; Win64; x64; rv:54.0) Gecko/20100101 Firefox/54.0
ourl:/user/student?grade=15&username=&uid=&parentname=&mobile=
request_method:GET
cookie:PHPSESSID:2da1bikd6306vi5e3oeero3uc1;
client_ip:221.221.145.7
error_no
error_msg:success
=====================2017-07-31 10:13:16===========================
service_cost:10.858
time:31/Jul/2017:10:13:16 +0800
entrance_type:Mozilla/5.0 (Windows NT 10.0; Win64; x64; rv:54.0) Gecko/20100101 Firefox/54.0
ourl:/user/student?imageView2/2/w/100/h/60/q/100
request_method:GET
cookie:PHPSESSID:2da1bikd6306vi5e3oeero3uc1;
client_ip:221.221.145.7
error_no
error_msg:success
=====================2017-07-31 10:13:28===========================
service_cost:14.296
time:31/Jul/2017:10:13:28 +0800
entrance_type:Mozilla/5.0 (Windows NT 10.0; Win64; x64; rv:54.0) Gecko/20100101 Firefox/54.0
ourl:/user/student?grade=15&username=&uid=&parentname=&mobile=&pn=2
request_method:GET
cookie:PHPSESSID:2da1bikd6306vi5e3oeero3uc1;
client_ip:221.221.145.7
error_no
error_msg:success
=====================2017-07-31 10:13:28===========================
service_cost:16
time:31/Jul/2017:10:13:28 +0800
entrance_type:Mozilla/5.0 (Windows NT 10.0; Win64; x64; rv:54.0) Gecko/20100101 Firefox/54.0
ourl:/user/student?imageView2/2/w/100/h/60/q/100
request_method:GET
cookie:PHPSESSID:2da1bikd6306vi5e3oeero3uc1;
client_ip:221.221.145.7
error_no
error_msg:success
=====================2017-07-31 10:51:57===========================
service_cost:-546.146
time:31/Jul/2017:10:51:57 +0800
entrance_type:Mozilla/5.0 (Windows NT 10.0; Win64; x64; rv:54.0) Gecko/20100101 Firefox/54.0
ourl:/sport/banner
request_method:GET
cookie:PHPSESSID:2da1bikd6306vi5e3oeero3uc1;
client_ip:221.221.145.7
error_no
error_msg:success
=====================2017-07-31 10:52:05===========================
service_cost:2.427
time:31/Jul/2017:10:52:05 +0800
entrance_type:Mozilla/5.0 (Windows NT 10.0; Win64; x64; rv:54.0) Gecko/20100101 Firefox/54.0
ourl:/feedback/index
request_method:GET
cookie:PHPSESSID:2da1bikd6306vi5e3oeero3uc1;
client_ip:221.221.145.7
error_no
error_msg:success
=====================2017-07-31 10:52:06===========================
service_cost:2.043
time:31/Jul/2017:10:52:06 +0800
entrance_type:Mozilla/5.0 (Windows NT 10.0; Win64; x64; rv:54.0) Gecko/20100101 Firefox/54.0
ourl:/feedback/index?pn=1
request_method:GET
cookie:PHPSESSID:2da1bikd6306vi5e3oeero3uc1;
client_ip:221.221.145.7
error_no
error_msg:success
=====================2017-07-31 10:52:12===========================
service_cost:0.18299999999999
time:31/Jul/2017:10:52:12 +0800
entrance_type:Mozilla/5.0 (Windows NT 10.0; Win64; x64; rv:54.0) Gecko/20100101 Firefox/54.0
ourl:/sport/ugc
request_method:GET
cookie:PHPSESSID:2da1bikd6306vi5e3oeero3uc1;
client_ip:221.221.145.7
error_no
error_msg:success
=====================2017-07-31 10:52:15===========================
service_cost:2.385
time:31/Jul/2017:10:52:15 +0800
entrance_type:Mozilla/5.0 (Windows NT 10.0; Win64; x64; rv:54.0) Gecko/20100101 Firefox/54.0
ourl:/feedback/index
request_method:GET
cookie:PHPSESSID:2da1bikd6306vi5e3oeero3uc1;
client_ip:221.221.145.7
error_no
error_msg:success
=====================2017-07-31 10:52:16===========================
service_cost:2.248
time:31/Jul/2017:10:52:16 +0800
entrance_type:Mozilla/5.0 (Windows NT 10.0; Win64; x64; rv:54.0) Gecko/20100101 Firefox/54.0
ourl:/feedback/index?pn=1
request_method:GET
cookie:PHPSESSID:2da1bikd6306vi5e3oeero3uc1;
client_ip:221.221.145.7
error_no
error_msg:success
=====================2017-07-31 10:52:17===========================
service_cost:267.467
time:31/Jul/2017:10:52:17 +0800
entrance_type:Mozilla/5.0 (Windows NT 10.0; Win64; x64; rv:54.0) Gecko/20100101 Firefox/54.0
ourl:/sport/banner
request_method:GET
cookie:PHPSESSID:2da1bikd6306vi5e3oeero3uc1;
client_ip:221.221.145.7
error_no
error_msg:success
=====================2017-07-31 10:52:17===========================
service_cost:98.746
time:31/Jul/2017:10:52:17 +0800
entrance_type:Mozilla/5.0 (Windows NT 10.0; Win64; x64; rv:54.0) Gecko/20100101 Firefox/54.0
ourl:/sport/banner
request_method:GET
cookie:PHPSESSID:2da1bikd6306vi5e3oeero3uc1;
client_ip:221.221.145.7
error_no
error_msg:success
=====================2017-07-31 10:52:18===========================
service_cost:0.18600000000002
time:31/Jul/2017:10:52:18 +0800
entrance_type:Mozilla/5.0 (Windows NT 10.0; Win64; x64; rv:54.0) Gecko/20100101 Firefox/54.0
ourl:/sport/ugc
request_method:GET
cookie:PHPSESSID:2da1bikd6306vi5e3oeero3uc1;
client_ip:221.221.145.7
error_no
error_msg:success
=====================2017-07-31 10:52:23===========================
service_cost:155.825
time:31/Jul/2017:10:52:23 +0800
entrance_type:Mozilla/5.0 (Windows NT 10.0; Win64; x64; rv:54.0) Gecko/20100101 Firefox/54.0
ourl:/sport/banner
request_method:GET
cookie:PHPSESSID:2da1bikd6306vi5e3oeero3uc1;
client_ip:221.221.145.7
error_no
error_msg:success
=====================2017-07-31 10:52:26===========================
service_cost:0.19000000000002
time:31/Jul/2017:10:52:26 +0800
entrance_type:Mozilla/5.0 (Windows NT 10.0; Win64; x64; rv:54.0) Gecko/20100101 Firefox/54.0
ourl:/sport/ugc
request_method:GET
cookie:PHPSESSID:2da1bikd6306vi5e3oeero3uc1;
client_ip:221.221.145.7
error_no
error_msg:success
=====================2017-07-31 10:53:15===========================
service_cost:101.438
time:31/Jul/2017:10:53:15 +0800
entrance_type:Mozilla/5.0 (Windows NT 10.0; Win64; x64; rv:54.0) Gecko/20100101 Firefox/54.0
ourl:/sport/banner
request_method:GET
cookie:PHPSESSID:2da1bikd6306vi5e3oeero3uc1;
client_ip:221.221.145.7
error_no
error_msg:success
=====================2017-07-31 10:53:22===========================
service_cost:0.19100000000002
time:31/Jul/2017:10:53:22 +0800
entrance_type:Mozilla/5.0 (Windows NT 10.0; Win64; x64; rv:54.0) Gecko/20100101 Firefox/54.0
ourl:/sport/ugc
request_method:GET
cookie:PHPSESSID:2da1bikd6306vi5e3oeero3uc1;
client_ip:221.221.145.7
error_no
error_msg:success
=====================2017-07-31 10:53:33===========================
service_cost:0.18499999999999
time:31/Jul/2017:10:53:33 +0800
entrance_type:Mozilla/5.0 (Windows NT 10.0; Win64; x64; rv:54.0) Gecko/20100101 Firefox/54.0
ourl:/sport/ugc
request_method:GET
cookie:PHPSESSID:2da1bikd6306vi5e3oeero3uc1;
client_ip:221.221.145.7
error_no
error_msg:success
=====================2017-07-31 10:53:38===========================
service_cost:-668.025
time:31/Jul/2017:10:53:38 +0800
entrance_type:Mozilla/5.0 (Windows NT 10.0; Win64; x64; rv:54.0) Gecko/20100101 Firefox/54.0
ourl:/sport/banner
request_method:GET
cookie:PHPSESSID:2da1bikd6306vi5e3oeero3uc1;
client_ip:221.221.145.7
error_no
error_msg:success
=====================2017-07-31 10:53:38===========================
service_cost:138.096
time:31/Jul/2017:10:53:38 +0800
entrance_type:Mozilla/5.0 (Windows NT 10.0; Win64; x64; rv:54.0) Gecko/20100101 Firefox/54.0
ourl:/sport/banner
request_method:GET
cookie:PHPSESSID:2da1bikd6306vi5e3oeero3uc1;
client_ip:221.221.145.7
error_no
error_msg:success
=====================2017-07-31 10:53:49===========================
service_cost:0.23799999999996
time:31/Jul/2017:10:53:49 +0800
entrance_type:Mozilla/5.0 (Windows NT 10.0; Win64; x64; rv:54.0) Gecko/20100101 Firefox/54.0
ourl:/sport/ugc
request_method:GET
cookie:PHPSESSID:2da1bikd6306vi5e3oeero3uc1;
client_ip:221.221.145.7
error_no
error_msg:success
=====================2017-07-31 10:54:13===========================
service_cost:110.43
time:31/Jul/2017:10:54:13 +0800
entrance_type:Mozilla/5.0 (Windows NT 10.0; Win64; x64; rv:54.0) Gecko/20100101 Firefox/54.0
ourl:/sport/banner
request_method:GET
cookie:PHPSESSID:2da1bikd6306vi5e3oeero3uc1;
client_ip:221.221.145.7
error_no
error_msg:success
=====================2017-07-31 10:54:43===========================
service_cost:19.159
time:31/Jul/2017:10:54:43 +0800
entrance_type:Mozilla/5.0 (Windows NT 10.0; Win64; x64; rv:54.0) Gecko/20100101 Firefox/54.0
ourl:/sport/banner
request_method:GET
cookie:PHPSESSID:2da1bikd6306vi5e3oeero3uc1;
client_ip:221.221.145.7
error_no
error_msg:success
=====================2017-07-31 10:54:44===========================
service_cost:0.23899999999999
time:31/Jul/2017:10:54:44 +0800
entrance_type:Mozilla/5.0 (Windows NT 10.0; Win64; x64; rv:54.0) Gecko/20100101 Firefox/54.0
ourl:/sport/ugc
request_method:GET
cookie:PHPSESSID:2da1bikd6306vi5e3oeero3uc1;
client_ip:221.221.145.7
error_no
error_msg:success
=====================2017-07-31 10:54:47===========================
service_cost:10.541
time:31/Jul/2017:10:54:47 +0800
entrance_type:Mozilla/5.0 (Windows NT 10.0; Win64; x64; rv:54.0) Gecko/20100101 Firefox/54.0
ourl:/sport/homework
request_method:GET
cookie:PHPSESSID:2da1bikd6306vi5e3oeero3uc1;
client_ip:221.221.145.7
error_no
error_msg:success
=====================2017-07-31 10:54:48===========================
service_cost:10.799
time:31/Jul/2017:10:54:48 +0800
entrance_type:Mozilla/5.0 (Windows NT 10.0; Win64; x64; rv:54.0) Gecko/20100101 Firefox/54.0
ourl:/sport/homework?pn=1
request_method:GET
cookie:PHPSESSID:2da1bikd6306vi5e3oeero3uc1;
client_ip:221.221.145.7
error_no
error_msg:success
=====================2017-07-31 10:54:56===========================
service_cost:12.691
time:31/Jul/2017:10:54:56 +0800
entrance_type:Mozilla/5.0 (Windows NT 10.0; Win64; x64; rv:54.0) Gecko/20100101 Firefox/54.0
ourl:/sport/homework?pn=2
request_method:GET
cookie:PHPSESSID:2da1bikd6306vi5e3oeero3uc1;
client_ip:221.221.145.7
error_no
error_msg:success
=====================2017-07-31 10:55:06===========================
service_cost:1.835
time:31/Jul/2017:10:55:06 +0800
entrance_type:Mozilla/5.0 (Windows NT 10.0; Win64; x64; rv:54.0) Gecko/20100101 Firefox/54.0
ourl:/sport/project
request_method:GET
cookie:PHPSESSID:2da1bikd6306vi5e3oeero3uc1;
client_ip:221.221.145.7
error_no
error_msg:success
=====================2017-07-31 10:55:20===========================
service_cost:4.314
time:31/Jul/2017:10:55:20 +0800
entrance_type:Mozilla/5.0 (Windows NT 10.0; Win64; x64; rv:54.0) Gecko/20100101 Firefox/54.0
ourl:/sport/action
request_method:GET
cookie:PHPSESSID:2da1bikd6306vi5e3oeero3uc1;
client_ip:221.221.145.7
error_no
error_msg:success
=====================2017-07-31 10:55:20===========================
service_cost:3.314
time:31/Jul/2017:10:55:20 +0800
entrance_type:Mozilla/5.0 (Windows NT 10.0; Win64; x64; rv:54.0) Gecko/20100101 Firefox/54.0
ourl:/sport/action?pn=1
request_method:GET
cookie:PHPSESSID:2da1bikd6306vi5e3oeero3uc1;
client_ip:221.221.145.7
error_no
error_msg:success
=====================2017-07-31 10:55:51===========================
service_cost:0.20400000000004
time:31/Jul/2017:10:55:51 +0800
entrance_type:Mozilla/5.0 (Windows NT 10.0; Win64; x64; rv:54.0) Gecko/20100101 Firefox/54.0
ourl:/sport/ugc
request_method:GET
cookie:PHPSESSID:2da1bikd6306vi5e3oeero3uc1;
client_ip:221.221.145.7
error_no
error_msg:success
=====================2017-07-31 10:55:53===========================
service_cost:0.20999999999999
time:31/Jul/2017:10:55:53 +0800
entrance_type:Mozilla/5.0 (Windows NT 10.0; Win64; x64; rv:54.0) Gecko/20100101 Firefox/54.0
ourl:/sport/ugc
request_method:GET
cookie:PHPSESSID:2da1bikd6306vi5e3oeero3uc1;
client_ip:221.221.145.7
error_no
error_msg:success
=====================2017-07-31 10:55:54===========================
service_cost:140.427
time:31/Jul/2017:10:55:54 +0800
entrance_type:Mozilla/5.0 (Windows NT 10.0; Win64; x64; rv:54.0) Gecko/20100101 Firefox/54.0
ourl:/sport/banner
request_method:GET
cookie:PHPSESSID:2da1bikd6306vi5e3oeero3uc1;
client_ip:221.221.145.7
error_no
error_msg:success
=====================2017-07-31 10:55:56===========================
service_cost:0.20999999999993
time:31/Jul/2017:10:55:56 +0800
entrance_type:Mozilla/5.0 (Windows NT 10.0; Win64; x64; rv:54.0) Gecko/20100101 Firefox/54.0
ourl:/sport/ugc
request_method:GET
cookie:PHPSESSID:2da1bikd6306vi5e3oeero3uc1;
client_ip:221.221.145.7
error_no
error_msg:success
=====================2017-07-31 10:57:06===========================
service_cost:0.18499999999999
time:31/Jul/2017:10:57:06 +0800
entrance_type:Mozilla/5.0 (Windows NT 10.0; Win64; x64; rv:54.0) Gecko/20100101 Firefox/54.0
ourl:/sport/ugc?type=-1&uid=589987c95b100451b3b0d5d0
request_method:GET
cookie:PHPSESSID:2da1bikd6306vi5e3oeero3uc1;
client_ip:221.221.145.7
error_no
error_msg:success
=====================2017-07-31 10:57:09===========================
service_cost:0.18600000000002
time:31/Jul/2017:10:57:09 +0800
entrance_type:Mozilla/5.0 (Windows NT 10.0; Win64; x64; rv:54.0) Gecko/20100101 Firefox/54.0
ourl:/sport/ugc?type=-1&uid=589987c95b100451b3b0d5d0
request_method:GET
cookie:PHPSESSID:2da1bikd6306vi5e3oeero3uc1;
client_ip:221.221.145.7
error_no
error_msg:success
=====================2017-07-31 10:57:10===========================
service_cost:0.186
time:31/Jul/2017:10:57:10 +0800
entrance_type:Mozilla/5.0 (Windows NT 10.0; Win64; x64; rv:54.0) Gecko/20100101 Firefox/54.0
ourl:/sport/ugc?type=-1&uid=589987c95b100451b3b0d5d0
request_method:GET
cookie:PHPSESSID:2da1bikd6306vi5e3oeero3uc1;
client_ip:221.221.145.7
error_no
error_msg:success
=====================2017-07-31 10:57:10===========================
service_cost:0.20900000000001
time:31/Jul/2017:10:57:10 +0800
entrance_type:Mozilla/5.0 (Windows NT 10.0; Win64; x64; rv:54.0) Gecko/20100101 Firefox/54.0
ourl:/sport/ugc?type=-1&uid=589987c95b100451b3b0d5d0
request_method:GET
cookie:PHPSESSID:2da1bikd6306vi5e3oeero3uc1;
client_ip:221.221.145.7
error_no
error_msg:success
=====================2017-07-31 10:57:11===========================
service_cost:0.2089999999999
time:31/Jul/2017:10:57:11 +0800
entrance_type:Mozilla/5.0 (Windows NT 10.0; Win64; x64; rv:54.0) Gecko/20100101 Firefox/54.0
ourl:/sport/ugc?type=-1&uid=589987c95b100451b3b0d5d0
request_method:GET
cookie:PHPSESSID:2da1bikd6306vi5e3oeero3uc1;
client_ip:221.221.145.7
error_no
error_msg:success
=====================2017-07-31 10:57:15===========================
service_cost:0.22
time:31/Jul/2017:10:57:15 +0800
entrance_type:Mozilla/5.0 (Windows NT 10.0; Win64; x64; rv:54.0) Gecko/20100101 Firefox/54.0
ourl:/sport/ugc?type=-1&uid=589987c95b100451b3b0d5d0
request_method:GET
cookie:PHPSESSID:2da1bikd6306vi5e3oeero3uc1;
client_ip:221.221.145.7
error_no
error_msg:success
=====================2017-07-31 10:57:16===========================
service_cost:0.21899999999997
time:31/Jul/2017:10:57:16 +0800
entrance_type:Mozilla/5.0 (Windows NT 10.0; Win64; x64; rv:54.0) Gecko/20100101 Firefox/54.0
ourl:/sport/ugc?type=-1&uid=589987c95b100451b3b0d5d0
request_method:GET
cookie:PHPSESSID:2da1bikd6306vi5e3oeero3uc1;
client_ip:221.221.145.7
error_no
error_msg:success
=====================2017-07-31 10:57:19===========================
service_cost:0.18699999999994
time:31/Jul/2017:10:57:19 +0800
entrance_type:Mozilla/5.0 (Windows NT 10.0; Win64; x64; rv:54.0) Gecko/20100101 Firefox/54.0
ourl:/sport/ugc?type=-1&uid=589987c95b100451b3b0d5d0
request_method:GET
cookie:PHPSESSID:2da1bikd6306vi5e3oeero3uc1;
client_ip:221.221.145.7
error_no
error_msg:success
=====================2017-07-31 10:57:20===========================
service_cost:0.23200000000001
time:31/Jul/2017:10:57:20 +0800
entrance_type:Mozilla/5.0 (Windows NT 10.0; Win64; x64; rv:54.0) Gecko/20100101 Firefox/54.0
ourl:/sport/ugc?type=-1&uid=589987c95b100451b3b0d5d0
request_method:GET
cookie:PHPSESSID:2da1bikd6306vi5e3oeero3uc1;
client_ip:221.221.145.7
error_no
error_msg:success
=====================2017-07-31 10:57:21===========================
service_cost:0.18499999999999
time:31/Jul/2017:10:57:21 +0800
entrance_type:Mozilla/5.0 (Windows NT 10.0; Win64; x64; rv:54.0) Gecko/20100101 Firefox/54.0
ourl:/sport/ugc?type=-1&uid=589987c95b100451b3b0d5d0
request_method:GET
cookie:PHPSESSID:2da1bikd6306vi5e3oeero3uc1;
client_ip:221.221.145.7
error_no
error_msg:success
=====================2017-07-31 10:57:22===========================
service_cost:0.18200000000002
time:31/Jul/2017:10:57:22 +0800
entrance_type:Mozilla/5.0 (Windows NT 10.0; Win64; x64; rv:54.0) Gecko/20100101 Firefox/54.0
ourl:/sport/ugc?type=-1&uid=589987c95b100451b3b0d5d0
request_method:GET
cookie:PHPSESSID:2da1bikd6306vi5e3oeero3uc1;
client_ip:221.221.145.7
error_no
error_msg:success
=====================2017-07-31 10:57:23===========================
service_cost:0.21000000000004
time:31/Jul/2017:10:57:23 +0800
entrance_type:Mozilla/5.0 (Windows NT 10.0; Win64; x64; rv:54.0) Gecko/20100101 Firefox/54.0
ourl:/sport/ugc?type=-1&uid=589987c95b100451b3b0d5d0
request_method:GET
cookie:PHPSESSID:2da1bikd6306vi5e3oeero3uc1;
client_ip:221.221.145.7
error_no
error_msg:success
=====================2017-07-31 10:57:26===========================
service_cost:0.20900000000001
time:31/Jul/2017:10:57:26 +0800
entrance_type:Mozilla/5.0 (Windows NT 10.0; Win64; x64; rv:54.0) Gecko/20100101 Firefox/54.0
ourl:/sport/ugc?type=1&uid=589987c95b100451b3b0d5d0
request_method:GET
cookie:PHPSESSID:2da1bikd6306vi5e3oeero3uc1;
client_ip:221.221.145.7
error_no
error_msg:success
=====================2017-07-31 10:57:29===========================
service_cost:0.20000000000003
time:31/Jul/2017:10:57:29 +0800
entrance_type:Mozilla/5.0 (Windows NT 10.0; Win64; x64; rv:54.0) Gecko/20100101 Firefox/54.0
ourl:/sport/ugc?type=2&uid=589987c95b100451b3b0d5d0
request_method:GET
cookie:PHPSESSID:2da1bikd6306vi5e3oeero3uc1;
client_ip:221.221.145.7
error_no
error_msg:success
=====================2017-07-31 10:57:31===========================
service_cost:0.26799999999999
time:31/Jul/2017:10:57:31 +0800
entrance_type:Mozilla/5.0 (Windows NT 10.0; Win64; x64; rv:54.0) Gecko/20100101 Firefox/54.0
ourl:/sport/ugc?type=3&uid=589987c95b100451b3b0d5d0
request_method:GET
cookie:PHPSESSID:2da1bikd6306vi5e3oeero3uc1;
client_ip:221.221.145.7
error_no
error_msg:success
=====================2017-07-31 10:57:48===========================
service_cost:0.20100000000001
time:31/Jul/2017:10:57:48 +0800
entrance_type:Mozilla/5.0 (Windows NT 10.0; Win64; x64; rv:54.0) Gecko/20100101 Firefox/54.0
ourl:/sport/ugc?type=3&uid=589987c95b100451b3b0d5d0
request_method:GET
cookie:PHPSESSID:2da1bikd6306vi5e3oeero3uc1;
client_ip:221.221.145.7
error_no
error_msg:success
=====================2017-07-31 10:58:21===========================
service_cost:0.18600000000002
time:31/Jul/2017:10:58:21 +0800
entrance_type:Mozilla/5.0 (Windows NT 10.0; Win64; x64; rv:54.0) Gecko/20100101 Firefox/54.0
ourl:/sport/ugc?type=3&uid=58a10c2dd79e4fc8f83f6cf1
request_method:GET
cookie:PHPSESSID:2da1bikd6306vi5e3oeero3uc1;
client_ip:221.221.145.7
error_no
error_msg:success
=====================2017-07-31 10:58:23===========================
service_cost:0.19999999999999
time:31/Jul/2017:10:58:23 +0800
entrance_type:Mozilla/5.0 (Windows NT 10.0; Win64; x64; rv:54.0) Gecko/20100101 Firefox/54.0
ourl:/sport/ugc?type=3&uid=58a10c2dd79e4fc8f83f6cf1
request_method:GET
cookie:PHPSESSID:2da1bikd6306vi5e3oeero3uc1;
client_ip:221.221.145.7
error_no
error_msg:success
=====================2017-07-31 11:02:27===========================
service_cost:0.18400000000007
time:31/Jul/2017:11:02:27 +0800
entrance_type:Mozilla/5.0 (Windows NT 10.0; Win64; x64; rv:54.0) Gecko/20100101 Firefox/54.0
ourl:/sport/ugc?type=3&uid=58a10c2dd79e4fc8f83f6cf1
request_method:GET
cookie:PHPSESSID:2da1bikd6306vi5e3oeero3uc1;
client_ip:221.221.145.7
error_no
error_msg:success
=====================2017-07-31 11:02:30===========================
service_cost:0.21699999999999
time:31/Jul/2017:11:02:30 +0800
entrance_type:Mozilla/5.0 (Windows NT 10.0; Win64; x64; rv:54.0) Gecko/20100101 Firefox/54.0
ourl:/sport/ugc?type=1&uid=58a10c2dd79e4fc8f83f6cf1
request_method:GET
cookie:PHPSESSID:2da1bikd6306vi5e3oeero3uc1;
client_ip:221.221.145.7
error_no
error_msg:success
=====================2017-07-31 11:02:32===========================
service_cost:0.20100000000001
time:31/Jul/2017:11:02:32 +0800
entrance_type:Mozilla/5.0 (Windows NT 10.0; Win64; x64; rv:54.0) Gecko/20100101 Firefox/54.0
ourl:/sport/ugc?type=2&uid=58a10c2dd79e4fc8f83f6cf1
request_method:GET
cookie:PHPSESSID:2da1bikd6306vi5e3oeero3uc1;
client_ip:221.221.145.7
error_no
error_msg:success
=====================2017-07-31 11:02:35===========================
service_cost:0.18800000000008
time:31/Jul/2017:11:02:35 +0800
entrance_type:Mozilla/5.0 (Windows NT 10.0; Win64; x64; rv:54.0) Gecko/20100101 Firefox/54.0
ourl:/sport/ugc?type=1&uid=58a10c2dd79e4fc8f83f6cf1
request_method:GET
cookie:PHPSESSID:2da1bikd6306vi5e3oeero3uc1;
client_ip:221.221.145.7
error_no
error_msg:success
=====================2017-07-31 11:02:38===========================
service_cost:0.22599999999995
time:31/Jul/2017:11:02:38 +0800
entrance_type:Mozilla/5.0 (Windows NT 10.0; Win64; x64; rv:54.0) Gecko/20100101 Firefox/54.0
ourl:/sport/ugc?type=2&uid=58a10c2dd79e4fc8f83f6cf1
request_method:GET
cookie:PHPSESSID:2da1bikd6306vi5e3oeero3uc1;
client_ip:221.221.145.7
error_no
error_msg:success
=====================2017-07-31 11:06:10===========================
service_cost:0.18899999999999
time:31/Jul/2017:11:06:10 +0800
entrance_type:Mozilla/5.0 (Windows NT 10.0; Win64; x64; rv:54.0) Gecko/20100101 Firefox/54.0
ourl:/sport/ugc?type=2&uid=58a10c2dd79e4fc8f83f6cf1
request_method:GET
cookie:PHPSESSID:2da1bikd6306vi5e3oeero3uc1;
client_ip:221.221.145.7
error_no
error_msg:success
=====================2017-07-31 11:16:07===========================
service_cost:0.012000000000012
time:31/Jul/2017:11:16:07 +0800
entrance_type:Mozilla/5.0 (Windows NT 10.0; Win64; x64; rv:54.0) Gecko/20100101 Firefox/54.0
ourl:/index.html
request_method:GET
cookie:PHPSESSID:2da1bikd6306vi5e3oeero3uc1;
client_ip:221.221.145.7
error_no
error_msg:success
=====================2017-07-31 13:51:17===========================
service_cost:0.01400000000007
time:31/Jul/2017:13:51:17 +0800
entrance_type:Mozilla/5.0 (Windows NT 10.0; Win64; x64; rv:54.0) Gecko/20100101 Firefox/54.0
ourl:/index.html
request_method:GET
cookie:PHPSESSID:2da1bikd6306vi5e3oeero3uc1;
client_ip:221.221.145.7
error_no
error_msg:success
=====================2017-07-31 13:51:20===========================
service_cost:0.012999999999999
time:31/Jul/2017:13:51:20 +0800
entrance_type:Mozilla/5.0 (Windows NT 10.0; Win64; x64; rv:54.0) Gecko/20100101 Firefox/54.0
ourl:/index.html
request_method:GET
cookie:PHPSESSID:2da1bikd6306vi5e3oeero3uc1;
client_ip:221.221.145.7
error_no
error_msg:success
=====================2017-07-31 13:51:23===========================
service_cost:12.466
time:31/Jul/2017:13:51:23 +0800
entrance_type:Mozilla/5.0 (Windows NT 10.0; Win64; x64; rv:54.0) Gecko/20100101 Firefox/54.0
ourl:/user/student
request_method:GET
cookie:PHPSESSID:2da1bikd6306vi5e3oeero3uc1;
client_ip:221.221.145.7
error_no
error_msg:success
=====================2017-07-31 13:51:23===========================
service_cost:10.341
time:31/Jul/2017:13:51:23 +0800
entrance_type:Mozilla/5.0 (Windows NT 10.0; Win64; x64; rv:54.0) Gecko/20100101 Firefox/54.0
ourl:/user/student?imageView2/2/w/100/h/60/q/100
request_method:GET
cookie:PHPSESSID:2da1bikd6306vi5e3oeero3uc1;
client_ip:221.221.145.7
error_no
error_msg:success
=====================2017-07-31 14:07:52===========================
service_cost:0.01299999999993
time:31/Jul/2017:14:07:52 +0800
entrance_type:Mozilla/5.0 (Windows NT 10.0; Win64; x64; rv:54.0) Gecko/20100101 Firefox/54.0
ourl:/index.html
request_method:GET
cookie:PHPSESSID:2da1bikd6306vi5e3oeero3uc1;
client_ip:221.221.145.7
error_no
error_msg:success
=====================2017-07-31 14:33:21===========================
service_cost:0.024999999999997
time:31/Jul/2017:14:33:21 +0800
entrance_type:Mozilla/5.0 (Windows NT 10.0; Win64; x64; rv:54.0) Gecko/20100101 Firefox/54.0
ourl:/
request_method:GET
cookie:PHPSESSID:2da1bikd6306vi5e3oeero3uc1;
client_ip:221.221.145.7
error_no
error_msg:success
=====================2017-07-31 15:10:56===========================
service_cost:0.21299999999996
time:31/Jul/2017:15:10:56 +0800
entrance_type:Mozilla/5.0 (Windows NT 10.0; Win64; x64; rv:54.0) Gecko/20100101 Firefox/54.0
ourl:/sport/ugc
request_method:GET
cookie:PHPSESSID:2da1bikd6306vi5e3oeero3uc1;
client_ip:221.221.145.7
error_no
error_msg:success
=====================2017-07-31 15:11:02===========================
service_cost:0.18600000000002
time:31/Jul/2017:15:11:02 +0800
entrance_type:Mozilla/5.0 (Windows NT 10.0; Win64; x64; rv:54.0) Gecko/20100101 Firefox/54.0
ourl:/sport/ugc?type=-1&uid=
request_method:GET
cookie:PHPSESSID:2da1bikd6306vi5e3oeero3uc1;
client_ip:221.221.145.7
error_no
error_msg:success
=====================2017-07-31 17:35:11===========================
service_cost:3.906
time:31/Jul/2017:17:35:11 +0800
entrance_type:Mozilla/5.0 (Windows NT 10.0; Win64; x64; rv:54.0) Gecko/20100101 Firefox/54.0
ourl:/sport/action
request_method:GET
cookie:PHPSESSID:2da1bikd6306vi5e3oeero3uc1;
client_ip:221.221.145.7
error_no
error_msg:success
=====================2017-07-31 17:35:11===========================
service_cost:17.154
time:31/Jul/2017:17:35:11 +0800
entrance_type:Mozilla/5.0 (Windows NT 10.0; Win64; x64; rv:54.0) Gecko/20100101 Firefox/54.0
ourl:/sport/action?pn=1
request_method:GET
cookie:PHPSESSID:2da1bikd6306vi5e3oeero3uc1;
client_ip:221.221.145.7
error_no
error_msg:success
=====================2017-07-31 17:35:15===========================
service_cost:3.412
time:31/Jul/2017:17:35:15 +0800
entrance_type:Mozilla/5.0 (Windows NT 10.0; Win64; x64; rv:54.0) Gecko/20100101 Firefox/54.0
ourl:/sport/action?pn=2
request_method:GET
cookie:PHPSESSID:2da1bikd6306vi5e3oeero3uc1;
client_ip:221.221.145.7
error_no
error_msg:success
=====================2017-07-31 17:35:18===========================
service_cost:3.346
time:31/Jul/2017:17:35:18 +0800
entrance_type:Mozilla/5.0 (Windows NT 10.0; Win64; x64; rv:54.0) Gecko/20100101 Firefox/54.0
ourl:/sport/action?pn=3
request_method:GET
cookie:PHPSESSID:2da1bikd6306vi5e3oeero3uc1;
client_ip:221.221.145.7
error_no
error_msg:success
=====================2017-07-31 17:35:21===========================
service_cost:3.473
time:31/Jul/2017:17:35:21 +0800
entrance_type:Mozilla/5.0 (Windows NT 10.0; Win64; x64; rv:54.0) Gecko/20100101 Firefox/54.0
ourl:/sport/action?pn=4
request_method:GET
cookie:PHPSESSID:2da1bikd6306vi5e3oeero3uc1;
client_ip:221.221.145.7
error_no
error_msg:success
=====================2017-07-31 17:35:25===========================
service_cost:3.519
time:31/Jul/2017:17:35:25 +0800
entrance_type:Mozilla/5.0 (Windows NT 10.0; Win64; x64; rv:54.0) Gecko/20100101 Firefox/54.0
ourl:/sport/action?pn=5
request_method:GET
cookie:PHPSESSID:2da1bikd6306vi5e3oeero3uc1;
client_ip:221.221.145.7
error_no
error_msg:success
=====================2017-07-31 17:35:27===========================
service_cost:3.342
time:31/Jul/2017:17:35:27 +0800
entrance_type:Mozilla/5.0 (Windows NT 10.0; Win64; x64; rv:54.0) Gecko/20100101 Firefox/54.0
ourl:/sport/action?pn=6
request_method:GET
cookie:PHPSESSID:2da1bikd6306vi5e3oeero3uc1;
client_ip:221.221.145.7
error_no
error_msg:success
=====================2017-07-31 17:35:31===========================
service_cost:3.301
time:31/Jul/2017:17:35:31 +0800
entrance_type:Mozilla/5.0 (Windows NT 10.0; Win64; x64; rv:54.0) Gecko/20100101 Firefox/54.0
ourl:/sport/action?pn=7
request_method:GET
cookie:PHPSESSID:2da1bikd6306vi5e3oeero3uc1;
client_ip:221.221.145.7
error_no
error_msg:success
=====================2017-07-31 17:35:33===========================
service_cost:3.403
time:31/Jul/2017:17:35:33 +0800
entrance_type:Mozilla/5.0 (Windows NT 10.0; Win64; x64; rv:54.0) Gecko/20100101 Firefox/54.0
ourl:/sport/action?pn=9
request_method:GET
cookie:PHPSESSID:2da1bikd6306vi5e3oeero3uc1;
client_ip:221.221.145.7
error_no
error_msg:success
=====================2017-07-31 17:35:35===========================
service_cost:3.275
time:31/Jul/2017:17:35:35 +0800
entrance_type:Mozilla/5.0 (Windows NT 10.0; Win64; x64; rv:54.0) Gecko/20100101 Firefox/54.0
ourl:/sport/action?pn=10
request_method:GET
cookie:PHPSESSID:2da1bikd6306vi5e3oeero3uc1;
client_ip:221.221.145.7
error_no
error_msg:success
=====================2017-07-31 17:35:36===========================
service_cost:3.531
time:31/Jul/2017:17:35:36 +0800
entrance_type:Mozilla/5.0 (Windows NT 10.0; Win64; x64; rv:54.0) Gecko/20100101 Firefox/54.0
ourl:/sport/action?pn=13
request_method:GET
cookie:PHPSESSID:2da1bikd6306vi5e3oeero3uc1;
client_ip:221.221.145.7
error_no
error_msg:success
=====================2017-07-31 17:36:30===========================
service_cost:3.585
time:31/Jul/2017:17:36:30 +0800
entrance_type:Mozilla/5.0 (Windows NT 10.0; Win64; x64; rv:54.0) Gecko/20100101 Firefox/54.0
ourl:/sport/action?pn=14
request_method:GET
cookie:PHPSESSID:2da1bikd6306vi5e3oeero3uc1;
client_ip:221.221.145.7
error_no
error_msg:success
=====================2017-07-31 17:36:31===========================
service_cost:3.447
time:31/Jul/2017:17:36:31 +0800
entrance_type:Mozilla/5.0 (Windows NT 10.0; Win64; x64; rv:54.0) Gecko/20100101 Firefox/54.0
ourl:/sport/action?pn=15
request_method:GET
cookie:PHPSESSID:2da1bikd6306vi5e3oeero3uc1;
client_ip:221.221.145.7
error_no
error_msg:success
=====================2017-07-31 17:36:34===========================
service_cost:3.47
time:31/Jul/2017:17:36:34 +0800
entrance_type:Mozilla/5.0 (Windows NT 10.0; Win64; x64; rv:54.0) Gecko/20100101 Firefox/54.0
ourl:/sport/action?pn=17
request_method:GET
cookie:PHPSESSID:2da1bikd6306vi5e3oeero3uc1;
client_ip:221.221.145.7
error_no
error_msg:success
=====================2017-07-31 17:36:36===========================
service_cost:3.365
time:31/Jul/2017:17:36:36 +0800
entrance_type:Mozilla/5.0 (Windows NT 10.0; Win64; x64; rv:54.0) Gecko/20100101 Firefox/54.0
ourl:/sport/action?pn=20
request_method:GET
cookie:PHPSESSID:2da1bikd6306vi5e3oeero3uc1;
client_ip:221.221.145.7
error_no
error_msg:success
=====================2017-07-31 17:41:23===========================
service_cost:1.093
time:31/Jul/2017:17:41:23 +0800
entrance_type:Mozilla/5.0 (Windows NT 10.0; WOW64) AppleWebKit/537.36 (KHTML, like Gecko) Chrome/57.0.2987.110 Safari/537.36
ourl:/user/dologin
request_method:POST
cookie:PHPSESSID:1rvuovhkbqhlmsts7r0jlm3831;
client_ip:221.221.145.7
error_no
error_msg:success
=====================2017-07-31 17:41:23===========================
service_cost:0.0089999999999812
time:31/Jul/2017:17:41:23 +0800
entrance_type:Mozilla/5.0 (Windows NT 10.0; WOW64) AppleWebKit/537.36 (KHTML, like Gecko) Chrome/57.0.2987.110 Safari/537.36
ourl:/
request_method:GET
cookie:PHPSESSID:1rvuovhkbqhlmsts7r0jlm3831;
client_ip:221.221.145.7
error_no
error_msg:success
=====================2017-07-31 17:41:27===========================
service_cost:3.514
time:31/Jul/2017:17:41:27 +0800
entrance_type:Mozilla/5.0 (Windows NT 10.0; WOW64) AppleWebKit/537.36 (KHTML, like Gecko) Chrome/57.0.2987.110 Safari/537.36
ourl:/sport/action
request_method:GET
cookie:PHPSESSID:1rvuovhkbqhlmsts7r0jlm3831;
client_ip:221.221.145.7
error_no
error_msg:success
=====================2017-07-31 17:41:27===========================
service_cost:3.2
time:31/Jul/2017:17:41:27 +0800
entrance_type:Mozilla/5.0 (Windows NT 10.0; WOW64) AppleWebKit/537.36 (KHTML, like Gecko) Chrome/57.0.2987.110 Safari/537.36
ourl:/sport/action?pn=1
request_method:GET
cookie:PHPSESSID:1rvuovhkbqhlmsts7r0jlm3831;
client_ip:221.221.145.7
error_no
error_msg:success
=====================2017-07-31 17:41:29===========================
service_cost:3.512
time:31/Jul/2017:17:41:29 +0800
entrance_type:Mozilla/5.0 (Windows NT 10.0; WOW64) AppleWebKit/537.36 (KHTML, like Gecko) Chrome/57.0.2987.110 Safari/537.36
ourl:/sport/action?pn=1
request_method:GET
cookie:PHPSESSID:1rvuovhkbqhlmsts7r0jlm3831;
client_ip:221.221.145.7
error_no
error_msg:success
=====================2017-07-31 17:41:29===========================
service_cost:3.429
time:31/Jul/2017:17:41:29 +0800
entrance_type:Mozilla/5.0 (Windows NT 10.0; WOW64) AppleWebKit/537.36 (KHTML, like Gecko) Chrome/57.0.2987.110 Safari/537.36
ourl:/sport/action?pn=1
request_method:GET
cookie:PHPSESSID:1rvuovhkbqhlmsts7r0jlm3831;
client_ip:221.221.145.7
error_no
error_msg:success
=====================2017-07-31 17:41:30===========================
service_cost:3.116
time:31/Jul/2017:17:41:30 +0800
entrance_type:Mozilla/5.0 (Windows NT 10.0; WOW64) AppleWebKit/537.36 (KHTML, like Gecko) Chrome/57.0.2987.110 Safari/537.36
ourl:/sport/action?pn=1
request_method:GET
cookie:PHPSESSID:1rvuovhkbqhlmsts7r0jlm3831;
client_ip:221.221.145.7
error_no
error_msg:success
=====================2017-07-31 17:41:30===========================
service_cost:2.957
time:31/Jul/2017:17:41:30 +0800
entrance_type:Mozilla/5.0 (Windows NT 10.0; WOW64) AppleWebKit/537.36 (KHTML, like Gecko) Chrome/57.0.2987.110 Safari/537.36
ourl:/sport/action?pn=1
request_method:GET
cookie:PHPSESSID:1rvuovhkbqhlmsts7r0jlm3831;
client_ip:221.221.145.7
error_no
error_msg:success
=====================2017-07-31 17:41:30===========================
service_cost:3.282
time:31/Jul/2017:17:41:30 +0800
entrance_type:Mozilla/5.0 (Windows NT 10.0; WOW64) AppleWebKit/537.36 (KHTML, like Gecko) Chrome/57.0.2987.110 Safari/537.36
ourl:/sport/action?pn=1
request_method:GET
cookie:PHPSESSID:1rvuovhkbqhlmsts7r0jlm3831;
client_ip:221.221.145.7
error_no
error_msg:success
=====================2017-07-31 17:41:30===========================
service_cost:2.6660000000001
time:31/Jul/2017:17:41:30 +0800
entrance_type:Mozilla/5.0 (Windows NT 10.0; WOW64) AppleWebKit/537.36 (KHTML, like Gecko) Chrome/57.0.2987.110 Safari/537.36
ourl:/sport/action?pn=1
request_method:GET
cookie:PHPSESSID:1rvuovhkbqhlmsts7r0jlm3831;
client_ip:221.221.145.7
error_no
error_msg:success
=====================2017-07-31 17:41:30===========================
service_cost:3.6090000000001
time:31/Jul/2017:17:41:30 +0800
entrance_type:Mozilla/5.0 (Windows NT 10.0; WOW64) AppleWebKit/537.36 (KHTML, like Gecko) Chrome/57.0.2987.110 Safari/537.36
ourl:/sport/action?pn=1
request_method:GET
cookie:PHPSESSID:1rvuovhkbqhlmsts7r0jlm3831;
client_ip:221.221.145.7
error_no
error_msg:success
=====================2017-07-31 17:41:31===========================
service_cost:2.933
time:31/Jul/2017:17:41:31 +0800
entrance_type:Mozilla/5.0 (Windows NT 10.0; WOW64) AppleWebKit/537.36 (KHTML, like Gecko) Chrome/57.0.2987.110 Safari/537.36
ourl:/sport/action?pn=1
request_method:GET
cookie:PHPSESSID:1rvuovhkbqhlmsts7r0jlm3831;
client_ip:221.221.145.7
error_no
error_msg:success
=====================2017-07-31 17:41:37===========================
service_cost:3.203
time:31/Jul/2017:17:41:37 +0800
entrance_type:Mozilla/5.0 (Windows NT 10.0; WOW64) AppleWebKit/537.36 (KHTML, like Gecko) Chrome/57.0.2987.110 Safari/537.36
ourl:/sport/action?pn=1
request_method:GET
cookie:PHPSESSID:1rvuovhkbqhlmsts7r0jlm3831;
client_ip:221.221.145.7
error_no
error_msg:success
=====================2017-07-31 17:41:38===========================
service_cost:3.012
time:31/Jul/2017:17:41:38 +0800
entrance_type:Mozilla/5.0 (Windows NT 10.0; WOW64) AppleWebKit/537.36 (KHTML, like Gecko) Chrome/57.0.2987.110 Safari/537.36
ourl:/sport/action?pn=1
request_method:GET
cookie:PHPSESSID:1rvuovhkbqhlmsts7r0jlm3831;
client_ip:221.221.145.7
error_no
error_msg:success
=====================2017-07-31 17:45:50===========================
service_cost:14.773
time:31/Jul/2017:17:45:50 +0800
entrance_type:Mozilla/5.0 (Windows NT 10.0; Win64; x64; rv:54.0) Gecko/20100101 Firefox/54.0
ourl:/user/student
request_method:GET
cookie:PHPSESSID:2da1bikd6306vi5e3oeero3uc1;
client_ip:221.221.145.7
error_no
error_msg:success
=====================2017-07-31 17:45:50===========================
service_cost:10.526
time:31/Jul/2017:17:45:50 +0800
entrance_type:Mozilla/5.0 (Windows NT 10.0; Win64; x64; rv:54.0) Gecko/20100101 Firefox/54.0
ourl:/user/student?imageView2/2/w/100/h/60/q/100
request_method:GET
cookie:PHPSESSID:2da1bikd6306vi5e3oeero3uc1;
client_ip:221.221.145.7
error_no
error_msg:success
=====================2017-07-31 17:50:01===========================
service_cost:0.21100000000002
time:31/Jul/2017:17:50:01 +0800
entrance_type:Mozilla/5.0 (Windows NT 10.0; Win64; x64; rv:54.0) Gecko/20100101 Firefox/54.0
ourl:/sport/ugc
request_method:GET
cookie:PHPSESSID:2da1bikd6306vi5e3oeero3uc1;
client_ip:221.221.145.7
error_no
error_msg:success
=====================2017-07-31 17:57:58===========================
service_cost:0.191
time:31/Jul/2017:17:57:58 +0800
entrance_type:Mozilla/5.0 (Windows NT 10.0; Win64; x64; rv:54.0) Gecko/20100101 Firefox/54.0
ourl:/sport/ugc?type=1&uid=
request_method:GET
cookie:PHPSESSID:2da1bikd6306vi5e3oeero3uc1;
client_ip:221.221.145.7
error_no
error_msg:success
