=====================2017-05-15 10:13:06===========================
service_cost:32.404
time:15/May/2017:10:13:06 +0800
entrance_type:Mozilla/5.0 (Windows NT 10.0; WOW64) AppleWebKit/537.36 (KHTML, like Gecko) Chrome/57.0.2987.110 Safari/537.36
ourl:/feedback/index?pn=1
request_method:GET
cookie:PHPSESSID:dv7ne00di4bh4058ocarmkdc45;ttxs:a:4:{s:3:"_id";s:24:"58a10c2dd79e4fc8f83f6cf1";s:8:"username";s:7:"chenyun";s:7:"profile";s:28:"好好学习，天天向上!";s:7:"iconurl";s:64:"https://oi7ro6pyq.qnssl.com/5d464b9381d49d2394235b79fdb4fc09.png";};
client_ip:192.168.1.65
error_no
error_msg:success
=====================2017-05-15 10:14:15===========================
service_cost:-807.01
time:15/May/2017:10:14:15 +0800
entrance_type:Mozilla/5.0 (Windows NT 10.0; WOW64) AppleWebKit/537.36 (KHTML, like Gecko) Chrome/57.0.2987.110 Safari/537.36
ourl:/feedback/index?pn=1
request_method:GET
cookie:PHPSESSID:dv7ne00di4bh4058ocarmkdc45;ttxs:a:4:{s:3:"_id";s:24:"58a10c2dd79e4fc8f83f6cf1";s:8:"username";s:7:"chenyun";s:7:"profile";s:28:"好好学习，天天向上!";s:7:"iconurl";s:64:"https://oi7ro6pyq.qnssl.com/5d464b9381d49d2394235b79fdb4fc09.png";};
client_ip:192.168.1.65
error_no
error_msg:success
=====================2017-05-15 10:14:16===========================
service_cost:24.227
time:15/May/2017:10:14:16 +0800
entrance_type:Mozilla/5.0 (Windows NT 10.0; WOW64) AppleWebKit/537.36 (KHTML, like Gecko) Chrome/57.0.2987.110 Safari/537.36
ourl:/feedback/index?pn=1
request_method:GET
cookie:PHPSESSID:dv7ne00di4bh4058ocarmkdc45;ttxs:a:4:{s:3:"_id";s:24:"58a10c2dd79e4fc8f83f6cf1";s:8:"username";s:7:"chenyun";s:7:"profile";s:28:"好好学习，天天向上!";s:7:"iconurl";s:64:"https://oi7ro6pyq.qnssl.com/5d464b9381d49d2394235b79fdb4fc09.png";};
client_ip:192.168.1.65
error_no
error_msg:success
=====================2017-05-15 10:14:24===========================
service_cost:15.719
time:15/May/2017:10:14:24 +0800
entrance_type:Mozilla/5.0 (Windows NT 10.0; WOW64) AppleWebKit/537.36 (KHTML, like Gecko) Chrome/57.0.2987.110 Safari/537.36
ourl:/sport/project
request_method:GET
cookie:PHPSESSID:dv7ne00di4bh4058ocarmkdc45;ttxs:a:4:{s:3:"_id";s:24:"58a10c2dd79e4fc8f83f6cf1";s:8:"username";s:7:"chenyun";s:7:"profile";s:28:"好好学习，天天向上!";s:7:"iconurl";s:64:"https://oi7ro6pyq.qnssl.com/5d464b9381d49d2394235b79fdb4fc09.png";};
client_ip:192.168.1.65
error_no
error_msg:success
=====================2017-05-15 10:14:27===========================
service_cost:-937.4
time:15/May/2017:10:14:27 +0800
entrance_type:Mozilla/5.0 (Windows NT 10.0; WOW64) AppleWebKit/537.36 (KHTML, like Gecko) Chrome/57.0.2987.110 Safari/537.36
ourl:/sport/action
request_method:GET
cookie:PHPSESSID:dv7ne00di4bh4058ocarmkdc45;ttxs:a:4:{s:3:"_id";s:24:"58a10c2dd79e4fc8f83f6cf1";s:8:"username";s:7:"chenyun";s:7:"profile";s:28:"好好学习，天天向上!";s:7:"iconurl";s:64:"https://oi7ro6pyq.qnssl.com/5d464b9381d49d2394235b79fdb4fc09.png";};
client_ip:192.168.1.65
error_no
error_msg:success
=====================2017-05-15 10:14:27===========================
service_cost:21.362
time:15/May/2017:10:14:27 +0800
entrance_type:Mozilla/5.0 (Windows NT 10.0; WOW64) AppleWebKit/537.36 (KHTML, like Gecko) Chrome/57.0.2987.110 Safari/537.36
ourl:/sport/action?pn=1
request_method:GET
cookie:PHPSESSID:dv7ne00di4bh4058ocarmkdc45;ttxs:a:4:{s:3:"_id";s:24:"58a10c2dd79e4fc8f83f6cf1";s:8:"username";s:7:"chenyun";s:7:"profile";s:28:"好好学习，天天向上!";s:7:"iconurl";s:64:"https://oi7ro6pyq.qnssl.com/5d464b9381d49d2394235b79fdb4fc09.png";};
client_ip:192.168.1.65
error_no
error_msg:success
=====================2017-05-15 10:14:35===========================
service_cost:24.519
time:15/May/2017:10:14:35 +0800
entrance_type:Mozilla/5.0 (Windows NT 10.0; WOW64) AppleWebKit/537.36 (KHTML, like Gecko) Chrome/57.0.2987.110 Safari/537.36
ourl:/sport/action?pn=2
request_method:GET
cookie:PHPSESSID:dv7ne00di4bh4058ocarmkdc45;ttxs:a:4:{s:3:"_id";s:24:"58a10c2dd79e4fc8f83f6cf1";s:8:"username";s:7:"chenyun";s:7:"profile";s:28:"好好学习，天天向上!";s:7:"iconurl";s:64:"https://oi7ro6pyq.qnssl.com/5d464b9381d49d2394235b79fdb4fc09.png";};
client_ip:192.168.1.65
error_no
error_msg:success
=====================2017-05-15 10:14:40===========================
service_cost:17.562
time:15/May/2017:10:14:40 +0800
entrance_type:Mozilla/5.0 (Windows NT 10.0; WOW64) AppleWebKit/537.36 (KHTML, like Gecko) Chrome/57.0.2987.110 Safari/537.36
ourl:/sport/project
request_method:GET
cookie:PHPSESSID:dv7ne00di4bh4058ocarmkdc45;ttxs:a:4:{s:3:"_id";s:24:"58a10c2dd79e4fc8f83f6cf1";s:8:"username";s:7:"chenyun";s:7:"profile";s:28:"好好学习，天天向上!";s:7:"iconurl";s:64:"https://oi7ro6pyq.qnssl.com/5d464b9381d49d2394235b79fdb4fc09.png";};
client_ip:192.168.1.65
error_no
error_msg:success
=====================2017-05-15 17:23:46===========================
service_cost:27.677
time:15/May/2017:17:23:46 +0800
entrance_type:Mozilla/5.0 (Windows NT 10.0; WOW64) AppleWebKit/537.36 (KHTML, like Gecko) Chrome/57.0.2987.110 Safari/537.36
ourl:/sport/action
request_method:GET
cookie:PHPSESSID:dv7ne00di4bh4058ocarmkdc45;ttxs:a:4:{s:3:"_id";s:24:"58a10c2dd79e4fc8f83f6cf1";s:8:"username";s:7:"chenyun";s:7:"profile";s:28:"好好学习，天天向上!";s:7:"iconurl";s:64:"https://oi7ro6pyq.qnssl.com/5d464b9381d49d2394235b79fdb4fc09.png";};
client_ip:192.168.1.65
error_no
error_msg:success
=====================2017-05-15 17:23:46===========================
service_cost:25.593
time:15/May/2017:17:23:46 +0800
entrance_type:Mozilla/5.0 (Windows NT 10.0; WOW64) AppleWebKit/537.36 (KHTML, like Gecko) Chrome/57.0.2987.110 Safari/537.36
ourl:/sport/action?pn=1
request_method:GET
cookie:PHPSESSID:dv7ne00di4bh4058ocarmkdc45;ttxs:a:4:{s:3:"_id";s:24:"58a10c2dd79e4fc8f83f6cf1";s:8:"username";s:7:"chenyun";s:7:"profile";s:28:"好好学习，天天向上!";s:7:"iconurl";s:64:"https://oi7ro6pyq.qnssl.com/5d464b9381d49d2394235b79fdb4fc09.png";};
client_ip:192.168.1.65
error_no
error_msg:success
=====================2017-05-15 17:24:04===========================
service_cost:122.835
time:15/May/2017:17:24:04 +0800
entrance_type:Mozilla/5.0 (Windows NT 10.0; WOW64) AppleWebKit/537.36 (KHTML, like Gecko) Chrome/57.0.2987.110 Safari/537.36
ourl:/sport/action?pn=2
request_method:GET
cookie:PHPSESSID:dv7ne00di4bh4058ocarmkdc45;ttxs:a:4:{s:3:"_id";s:24:"58a10c2dd79e4fc8f83f6cf1";s:8:"username";s:7:"chenyun";s:7:"profile";s:28:"好好学习，天天向上!";s:7:"iconurl";s:64:"https://oi7ro6pyq.qnssl.com/5d464b9381d49d2394235b79fdb4fc09.png";};
client_ip:192.168.1.65
error_no
error_msg:success
=====================2017-05-15 17:24:08===========================
service_cost:174.832
time:15/May/2017:17:24:08 +0800
entrance_type:Mozilla/5.0 (Windows NT 10.0; WOW64) AppleWebKit/537.36 (KHTML, like Gecko) Chrome/57.0.2987.110 Safari/537.36
ourl:/sport/action?pn=3
request_method:GET
cookie:PHPSESSID:dv7ne00di4bh4058ocarmkdc45;ttxs:a:4:{s:3:"_id";s:24:"58a10c2dd79e4fc8f83f6cf1";s:8:"username";s:7:"chenyun";s:7:"profile";s:28:"好好学习，天天向上!";s:7:"iconurl";s:64:"https://oi7ro6pyq.qnssl.com/5d464b9381d49d2394235b79fdb4fc09.png";};
client_ip:192.168.1.65
error_no
error_msg:success
=====================2017-05-15 17:24:11===========================
service_cost:29.517
time:15/May/2017:17:24:11 +0800
entrance_type:Mozilla/5.0 (Windows NT 10.0; WOW64) AppleWebKit/537.36 (KHTML, like Gecko) Chrome/57.0.2987.110 Safari/537.36
ourl:/sport/action?pn=4
request_method:GET
cookie:PHPSESSID:dv7ne00di4bh4058ocarmkdc45;ttxs:a:4:{s:3:"_id";s:24:"58a10c2dd79e4fc8f83f6cf1";s:8:"username";s:7:"chenyun";s:7:"profile";s:28:"好好学习，天天向上!";s:7:"iconurl";s:64:"https://oi7ro6pyq.qnssl.com/5d464b9381d49d2394235b79fdb4fc09.png";};
client_ip:192.168.1.65
error_no
error_msg:success
=====================2017-05-15 17:24:18===========================
service_cost:28.854
time:15/May/2017:17:24:18 +0800
entrance_type:Mozilla/5.0 (Windows NT 10.0; WOW64) AppleWebKit/537.36 (KHTML, like Gecko) Chrome/57.0.2987.110 Safari/537.36
ourl:/sport/action?pn=5
request_method:GET
cookie:PHPSESSID:dv7ne00di4bh4058ocarmkdc45;ttxs:a:4:{s:3:"_id";s:24:"58a10c2dd79e4fc8f83f6cf1";s:8:"username";s:7:"chenyun";s:7:"profile";s:28:"好好学习，天天向上!";s:7:"iconurl";s:64:"https://oi7ro6pyq.qnssl.com/5d464b9381d49d2394235b79fdb4fc09.png";};
client_ip:192.168.1.65
error_no
error_msg:success
=====================2017-05-15 17:24:33===========================
service_cost:27.18
time:15/May/2017:17:24:33 +0800
entrance_type:Mozilla/5.0 (Windows NT 10.0; WOW64) AppleWebKit/537.36 (KHTML, like Gecko) Chrome/57.0.2987.110 Safari/537.36
ourl:/sport/action?pn=6
request_method:GET
cookie:PHPSESSID:dv7ne00di4bh4058ocarmkdc45;ttxs:a:4:{s:3:"_id";s:24:"58a10c2dd79e4fc8f83f6cf1";s:8:"username";s:7:"chenyun";s:7:"profile";s:28:"好好学习，天天向上!";s:7:"iconurl";s:64:"https://oi7ro6pyq.qnssl.com/5d464b9381d49d2394235b79fdb4fc09.png";};
client_ip:192.168.1.65
error_no
error_msg:success
=====================2017-05-15 17:24:44===========================
service_cost:32.109
time:15/May/2017:17:24:44 +0800
entrance_type:Mozilla/5.0 (Windows NT 10.0; WOW64) AppleWebKit/537.36 (KHTML, like Gecko) Chrome/57.0.2987.110 Safari/537.36
ourl:/sport/action?pn=7
request_method:GET
cookie:PHPSESSID:dv7ne00di4bh4058ocarmkdc45;ttxs:a:4:{s:3:"_id";s:24:"58a10c2dd79e4fc8f83f6cf1";s:8:"username";s:7:"chenyun";s:7:"profile";s:28:"好好学习，天天向上!";s:7:"iconurl";s:64:"https://oi7ro6pyq.qnssl.com/5d464b9381d49d2394235b79fdb4fc09.png";};
client_ip:192.168.1.65
error_no
error_msg:success
=====================2017-05-15 17:24:47===========================
service_cost:26.072
time:15/May/2017:17:24:47 +0800
entrance_type:Mozilla/5.0 (Windows NT 10.0; WOW64) AppleWebKit/537.36 (KHTML, like Gecko) Chrome/57.0.2987.110 Safari/537.36
ourl:/sport/action?pn=8
request_method:GET
cookie:PHPSESSID:dv7ne00di4bh4058ocarmkdc45;ttxs:a:4:{s:3:"_id";s:24:"58a10c2dd79e4fc8f83f6cf1";s:8:"username";s:7:"chenyun";s:7:"profile";s:28:"好好学习，天天向上!";s:7:"iconurl";s:64:"https://oi7ro6pyq.qnssl.com/5d464b9381d49d2394235b79fdb4fc09.png";};
client_ip:192.168.1.65
error_no
error_msg:success
=====================2017-05-15 17:24:49===========================
service_cost:29.512
time:15/May/2017:17:24:49 +0800
entrance_type:Mozilla/5.0 (Windows NT 10.0; WOW64) AppleWebKit/537.36 (KHTML, like Gecko) Chrome/57.0.2987.110 Safari/537.36
ourl:/sport/action?pn=9
request_method:GET
cookie:PHPSESSID:dv7ne00di4bh4058ocarmkdc45;ttxs:a:4:{s:3:"_id";s:24:"58a10c2dd79e4fc8f83f6cf1";s:8:"username";s:7:"chenyun";s:7:"profile";s:28:"好好学习，天天向上!";s:7:"iconurl";s:64:"https://oi7ro6pyq.qnssl.com/5d464b9381d49d2394235b79fdb4fc09.png";};
client_ip:192.168.1.65
error_no
error_msg:success
=====================2017-05-15 17:24:57===========================
service_cost:39.426
time:15/May/2017:17:24:57 +0800
entrance_type:Mozilla/5.0 (Windows NT 10.0; WOW64) AppleWebKit/537.36 (KHTML, like Gecko) Chrome/57.0.2987.110 Safari/537.36
ourl:/sport/action?pn=10
request_method:GET
cookie:PHPSESSID:dv7ne00di4bh4058ocarmkdc45;ttxs:a:4:{s:3:"_id";s:24:"58a10c2dd79e4fc8f83f6cf1";s:8:"username";s:7:"chenyun";s:7:"profile";s:28:"好好学习，天天向上!";s:7:"iconurl";s:64:"https://oi7ro6pyq.qnssl.com/5d464b9381d49d2394235b79fdb4fc09.png";};
client_ip:192.168.1.65
error_no
error_msg:success
=====================2017-05-15 17:25:03===========================
service_cost:32.921
time:15/May/2017:17:25:03 +0800
entrance_type:Mozilla/5.0 (Windows NT 10.0; WOW64) AppleWebKit/537.36 (KHTML, like Gecko) Chrome/57.0.2987.110 Safari/537.36
ourl:/sport/action?pn=11
request_method:GET
cookie:PHPSESSID:dv7ne00di4bh4058ocarmkdc45;ttxs:a:4:{s:3:"_id";s:24:"58a10c2dd79e4fc8f83f6cf1";s:8:"username";s:7:"chenyun";s:7:"profile";s:28:"好好学习，天天向上!";s:7:"iconurl";s:64:"https://oi7ro6pyq.qnssl.com/5d464b9381d49d2394235b79fdb4fc09.png";};
client_ip:192.168.1.65
error_no
error_msg:success
=====================2017-05-15 17:25:06===========================
service_cost:44.515
time:15/May/2017:17:25:06 +0800
entrance_type:Mozilla/5.0 (Windows NT 10.0; WOW64) AppleWebKit/537.36 (KHTML, like Gecko) Chrome/57.0.2987.110 Safari/537.36
ourl:/sport/action?pn=12
request_method:GET
cookie:PHPSESSID:dv7ne00di4bh4058ocarmkdc45;ttxs:a:4:{s:3:"_id";s:24:"58a10c2dd79e4fc8f83f6cf1";s:8:"username";s:7:"chenyun";s:7:"profile";s:28:"好好学习，天天向上!";s:7:"iconurl";s:64:"https://oi7ro6pyq.qnssl.com/5d464b9381d49d2394235b79fdb4fc09.png";};
client_ip:192.168.1.65
error_no
error_msg:success
=====================2017-05-15 17:25:09===========================
service_cost:34.135
time:15/May/2017:17:25:09 +0800
entrance_type:Mozilla/5.0 (Windows NT 10.0; WOW64) AppleWebKit/537.36 (KHTML, like Gecko) Chrome/57.0.2987.110 Safari/537.36
ourl:/sport/action?pn=13
request_method:GET
cookie:PHPSESSID:dv7ne00di4bh4058ocarmkdc45;ttxs:a:4:{s:3:"_id";s:24:"58a10c2dd79e4fc8f83f6cf1";s:8:"username";s:7:"chenyun";s:7:"profile";s:28:"好好学习，天天向上!";s:7:"iconurl";s:64:"https://oi7ro6pyq.qnssl.com/5d464b9381d49d2394235b79fdb4fc09.png";};
client_ip:192.168.1.65
error_no
error_msg:success
=====================2017-05-15 17:25:11===========================
service_cost:18.841
time:15/May/2017:17:25:11 +0800
entrance_type:Mozilla/5.0 (Windows NT 10.0; WOW64) AppleWebKit/537.36 (KHTML, like Gecko) Chrome/57.0.2987.110 Safari/537.36
ourl:/sport/action?pn=15
request_method:GET
cookie:PHPSESSID:dv7ne00di4bh4058ocarmkdc45;ttxs:a:4:{s:3:"_id";s:24:"58a10c2dd79e4fc8f83f6cf1";s:8:"username";s:7:"chenyun";s:7:"profile";s:28:"好好学习，天天向上!";s:7:"iconurl";s:64:"https://oi7ro6pyq.qnssl.com/5d464b9381d49d2394235b79fdb4fc09.png";};
client_ip:192.168.1.65
error_no
error_msg:success
=====================2017-05-15 17:25:13===========================
service_cost:33.354
time:15/May/2017:17:25:13 +0800
entrance_type:Mozilla/5.0 (Windows NT 10.0; WOW64) AppleWebKit/537.36 (KHTML, like Gecko) Chrome/57.0.2987.110 Safari/537.36
ourl:/sport/action?pn=32
request_method:GET
cookie:PHPSESSID:dv7ne00di4bh4058ocarmkdc45;ttxs:a:4:{s:3:"_id";s:24:"58a10c2dd79e4fc8f83f6cf1";s:8:"username";s:7:"chenyun";s:7:"profile";s:28:"好好学习，天天向上!";s:7:"iconurl";s:64:"https://oi7ro6pyq.qnssl.com/5d464b9381d49d2394235b79fdb4fc09.png";};
client_ip:192.168.1.65
error_no
error_msg:success
=====================2017-05-15 17:25:31===========================
service_cost:33.346
time:15/May/2017:17:25:31 +0800
entrance_type:Mozilla/5.0 (Windows NT 10.0; WOW64) AppleWebKit/537.36 (KHTML, like Gecko) Chrome/57.0.2987.110 Safari/537.36
ourl:/sport/action?pn=1
request_method:GET
cookie:PHPSESSID:dv7ne00di4bh4058ocarmkdc45;ttxs:a:4:{s:3:"_id";s:24:"58a10c2dd79e4fc8f83f6cf1";s:8:"username";s:7:"chenyun";s:7:"profile";s:28:"好好学习，天天向上!";s:7:"iconurl";s:64:"https://oi7ro6pyq.qnssl.com/5d464b9381d49d2394235b79fdb4fc09.png";};
client_ip:192.168.1.65
error_no
error_msg:success
=====================2017-05-15 17:26:12===========================
service_cost:28.141
time:15/May/2017:17:26:12 +0800
entrance_type:Mozilla/5.0 (Windows NT 10.0; WOW64) AppleWebKit/537.36 (KHTML, like Gecko) Chrome/57.0.2987.110 Safari/537.36
ourl:/sport/action?pn=2
request_method:GET
cookie:PHPSESSID:dv7ne00di4bh4058ocarmkdc45;ttxs:a:4:{s:3:"_id";s:24:"58a10c2dd79e4fc8f83f6cf1";s:8:"username";s:7:"chenyun";s:7:"profile";s:28:"好好学习，天天向上!";s:7:"iconurl";s:64:"https://oi7ro6pyq.qnssl.com/5d464b9381d49d2394235b79fdb4fc09.png";};
client_ip:192.168.1.65
error_no
error_msg:success
=====================2017-05-15 17:26:14===========================
service_cost:26.317
time:15/May/2017:17:26:14 +0800
entrance_type:Mozilla/5.0 (Windows NT 10.0; WOW64) AppleWebKit/537.36 (KHTML, like Gecko) Chrome/57.0.2987.110 Safari/537.36
ourl:/sport/action?pn=3
request_method:GET
cookie:PHPSESSID:dv7ne00di4bh4058ocarmkdc45;ttxs:a:4:{s:3:"_id";s:24:"58a10c2dd79e4fc8f83f6cf1";s:8:"username";s:7:"chenyun";s:7:"profile";s:28:"好好学习，天天向上!";s:7:"iconurl";s:64:"https://oi7ro6pyq.qnssl.com/5d464b9381d49d2394235b79fdb4fc09.png";};
client_ip:192.168.1.65
error_no
error_msg:success
=====================2017-05-15 17:26:15===========================
service_cost:20.603
time:15/May/2017:17:26:15 +0800
entrance_type:Mozilla/5.0 (Windows NT 10.0; WOW64) AppleWebKit/537.36 (KHTML, like Gecko) Chrome/57.0.2987.110 Safari/537.36
ourl:/sport/action?pn=4
request_method:GET
cookie:PHPSESSID:dv7ne00di4bh4058ocarmkdc45;ttxs:a:4:{s:3:"_id";s:24:"58a10c2dd79e4fc8f83f6cf1";s:8:"username";s:7:"chenyun";s:7:"profile";s:28:"好好学习，天天向上!";s:7:"iconurl";s:64:"https://oi7ro6pyq.qnssl.com/5d464b9381d49d2394235b79fdb4fc09.png";};
client_ip:192.168.1.65
error_no
error_msg:success
=====================2017-05-15 17:26:16===========================
service_cost:17.867
time:15/May/2017:17:26:16 +0800
entrance_type:Mozilla/5.0 (Windows NT 10.0; WOW64) AppleWebKit/537.36 (KHTML, like Gecko) Chrome/57.0.2987.110 Safari/537.36
ourl:/sport/action?pn=5
request_method:GET
cookie:PHPSESSID:dv7ne00di4bh4058ocarmkdc45;ttxs:a:4:{s:3:"_id";s:24:"58a10c2dd79e4fc8f83f6cf1";s:8:"username";s:7:"chenyun";s:7:"profile";s:28:"好好学习，天天向上!";s:7:"iconurl";s:64:"https://oi7ro6pyq.qnssl.com/5d464b9381d49d2394235b79fdb4fc09.png";};
client_ip:192.168.1.65
error_no
error_msg:success
=====================2017-05-15 17:26:18===========================
service_cost:61.048
time:15/May/2017:17:26:18 +0800
entrance_type:Mozilla/5.0 (Windows NT 10.0; WOW64) AppleWebKit/537.36 (KHTML, like Gecko) Chrome/57.0.2987.110 Safari/537.36
ourl:/sport/action?pn=6
request_method:GET
cookie:PHPSESSID:dv7ne00di4bh4058ocarmkdc45;ttxs:a:4:{s:3:"_id";s:24:"58a10c2dd79e4fc8f83f6cf1";s:8:"username";s:7:"chenyun";s:7:"profile";s:28:"好好学习，天天向上!";s:7:"iconurl";s:64:"https://oi7ro6pyq.qnssl.com/5d464b9381d49d2394235b79fdb4fc09.png";};
client_ip:192.168.1.65
error_no
error_msg:success
=====================2017-05-15 17:26:20===========================
service_cost:85.081
time:15/May/2017:17:26:20 +0800
entrance_type:Mozilla/5.0 (Windows NT 10.0; WOW64) AppleWebKit/537.36 (KHTML, like Gecko) Chrome/57.0.2987.110 Safari/537.36
ourl:/sport/action?pn=7
request_method:GET
cookie:PHPSESSID:dv7ne00di4bh4058ocarmkdc45;ttxs:a:4:{s:3:"_id";s:24:"58a10c2dd79e4fc8f83f6cf1";s:8:"username";s:7:"chenyun";s:7:"profile";s:28:"好好学习，天天向上!";s:7:"iconurl";s:64:"https://oi7ro6pyq.qnssl.com/5d464b9381d49d2394235b79fdb4fc09.png";};
client_ip:192.168.1.65
error_no
error_msg:success
=====================2017-05-15 17:26:23===========================
service_cost:18.821
time:15/May/2017:17:26:23 +0800
entrance_type:Mozilla/5.0 (Windows NT 10.0; WOW64) AppleWebKit/537.36 (KHTML, like Gecko) Chrome/57.0.2987.110 Safari/537.36
ourl:/sport/action?pn=8
request_method:GET
cookie:PHPSESSID:dv7ne00di4bh4058ocarmkdc45;ttxs:a:4:{s:3:"_id";s:24:"58a10c2dd79e4fc8f83f6cf1";s:8:"username";s:7:"chenyun";s:7:"profile";s:28:"好好学习，天天向上!";s:7:"iconurl";s:64:"https://oi7ro6pyq.qnssl.com/5d464b9381d49d2394235b79fdb4fc09.png";};
client_ip:192.168.1.65
error_no
error_msg:success
=====================2017-05-15 17:26:25===========================
service_cost:20.881
time:15/May/2017:17:26:25 +0800
entrance_type:Mozilla/5.0 (Windows NT 10.0; WOW64) AppleWebKit/537.36 (KHTML, like Gecko) Chrome/57.0.2987.110 Safari/537.36
ourl:/sport/action?pn=10
request_method:GET
cookie:PHPSESSID:dv7ne00di4bh4058ocarmkdc45;ttxs:a:4:{s:3:"_id";s:24:"58a10c2dd79e4fc8f83f6cf1";s:8:"username";s:7:"chenyun";s:7:"profile";s:28:"好好学习，天天向上!";s:7:"iconurl";s:64:"https://oi7ro6pyq.qnssl.com/5d464b9381d49d2394235b79fdb4fc09.png";};
client_ip:192.168.1.65
error_no
error_msg:success
=====================2017-05-15 17:28:06===========================
service_cost:30.554
time:15/May/2017:17:28:06 +0800
entrance_type:Mozilla/5.0 (Windows NT 10.0; WOW64) AppleWebKit/537.36 (KHTML, like Gecko) Chrome/57.0.2987.110 Safari/537.36
ourl:/sport/action?pn=10
request_method:GET
cookie:PHPSESSID:dv7ne00di4bh4058ocarmkdc45;ttxs:a:4:{s:3:"_id";s:24:"58a10c2dd79e4fc8f83f6cf1";s:8:"username";s:7:"chenyun";s:7:"profile";s:28:"好好学习，天天向上!";s:7:"iconurl";s:64:"https://oi7ro6pyq.qnssl.com/5d464b9381d49d2394235b79fdb4fc09.png";};
client_ip:192.168.1.65
error_no
error_msg:success
=====================2017-05-15 17:30:59===========================
service_cost:440.406
time:15/May/2017:17:30:59 +0800
entrance_type:Mozilla/5.0 (Windows NT 10.0; WOW64) AppleWebKit/537.36 (KHTML, like Gecko) Chrome/57.0.2987.110 Safari/537.36
ourl:/sport/banner
request_method:GET
cookie:PHPSESSID:dv7ne00di4bh4058ocarmkdc45;ttxs:a:4:{s:3:"_id";s:24:"58a10c2dd79e4fc8f83f6cf1";s:8:"username";s:7:"chenyun";s:7:"profile";s:28:"好好学习，天天向上!";s:7:"iconurl";s:64:"https://oi7ro6pyq.qnssl.com/5d464b9381d49d2394235b79fdb4fc09.png";};
client_ip:192.168.1.65
error_no
error_msg:success
