=====================2017-05-09 17:05:38===========================
service_cost:-83.194
time:09/May/2017:17:05:38 +0800
entrance_type:Mozilla/5.0 (Windows NT 10.0; WOW64) AppleWebKit/537.36 (KHTML, like Gecko) Chrome/57.0.2987.110 Safari/537.36
ourl:/user/dologin
request_method:POST
cookie:PHPSESSID:0h7ideta3h94khnqjl09l4s0l6;
client_ip:192.168.1.65
error_no:-1
error_msg:未知错误
=====================2017-05-09 17:12:28===========================
service_cost:13.493
time:09/May/2017:17:12:28 +0800
entrance_type:Mozilla/5.0 (Windows NT 10.0; WOW64) AppleWebKit/537.36 (KHTML, like Gecko) Chrome/57.0.2987.110 Safari/537.36
ourl:/user/dologin
request_method:POST
cookie:PHPSESSID:0h7ideta3h94khnqjl09l4s0l6;
client_ip:192.168.1.65
error_no:-1
error_msg:未知错误
=====================2017-05-09 17:13:07===========================
service_cost:19.28
time:09/May/2017:17:13:07 +0800
entrance_type:Mozilla/5.0 (Windows NT 10.0; WOW64) AppleWebKit/537.36 (KHTML, like Gecko) Chrome/57.0.2987.110 Safari/537.36
ourl:/user/dologin
request_method:POST
cookie:PHPSESSID:0h7ideta3h94khnqjl09l4s0l6;
client_ip:192.168.1.65
error_no:-1
error_msg:未知错误
=====================2017-05-09 17:16:26===========================
service_cost:15.56
time:09/May/2017:17:16:26 +0800
entrance_type:Mozilla/5.0 (Windows NT 10.0; WOW64) AppleWebKit/537.36 (KHTML, like Gecko) Chrome/57.0.2987.110 Safari/537.36
ourl:/user/dologin
request_method:POST
cookie:PHPSESSID:0h7ideta3h94khnqjl09l4s0l6;
client_ip:192.168.1.65
error_no
error_msg:success
=====================2017-05-09 17:16:27===========================
service_cost:0.0099999999999996
time:09/May/2017:17:16:27 +0800
entrance_type:Mozilla/5.0 (Windows NT 10.0; WOW64) AppleWebKit/537.36 (KHTML, like Gecko) Chrome/57.0.2987.110 Safari/537.36
ourl:/
request_method:GET
cookie:PHPSESSID:0h7ideta3h94khnqjl09l4s0l6;
client_ip:192.168.1.65
error_no
error_msg:success
=====================2017-05-09 17:16:33===========================
service_cost:12.365
time:09/May/2017:17:16:33 +0800
entrance_type:Mozilla/5.0 (Windows NT 10.0; WOW64) AppleWebKit/537.36 (KHTML, like Gecko) Chrome/57.0.2987.110 Safari/537.36
ourl:/sport/project
request_method:GET
cookie:PHPSESSID:0h7ideta3h94khnqjl09l4s0l6;
client_ip:192.168.1.65
error_no
error_msg:success
=====================2017-05-09 17:16:35===========================
service_cost:44.974
time:09/May/2017:17:16:35 +0800
entrance_type:Mozilla/5.0 (Windows NT 10.0; WOW64) AppleWebKit/537.36 (KHTML, like Gecko) Chrome/57.0.2987.110 Safari/537.36
ourl:/sport/p/590c197be1382304ad3fdc3e.html
request_method:GET
cookie:PHPSESSID:0h7ideta3h94khnqjl09l4s0l6;
client_ip:192.168.1.65
error_no
error_msg:success
=====================2017-05-09 17:17:05===========================
service_cost:20.29
time:09/May/2017:17:17:05 +0800
entrance_type:Mozilla/5.0 (Windows NT 10.0; Win64; x64) AppleWebKit/537.36 (KHTML, like Gecko) Chrome/51.0.2704.79 Safari/537.36 Edge/14.14393
ourl:/user/dologin
request_method:POST
cookie:PHPSESSID:uqagf3b2m63k2nj0hfunmp62r6;
client_ip:192.168.1.18
error_no
error_msg:success
=====================2017-05-09 17:17:05===========================
service_cost:0.033000000000005
time:09/May/2017:17:17:05 +0800
entrance_type:Mozilla/5.0 (Windows NT 10.0; Win64; x64) AppleWebKit/537.36 (KHTML, like Gecko) Chrome/51.0.2704.79 Safari/537.36 Edge/14.14393
ourl:/
request_method:GET
cookie:PHPSESSID:uqagf3b2m63k2nj0hfunmp62r6;
client_ip:192.168.1.18
error_no
error_msg:success
=====================2017-05-09 17:17:07===========================
service_cost:11.777
time:09/May/2017:17:17:07 +0800
entrance_type:Mozilla/5.0 (Windows NT 10.0; Win64; x64) AppleWebKit/537.36 (KHTML, like Gecko) Chrome/51.0.2704.79 Safari/537.36 Edge/14.14393
ourl:/sport/project
request_method:GET
cookie:PHPSESSID:uqagf3b2m63k2nj0hfunmp62r6;
client_ip:192.168.1.18
error_no
error_msg:success
=====================2017-05-09 17:17:25===========================
service_cost:38.06
time:09/May/2017:17:17:25 +0800
entrance_type:Mozilla/5.0 (Windows NT 10.0; Win64; x64) AppleWebKit/537.36 (KHTML, like Gecko) Chrome/51.0.2704.79 Safari/537.36 Edge/14.14393
ourl:/sport/p/590c197be1382304ad3fdc3e.html
request_method:GET
cookie:PHPSESSID:uqagf3b2m63k2nj0hfunmp62r6;
client_ip:192.168.1.18
error_no
error_msg:success
=====================2017-05-09 17:17:39===========================
service_cost:13.826
time:09/May/2017:17:17:39 +0800
entrance_type:Mozilla/5.0 (Windows NT 10.0; Win64; x64) AppleWebKit/537.36 (KHTML, like Gecko) Chrome/51.0.2704.79 Safari/537.36 Edge/14.14393
ourl:/sport/project
request_method:GET
cookie:PHPSESSID:uqagf3b2m63k2nj0hfunmp62r6;
client_ip:192.168.1.18
error_no
error_msg:success
=====================2017-05-09 17:17:40===========================
service_cost:24.418
time:09/May/2017:17:17:40 +0800
entrance_type:Mozilla/5.0 (Windows NT 10.0; Win64; x64) AppleWebKit/537.36 (KHTML, like Gecko) Chrome/51.0.2704.79 Safari/537.36 Edge/14.14393
ourl:/sport/action
request_method:GET
cookie:PHPSESSID:uqagf3b2m63k2nj0hfunmp62r6;
client_ip:192.168.1.18
error_no
error_msg:success
=====================2017-05-09 17:17:41===========================
service_cost:22.215
time:09/May/2017:17:17:41 +0800
entrance_type:Mozilla/5.0 (Windows NT 10.0; Win64; x64) AppleWebKit/537.36 (KHTML, like Gecko) Chrome/51.0.2704.79 Safari/537.36 Edge/14.14393
ourl:/sport/action?pn=1
request_method:GET
cookie:PHPSESSID:uqagf3b2m63k2nj0hfunmp62r6;
client_ip:192.168.1.18
error_no
error_msg:success
=====================2017-05-09 17:18:34===========================
service_cost:35.365
time:09/May/2017:17:18:34 +0800
entrance_type:Mozilla/5.0 (Windows NT 10.0; Win64; x64) AppleWebKit/537.36 (KHTML, like Gecko) Chrome/51.0.2704.79 Safari/537.36 Edge/14.14393
ourl:/sport/action?pn=2
request_method:GET
cookie:PHPSESSID:uqagf3b2m63k2nj0hfunmp62r6;
client_ip:192.168.1.18
error_no
error_msg:success
=====================2017-05-09 17:18:39===========================
service_cost:26.133
time:09/May/2017:17:18:39 +0800
entrance_type:Mozilla/5.0 (Windows NT 10.0; Win64; x64) AppleWebKit/537.36 (KHTML, like Gecko) Chrome/51.0.2704.79 Safari/537.36 Edge/14.14393
ourl:/sport/action?pn=3
request_method:GET
cookie:PHPSESSID:uqagf3b2m63k2nj0hfunmp62r6;
client_ip:192.168.1.18
error_no
error_msg:success
=====================2017-05-09 17:18:42===========================
service_cost:33.835
time:09/May/2017:17:18:42 +0800
entrance_type:Mozilla/5.0 (Windows NT 10.0; Win64; x64) AppleWebKit/537.36 (KHTML, like Gecko) Chrome/51.0.2704.79 Safari/537.36 Edge/14.14393
ourl:/sport/action?pn=4
request_method:GET
cookie:PHPSESSID:uqagf3b2m63k2nj0hfunmp62r6;
client_ip:192.168.1.18
error_no
error_msg:success
=====================2017-05-09 17:18:44===========================
service_cost:17.923
time:09/May/2017:17:18:44 +0800
entrance_type:Mozilla/5.0 (Windows NT 10.0; Win64; x64) AppleWebKit/537.36 (KHTML, like Gecko) Chrome/51.0.2704.79 Safari/537.36 Edge/14.14393
ourl:/sport/action?pn=5
request_method:GET
cookie:PHPSESSID:uqagf3b2m63k2nj0hfunmp62r6;
client_ip:192.168.1.18
error_no
error_msg:success
=====================2017-05-09 17:18:46===========================
service_cost:24.98
time:09/May/2017:17:18:46 +0800
entrance_type:Mozilla/5.0 (Windows NT 10.0; Win64; x64) AppleWebKit/537.36 (KHTML, like Gecko) Chrome/51.0.2704.79 Safari/537.36 Edge/14.14393
ourl:/sport/action?pn=6
request_method:GET
cookie:PHPSESSID:uqagf3b2m63k2nj0hfunmp62r6;
client_ip:192.168.1.18
error_no
error_msg:success
=====================2017-05-09 17:18:48===========================
service_cost:22.436
time:09/May/2017:17:18:48 +0800
entrance_type:Mozilla/5.0 (Windows NT 10.0; Win64; x64) AppleWebKit/537.36 (KHTML, like Gecko) Chrome/51.0.2704.79 Safari/537.36 Edge/14.14393
ourl:/sport/action?pn=7
request_method:GET
cookie:PHPSESSID:uqagf3b2m63k2nj0hfunmp62r6;
client_ip:192.168.1.18
error_no
error_msg:success
=====================2017-05-09 17:18:57===========================
service_cost:636.92
time:09/May/2017:17:18:57 +0800
entrance_type:Mozilla/5.0 (Windows NT 10.0; Win64; x64) AppleWebKit/537.36 (KHTML, like Gecko) Chrome/51.0.2704.79 Safari/537.36 Edge/14.14393
ourl:/sport/banner
request_method:GET
cookie:PHPSESSID:uqagf3b2m63k2nj0hfunmp62r6;
client_ip:192.168.1.18
error_no
error_msg:success
=====================2017-05-09 17:22:03===========================
service_cost:-973.012
time:09/May/2017:17:22:03 +0800
entrance_type:Mozilla/5.0 (Windows NT 10.0; WOW64) AppleWebKit/537.36 (KHTML, like Gecko) Chrome/57.0.2987.110 Safari/537.36
ourl:/feedback/index
request_method:GET
cookie:PHPSESSID:0h7ideta3h94khnqjl09l4s0l6;
client_ip:192.168.1.65
error_no
error_msg:success
=====================2017-05-09 17:22:03===========================
service_cost:30.242
time:09/May/2017:17:22:03 +0800
entrance_type:Mozilla/5.0 (Windows NT 10.0; WOW64) AppleWebKit/537.36 (KHTML, like Gecko) Chrome/57.0.2987.110 Safari/537.36
ourl:/feedback/index?pn=1
request_method:GET
cookie:PHPSESSID:0h7ideta3h94khnqjl09l4s0l6;
client_ip:192.168.1.65
error_no
error_msg:success
=====================2017-05-09 17:22:21===========================
service_cost:-400.973
time:09/May/2017:17:22:21 +0800
entrance_type:Mozilla/5.0 (Windows NT 10.0; WOW64) AppleWebKit/537.36 (KHTML, like Gecko) Chrome/57.0.2987.110 Safari/537.36
ourl:/sport/banner
request_method:GET
cookie:PHPSESSID:0h7ideta3h94khnqjl09l4s0l6;
client_ip:192.168.1.65
error_no
error_msg:success
=====================2017-05-09 17:22:48===========================
service_cost:28.715
time:09/May/2017:17:22:48 +0800
entrance_type:Mozilla/5.0 (Windows NT 10.0; WOW64) AppleWebKit/537.36 (KHTML, like Gecko) Chrome/57.0.2987.110 Safari/537.36
ourl:/sport/editBanner?_id=58f0eac76eb7ccda15faf3b8
request_method:POST
cookie:PHPSESSID:0h7ideta3h94khnqjl09l4s0l6;
client_ip:192.168.1.65
error_no
error_msg:success
=====================2017-05-09 17:22:48===========================
service_cost:181.427
time:09/May/2017:17:22:48 +0800
entrance_type:Mozilla/5.0 (Windows NT 10.0; WOW64) AppleWebKit/537.36 (KHTML, like Gecko) Chrome/57.0.2987.110 Safari/537.36
ourl:/sport/banner
request_method:GET
cookie:PHPSESSID:0h7ideta3h94khnqjl09l4s0l6;
client_ip:192.168.1.65
error_no
error_msg:success
=====================2017-05-09 17:22:57===========================
service_cost:6.08
time:09/May/2017:17:22:57 +0800
entrance_type:Mozilla/5.0 (Windows NT 10.0; WOW64) AppleWebKit/537.36 (KHTML, like Gecko) Chrome/57.0.2987.110 Safari/537.36
ourl:/sport/editBanner?_id=58f0eac76eb7ccda15faf3b9
request_method:POST
cookie:PHPSESSID:0h7ideta3h94khnqjl09l4s0l6;
client_ip:192.168.1.65
error_no
error_msg:success
=====================2017-05-09 17:22:57===========================
service_cost:106.806
time:09/May/2017:17:22:57 +0800
entrance_type:Mozilla/5.0 (Windows NT 10.0; WOW64) AppleWebKit/537.36 (KHTML, like Gecko) Chrome/57.0.2987.110 Safari/537.36
ourl:/sport/banner
request_method:GET
cookie:PHPSESSID:0h7ideta3h94khnqjl09l4s0l6;
client_ip:192.168.1.65
error_no
error_msg:success
=====================2017-05-09 17:23:10===========================
service_cost:10.295
time:09/May/2017:17:23:10 +0800
entrance_type:Mozilla/5.0 (Windows NT 10.0; WOW64) AppleWebKit/537.36 (KHTML, like Gecko) Chrome/57.0.2987.110 Safari/537.36
ourl:/sport/editBanner?_id=58f0eac76eb7ccda15faf3ba
request_method:POST
cookie:PHPSESSID:0h7ideta3h94khnqjl09l4s0l6;
client_ip:192.168.1.65
error_no
error_msg:success
=====================2017-05-09 17:23:11===========================
service_cost:-870.999
time:09/May/2017:17:23:11 +0800
entrance_type:Mozilla/5.0 (Windows NT 10.0; WOW64) AppleWebKit/537.36 (KHTML, like Gecko) Chrome/57.0.2987.110 Safari/537.36
ourl:/sport/banner
request_method:GET
cookie:PHPSESSID:0h7ideta3h94khnqjl09l4s0l6;
client_ip:192.168.1.65
error_no
error_msg:success
=====================2017-05-09 17:23:25===========================
service_cost:6.879
time:09/May/2017:17:23:25 +0800
entrance_type:Mozilla/5.0 (Windows NT 10.0; WOW64) AppleWebKit/537.36 (KHTML, like Gecko) Chrome/57.0.2987.110 Safari/537.36
ourl:/sport/editBanner?_id=58f0eac76eb7ccda15faf3b2
request_method:POST
cookie:PHPSESSID:0h7ideta3h94khnqjl09l4s0l6;
client_ip:192.168.1.65
error_no
error_msg:success
=====================2017-05-09 17:23:25===========================
service_cost:118.765
time:09/May/2017:17:23:25 +0800
entrance_type:Mozilla/5.0 (Windows NT 10.0; WOW64) AppleWebKit/537.36 (KHTML, like Gecko) Chrome/57.0.2987.110 Safari/537.36
ourl:/sport/banner
request_method:GET
cookie:PHPSESSID:0h7ideta3h94khnqjl09l4s0l6;
client_ip:192.168.1.65
error_no
error_msg:success
=====================2017-05-09 17:23:36===========================
service_cost:9.611
time:09/May/2017:17:23:36 +0800
entrance_type:Mozilla/5.0 (Windows NT 10.0; WOW64) AppleWebKit/537.36 (KHTML, like Gecko) Chrome/57.0.2987.110 Safari/537.36
ourl:/sport/editBanner?_id=58f0eac76eb7ccda15faf3b3
request_method:POST
cookie:PHPSESSID:0h7ideta3h94khnqjl09l4s0l6;
client_ip:192.168.1.65
error_no
error_msg:success
=====================2017-05-09 17:23:36===========================
service_cost:107.299
time:09/May/2017:17:23:36 +0800
entrance_type:Mozilla/5.0 (Windows NT 10.0; WOW64) AppleWebKit/537.36 (KHTML, like Gecko) Chrome/57.0.2987.110 Safari/537.36
ourl:/sport/banner
request_method:GET
cookie:PHPSESSID:0h7ideta3h94khnqjl09l4s0l6;
client_ip:192.168.1.65
error_no
error_msg:success
