=====================2017-05-03 09:22:27===========================
service_cost:-346.033
time:03/May/2017:09:22:27 +0800
entrance_type:Mozilla/5.0 (Windows NT 10.0; WOW64) AppleWebKit/537.36 (KHTML, like Gecko) Chrome/57.0.2987.110 Safari/537.36
ourl:/feedback/index?pn=1
request_method:GET
cookie:PHPSESSID:dv7ne00di4bh4058ocarmkdc45;ttxs:a:4:{s:3:"_id";s:24:"58a10c2dd79e4fc8f83f6cf1";s:8:"username";s:7:"chenyun";s:7:"profile";s:28:"好好学习，天天向上!";s:7:"iconurl";s:64:"https://oi7ro6pyq.qnssl.com/5d464b9381d49d2394235b79fdb4fc09.png";};
client_ip:192.168.1.54
error_no:13053
error_msg:No suitable servers found (`serverSelectionTryOnce` set): [connection closed calling ismaster on '60.205.136.72:27001']
=====================2017-05-03 09:22:39===========================
service_cost:56.769
time:03/May/2017:09:22:39 +0800
entrance_type:Mozilla/5.0 (Windows NT 10.0; WOW64) AppleWebKit/537.36 (KHTML, like Gecko) Chrome/57.0.2987.110 Safari/537.36
ourl:/feedback/index
request_method:GET
cookie:PHPSESSID:dv7ne00di4bh4058ocarmkdc45;ttxs:a:4:{s:3:"_id";s:24:"58a10c2dd79e4fc8f83f6cf1";s:8:"username";s:7:"chenyun";s:7:"profile";s:28:"好好学习，天天向上!";s:7:"iconurl";s:64:"https://oi7ro6pyq.qnssl.com/5d464b9381d49d2394235b79fdb4fc09.png";};
client_ip:192.168.1.54
error_no:13053
error_msg:No suitable servers found (`serverSelectionTryOnce` set): [connection closed calling ismaster on '60.205.136.72:27001']
=====================2017-05-03 09:22:49===========================
service_cost:-299.574
time:03/May/2017:09:22:49 +0800
entrance_type:Mozilla/5.0 (Windows NT 10.0; WOW64) AppleWebKit/537.36 (KHTML, like Gecko) Chrome/57.0.2987.110 Safari/537.36
ourl:/feedback/index
request_method:GET
cookie:PHPSESSID:dv7ne00di4bh4058ocarmkdc45;ttxs:a:4:{s:3:"_id";s:24:"58a10c2dd79e4fc8f83f6cf1";s:8:"username";s:7:"chenyun";s:7:"profile";s:28:"好好学习，天天向上!";s:7:"iconurl";s:64:"https://oi7ro6pyq.qnssl.com/5d464b9381d49d2394235b79fdb4fc09.png";};
client_ip:192.168.1.54
error_no
error_msg:success
=====================2017-05-03 09:22:52===========================
service_cost:-67.708
time:03/May/2017:09:22:52 +0800
entrance_type:Mozilla/5.0 (Windows NT 10.0; WOW64) AppleWebKit/537.36 (KHTML, like Gecko) Chrome/57.0.2987.110 Safari/537.36
ourl:/feedback/index?pn=1
request_method:GET
cookie:PHPSESSID:dv7ne00di4bh4058ocarmkdc45;ttxs:a:4:{s:3:"_id";s:24:"58a10c2dd79e4fc8f83f6cf1";s:8:"username";s:7:"chenyun";s:7:"profile";s:28:"好好学习，天天向上!";s:7:"iconurl";s:64:"https://oi7ro6pyq.qnssl.com/5d464b9381d49d2394235b79fdb4fc09.png";};
client_ip:192.168.1.54
error_no
error_msg:success
=====================2017-05-03 09:24:02===========================
service_cost:27.432
time:03/May/2017:09:24:02 +0800
entrance_type:Mozilla/5.0 (Windows NT 10.0; WOW64) AppleWebKit/537.36 (KHTML, like Gecko) Chrome/57.0.2987.110 Safari/537.36
ourl:/feedback/index?pn=1
request_method:GET
cookie:PHPSESSID:dv7ne00di4bh4058ocarmkdc45;ttxs:a:4:{s:3:"_id";s:24:"58a10c2dd79e4fc8f83f6cf1";s:8:"username";s:7:"chenyun";s:7:"profile";s:28:"好好学习，天天向上!";s:7:"iconurl";s:64:"https://oi7ro6pyq.qnssl.com/5d464b9381d49d2394235b79fdb4fc09.png";};
client_ip:192.168.1.54
error_no
error_msg:success
=====================2017-05-03 09:25:05===========================
service_cost:26.241
time:03/May/2017:09:25:05 +0800
entrance_type:Mozilla/5.0 (Windows NT 10.0; WOW64) AppleWebKit/537.36 (KHTML, like Gecko) Chrome/57.0.2987.110 Safari/537.36
ourl:/feedback/index?pn=1
request_method:GET
cookie:PHPSESSID:dv7ne00di4bh4058ocarmkdc45;ttxs:a:4:{s:3:"_id";s:24:"58a10c2dd79e4fc8f83f6cf1";s:8:"username";s:7:"chenyun";s:7:"profile";s:28:"好好学习，天天向上!";s:7:"iconurl";s:64:"https://oi7ro6pyq.qnssl.com/5d464b9381d49d2394235b79fdb4fc09.png";};
client_ip:192.168.1.54
error_no
error_msg:success
=====================2017-05-03 09:26:04===========================
service_cost:63.857
time:03/May/2017:09:26:04 +0800
entrance_type:Mozilla/5.0 (Windows NT 10.0; WOW64) AppleWebKit/537.36 (KHTML, like Gecko) Chrome/57.0.2987.110 Safari/537.36
ourl:/feedback/index?pn=1
request_method:GET
cookie:PHPSESSID:dv7ne00di4bh4058ocarmkdc45;ttxs:a:4:{s:3:"_id";s:24:"58a10c2dd79e4fc8f83f6cf1";s:8:"username";s:7:"chenyun";s:7:"profile";s:28:"好好学习，天天向上!";s:7:"iconurl";s:64:"https://oi7ro6pyq.qnssl.com/5d464b9381d49d2394235b79fdb4fc09.png";};
client_ip:192.168.1.54
error_no
error_msg:success
=====================2017-05-03 09:26:41===========================
service_cost:42.764
time:03/May/2017:09:26:41 +0800
entrance_type:Mozilla/5.0 (Windows NT 10.0; WOW64) AppleWebKit/537.36 (KHTML, like Gecko) Chrome/57.0.2987.110 Safari/537.36
ourl:/feedback/index?pn=1
request_method:GET
cookie:PHPSESSID:dv7ne00di4bh4058ocarmkdc45;ttxs:a:4:{s:3:"_id";s:24:"58a10c2dd79e4fc8f83f6cf1";s:8:"username";s:7:"chenyun";s:7:"profile";s:28:"好好学习，天天向上!";s:7:"iconurl";s:64:"https://oi7ro6pyq.qnssl.com/5d464b9381d49d2394235b79fdb4fc09.png";};
client_ip:192.168.1.54
error_no
error_msg:success
=====================2017-05-03 09:28:26===========================
service_cost:26.415
time:03/May/2017:09:28:26 +0800
entrance_type:Mozilla/5.0 (Windows NT 10.0; WOW64) AppleWebKit/537.36 (KHTML, like Gecko) Chrome/57.0.2987.110 Safari/537.36
ourl:/feedback/index?pn=1
request_method:GET
cookie:PHPSESSID:dv7ne00di4bh4058ocarmkdc45;ttxs:a:4:{s:3:"_id";s:24:"58a10c2dd79e4fc8f83f6cf1";s:8:"username";s:7:"chenyun";s:7:"profile";s:28:"好好学习，天天向上!";s:7:"iconurl";s:64:"https://oi7ro6pyq.qnssl.com/5d464b9381d49d2394235b79fdb4fc09.png";};
client_ip:192.168.1.54
error_no
error_msg:success
=====================2017-05-03 09:42:44===========================
service_cost:25.77
time:03/May/2017:09:42:44 +0800
entrance_type:Mozilla/5.0 (Windows NT 10.0; WOW64) AppleWebKit/537.36 (KHTML, like Gecko) Chrome/57.0.2987.110 Safari/537.36
ourl:/feedback/index?pn=1
request_method:GET
cookie:PHPSESSID:dv7ne00di4bh4058ocarmkdc45;ttxs:a:4:{s:3:"_id";s:24:"58a10c2dd79e4fc8f83f6cf1";s:8:"username";s:7:"chenyun";s:7:"profile";s:28:"好好学习，天天向上!";s:7:"iconurl";s:64:"https://oi7ro6pyq.qnssl.com/5d464b9381d49d2394235b79fdb4fc09.png";};
client_ip:192.168.1.54
error_no
error_msg:success
=====================2017-05-03 09:42:45===========================
service_cost:23.481
time:03/May/2017:09:42:45 +0800
entrance_type:Mozilla/5.0 (Windows NT 10.0; WOW64) AppleWebKit/537.36 (KHTML, like Gecko) Chrome/57.0.2987.110 Safari/537.36
ourl:/feedback/index?pn=1
request_method:GET
cookie:PHPSESSID:dv7ne00di4bh4058ocarmkdc45;ttxs:a:4:{s:3:"_id";s:24:"58a10c2dd79e4fc8f83f6cf1";s:8:"username";s:7:"chenyun";s:7:"profile";s:28:"好好学习，天天向上!";s:7:"iconurl";s:64:"https://oi7ro6pyq.qnssl.com/5d464b9381d49d2394235b79fdb4fc09.png";};
client_ip:192.168.1.54
error_no
error_msg:success
=====================2017-05-03 09:43:04===========================
service_cost:-963.943
time:03/May/2017:09:43:04 +0800
entrance_type:Mozilla/5.0 (Windows NT 10.0; WOW64) AppleWebKit/537.36 (KHTML, like Gecko) Chrome/57.0.2987.110 Safari/537.36
ourl:/feedback/index?pn=1
request_method:GET
cookie:PHPSESSID:dv7ne00di4bh4058ocarmkdc45;ttxs:a:4:{s:3:"_id";s:24:"58a10c2dd79e4fc8f83f6cf1";s:8:"username";s:7:"chenyun";s:7:"profile";s:28:"好好学习，天天向上!";s:7:"iconurl";s:64:"https://oi7ro6pyq.qnssl.com/5d464b9381d49d2394235b79fdb4fc09.png";};
client_ip:192.168.1.54
error_no
error_msg:success
=====================2017-05-03 09:43:10===========================
service_cost:30.838
time:03/May/2017:09:43:10 +0800
entrance_type:Mozilla/5.0 (Windows NT 10.0; WOW64) AppleWebKit/537.36 (KHTML, like Gecko) Chrome/57.0.2987.110 Safari/537.36
ourl:/feedback/index?pn=2
request_method:GET
cookie:PHPSESSID:dv7ne00di4bh4058ocarmkdc45;ttxs:a:4:{s:3:"_id";s:24:"58a10c2dd79e4fc8f83f6cf1";s:8:"username";s:7:"chenyun";s:7:"profile";s:28:"好好学习，天天向上!";s:7:"iconurl";s:64:"https://oi7ro6pyq.qnssl.com/5d464b9381d49d2394235b79fdb4fc09.png";};
client_ip:192.168.1.54
error_no
error_msg:success
=====================2017-05-03 09:43:13===========================
service_cost:26.847
time:03/May/2017:09:43:13 +0800
entrance_type:Mozilla/5.0 (Windows NT 10.0; WOW64) AppleWebKit/537.36 (KHTML, like Gecko) Chrome/57.0.2987.110 Safari/537.36
ourl:/feedback/index?pn=3
request_method:GET
cookie:PHPSESSID:dv7ne00di4bh4058ocarmkdc45;ttxs:a:4:{s:3:"_id";s:24:"58a10c2dd79e4fc8f83f6cf1";s:8:"username";s:7:"chenyun";s:7:"profile";s:28:"好好学习，天天向上!";s:7:"iconurl";s:64:"https://oi7ro6pyq.qnssl.com/5d464b9381d49d2394235b79fdb4fc09.png";};
client_ip:192.168.1.54
error_no
error_msg:success
=====================2017-05-03 09:43:15===========================
service_cost:36.848
time:03/May/2017:09:43:15 +0800
entrance_type:Mozilla/5.0 (Windows NT 10.0; WOW64) AppleWebKit/537.36 (KHTML, like Gecko) Chrome/57.0.2987.110 Safari/537.36
ourl:/feedback/index?pn=1
request_method:GET
cookie:PHPSESSID:dv7ne00di4bh4058ocarmkdc45;ttxs:a:4:{s:3:"_id";s:24:"58a10c2dd79e4fc8f83f6cf1";s:8:"username";s:7:"chenyun";s:7:"profile";s:28:"好好学习，天天向上!";s:7:"iconurl";s:64:"https://oi7ro6pyq.qnssl.com/5d464b9381d49d2394235b79fdb4fc09.png";};
client_ip:192.168.1.54
error_no
error_msg:success
=====================2017-05-03 09:51:49===========================
service_cost:24.12
time:03/May/2017:09:51:49 +0800
entrance_type:Mozilla/5.0 (Windows NT 10.0; WOW64) AppleWebKit/537.36 (KHTML, like Gecko) Chrome/57.0.2987.110 Safari/537.36
ourl:/feedback/index?pn=1
request_method:GET
cookie:PHPSESSID:dv7ne00di4bh4058ocarmkdc45;ttxs:a:4:{s:3:"_id";s:24:"58a10c2dd79e4fc8f83f6cf1";s:8:"username";s:7:"chenyun";s:7:"profile";s:28:"好好学习，天天向上!";s:7:"iconurl";s:64:"https://oi7ro6pyq.qnssl.com/5d464b9381d49d2394235b79fdb4fc09.png";};
client_ip:192.168.1.54
error_no
error_msg:success
=====================2017-05-03 09:52:12===========================
service_cost:41.292
time:03/May/2017:09:52:12 +0800
entrance_type:Mozilla/5.0 (Windows NT 10.0; WOW64) AppleWebKit/537.36 (KHTML, like Gecko) Chrome/57.0.2987.110 Safari/537.36
ourl:/feedback/index?pn=1
request_method:GET
cookie:PHPSESSID:dv7ne00di4bh4058ocarmkdc45;ttxs:a:4:{s:3:"_id";s:24:"58a10c2dd79e4fc8f83f6cf1";s:8:"username";s:7:"chenyun";s:7:"profile";s:28:"好好学习，天天向上!";s:7:"iconurl";s:64:"https://oi7ro6pyq.qnssl.com/5d464b9381d49d2394235b79fdb4fc09.png";};
client_ip:192.168.1.54
error_no
error_msg:success
=====================2017-05-03 09:52:14===========================
service_cost:25.942
time:03/May/2017:09:52:14 +0800
entrance_type:Mozilla/5.0 (Windows NT 10.0; WOW64) AppleWebKit/537.36 (KHTML, like Gecko) Chrome/57.0.2987.110 Safari/537.36
ourl:/feedback/index?pn=1
request_method:GET
cookie:PHPSESSID:dv7ne00di4bh4058ocarmkdc45;ttxs:a:4:{s:3:"_id";s:24:"58a10c2dd79e4fc8f83f6cf1";s:8:"username";s:7:"chenyun";s:7:"profile";s:28:"好好学习，天天向上!";s:7:"iconurl";s:64:"https://oi7ro6pyq.qnssl.com/5d464b9381d49d2394235b79fdb4fc09.png";};
client_ip:192.168.1.54
error_no
error_msg:success
=====================2017-05-03 09:52:26===========================
service_cost:24.099
time:03/May/2017:09:52:26 +0800
entrance_type:Mozilla/5.0 (Windows NT 10.0; WOW64) AppleWebKit/537.36 (KHTML, like Gecko) Chrome/57.0.2987.110 Safari/537.36
ourl:/feedback/index?pn=1
request_method:GET
cookie:PHPSESSID:dv7ne00di4bh4058ocarmkdc45;ttxs:a:4:{s:3:"_id";s:24:"58a10c2dd79e4fc8f83f6cf1";s:8:"username";s:7:"chenyun";s:7:"profile";s:28:"好好学习，天天向上!";s:7:"iconurl";s:64:"https://oi7ro6pyq.qnssl.com/5d464b9381d49d2394235b79fdb4fc09.png";};
client_ip:192.168.1.54
error_no
error_msg:success
=====================2017-05-03 09:52:27===========================
service_cost:-969.809
time:03/May/2017:09:52:27 +0800
entrance_type:Mozilla/5.0 (Windows NT 10.0; WOW64) AppleWebKit/537.36 (KHTML, like Gecko) Chrome/57.0.2987.110 Safari/537.36
ourl:/feedback/index?pn=1
request_method:GET
cookie:PHPSESSID:dv7ne00di4bh4058ocarmkdc45;ttxs:a:4:{s:3:"_id";s:24:"58a10c2dd79e4fc8f83f6cf1";s:8:"username";s:7:"chenyun";s:7:"profile";s:28:"好好学习，天天向上!";s:7:"iconurl";s:64:"https://oi7ro6pyq.qnssl.com/5d464b9381d49d2394235b79fdb4fc09.png";};
client_ip:192.168.1.54
error_no
error_msg:success
=====================2017-05-03 09:52:56===========================
service_cost:62.019
time:03/May/2017:09:52:56 +0800
entrance_type:Mozilla/5.0 (Windows NT 10.0; WOW64) AppleWebKit/537.36 (KHTML, like Gecko) Chrome/57.0.2987.110 Safari/537.36
ourl:/feedback/index?pn=1
request_method:GET
cookie:PHPSESSID:dv7ne00di4bh4058ocarmkdc45;ttxs:a:4:{s:3:"_id";s:24:"58a10c2dd79e4fc8f83f6cf1";s:8:"username";s:7:"chenyun";s:7:"profile";s:28:"好好学习，天天向上!";s:7:"iconurl";s:64:"https://oi7ro6pyq.qnssl.com/5d464b9381d49d2394235b79fdb4fc09.png";};
client_ip:192.168.1.54
error_no
error_msg:success
=====================2017-05-03 09:53:31===========================
service_cost:41.208
time:03/May/2017:09:53:31 +0800
entrance_type:Mozilla/5.0 (Windows NT 10.0; WOW64) AppleWebKit/537.36 (KHTML, like Gecko) Chrome/57.0.2987.110 Safari/537.36
ourl:/feedback/index?pn=1
request_method:GET
cookie:PHPSESSID:dv7ne00di4bh4058ocarmkdc45;ttxs:a:4:{s:3:"_id";s:24:"58a10c2dd79e4fc8f83f6cf1";s:8:"username";s:7:"chenyun";s:7:"profile";s:28:"好好学习，天天向上!";s:7:"iconurl";s:64:"https://oi7ro6pyq.qnssl.com/5d464b9381d49d2394235b79fdb4fc09.png";};
client_ip:192.168.1.54
error_no
error_msg:success
=====================2017-05-03 09:53:33===========================
service_cost:22.589
time:03/May/2017:09:53:33 +0800
entrance_type:Mozilla/5.0 (Windows NT 10.0; WOW64) AppleWebKit/537.36 (KHTML, like Gecko) Chrome/57.0.2987.110 Safari/537.36
ourl:/feedback/index?pn=1
request_method:GET
cookie:PHPSESSID:dv7ne00di4bh4058ocarmkdc45;ttxs:a:4:{s:3:"_id";s:24:"58a10c2dd79e4fc8f83f6cf1";s:8:"username";s:7:"chenyun";s:7:"profile";s:28:"好好学习，天天向上!";s:7:"iconurl";s:64:"https://oi7ro6pyq.qnssl.com/5d464b9381d49d2394235b79fdb4fc09.png";};
client_ip:192.168.1.54
error_no
error_msg:success
=====================2017-05-03 09:53:58===========================
service_cost:28.346
time:03/May/2017:09:53:58 +0800
entrance_type:Mozilla/5.0 (Windows NT 10.0; WOW64) AppleWebKit/537.36 (KHTML, like Gecko) Chrome/57.0.2987.110 Safari/537.36
ourl:/feedback/index?pn=1
request_method:GET
cookie:PHPSESSID:dv7ne00di4bh4058ocarmkdc45;ttxs:a:4:{s:3:"_id";s:24:"58a10c2dd79e4fc8f83f6cf1";s:8:"username";s:7:"chenyun";s:7:"profile";s:28:"好好学习，天天向上!";s:7:"iconurl";s:64:"https://oi7ro6pyq.qnssl.com/5d464b9381d49d2394235b79fdb4fc09.png";};
client_ip:192.168.1.54
error_no
error_msg:success
=====================2017-05-03 09:53:59===========================
service_cost:27.304
time:03/May/2017:09:53:59 +0800
entrance_type:Mozilla/5.0 (Windows NT 10.0; WOW64) AppleWebKit/537.36 (KHTML, like Gecko) Chrome/57.0.2987.110 Safari/537.36
ourl:/feedback/index?pn=1
request_method:GET
cookie:PHPSESSID:dv7ne00di4bh4058ocarmkdc45;ttxs:a:4:{s:3:"_id";s:24:"58a10c2dd79e4fc8f83f6cf1";s:8:"username";s:7:"chenyun";s:7:"profile";s:28:"好好学习，天天向上!";s:7:"iconurl";s:64:"https://oi7ro6pyq.qnssl.com/5d464b9381d49d2394235b79fdb4fc09.png";};
client_ip:192.168.1.54
error_no
error_msg:success
=====================2017-05-03 09:53:59===========================
service_cost:30.771
time:03/May/2017:09:53:59 +0800
entrance_type:Mozilla/5.0 (Windows NT 10.0; WOW64) AppleWebKit/537.36 (KHTML, like Gecko) Chrome/57.0.2987.110 Safari/537.36
ourl:/feedback/index?pn=1
request_method:GET
cookie:PHPSESSID:dv7ne00di4bh4058ocarmkdc45;ttxs:a:4:{s:3:"_id";s:24:"58a10c2dd79e4fc8f83f6cf1";s:8:"username";s:7:"chenyun";s:7:"profile";s:28:"好好学习，天天向上!";s:7:"iconurl";s:64:"https://oi7ro6pyq.qnssl.com/5d464b9381d49d2394235b79fdb4fc09.png";};
client_ip:192.168.1.54
error_no
error_msg:success
=====================2017-05-03 09:57:40===========================
service_cost:25.732
time:03/May/2017:09:57:40 +0800
entrance_type:Mozilla/5.0 (Windows NT 10.0; WOW64) AppleWebKit/537.36 (KHTML, like Gecko) Chrome/57.0.2987.110 Safari/537.36
ourl:/feedback/index?pn=1
request_method:GET
cookie:PHPSESSID:dv7ne00di4bh4058ocarmkdc45;ttxs:a:4:{s:3:"_id";s:24:"58a10c2dd79e4fc8f83f6cf1";s:8:"username";s:7:"chenyun";s:7:"profile";s:28:"好好学习，天天向上!";s:7:"iconurl";s:64:"https://oi7ro6pyq.qnssl.com/5d464b9381d49d2394235b79fdb4fc09.png";};
client_ip:192.168.1.54
error_no
error_msg:success
=====================2017-05-03 09:58:12===========================
service_cost:28.212
time:03/May/2017:09:58:12 +0800
entrance_type:Mozilla/5.0 (Windows NT 10.0; WOW64) AppleWebKit/537.36 (KHTML, like Gecko) Chrome/57.0.2987.110 Safari/537.36
ourl:/feedback/index?pn=1
request_method:GET
cookie:PHPSESSID:dv7ne00di4bh4058ocarmkdc45;ttxs:a:4:{s:3:"_id";s:24:"58a10c2dd79e4fc8f83f6cf1";s:8:"username";s:7:"chenyun";s:7:"profile";s:28:"好好学习，天天向上!";s:7:"iconurl";s:64:"https://oi7ro6pyq.qnssl.com/5d464b9381d49d2394235b79fdb4fc09.png";};
client_ip:192.168.1.54
error_no
error_msg:success
=====================2017-05-03 09:58:13===========================
service_cost:22.28
time:03/May/2017:09:58:13 +0800
entrance_type:Mozilla/5.0 (Windows NT 10.0; WOW64) AppleWebKit/537.36 (KHTML, like Gecko) Chrome/57.0.2987.110 Safari/537.36
ourl:/feedback/index?pn=1
request_method:GET
cookie:PHPSESSID:dv7ne00di4bh4058ocarmkdc45;ttxs:a:4:{s:3:"_id";s:24:"58a10c2dd79e4fc8f83f6cf1";s:8:"username";s:7:"chenyun";s:7:"profile";s:28:"好好学习，天天向上!";s:7:"iconurl";s:64:"https://oi7ro6pyq.qnssl.com/5d464b9381d49d2394235b79fdb4fc09.png";};
client_ip:192.168.1.54
error_no
error_msg:success
=====================2017-05-03 09:58:53===========================
service_cost:23.125
time:03/May/2017:09:58:53 +0800
entrance_type:Mozilla/5.0 (Windows NT 10.0; WOW64) AppleWebKit/537.36 (KHTML, like Gecko) Chrome/57.0.2987.110 Safari/537.36
ourl:/feedback/index?pn=1
request_method:GET
cookie:PHPSESSID:dv7ne00di4bh4058ocarmkdc45;ttxs:a:4:{s:3:"_id";s:24:"58a10c2dd79e4fc8f83f6cf1";s:8:"username";s:7:"chenyun";s:7:"profile";s:28:"好好学习，天天向上!";s:7:"iconurl";s:64:"https://oi7ro6pyq.qnssl.com/5d464b9381d49d2394235b79fdb4fc09.png";};
client_ip:192.168.1.54
error_no
error_msg:success
=====================2017-05-03 09:59:10===========================
service_cost:37.638
time:03/May/2017:09:59:10 +0800
entrance_type:Mozilla/5.0 (Windows NT 10.0; WOW64) AppleWebKit/537.36 (KHTML, like Gecko) Chrome/57.0.2987.110 Safari/537.36
ourl:/feedback/index?pn=1
request_method:GET
cookie:PHPSESSID:dv7ne00di4bh4058ocarmkdc45;ttxs:a:4:{s:3:"_id";s:24:"58a10c2dd79e4fc8f83f6cf1";s:8:"username";s:7:"chenyun";s:7:"profile";s:28:"好好学习，天天向上!";s:7:"iconurl";s:64:"https://oi7ro6pyq.qnssl.com/5d464b9381d49d2394235b79fdb4fc09.png";};
client_ip:192.168.1.54
error_no
error_msg:success
=====================2017-05-03 11:12:36===========================
service_cost:35.582
time:03/May/2017:11:12:36 +0800
entrance_type:Mozilla/5.0 (Windows NT 10.0; WOW64) AppleWebKit/537.36 (KHTML, like Gecko) Chrome/57.0.2987.110 Safari/537.36
ourl:/feedback/index?pn=1
request_method:GET
cookie:PHPSESSID:dv7ne00di4bh4058ocarmkdc45;ttxs:a:4:{s:3:"_id";s:24:"58a10c2dd79e4fc8f83f6cf1";s:8:"username";s:7:"chenyun";s:7:"profile";s:28:"好好学习，天天向上!";s:7:"iconurl";s:64:"https://oi7ro6pyq.qnssl.com/5d464b9381d49d2394235b79fdb4fc09.png";};
client_ip:192.168.1.54
error_no
error_msg:success
=====================2017-05-03 16:49:25===========================
service_cost:32.351
time:03/May/2017:16:49:25 +0800
entrance_type:Mozilla/5.0 (Windows NT 10.0; WOW64) AppleWebKit/537.36 (KHTML, like Gecko) Chrome/57.0.2987.110 Safari/537.36
ourl:/feedback/index?pn=1
request_method:GET
cookie:PHPSESSID:dv7ne00di4bh4058ocarmkdc45;ttxs:a:4:{s:3:"_id";s:24:"58a10c2dd79e4fc8f83f6cf1";s:8:"username";s:7:"chenyun";s:7:"profile";s:28:"好好学习，天天向上!";s:7:"iconurl";s:64:"https://oi7ro6pyq.qnssl.com/5d464b9381d49d2394235b79fdb4fc09.png";};
client_ip:192.168.1.54
error_no
error_msg:success
=====================2017-05-03 16:49:28===========================
service_cost:471.963
time:03/May/2017:16:49:28 +0800
entrance_type:Mozilla/5.0 (Windows NT 10.0; WOW64) AppleWebKit/537.36 (KHTML, like Gecko) Chrome/57.0.2987.110 Safari/537.36
ourl:/sport/banner
request_method:GET
cookie:PHPSESSID:dv7ne00di4bh4058ocarmkdc45;ttxs:a:4:{s:3:"_id";s:24:"58a10c2dd79e4fc8f83f6cf1";s:8:"username";s:7:"chenyun";s:7:"profile";s:28:"好好学习，天天向上!";s:7:"iconurl";s:64:"https://oi7ro6pyq.qnssl.com/5d464b9381d49d2394235b79fdb4fc09.png";};
client_ip:192.168.1.54
error_no
error_msg:success
=====================2017-05-03 16:49:29===========================
service_cost:-888.789
time:03/May/2017:16:49:29 +0800
entrance_type:Mozilla/5.0 (Windows NT 10.0; WOW64) AppleWebKit/537.36 (KHTML, like Gecko) Chrome/57.0.2987.110 Safari/537.36
ourl:/sport/banner?pn=1
request_method:GET
cookie:PHPSESSID:dv7ne00di4bh4058ocarmkdc45;ttxs:a:4:{s:3:"_id";s:24:"58a10c2dd79e4fc8f83f6cf1";s:8:"username";s:7:"chenyun";s:7:"profile";s:28:"好好学习，天天向上!";s:7:"iconurl";s:64:"https://oi7ro6pyq.qnssl.com/5d464b9381d49d2394235b79fdb4fc09.png";};
client_ip:192.168.1.54
error_no
error_msg:success
=====================2017-05-03 16:50:24===========================
service_cost:8.783
time:03/May/2017:16:50:24 +0800
entrance_type:Mozilla/5.0 (Windows NT 10.0; WOW64) AppleWebKit/537.36 (KHTML, like Gecko) Chrome/57.0.2987.110 Safari/537.36
ourl:/sport/editBanner?_id=58f0eac76eb7ccda15faf3b7
request_method:POST
cookie:PHPSESSID:dv7ne00di4bh4058ocarmkdc45;ttxs:a:4:{s:3:"_id";s:24:"58a10c2dd79e4fc8f83f6cf1";s:8:"username";s:7:"chenyun";s:7:"profile";s:28:"好好学习，天天向上!";s:7:"iconurl";s:64:"https://oi7ro6pyq.qnssl.com/5d464b9381d49d2394235b79fdb4fc09.png";};
client_ip:192.168.1.54
error_no
error_msg:success
=====================2017-05-03 16:50:24===========================
service_cost:137.608
time:03/May/2017:16:50:24 +0800
entrance_type:Mozilla/5.0 (Windows NT 10.0; WOW64) AppleWebKit/537.36 (KHTML, like Gecko) Chrome/57.0.2987.110 Safari/537.36
ourl:/sport/banner?pn=1
request_method:GET
cookie:PHPSESSID:dv7ne00di4bh4058ocarmkdc45;ttxs:a:4:{s:3:"_id";s:24:"58a10c2dd79e4fc8f83f6cf1";s:8:"username";s:7:"chenyun";s:7:"profile";s:28:"好好学习，天天向上!";s:7:"iconurl";s:64:"https://oi7ro6pyq.qnssl.com/5d464b9381d49d2394235b79fdb4fc09.png";};
client_ip:192.168.1.54
error_no
error_msg:success
=====================2017-05-03 16:50:42===========================
service_cost:125.726
time:03/May/2017:16:50:42 +0800
entrance_type:Mozilla/5.0 (Windows NT 10.0; WOW64) AppleWebKit/537.36 (KHTML, like Gecko) Chrome/57.0.2987.110 Safari/537.36
ourl:/sport/banner?pn=1
request_method:GET
cookie:PHPSESSID:dv7ne00di4bh4058ocarmkdc45;ttxs:a:4:{s:3:"_id";s:24:"58a10c2dd79e4fc8f83f6cf1";s:8:"username";s:7:"chenyun";s:7:"profile";s:28:"好好学习，天天向上!";s:7:"iconurl";s:64:"https://oi7ro6pyq.qnssl.com/5d464b9381d49d2394235b79fdb4fc09.png";};
client_ip:192.168.1.54
error_no
error_msg:success
=====================2017-05-03 16:51:01===========================
service_cost:38.857
time:03/May/2017:16:51:01 +0800
entrance_type:Mozilla/5.0 (Windows NT 10.0; WOW64) AppleWebKit/537.36 (KHTML, like Gecko) Chrome/57.0.2987.110 Safari/537.36
ourl:/feedback/index
request_method:GET
cookie:PHPSESSID:dv7ne00di4bh4058ocarmkdc45;ttxs:a:4:{s:3:"_id";s:24:"58a10c2dd79e4fc8f83f6cf1";s:8:"username";s:7:"chenyun";s:7:"profile";s:28:"好好学习，天天向上!";s:7:"iconurl";s:64:"https://oi7ro6pyq.qnssl.com/5d464b9381d49d2394235b79fdb4fc09.png";};
client_ip:192.168.1.54
error_no
error_msg:success
=====================2017-05-03 16:51:02===========================
service_cost:38.224
time:03/May/2017:16:51:02 +0800
entrance_type:Mozilla/5.0 (Windows NT 10.0; WOW64) AppleWebKit/537.36 (KHTML, like Gecko) Chrome/57.0.2987.110 Safari/537.36
ourl:/feedback/index?pn=1
request_method:GET
cookie:PHPSESSID:dv7ne00di4bh4058ocarmkdc45;ttxs:a:4:{s:3:"_id";s:24:"58a10c2dd79e4fc8f83f6cf1";s:8:"username";s:7:"chenyun";s:7:"profile";s:28:"好好学习，天天向上!";s:7:"iconurl";s:64:"https://oi7ro6pyq.qnssl.com/5d464b9381d49d2394235b79fdb4fc09.png";};
client_ip:192.168.1.54
error_no
error_msg:success
=====================2017-05-03 17:08:05===========================
service_cost:31.999
time:03/May/2017:17:08:05 +0800
entrance_type:Mozilla/5.0 (Windows NT 10.0; WOW64) AppleWebKit/537.36 (KHTML, like Gecko) Chrome/57.0.2987.110 Safari/537.36
ourl:/feedback/index?pn=1
request_method:GET
cookie:PHPSESSID:dv7ne00di4bh4058ocarmkdc45;ttxs:a:4:{s:3:"_id";s:24:"58a10c2dd79e4fc8f83f6cf1";s:8:"username";s:7:"chenyun";s:7:"profile";s:28:"好好学习，天天向上!";s:7:"iconurl";s:64:"https://oi7ro6pyq.qnssl.com/5d464b9381d49d2394235b79fdb4fc09.png";};
client_ip:192.168.1.54
error_no
error_msg:success
=====================2017-05-03 17:11:34===========================
service_cost:27.877
time:03/May/2017:17:11:34 +0800
entrance_type:Mozilla/5.0 (Windows NT 10.0; WOW64) AppleWebKit/537.36 (KHTML, like Gecko) Chrome/57.0.2987.110 Safari/537.36
ourl:/feedback/index?pn=1
request_method:GET
cookie:PHPSESSID:dv7ne00di4bh4058ocarmkdc45;ttxs:a:4:{s:3:"_id";s:24:"58a10c2dd79e4fc8f83f6cf1";s:8:"username";s:7:"chenyun";s:7:"profile";s:28:"好好学习，天天向上!";s:7:"iconurl";s:64:"https://oi7ro6pyq.qnssl.com/5d464b9381d49d2394235b79fdb4fc09.png";};
client_ip:192.168.1.54
error_no
error_msg:success
=====================2017-05-03 17:47:06===========================
service_cost:90.58
time:03/May/2017:17:47:06 +0800
entrance_type:Mozilla/5.0 (Windows NT 10.0; WOW64) AppleWebKit/537.36 (KHTML, like Gecko) Chrome/57.0.2987.110 Safari/537.36
ourl:/feedback/index?pn=1
request_method:GET
cookie:PHPSESSID:dv7ne00di4bh4058ocarmkdc45;ttxs:a:4:{s:3:"_id";s:24:"58a10c2dd79e4fc8f83f6cf1";s:8:"username";s:7:"chenyun";s:7:"profile";s:28:"好好学习，天天向上!";s:7:"iconurl";s:64:"https://oi7ro6pyq.qnssl.com/5d464b9381d49d2394235b79fdb4fc09.png";};
client_ip:192.168.1.54
error_no
error_msg:success
