=====================2017-08-06 13:12:45===========================
service_cost:14.205
time:06/Aug/2017:13:12:45 +0800
entrance_type:Mozilla/5.0 (Macintosh; Intel Mac OS X 10_12_6) AppleWebKit/537.36 (KHTML, like Gecko) Chrome/59.0.3071.115 Safari/537.36
ourl:/user/student?grade=-1&username=%E5%BC%A0%E6%B2%9B%E5%93%B2&uid=&parentname=&mobile=
request_method:GET
cookie:PHPSESSID:j3675n7df6s0ik9sj1trcah315;
client_ip:222.128.175.80
error_no
error_msg:success
=====================2017-08-06 13:18:22===========================
service_cost:13.133
time:06/Aug/2017:13:18:22 +0800
entrance_type:Mozilla/5.0 (Macintosh; Intel Mac OS X 10_12_6) AppleWebKit/537.36 (KHTML, like Gecko) Chrome/59.0.3071.115 Safari/537.36
ourl:/user/student?grade=-1&username=%E5%BC%A0%E6%B2%9B%E5%93%B2&uid=&parentname=&mobile=
request_method:GET
cookie:PHPSESSID:j3675n7df6s0ik9sj1trcah315;
client_ip:222.128.175.80
error_no
error_msg:success
