=====================2017-04-16 00:58:41===========================
service_cost:31.229
time:16/Apr/2017:00:58:41 +0800
entrance_type:Mozilla/5.0 (Windows NT 10.0; Win64; x64) AppleWebKit/537.36 (KHTML, like Gecko) Chrome/57.0.2987.133 Safari/537.36
ourl:/sport/banner?pn=1
request_method:GET
cookie:PHPSESSID:ghq0ili7u5c80ne67lb5qshn21;ttxs:a:4:{s:3:"_id";s:24:"58a10c2dd79e4fc8f83f6cf1";s:8:"username";s:7:"chenyun";s:7:"profile";s:28:"好好学习，天天向上!";s:7:"iconurl";s:64:"https://oi7ro6pyq.qnssl.com/5d464b9381d49d2394235b79fdb4fc09.png";};
client_ip:192.168.1.101
error_no:200
error_msg:文章标题不能为空
=====================2017-04-16 00:58:52===========================
service_cost:31.034
time:16/Apr/2017:00:58:52 +0800
entrance_type:Mozilla/5.0 (Windows NT 10.0; Win64; x64) AppleWebKit/537.36 (KHTML, like Gecko) Chrome/57.0.2987.133 Safari/537.36
ourl:/sport/banner?pn=1
request_method:GET
cookie:PHPSESSID:ghq0ili7u5c80ne67lb5qshn21;ttxs:a:4:{s:3:"_id";s:24:"58a10c2dd79e4fc8f83f6cf1";s:8:"username";s:7:"chenyun";s:7:"profile";s:28:"好好学习，天天向上!";s:7:"iconurl";s:64:"https://oi7ro6pyq.qnssl.com/5d464b9381d49d2394235b79fdb4fc09.png";};
client_ip:192.168.1.101
error_no:200
error_msg:文章标题不能为空
=====================2017-04-16 00:59:19===========================
service_cost:0.0099999999999545
time:16/Apr/2017:00:59:19 +0800
entrance_type:Mozilla/5.0 (Windows NT 10.0; Win64; x64) AppleWebKit/537.36 (KHTML, like Gecko) Chrome/57.0.2987.133 Safari/537.36
ourl:/index.html
request_method:GET
cookie:PHPSESSID:ghq0ili7u5c80ne67lb5qshn21;ttxs:a:4:{s:3:"_id";s:24:"58a10c2dd79e4fc8f83f6cf1";s:8:"username";s:7:"chenyun";s:7:"profile";s:28:"好好学习，天天向上!";s:7:"iconurl";s:64:"https://oi7ro6pyq.qnssl.com/5d464b9381d49d2394235b79fdb4fc09.png";};
client_ip:192.168.1.101
error_no:200
error_msg:文章标题不能为空
=====================2017-04-16 00:59:49===========================
service_cost:0.017000000000045
time:16/Apr/2017:00:59:49 +0800
entrance_type:Mozilla/5.0 (Windows NT 10.0; Win64; x64) AppleWebKit/537.36 (KHTML, like Gecko) Chrome/57.0.2987.133 Safari/537.36
ourl:/index.html
request_method:GET
cookie:PHPSESSID:ghq0ili7u5c80ne67lb5qshn21;ttxs:a:4:{s:3:"_id";s:24:"58a10c2dd79e4fc8f83f6cf1";s:8:"username";s:7:"chenyun";s:7:"profile";s:28:"好好学习，天天向上!";s:7:"iconurl";s:64:"https://oi7ro6pyq.qnssl.com/5d464b9381d49d2394235b79fdb4fc09.png";};
client_ip:192.168.1.101
error_no:200
error_msg:文章标题不能为空
=====================2017-04-16 01:00:00===========================
service_cost:0.01000000000001
time:16/Apr/2017:01:00:00 +0800
entrance_type:Mozilla/5.0 (Windows NT 10.0; Win64; x64) AppleWebKit/537.36 (KHTML, like Gecko) Chrome/57.0.2987.133 Safari/537.36
ourl:/index.html
request_method:GET
cookie:PHPSESSID:ghq0ili7u5c80ne67lb5qshn21;ttxs:a:4:{s:3:"_id";s:24:"58a10c2dd79e4fc8f83f6cf1";s:8:"username";s:7:"chenyun";s:7:"profile";s:28:"好好学习，天天向上!";s:7:"iconurl";s:64:"https://oi7ro6pyq.qnssl.com/5d464b9381d49d2394235b79fdb4fc09.png";};
client_ip:192.168.1.101
error_no:200
error_msg:文章标题不能为空
=====================2017-04-16 01:06:17===========================
service_cost:0.01000000000001
time:16/Apr/2017:01:06:17 +0800
entrance_type:Mozilla/5.0 (Windows NT 10.0; Win64; x64) AppleWebKit/537.36 (KHTML, like Gecko) Chrome/57.0.2987.133 Safari/537.36
ourl:/index.html
request_method:GET
cookie:PHPSESSID:ghq0ili7u5c80ne67lb5qshn21;ttxs:a:4:{s:3:"_id";s:24:"58a10c2dd79e4fc8f83f6cf1";s:8:"username";s:7:"chenyun";s:7:"profile";s:28:"好好学习，天天向上!";s:7:"iconurl";s:64:"https://oi7ro6pyq.qnssl.com/5d464b9381d49d2394235b79fdb4fc09.png";};
client_ip:192.168.1.101
error_no:200
error_msg:文章标题不能为空
=====================2017-04-16 01:06:18===========================
service_cost:24.68
time:16/Apr/2017:01:06:18 +0800
entrance_type:Mozilla/5.0 (Windows NT 10.0; Win64; x64) AppleWebKit/537.36 (KHTML, like Gecko) Chrome/57.0.2987.133 Safari/537.36
ourl:/sport/banner
request_method:GET
cookie:PHPSESSID:ghq0ili7u5c80ne67lb5qshn21;ttxs:a:4:{s:3:"_id";s:24:"58a10c2dd79e4fc8f83f6cf1";s:8:"username";s:7:"chenyun";s:7:"profile";s:28:"好好学习，天天向上!";s:7:"iconurl";s:64:"https://oi7ro6pyq.qnssl.com/5d464b9381d49d2394235b79fdb4fc09.png";};
client_ip:192.168.1.101
error_no:200
error_msg:文章标题不能为空
=====================2017-04-16 01:06:19===========================
service_cost:23.759
time:16/Apr/2017:01:06:19 +0800
entrance_type:Mozilla/5.0 (Windows NT 10.0; Win64; x64) AppleWebKit/537.36 (KHTML, like Gecko) Chrome/57.0.2987.133 Safari/537.36
ourl:/sport/banner?pn=1
request_method:GET
cookie:PHPSESSID:ghq0ili7u5c80ne67lb5qshn21;ttxs:a:4:{s:3:"_id";s:24:"58a10c2dd79e4fc8f83f6cf1";s:8:"username";s:7:"chenyun";s:7:"profile";s:28:"好好学习，天天向上!";s:7:"iconurl";s:64:"https://oi7ro6pyq.qnssl.com/5d464b9381d49d2394235b79fdb4fc09.png";};
client_ip:192.168.1.101
error_no:200
error_msg:文章标题不能为空
=====================2017-04-16 01:06:28===========================
service_cost:0.014000000000014
time:16/Apr/2017:01:06:28 +0800
entrance_type:Mozilla/5.0 (Windows NT 10.0; Win64; x64) AppleWebKit/537.36 (KHTML, like Gecko) Chrome/57.0.2987.133 Safari/537.36
ourl:/index.html
request_method:GET
cookie:PHPSESSID:ghq0ili7u5c80ne67lb5qshn21;ttxs:a:4:{s:3:"_id";s:24:"58a10c2dd79e4fc8f83f6cf1";s:8:"username";s:7:"chenyun";s:7:"profile";s:28:"好好学习，天天向上!";s:7:"iconurl";s:64:"https://oi7ro6pyq.qnssl.com/5d464b9381d49d2394235b79fdb4fc09.png";};
client_ip:192.168.1.101
error_no:200
error_msg:文章标题不能为空
=====================2017-04-16 01:08:06===========================
service_cost:0.010999999999983
time:16/Apr/2017:01:08:06 +0800
entrance_type:Mozilla/5.0 (Windows NT 10.0; Win64; x64) AppleWebKit/537.36 (KHTML, like Gecko) Chrome/57.0.2987.133 Safari/537.36
ourl:/index.html
request_method:GET
cookie:PHPSESSID:ghq0ili7u5c80ne67lb5qshn21;ttxs:a:4:{s:3:"_id";s:24:"58a10c2dd79e4fc8f83f6cf1";s:8:"username";s:7:"chenyun";s:7:"profile";s:28:"好好学习，天天向上!";s:7:"iconurl";s:64:"https://oi7ro6pyq.qnssl.com/5d464b9381d49d2394235b79fdb4fc09.png";};
client_ip:192.168.1.101
error_no:200
error_msg:文章标题不能为空
=====================2017-04-16 01:08:09===========================
service_cost:0.014999999999999
time:16/Apr/2017:01:08:09 +0800
entrance_type:Mozilla/5.0 (Windows NT 10.0; Win64; x64) AppleWebKit/537.36 (KHTML, like Gecko) Chrome/57.0.2987.133 Safari/537.36
ourl:/index.html
request_method:GET
cookie:PHPSESSID:ghq0ili7u5c80ne67lb5qshn21;ttxs:a:4:{s:3:"_id";s:24:"58a10c2dd79e4fc8f83f6cf1";s:8:"username";s:7:"chenyun";s:7:"profile";s:28:"好好学习，天天向上!";s:7:"iconurl";s:64:"https://oi7ro6pyq.qnssl.com/5d464b9381d49d2394235b79fdb4fc09.png";};
client_ip:192.168.1.101
error_no:200
error_msg:文章标题不能为空
=====================2017-04-16 01:08:10===========================
service_cost:24.093
time:16/Apr/2017:01:08:10 +0800
entrance_type:Mozilla/5.0 (Windows NT 10.0; Win64; x64) AppleWebKit/537.36 (KHTML, like Gecko) Chrome/57.0.2987.133 Safari/537.36
ourl:/sport/banner
request_method:GET
cookie:PHPSESSID:ghq0ili7u5c80ne67lb5qshn21;ttxs:a:4:{s:3:"_id";s:24:"58a10c2dd79e4fc8f83f6cf1";s:8:"username";s:7:"chenyun";s:7:"profile";s:28:"好好学习，天天向上!";s:7:"iconurl";s:64:"https://oi7ro6pyq.qnssl.com/5d464b9381d49d2394235b79fdb4fc09.png";};
client_ip:192.168.1.101
error_no:200
error_msg:文章标题不能为空
=====================2017-04-16 01:08:10===========================
service_cost:23.162
time:16/Apr/2017:01:08:10 +0800
entrance_type:Mozilla/5.0 (Windows NT 10.0; Win64; x64) AppleWebKit/537.36 (KHTML, like Gecko) Chrome/57.0.2987.133 Safari/537.36
ourl:/sport/banner?pn=1
request_method:GET
cookie:PHPSESSID:ghq0ili7u5c80ne67lb5qshn21;ttxs:a:4:{s:3:"_id";s:24:"58a10c2dd79e4fc8f83f6cf1";s:8:"username";s:7:"chenyun";s:7:"profile";s:28:"好好学习，天天向上!";s:7:"iconurl";s:64:"https://oi7ro6pyq.qnssl.com/5d464b9381d49d2394235b79fdb4fc09.png";};
client_ip:192.168.1.101
error_no:200
error_msg:文章标题不能为空
=====================2017-04-16 01:08:11===========================
service_cost:0.01000000000001
time:16/Apr/2017:01:08:11 +0800
entrance_type:Mozilla/5.0 (Windows NT 10.0; Win64; x64) AppleWebKit/537.36 (KHTML, like Gecko) Chrome/57.0.2987.133 Safari/537.36
ourl:/index.html
request_method:GET
cookie:PHPSESSID:ghq0ili7u5c80ne67lb5qshn21;ttxs:a:4:{s:3:"_id";s:24:"58a10c2dd79e4fc8f83f6cf1";s:8:"username";s:7:"chenyun";s:7:"profile";s:28:"好好学习，天天向上!";s:7:"iconurl";s:64:"https://oi7ro6pyq.qnssl.com/5d464b9381d49d2394235b79fdb4fc09.png";};
client_ip:192.168.1.101
error_no:200
error_msg:文章标题不能为空
=====================2017-04-16 01:08:17===========================
service_cost:31.326
time:16/Apr/2017:01:08:17 +0800
entrance_type:Mozilla/5.0 (Windows NT 10.0; Win64; x64) AppleWebKit/537.36 (KHTML, like Gecko) Chrome/57.0.2987.133 Safari/537.36
ourl:/sport/banner
request_method:GET
cookie:PHPSESSID:ghq0ili7u5c80ne67lb5qshn21;ttxs:a:4:{s:3:"_id";s:24:"58a10c2dd79e4fc8f83f6cf1";s:8:"username";s:7:"chenyun";s:7:"profile";s:28:"好好学习，天天向上!";s:7:"iconurl";s:64:"https://oi7ro6pyq.qnssl.com/5d464b9381d49d2394235b79fdb4fc09.png";};
client_ip:192.168.1.101
error_no:200
error_msg:文章标题不能为空
=====================2017-04-16 01:08:17===========================
service_cost:32.333
time:16/Apr/2017:01:08:17 +0800
entrance_type:Mozilla/5.0 (Windows NT 10.0; Win64; x64) AppleWebKit/537.36 (KHTML, like Gecko) Chrome/57.0.2987.133 Safari/537.36
ourl:/sport/banner?pn=1
request_method:GET
cookie:PHPSESSID:ghq0ili7u5c80ne67lb5qshn21;ttxs:a:4:{s:3:"_id";s:24:"58a10c2dd79e4fc8f83f6cf1";s:8:"username";s:7:"chenyun";s:7:"profile";s:28:"好好学习，天天向上!";s:7:"iconurl";s:64:"https://oi7ro6pyq.qnssl.com/5d464b9381d49d2394235b79fdb4fc09.png";};
client_ip:192.168.1.101
error_no:200
error_msg:文章标题不能为空
=====================2017-04-16 01:08:22===========================
service_cost:0.01000000000001
time:16/Apr/2017:01:08:22 +0800
entrance_type:Mozilla/5.0 (Windows NT 10.0; Win64; x64) AppleWebKit/537.36 (KHTML, like Gecko) Chrome/57.0.2987.133 Safari/537.36
ourl:/index.html
request_method:GET
cookie:PHPSESSID:ghq0ili7u5c80ne67lb5qshn21;ttxs:a:4:{s:3:"_id";s:24:"58a10c2dd79e4fc8f83f6cf1";s:8:"username";s:7:"chenyun";s:7:"profile";s:28:"好好学习，天天向上!";s:7:"iconurl";s:64:"https://oi7ro6pyq.qnssl.com/5d464b9381d49d2394235b79fdb4fc09.png";};
client_ip:192.168.1.101
error_no:200
error_msg:文章标题不能为空
=====================2017-04-16 01:08:24===========================
service_cost:30.689
time:16/Apr/2017:01:08:24 +0800
entrance_type:Mozilla/5.0 (Windows NT 10.0; Win64; x64) AppleWebKit/537.36 (KHTML, like Gecko) Chrome/57.0.2987.133 Safari/537.36
ourl:/sport/banner
request_method:GET
cookie:PHPSESSID:ghq0ili7u5c80ne67lb5qshn21;ttxs:a:4:{s:3:"_id";s:24:"58a10c2dd79e4fc8f83f6cf1";s:8:"username";s:7:"chenyun";s:7:"profile";s:28:"好好学习，天天向上!";s:7:"iconurl";s:64:"https://oi7ro6pyq.qnssl.com/5d464b9381d49d2394235b79fdb4fc09.png";};
client_ip:192.168.1.101
error_no:200
error_msg:文章标题不能为空
=====================2017-04-16 01:08:24===========================
service_cost:26.822
time:16/Apr/2017:01:08:24 +0800
entrance_type:Mozilla/5.0 (Windows NT 10.0; Win64; x64) AppleWebKit/537.36 (KHTML, like Gecko) Chrome/57.0.2987.133 Safari/537.36
ourl:/sport/banner?pn=1
request_method:GET
cookie:PHPSESSID:ghq0ili7u5c80ne67lb5qshn21;ttxs:a:4:{s:3:"_id";s:24:"58a10c2dd79e4fc8f83f6cf1";s:8:"username";s:7:"chenyun";s:7:"profile";s:28:"好好学习，天天向上!";s:7:"iconurl";s:64:"https://oi7ro6pyq.qnssl.com/5d464b9381d49d2394235b79fdb4fc09.png";};
client_ip:192.168.1.101
error_no:200
error_msg:文章标题不能为空
=====================2017-04-16 01:08:28===========================
service_cost:26.387
time:16/Apr/2017:01:08:28 +0800
entrance_type:Mozilla/5.0 (Windows NT 10.0; Win64; x64) AppleWebKit/537.36 (KHTML, like Gecko) Chrome/57.0.2987.133 Safari/537.36
ourl:/sport/banner
request_method:GET
cookie:PHPSESSID:ghq0ili7u5c80ne67lb5qshn21;ttxs:a:4:{s:3:"_id";s:24:"58a10c2dd79e4fc8f83f6cf1";s:8:"username";s:7:"chenyun";s:7:"profile";s:28:"好好学习，天天向上!";s:7:"iconurl";s:64:"https://oi7ro6pyq.qnssl.com/5d464b9381d49d2394235b79fdb4fc09.png";};
client_ip:192.168.1.101
error_no:200
error_msg:文章标题不能为空
=====================2017-04-16 01:08:28===========================
service_cost:23.775
time:16/Apr/2017:01:08:28 +0800
entrance_type:Mozilla/5.0 (Windows NT 10.0; Win64; x64) AppleWebKit/537.36 (KHTML, like Gecko) Chrome/57.0.2987.133 Safari/537.36
ourl:/sport/banner?pn=1
request_method:GET
cookie:PHPSESSID:ghq0ili7u5c80ne67lb5qshn21;ttxs:a:4:{s:3:"_id";s:24:"58a10c2dd79e4fc8f83f6cf1";s:8:"username";s:7:"chenyun";s:7:"profile";s:28:"好好学习，天天向上!";s:7:"iconurl";s:64:"https://oi7ro6pyq.qnssl.com/5d464b9381d49d2394235b79fdb4fc09.png";};
client_ip:192.168.1.101
error_no:200
error_msg:文章标题不能为空
=====================2017-04-16 01:08:31===========================
service_cost:241.094
time:16/Apr/2017:01:08:31 +0800
entrance_type:Mozilla/5.0 (Windows NT 10.0; Win64; x64) AppleWebKit/537.36 (KHTML, like Gecko) Chrome/57.0.2987.133 Safari/537.36
ourl:/sport/banner
request_method:GET
cookie:PHPSESSID:ghq0ili7u5c80ne67lb5qshn21;ttxs:a:4:{s:3:"_id";s:24:"58a10c2dd79e4fc8f83f6cf1";s:8:"username";s:7:"chenyun";s:7:"profile";s:28:"好好学习，天天向上!";s:7:"iconurl";s:64:"https://oi7ro6pyq.qnssl.com/5d464b9381d49d2394235b79fdb4fc09.png";};
client_ip:192.168.1.101
error_no:200
error_msg:文章标题不能为空
=====================2017-04-16 01:08:31===========================
service_cost:75.093
time:16/Apr/2017:01:08:31 +0800
entrance_type:Mozilla/5.0 (Windows NT 10.0; Win64; x64) AppleWebKit/537.36 (KHTML, like Gecko) Chrome/57.0.2987.133 Safari/537.36
ourl:/sport/banner?pn=1
request_method:GET
cookie:PHPSESSID:ghq0ili7u5c80ne67lb5qshn21;ttxs:a:4:{s:3:"_id";s:24:"58a10c2dd79e4fc8f83f6cf1";s:8:"username";s:7:"chenyun";s:7:"profile";s:28:"好好学习，天天向上!";s:7:"iconurl";s:64:"https://oi7ro6pyq.qnssl.com/5d464b9381d49d2394235b79fdb4fc09.png";};
client_ip:192.168.1.101
error_no:200
error_msg:文章标题不能为空
=====================2017-04-16 01:08:32===========================
service_cost:18.032
time:16/Apr/2017:01:08:32 +0800
entrance_type:Mozilla/5.0 (Windows NT 10.0; Win64; x64) AppleWebKit/537.36 (KHTML, like Gecko) Chrome/57.0.2987.133 Safari/537.36
ourl:/sport/banner
request_method:GET
cookie:PHPSESSID:ghq0ili7u5c80ne67lb5qshn21;ttxs:a:4:{s:3:"_id";s:24:"58a10c2dd79e4fc8f83f6cf1";s:8:"username";s:7:"chenyun";s:7:"profile";s:28:"好好学习，天天向上!";s:7:"iconurl";s:64:"https://oi7ro6pyq.qnssl.com/5d464b9381d49d2394235b79fdb4fc09.png";};
client_ip:192.168.1.101
error_no:200
error_msg:文章标题不能为空
=====================2017-04-16 01:08:32===========================
service_cost:25.148
time:16/Apr/2017:01:08:32 +0800
entrance_type:Mozilla/5.0 (Windows NT 10.0; Win64; x64) AppleWebKit/537.36 (KHTML, like Gecko) Chrome/57.0.2987.133 Safari/537.36
ourl:/sport/banner?pn=1
request_method:GET
cookie:PHPSESSID:ghq0ili7u5c80ne67lb5qshn21;ttxs:a:4:{s:3:"_id";s:24:"58a10c2dd79e4fc8f83f6cf1";s:8:"username";s:7:"chenyun";s:7:"profile";s:28:"好好学习，天天向上!";s:7:"iconurl";s:64:"https://oi7ro6pyq.qnssl.com/5d464b9381d49d2394235b79fdb4fc09.png";};
client_ip:192.168.1.101
error_no:200
error_msg:文章标题不能为空
=====================2017-04-16 01:08:36===========================
service_cost:19.915
time:16/Apr/2017:01:08:36 +0800
entrance_type:Mozilla/5.0 (Windows NT 10.0; Win64; x64) AppleWebKit/537.36 (KHTML, like Gecko) Chrome/57.0.2987.133 Safari/537.36
ourl:/sport/banner
request_method:GET
cookie:PHPSESSID:ghq0ili7u5c80ne67lb5qshn21;ttxs:a:4:{s:3:"_id";s:24:"58a10c2dd79e4fc8f83f6cf1";s:8:"username";s:7:"chenyun";s:7:"profile";s:28:"好好学习，天天向上!";s:7:"iconurl";s:64:"https://oi7ro6pyq.qnssl.com/5d464b9381d49d2394235b79fdb4fc09.png";};
client_ip:192.168.1.101
error_no:200
error_msg:文章标题不能为空
=====================2017-04-16 01:08:36===========================
service_cost:22.631
time:16/Apr/2017:01:08:36 +0800
entrance_type:Mozilla/5.0 (Windows NT 10.0; Win64; x64) AppleWebKit/537.36 (KHTML, like Gecko) Chrome/57.0.2987.133 Safari/537.36
ourl:/sport/banner?pn=1
request_method:GET
cookie:PHPSESSID:ghq0ili7u5c80ne67lb5qshn21;ttxs:a:4:{s:3:"_id";s:24:"58a10c2dd79e4fc8f83f6cf1";s:8:"username";s:7:"chenyun";s:7:"profile";s:28:"好好学习，天天向上!";s:7:"iconurl";s:64:"https://oi7ro6pyq.qnssl.com/5d464b9381d49d2394235b79fdb4fc09.png";};
client_ip:192.168.1.101
error_no:200
error_msg:文章标题不能为空
=====================2017-04-16 01:08:42===========================
service_cost:25.646
time:16/Apr/2017:01:08:42 +0800
entrance_type:Mozilla/5.0 (Windows NT 10.0; Win64; x64) AppleWebKit/537.36 (KHTML, like Gecko) Chrome/57.0.2987.133 Safari/537.36
ourl:/sport/banner?pn=2
request_method:GET
cookie:PHPSESSID:ghq0ili7u5c80ne67lb5qshn21;ttxs:a:4:{s:3:"_id";s:24:"58a10c2dd79e4fc8f83f6cf1";s:8:"username";s:7:"chenyun";s:7:"profile";s:28:"好好学习，天天向上!";s:7:"iconurl";s:64:"https://oi7ro6pyq.qnssl.com/5d464b9381d49d2394235b79fdb4fc09.png";};
client_ip:192.168.1.101
error_no:200
error_msg:文章标题不能为空
=====================2017-04-16 01:08:44===========================
service_cost:25.268
time:16/Apr/2017:01:08:44 +0800
entrance_type:Mozilla/5.0 (Windows NT 10.0; Win64; x64) AppleWebKit/537.36 (KHTML, like Gecko) Chrome/57.0.2987.133 Safari/537.36
ourl:/sport/banner
request_method:GET
cookie:PHPSESSID:ghq0ili7u5c80ne67lb5qshn21;ttxs:a:4:{s:3:"_id";s:24:"58a10c2dd79e4fc8f83f6cf1";s:8:"username";s:7:"chenyun";s:7:"profile";s:28:"好好学习，天天向上!";s:7:"iconurl";s:64:"https://oi7ro6pyq.qnssl.com/5d464b9381d49d2394235b79fdb4fc09.png";};
client_ip:192.168.1.101
error_no:200
error_msg:文章标题不能为空
=====================2017-04-16 01:08:44===========================
service_cost:19.298
time:16/Apr/2017:01:08:44 +0800
entrance_type:Mozilla/5.0 (Windows NT 10.0; Win64; x64) AppleWebKit/537.36 (KHTML, like Gecko) Chrome/57.0.2987.133 Safari/537.36
ourl:/sport/banner?pn=1
request_method:GET
cookie:PHPSESSID:ghq0ili7u5c80ne67lb5qshn21;ttxs:a:4:{s:3:"_id";s:24:"58a10c2dd79e4fc8f83f6cf1";s:8:"username";s:7:"chenyun";s:7:"profile";s:28:"好好学习，天天向上!";s:7:"iconurl";s:64:"https://oi7ro6pyq.qnssl.com/5d464b9381d49d2394235b79fdb4fc09.png";};
client_ip:192.168.1.101
error_no:200
error_msg:文章标题不能为空
=====================2017-04-16 01:08:52===========================
service_cost:0.010999999999983
time:16/Apr/2017:01:08:52 +0800
entrance_type:Mozilla/5.0 (Windows NT 10.0; Win64; x64) AppleWebKit/537.36 (KHTML, like Gecko) Chrome/57.0.2987.133 Safari/537.36
ourl:/index.html
request_method:GET
cookie:PHPSESSID:ghq0ili7u5c80ne67lb5qshn21;ttxs:a:4:{s:3:"_id";s:24:"58a10c2dd79e4fc8f83f6cf1";s:8:"username";s:7:"chenyun";s:7:"profile";s:28:"好好学习，天天向上!";s:7:"iconurl";s:64:"https://oi7ro6pyq.qnssl.com/5d464b9381d49d2394235b79fdb4fc09.png";};
client_ip:192.168.1.101
error_no:200
error_msg:文章标题不能为空
=====================2017-04-16 01:11:09===========================
service_cost:0.040000000000012
time:16/Apr/2017:01:11:09 +0800
entrance_type:Mozilla/5.0 (Windows NT 10.0; Win64; x64) AppleWebKit/537.36 (KHTML, like Gecko) Chrome/57.0.2987.133 Safari/537.36
ourl:/index.html
request_method:GET
cookie:PHPSESSID:ghq0ili7u5c80ne67lb5qshn21;ttxs:a:4:{s:3:"_id";s:24:"58a10c2dd79e4fc8f83f6cf1";s:8:"username";s:7:"chenyun";s:7:"profile";s:28:"好好学习，天天向上!";s:7:"iconurl";s:64:"https://oi7ro6pyq.qnssl.com/5d464b9381d49d2394235b79fdb4fc09.png";};
client_ip:192.168.1.101
error_no:200
error_msg:文章标题不能为空
=====================2017-04-16 01:11:10===========================
service_cost:0.016000000000016
time:16/Apr/2017:01:11:10 +0800
entrance_type:Mozilla/5.0 (Windows NT 10.0; Win64; x64) AppleWebKit/537.36 (KHTML, like Gecko) Chrome/57.0.2987.133 Safari/537.36
ourl:/index.html
request_method:GET
cookie:PHPSESSID:ghq0ili7u5c80ne67lb5qshn21;ttxs:a:4:{s:3:"_id";s:24:"58a10c2dd79e4fc8f83f6cf1";s:8:"username";s:7:"chenyun";s:7:"profile";s:28:"好好学习，天天向上!";s:7:"iconurl";s:64:"https://oi7ro6pyq.qnssl.com/5d464b9381d49d2394235b79fdb4fc09.png";};
client_ip:192.168.1.101
error_no:200
error_msg:文章标题不能为空
=====================2017-04-16 01:11:11===========================
service_cost:0.010999999999983
time:16/Apr/2017:01:11:11 +0800
entrance_type:Mozilla/5.0 (Windows NT 10.0; Win64; x64) AppleWebKit/537.36 (KHTML, like Gecko) Chrome/57.0.2987.133 Safari/537.36
ourl:/index.html
request_method:GET
cookie:PHPSESSID:ghq0ili7u5c80ne67lb5qshn21;ttxs:a:4:{s:3:"_id";s:24:"58a10c2dd79e4fc8f83f6cf1";s:8:"username";s:7:"chenyun";s:7:"profile";s:28:"好好学习，天天向上!";s:7:"iconurl";s:64:"https://oi7ro6pyq.qnssl.com/5d464b9381d49d2394235b79fdb4fc09.png";};
client_ip:192.168.1.101
error_no:200
error_msg:文章标题不能为空
=====================2017-04-16 01:11:30===========================
service_cost:0.011000000000011
time:16/Apr/2017:01:11:30 +0800
entrance_type:Mozilla/5.0 (Windows NT 10.0; Win64; x64) AppleWebKit/537.36 (KHTML, like Gecko) Chrome/57.0.2987.133 Safari/537.36
ourl:/index.html
request_method:GET
cookie:PHPSESSID:ghq0ili7u5c80ne67lb5qshn21;ttxs:a:4:{s:3:"_id";s:24:"58a10c2dd79e4fc8f83f6cf1";s:8:"username";s:7:"chenyun";s:7:"profile";s:28:"好好学习，天天向上!";s:7:"iconurl";s:64:"https://oi7ro6pyq.qnssl.com/5d464b9381d49d2394235b79fdb4fc09.png";};
client_ip:192.168.1.101
error_no:200
error_msg:文章标题不能为空
=====================2017-04-16 01:11:42===========================
service_cost:0.017999999999962
time:16/Apr/2017:01:11:42 +0800
entrance_type:Mozilla/5.0 (Windows NT 10.0; Win64; x64) AppleWebKit/537.36 (KHTML, like Gecko) Chrome/57.0.2987.133 Safari/537.36
ourl:/index.html
request_method:GET
cookie:PHPSESSID:ghq0ili7u5c80ne67lb5qshn21;ttxs:a:4:{s:3:"_id";s:24:"58a10c2dd79e4fc8f83f6cf1";s:8:"username";s:7:"chenyun";s:7:"profile";s:28:"好好学习，天天向上!";s:7:"iconurl";s:64:"https://oi7ro6pyq.qnssl.com/5d464b9381d49d2394235b79fdb4fc09.png";};
client_ip:192.168.1.101
error_no:200
error_msg:文章标题不能为空
=====================2017-04-16 01:21:09===========================
service_cost:0.010999999999983
time:16/Apr/2017:01:21:09 +0800
entrance_type:Mozilla/5.0 (Windows NT 10.0; Win64; x64) AppleWebKit/537.36 (KHTML, like Gecko) Chrome/57.0.2987.133 Safari/537.36
ourl:/index.html
request_method:GET
cookie:PHPSESSID:ghq0ili7u5c80ne67lb5qshn21;ttxs:a:4:{s:3:"_id";s:24:"58a10c2dd79e4fc8f83f6cf1";s:8:"username";s:7:"chenyun";s:7:"profile";s:28:"好好学习，天天向上!";s:7:"iconurl";s:64:"https://oi7ro6pyq.qnssl.com/5d464b9381d49d2394235b79fdb4fc09.png";};
client_ip:192.168.1.101
error_no:200
error_msg:文章标题不能为空
=====================2017-04-16 01:21:10===========================
service_cost:0.0099999999999545
time:16/Apr/2017:01:21:10 +0800
entrance_type:Mozilla/5.0 (Windows NT 10.0; Win64; x64) AppleWebKit/537.36 (KHTML, like Gecko) Chrome/57.0.2987.133 Safari/537.36
ourl:/index.html
request_method:GET
cookie:PHPSESSID:ghq0ili7u5c80ne67lb5qshn21;ttxs:a:4:{s:3:"_id";s:24:"58a10c2dd79e4fc8f83f6cf1";s:8:"username";s:7:"chenyun";s:7:"profile";s:28:"好好学习，天天向上!";s:7:"iconurl";s:64:"https://oi7ro6pyq.qnssl.com/5d464b9381d49d2394235b79fdb4fc09.png";};
client_ip:192.168.1.101
error_no:200
error_msg:文章标题不能为空
=====================2017-04-16 01:21:11===========================
service_cost:0.011000000000094
time:16/Apr/2017:01:21:11 +0800
entrance_type:Mozilla/5.0 (Windows NT 10.0; Win64; x64) AppleWebKit/537.36 (KHTML, like Gecko) Chrome/57.0.2987.133 Safari/537.36
ourl:/index.html
request_method:GET
cookie:PHPSESSID:ghq0ili7u5c80ne67lb5qshn21;ttxs:a:4:{s:3:"_id";s:24:"58a10c2dd79e4fc8f83f6cf1";s:8:"username";s:7:"chenyun";s:7:"profile";s:28:"好好学习，天天向上!";s:7:"iconurl";s:64:"https://oi7ro6pyq.qnssl.com/5d464b9381d49d2394235b79fdb4fc09.png";};
client_ip:192.168.1.101
error_no:200
error_msg:文章标题不能为空
=====================2017-04-16 01:21:12===========================
service_cost:0.014000000000014
time:16/Apr/2017:01:21:12 +0800
entrance_type:Mozilla/5.0 (Windows NT 10.0; Win64; x64) AppleWebKit/537.36 (KHTML, like Gecko) Chrome/57.0.2987.133 Safari/537.36
ourl:/index.html
request_method:GET
cookie:PHPSESSID:ghq0ili7u5c80ne67lb5qshn21;ttxs:a:4:{s:3:"_id";s:24:"58a10c2dd79e4fc8f83f6cf1";s:8:"username";s:7:"chenyun";s:7:"profile";s:28:"好好学习，天天向上!";s:7:"iconurl";s:64:"https://oi7ro6pyq.qnssl.com/5d464b9381d49d2394235b79fdb4fc09.png";};
client_ip:192.168.1.101
error_no:200
error_msg:文章标题不能为空
=====================2017-04-16 01:21:12===========================
service_cost:0.0099999999999545
time:16/Apr/2017:01:21:12 +0800
entrance_type:Mozilla/5.0 (Windows NT 10.0; Win64; x64) AppleWebKit/537.36 (KHTML, like Gecko) Chrome/57.0.2987.133 Safari/537.36
ourl:/index.html
request_method:GET
cookie:PHPSESSID:ghq0ili7u5c80ne67lb5qshn21;ttxs:a:4:{s:3:"_id";s:24:"58a10c2dd79e4fc8f83f6cf1";s:8:"username";s:7:"chenyun";s:7:"profile";s:28:"好好学习，天天向上!";s:7:"iconurl";s:64:"https://oi7ro6pyq.qnssl.com/5d464b9381d49d2394235b79fdb4fc09.png";};
client_ip:192.168.1.101
error_no:200
error_msg:文章标题不能为空
=====================2017-04-16 01:21:57===========================
service_cost:0.012000000000012
time:16/Apr/2017:01:21:57 +0800
entrance_type:Mozilla/5.0 (Windows NT 10.0; Win64; x64) AppleWebKit/537.36 (KHTML, like Gecko) Chrome/57.0.2987.133 Safari/537.36
ourl:/index.html
request_method:GET
cookie:PHPSESSID:ghq0ili7u5c80ne67lb5qshn21;ttxs:a:4:{s:3:"_id";s:24:"58a10c2dd79e4fc8f83f6cf1";s:8:"username";s:7:"chenyun";s:7:"profile";s:28:"好好学习，天天向上!";s:7:"iconurl";s:64:"https://oi7ro6pyq.qnssl.com/5d464b9381d49d2394235b79fdb4fc09.png";};
client_ip:192.168.1.101
error_no:200
error_msg:文章标题不能为空
=====================2017-04-16 01:21:59===========================
service_cost:0.011999999999956
time:16/Apr/2017:01:21:59 +0800
entrance_type:Mozilla/5.0 (Windows NT 10.0; Win64; x64) AppleWebKit/537.36 (KHTML, like Gecko) Chrome/57.0.2987.133 Safari/537.36
ourl:/index.html
request_method:GET
cookie:PHPSESSID:ghq0ili7u5c80ne67lb5qshn21;ttxs:a:4:{s:3:"_id";s:24:"58a10c2dd79e4fc8f83f6cf1";s:8:"username";s:7:"chenyun";s:7:"profile";s:28:"好好学习，天天向上!";s:7:"iconurl";s:64:"https://oi7ro6pyq.qnssl.com/5d464b9381d49d2394235b79fdb4fc09.png";};
client_ip:192.168.1.101
error_no:200
error_msg:文章标题不能为空
=====================2017-04-16 01:22:00===========================
service_cost:0.012000000000012
time:16/Apr/2017:01:22:00 +0800
entrance_type:Mozilla/5.0 (Windows NT 10.0; Win64; x64) AppleWebKit/537.36 (KHTML, like Gecko) Chrome/57.0.2987.133 Safari/537.36
ourl:/index.html
request_method:GET
cookie:PHPSESSID:ghq0ili7u5c80ne67lb5qshn21;ttxs:a:4:{s:3:"_id";s:24:"58a10c2dd79e4fc8f83f6cf1";s:8:"username";s:7:"chenyun";s:7:"profile";s:28:"好好学习，天天向上!";s:7:"iconurl";s:64:"https://oi7ro6pyq.qnssl.com/5d464b9381d49d2394235b79fdb4fc09.png";};
client_ip:192.168.1.101
error_no:200
error_msg:文章标题不能为空
=====================2017-04-16 01:22:17===========================
service_cost:0.012000000000012
time:16/Apr/2017:01:22:17 +0800
entrance_type:Mozilla/5.0 (Windows NT 10.0; Win64; x64) AppleWebKit/537.36 (KHTML, like Gecko) Chrome/57.0.2987.133 Safari/537.36
ourl:/index.html
request_method:GET
cookie:PHPSESSID:ghq0ili7u5c80ne67lb5qshn21;ttxs:a:4:{s:3:"_id";s:24:"58a10c2dd79e4fc8f83f6cf1";s:8:"username";s:7:"chenyun";s:7:"profile";s:28:"好好学习，天天向上!";s:7:"iconurl";s:64:"https://oi7ro6pyq.qnssl.com/5d464b9381d49d2394235b79fdb4fc09.png";};
client_ip:192.168.1.101
error_no:200
error_msg:文章标题不能为空
=====================2017-04-16 01:22:19===========================
service_cost:0.016000000000002
time:16/Apr/2017:01:22:19 +0800
entrance_type:Mozilla/5.0 (Windows NT 10.0; Win64; x64) AppleWebKit/537.36 (KHTML, like Gecko) Chrome/57.0.2987.133 Safari/537.36
ourl:/index.html
request_method:GET
cookie:PHPSESSID:ghq0ili7u5c80ne67lb5qshn21;ttxs:a:4:{s:3:"_id";s:24:"58a10c2dd79e4fc8f83f6cf1";s:8:"username";s:7:"chenyun";s:7:"profile";s:28:"好好学习，天天向上!";s:7:"iconurl";s:64:"https://oi7ro6pyq.qnssl.com/5d464b9381d49d2394235b79fdb4fc09.png";};
client_ip:192.168.1.101
error_no:200
error_msg:文章标题不能为空
=====================2017-04-16 01:22:19===========================
service_cost:0.010999999999983
time:16/Apr/2017:01:22:19 +0800
entrance_type:Mozilla/5.0 (Windows NT 10.0; Win64; x64) AppleWebKit/537.36 (KHTML, like Gecko) Chrome/57.0.2987.133 Safari/537.36
ourl:/index.html
request_method:GET
cookie:PHPSESSID:ghq0ili7u5c80ne67lb5qshn21;ttxs:a:4:{s:3:"_id";s:24:"58a10c2dd79e4fc8f83f6cf1";s:8:"username";s:7:"chenyun";s:7:"profile";s:28:"好好学习，天天向上!";s:7:"iconurl";s:64:"https://oi7ro6pyq.qnssl.com/5d464b9381d49d2394235b79fdb4fc09.png";};
client_ip:192.168.1.101
error_no:200
error_msg:文章标题不能为空
=====================2017-04-16 01:26:41===========================
service_cost:0.0099999999999545
time:16/Apr/2017:01:26:41 +0800
entrance_type:Mozilla/5.0 (Windows NT 10.0; Win64; x64) AppleWebKit/537.36 (KHTML, like Gecko) Chrome/57.0.2987.133 Safari/537.36
ourl:/index.html
request_method:GET
cookie:PHPSESSID:ghq0ili7u5c80ne67lb5qshn21;ttxs:a:4:{s:3:"_id";s:24:"58a10c2dd79e4fc8f83f6cf1";s:8:"username";s:7:"chenyun";s:7:"profile";s:28:"好好学习，天天向上!";s:7:"iconurl";s:64:"https://oi7ro6pyq.qnssl.com/5d464b9381d49d2394235b79fdb4fc09.png";};
client_ip:192.168.1.101
error_no:200
error_msg:文章标题不能为空
=====================2017-04-16 01:26:41===========================
service_cost:0.010999999999983
time:16/Apr/2017:01:26:41 +0800
entrance_type:Mozilla/5.0 (Windows NT 10.0; Win64; x64) AppleWebKit/537.36 (KHTML, like Gecko) Chrome/57.0.2987.133 Safari/537.36
ourl:/index.html
request_method:GET
cookie:PHPSESSID:ghq0ili7u5c80ne67lb5qshn21;ttxs:a:4:{s:3:"_id";s:24:"58a10c2dd79e4fc8f83f6cf1";s:8:"username";s:7:"chenyun";s:7:"profile";s:28:"好好学习，天天向上!";s:7:"iconurl";s:64:"https://oi7ro6pyq.qnssl.com/5d464b9381d49d2394235b79fdb4fc09.png";};
client_ip:192.168.1.101
error_no:200
error_msg:文章标题不能为空
=====================2017-04-16 01:26:42===========================
service_cost:0.029000000000001
time:16/Apr/2017:01:26:42 +0800
entrance_type:Mozilla/5.0 (Windows NT 10.0; Win64; x64) AppleWebKit/537.36 (KHTML, like Gecko) Chrome/57.0.2987.133 Safari/537.36
ourl:/index.html
request_method:GET
cookie:PHPSESSID:ghq0ili7u5c80ne67lb5qshn21;ttxs:a:4:{s:3:"_id";s:24:"58a10c2dd79e4fc8f83f6cf1";s:8:"username";s:7:"chenyun";s:7:"profile";s:28:"好好学习，天天向上!";s:7:"iconurl";s:64:"https://oi7ro6pyq.qnssl.com/5d464b9381d49d2394235b79fdb4fc09.png";};
client_ip:192.168.1.101
error_no:200
error_msg:文章标题不能为空
=====================2017-04-16 01:26:42===========================
service_cost:0.041999999999986
time:16/Apr/2017:01:26:42 +0800
entrance_type:Mozilla/5.0 (Windows NT 10.0; Win64; x64) AppleWebKit/537.36 (KHTML, like Gecko) Chrome/57.0.2987.133 Safari/537.36
ourl:/index.html
request_method:GET
cookie:PHPSESSID:ghq0ili7u5c80ne67lb5qshn21;ttxs:a:4:{s:3:"_id";s:24:"58a10c2dd79e4fc8f83f6cf1";s:8:"username";s:7:"chenyun";s:7:"profile";s:28:"好好学习，天天向上!";s:7:"iconurl";s:64:"https://oi7ro6pyq.qnssl.com/5d464b9381d49d2394235b79fdb4fc09.png";};
client_ip:192.168.1.101
error_no:200
error_msg:文章标题不能为空
=====================2017-04-16 01:30:23===========================
service_cost:0.01000000000001
time:16/Apr/2017:01:30:23 +0800
entrance_type:Mozilla/5.0 (Windows NT 10.0; Win64; x64) AppleWebKit/537.36 (KHTML, like Gecko) Chrome/57.0.2987.133 Safari/537.36
ourl:/index.html
request_method:GET
cookie:PHPSESSID:ghq0ili7u5c80ne67lb5qshn21;ttxs:a:4:{s:3:"_id";s:24:"58a10c2dd79e4fc8f83f6cf1";s:8:"username";s:7:"chenyun";s:7:"profile";s:28:"好好学习，天天向上!";s:7:"iconurl";s:64:"https://oi7ro6pyq.qnssl.com/5d464b9381d49d2394235b79fdb4fc09.png";};
client_ip:192.168.1.101
error_no:200
error_msg:文章标题不能为空
=====================2017-04-16 01:30:24===========================
service_cost:0.011000000000094
time:16/Apr/2017:01:30:24 +0800
entrance_type:Mozilla/5.0 (Windows NT 10.0; Win64; x64) AppleWebKit/537.36 (KHTML, like Gecko) Chrome/57.0.2987.133 Safari/537.36
ourl:/index.html
request_method:GET
cookie:PHPSESSID:ghq0ili7u5c80ne67lb5qshn21;ttxs:a:4:{s:3:"_id";s:24:"58a10c2dd79e4fc8f83f6cf1";s:8:"username";s:7:"chenyun";s:7:"profile";s:28:"好好学习，天天向上!";s:7:"iconurl";s:64:"https://oi7ro6pyq.qnssl.com/5d464b9381d49d2394235b79fdb4fc09.png";};
client_ip:192.168.1.101
error_no:200
error_msg:文章标题不能为空
=====================2017-04-16 01:30:31===========================
service_cost:0.010999999999983
time:16/Apr/2017:01:30:31 +0800
entrance_type:Mozilla/5.0 (Windows NT 10.0; Win64; x64) AppleWebKit/537.36 (KHTML, like Gecko) Chrome/57.0.2987.133 Safari/537.36
ourl:/index.html
request_method:GET
cookie:PHPSESSID:ghq0ili7u5c80ne67lb5qshn21;ttxs:a:4:{s:3:"_id";s:24:"58a10c2dd79e4fc8f83f6cf1";s:8:"username";s:7:"chenyun";s:7:"profile";s:28:"好好学习，天天向上!";s:7:"iconurl";s:64:"https://oi7ro6pyq.qnssl.com/5d464b9381d49d2394235b79fdb4fc09.png";};
client_ip:192.168.1.101
error_no:200
error_msg:文章标题不能为空
=====================2017-04-16 01:31:30===========================
service_cost:0.01299999999993
time:16/Apr/2017:01:31:30 +0800
entrance_type:Mozilla/5.0 (Windows NT 10.0; Win64; x64) AppleWebKit/537.36 (KHTML, like Gecko) Chrome/57.0.2987.133 Safari/537.36
ourl:/index.html
request_method:GET
cookie:PHPSESSID:ghq0ili7u5c80ne67lb5qshn21;ttxs:a:4:{s:3:"_id";s:24:"58a10c2dd79e4fc8f83f6cf1";s:8:"username";s:7:"chenyun";s:7:"profile";s:28:"好好学习，天天向上!";s:7:"iconurl";s:64:"https://oi7ro6pyq.qnssl.com/5d464b9381d49d2394235b79fdb4fc09.png";};
client_ip:192.168.1.101
error_no:200
error_msg:文章标题不能为空
=====================2017-04-16 01:32:09===========================
service_cost:0.010999999999983
time:16/Apr/2017:01:32:09 +0800
entrance_type:Mozilla/5.0 (Windows NT 10.0; Win64; x64) AppleWebKit/537.36 (KHTML, like Gecko) Chrome/57.0.2987.133 Safari/537.36
ourl:/index.html
request_method:GET
cookie:PHPSESSID:ghq0ili7u5c80ne67lb5qshn21;ttxs:a:4:{s:3:"_id";s:24:"58a10c2dd79e4fc8f83f6cf1";s:8:"username";s:7:"chenyun";s:7:"profile";s:28:"好好学习，天天向上!";s:7:"iconurl";s:64:"https://oi7ro6pyq.qnssl.com/5d464b9381d49d2394235b79fdb4fc09.png";};
client_ip:192.168.1.101
error_no:200
error_msg:文章标题不能为空
=====================2017-04-16 01:32:12===========================
service_cost:34.067
time:16/Apr/2017:01:32:12 +0800
entrance_type:Mozilla/5.0 (Windows NT 10.0; Win64; x64) AppleWebKit/537.36 (KHTML, like Gecko) Chrome/57.0.2987.133 Safari/537.36
ourl:/sport/banner
request_method:GET
cookie:PHPSESSID:ghq0ili7u5c80ne67lb5qshn21;ttxs:a:4:{s:3:"_id";s:24:"58a10c2dd79e4fc8f83f6cf1";s:8:"username";s:7:"chenyun";s:7:"profile";s:28:"好好学习，天天向上!";s:7:"iconurl";s:64:"https://oi7ro6pyq.qnssl.com/5d464b9381d49d2394235b79fdb4fc09.png";};
client_ip:192.168.1.101
error_no:200
error_msg:文章标题不能为空
=====================2017-04-16 01:32:12===========================
service_cost:26.648
time:16/Apr/2017:01:32:12 +0800
entrance_type:Mozilla/5.0 (Windows NT 10.0; Win64; x64) AppleWebKit/537.36 (KHTML, like Gecko) Chrome/57.0.2987.133 Safari/537.36
ourl:/sport/banner?pn=1
request_method:GET
cookie:PHPSESSID:ghq0ili7u5c80ne67lb5qshn21;ttxs:a:4:{s:3:"_id";s:24:"58a10c2dd79e4fc8f83f6cf1";s:8:"username";s:7:"chenyun";s:7:"profile";s:28:"好好学习，天天向上!";s:7:"iconurl";s:64:"https://oi7ro6pyq.qnssl.com/5d464b9381d49d2394235b79fdb4fc09.png";};
client_ip:192.168.1.101
error_no:200
error_msg:文章标题不能为空
=====================2017-04-16 01:32:36===========================
service_cost:23.836
time:16/Apr/2017:01:32:36 +0800
entrance_type:Mozilla/5.0 (Windows NT 10.0; Win64; x64) AppleWebKit/537.36 (KHTML, like Gecko) Chrome/57.0.2987.133 Safari/537.36
ourl:/sport/banner?pn=1
request_method:GET
cookie:PHPSESSID:ghq0ili7u5c80ne67lb5qshn21;ttxs:a:4:{s:3:"_id";s:24:"58a10c2dd79e4fc8f83f6cf1";s:8:"username";s:7:"chenyun";s:7:"profile";s:28:"好好学习，天天向上!";s:7:"iconurl";s:64:"https://oi7ro6pyq.qnssl.com/5d464b9381d49d2394235b79fdb4fc09.png";};
client_ip:192.168.1.101
error_no:200
error_msg:文章标题不能为空
=====================2017-04-16 01:33:08===========================
service_cost:27.002
time:16/Apr/2017:01:33:08 +0800
entrance_type:Mozilla/5.0 (Windows NT 10.0; Win64; x64) AppleWebKit/537.36 (KHTML, like Gecko) Chrome/57.0.2987.133 Safari/537.36
ourl:/sport/banner?pn=1
request_method:GET
cookie:PHPSESSID:ghq0ili7u5c80ne67lb5qshn21;ttxs:a:4:{s:3:"_id";s:24:"58a10c2dd79e4fc8f83f6cf1";s:8:"username";s:7:"chenyun";s:7:"profile";s:28:"好好学习，天天向上!";s:7:"iconurl";s:64:"https://oi7ro6pyq.qnssl.com/5d464b9381d49d2394235b79fdb4fc09.png";};
client_ip:192.168.1.101
error_no:200
error_msg:文章标题不能为空
=====================2017-04-16 01:33:14===========================
service_cost:24.437
time:16/Apr/2017:01:33:14 +0800
entrance_type:Mozilla/5.0 (Windows NT 10.0; Win64; x64) AppleWebKit/537.36 (KHTML, like Gecko) Chrome/57.0.2987.133 Safari/537.36
ourl:/sport/banner?pn=1
request_method:GET
cookie:PHPSESSID:ghq0ili7u5c80ne67lb5qshn21;ttxs:a:4:{s:3:"_id";s:24:"58a10c2dd79e4fc8f83f6cf1";s:8:"username";s:7:"chenyun";s:7:"profile";s:28:"好好学习，天天向上!";s:7:"iconurl";s:64:"https://oi7ro6pyq.qnssl.com/5d464b9381d49d2394235b79fdb4fc09.png";};
client_ip:192.168.1.101
error_no:200
error_msg:文章标题不能为空
=====================2017-04-16 01:35:14===========================
service_cost:-978.731
time:16/Apr/2017:01:35:14 +0800
entrance_type:Mozilla/5.0 (Windows NT 10.0; Win64; x64) AppleWebKit/537.36 (KHTML, like Gecko) Chrome/57.0.2987.133 Safari/537.36
ourl:/sport/banner?pn=1
request_method:GET
cookie:PHPSESSID:ghq0ili7u5c80ne67lb5qshn21;ttxs:a:4:{s:3:"_id";s:24:"58a10c2dd79e4fc8f83f6cf1";s:8:"username";s:7:"chenyun";s:7:"profile";s:28:"好好学习，天天向上!";s:7:"iconurl";s:64:"https://oi7ro6pyq.qnssl.com/5d464b9381d49d2394235b79fdb4fc09.png";};
client_ip:192.168.1.101
error_no:200
error_msg:文章标题不能为空
=====================2017-04-16 01:35:16===========================
service_cost:16.522
time:16/Apr/2017:01:35:16 +0800
entrance_type:Mozilla/5.0 (Windows NT 10.0; Win64; x64) AppleWebKit/537.36 (KHTML, like Gecko) Chrome/57.0.2987.133 Safari/537.36
ourl:/sport/banner?pn=1
request_method:GET
cookie:PHPSESSID:ghq0ili7u5c80ne67lb5qshn21;ttxs:a:4:{s:3:"_id";s:24:"58a10c2dd79e4fc8f83f6cf1";s:8:"username";s:7:"chenyun";s:7:"profile";s:28:"好好学习，天天向上!";s:7:"iconurl";s:64:"https://oi7ro6pyq.qnssl.com/5d464b9381d49d2394235b79fdb4fc09.png";};
client_ip:192.168.1.101
error_no:200
error_msg:文章标题不能为空
=====================2017-04-16 01:36:30===========================
service_cost:23.082
time:16/Apr/2017:01:36:30 +0800
entrance_type:Mozilla/5.0 (Windows NT 10.0; Win64; x64) AppleWebKit/537.36 (KHTML, like Gecko) Chrome/57.0.2987.133 Safari/537.36
ourl:/sport/banner?pn=1
request_method:GET
cookie:PHPSESSID:ghq0ili7u5c80ne67lb5qshn21;ttxs:a:4:{s:3:"_id";s:24:"58a10c2dd79e4fc8f83f6cf1";s:8:"username";s:7:"chenyun";s:7:"profile";s:28:"好好学习，天天向上!";s:7:"iconurl";s:64:"https://oi7ro6pyq.qnssl.com/5d464b9381d49d2394235b79fdb4fc09.png";};
client_ip:192.168.1.101
error_no:200
error_msg:文章标题不能为空
=====================2017-04-16 01:36:32===========================
service_cost:19.204
time:16/Apr/2017:01:36:32 +0800
entrance_type:Mozilla/5.0 (Windows NT 10.0; Win64; x64) AppleWebKit/537.36 (KHTML, like Gecko) Chrome/57.0.2987.133 Safari/537.36
ourl:/sport/banner
request_method:GET
cookie:PHPSESSID:ghq0ili7u5c80ne67lb5qshn21;ttxs:a:4:{s:3:"_id";s:24:"58a10c2dd79e4fc8f83f6cf1";s:8:"username";s:7:"chenyun";s:7:"profile";s:28:"好好学习，天天向上!";s:7:"iconurl";s:64:"https://oi7ro6pyq.qnssl.com/5d464b9381d49d2394235b79fdb4fc09.png";};
client_ip:192.168.1.101
error_no:200
error_msg:文章标题不能为空
=====================2017-04-16 01:36:33===========================
service_cost:32.085
time:16/Apr/2017:01:36:33 +0800
entrance_type:Mozilla/5.0 (Windows NT 10.0; Win64; x64) AppleWebKit/537.36 (KHTML, like Gecko) Chrome/57.0.2987.133 Safari/537.36
ourl:/sport/banner?pn=1
request_method:GET
cookie:PHPSESSID:ghq0ili7u5c80ne67lb5qshn21;ttxs:a:4:{s:3:"_id";s:24:"58a10c2dd79e4fc8f83f6cf1";s:8:"username";s:7:"chenyun";s:7:"profile";s:28:"好好学习，天天向上!";s:7:"iconurl";s:64:"https://oi7ro6pyq.qnssl.com/5d464b9381d49d2394235b79fdb4fc09.png";};
client_ip:192.168.1.101
error_no:200
error_msg:文章标题不能为空
=====================2017-04-16 01:36:43===========================
service_cost:25.711
time:16/Apr/2017:01:36:43 +0800
entrance_type:Mozilla/5.0 (Windows NT 10.0; Win64; x64) AppleWebKit/537.36 (KHTML, like Gecko) Chrome/57.0.2987.133 Safari/537.36
ourl:/sport/banner?pn=1
request_method:GET
cookie:PHPSESSID:ghq0ili7u5c80ne67lb5qshn21;ttxs:a:4:{s:3:"_id";s:24:"58a10c2dd79e4fc8f83f6cf1";s:8:"username";s:7:"chenyun";s:7:"profile";s:28:"好好学习，天天向上!";s:7:"iconurl";s:64:"https://oi7ro6pyq.qnssl.com/5d464b9381d49d2394235b79fdb4fc09.png";};
client_ip:192.168.1.101
error_no:200
error_msg:文章标题不能为空
=====================2017-04-16 01:36:47===========================
service_cost:0.012000000000012
time:16/Apr/2017:01:36:47 +0800
entrance_type:Mozilla/5.0 (Windows NT 10.0; Win64; x64) AppleWebKit/537.36 (KHTML, like Gecko) Chrome/57.0.2987.133 Safari/537.36
ourl:/index.html
request_method:GET
cookie:PHPSESSID:ghq0ili7u5c80ne67lb5qshn21;ttxs:a:4:{s:3:"_id";s:24:"58a10c2dd79e4fc8f83f6cf1";s:8:"username";s:7:"chenyun";s:7:"profile";s:28:"好好学习，天天向上!";s:7:"iconurl";s:64:"https://oi7ro6pyq.qnssl.com/5d464b9381d49d2394235b79fdb4fc09.png";};
client_ip:192.168.1.101
error_no:200
error_msg:文章标题不能为空
=====================2017-04-16 01:42:02===========================
service_cost:0.011000000000039
time:16/Apr/2017:01:42:02 +0800
entrance_type:Mozilla/5.0 (Windows NT 10.0; Win64; x64) AppleWebKit/537.36 (KHTML, like Gecko) Chrome/57.0.2987.133 Safari/537.36
ourl:/index.html
request_method:GET
cookie:PHPSESSID:ghq0ili7u5c80ne67lb5qshn21;ttxs:a:4:{s:3:"_id";s:24:"58a10c2dd79e4fc8f83f6cf1";s:8:"username";s:7:"chenyun";s:7:"profile";s:28:"好好学习，天天向上!";s:7:"iconurl";s:64:"https://oi7ro6pyq.qnssl.com/5d464b9381d49d2394235b79fdb4fc09.png";};
client_ip:192.168.1.101
error_no:200
error_msg:文章标题不能为空
=====================2017-04-16 01:42:04===========================
service_cost:0.012000000000012
time:16/Apr/2017:01:42:04 +0800
entrance_type:Mozilla/5.0 (Windows NT 10.0; Win64; x64) AppleWebKit/537.36 (KHTML, like Gecko) Chrome/57.0.2987.133 Safari/537.36
ourl:/index.html
request_method:GET
cookie:PHPSESSID:ghq0ili7u5c80ne67lb5qshn21;ttxs:a:4:{s:3:"_id";s:24:"58a10c2dd79e4fc8f83f6cf1";s:8:"username";s:7:"chenyun";s:7:"profile";s:28:"好好学习，天天向上!";s:7:"iconurl";s:64:"https://oi7ro6pyq.qnssl.com/5d464b9381d49d2394235b79fdb4fc09.png";};
client_ip:192.168.1.101
error_no:200
error_msg:文章标题不能为空
=====================2017-04-16 01:42:06===========================
service_cost:25.496
time:16/Apr/2017:01:42:06 +0800
entrance_type:Mozilla/5.0 (Windows NT 10.0; Win64; x64) AppleWebKit/537.36 (KHTML, like Gecko) Chrome/57.0.2987.133 Safari/537.36
ourl:/sport/banner
request_method:GET
cookie:PHPSESSID:ghq0ili7u5c80ne67lb5qshn21;ttxs:a:4:{s:3:"_id";s:24:"58a10c2dd79e4fc8f83f6cf1";s:8:"username";s:7:"chenyun";s:7:"profile";s:28:"好好学习，天天向上!";s:7:"iconurl";s:64:"https://oi7ro6pyq.qnssl.com/5d464b9381d49d2394235b79fdb4fc09.png";};
client_ip:192.168.1.101
error_no:200
error_msg:文章标题不能为空
=====================2017-04-16 01:42:07===========================
service_cost:-971.601
time:16/Apr/2017:01:42:07 +0800
entrance_type:Mozilla/5.0 (Windows NT 10.0; Win64; x64) AppleWebKit/537.36 (KHTML, like Gecko) Chrome/57.0.2987.133 Safari/537.36
ourl:/sport/banner?pn=1
request_method:GET
cookie:PHPSESSID:ghq0ili7u5c80ne67lb5qshn21;ttxs:a:4:{s:3:"_id";s:24:"58a10c2dd79e4fc8f83f6cf1";s:8:"username";s:7:"chenyun";s:7:"profile";s:28:"好好学习，天天向上!";s:7:"iconurl";s:64:"https://oi7ro6pyq.qnssl.com/5d464b9381d49d2394235b79fdb4fc09.png";};
client_ip:192.168.1.101
error_no:200
error_msg:文章标题不能为空
=====================2017-04-16 01:42:12===========================
service_cost:34.408
time:16/Apr/2017:01:42:12 +0800
entrance_type:Mozilla/5.0 (Windows NT 10.0; Win64; x64) AppleWebKit/537.36 (KHTML, like Gecko) Chrome/57.0.2987.133 Safari/537.36
ourl:/sport/banner?pn=2
request_method:GET
cookie:PHPSESSID:ghq0ili7u5c80ne67lb5qshn21;ttxs:a:4:{s:3:"_id";s:24:"58a10c2dd79e4fc8f83f6cf1";s:8:"username";s:7:"chenyun";s:7:"profile";s:28:"好好学习，天天向上!";s:7:"iconurl";s:64:"https://oi7ro6pyq.qnssl.com/5d464b9381d49d2394235b79fdb4fc09.png";};
client_ip:192.168.1.101
error_no:200
error_msg:文章标题不能为空
=====================2017-04-16 01:42:14===========================
service_cost:39.085
time:16/Apr/2017:01:42:14 +0800
entrance_type:Mozilla/5.0 (Windows NT 10.0; Win64; x64) AppleWebKit/537.36 (KHTML, like Gecko) Chrome/57.0.2987.133 Safari/537.36
ourl:/sport/banner?pn=1
request_method:GET
cookie:PHPSESSID:ghq0ili7u5c80ne67lb5qshn21;ttxs:a:4:{s:3:"_id";s:24:"58a10c2dd79e4fc8f83f6cf1";s:8:"username";s:7:"chenyun";s:7:"profile";s:28:"好好学习，天天向上!";s:7:"iconurl";s:64:"https://oi7ro6pyq.qnssl.com/5d464b9381d49d2394235b79fdb4fc09.png";};
client_ip:192.168.1.101
error_no:200
error_msg:文章标题不能为空
=====================2017-04-16 01:43:45===========================
service_cost:25.318
time:16/Apr/2017:01:43:45 +0800
entrance_type:Mozilla/5.0 (Windows NT 10.0; Win64; x64) AppleWebKit/537.36 (KHTML, like Gecko) Chrome/57.0.2987.133 Safari/537.36
ourl:/sport/banner?pn=1
request_method:GET
cookie:PHPSESSID:ghq0ili7u5c80ne67lb5qshn21;ttxs:a:4:{s:3:"_id";s:24:"58a10c2dd79e4fc8f83f6cf1";s:8:"username";s:7:"chenyun";s:7:"profile";s:28:"好好学习，天天向上!";s:7:"iconurl";s:64:"https://oi7ro6pyq.qnssl.com/5d464b9381d49d2394235b79fdb4fc09.png";};
client_ip:192.168.1.101
error_no:200
error_msg:文章标题不能为空
=====================2017-04-16 01:44:56===========================
service_cost:26.411
time:16/Apr/2017:01:44:56 +0800
entrance_type:Mozilla/5.0 (Windows NT 10.0; Win64; x64) AppleWebKit/537.36 (KHTML, like Gecko) Chrome/57.0.2987.133 Safari/537.36
ourl:/sport/banner?pn=1
request_method:GET
cookie:PHPSESSID:ghq0ili7u5c80ne67lb5qshn21;ttxs:a:4:{s:3:"_id";s:24:"58a10c2dd79e4fc8f83f6cf1";s:8:"username";s:7:"chenyun";s:7:"profile";s:28:"好好学习，天天向上!";s:7:"iconurl";s:64:"https://oi7ro6pyq.qnssl.com/5d464b9381d49d2394235b79fdb4fc09.png";};
client_ip:192.168.1.101
error_no:200
error_msg:文章标题不能为空
=====================2017-04-16 01:44:58===========================
service_cost:19.215
time:16/Apr/2017:01:44:58 +0800
entrance_type:Mozilla/5.0 (Windows NT 10.0; Win64; x64) AppleWebKit/537.36 (KHTML, like Gecko) Chrome/57.0.2987.133 Safari/537.36
ourl:/sport/banner?pn=1
request_method:GET
cookie:PHPSESSID:ghq0ili7u5c80ne67lb5qshn21;ttxs:a:4:{s:3:"_id";s:24:"58a10c2dd79e4fc8f83f6cf1";s:8:"username";s:7:"chenyun";s:7:"profile";s:28:"好好学习，天天向上!";s:7:"iconurl";s:64:"https://oi7ro6pyq.qnssl.com/5d464b9381d49d2394235b79fdb4fc09.png";};
client_ip:192.168.1.101
error_no:200
error_msg:文章标题不能为空
=====================2017-04-16 01:46:30===========================
service_cost:26.744
time:16/Apr/2017:01:46:30 +0800
entrance_type:Mozilla/5.0 (Windows NT 10.0; Win64; x64) AppleWebKit/537.36 (KHTML, like Gecko) Chrome/57.0.2987.133 Safari/537.36
ourl:/sport/banner?pn=1
request_method:GET
cookie:PHPSESSID:ghq0ili7u5c80ne67lb5qshn21;ttxs:a:4:{s:3:"_id";s:24:"58a10c2dd79e4fc8f83f6cf1";s:8:"username";s:7:"chenyun";s:7:"profile";s:28:"好好学习，天天向上!";s:7:"iconurl";s:64:"https://oi7ro6pyq.qnssl.com/5d464b9381d49d2394235b79fdb4fc09.png";};
client_ip:192.168.1.101
error_no:200
error_msg:文章标题不能为空
=====================2017-04-16 01:46:34===========================
service_cost:22.404
time:16/Apr/2017:01:46:34 +0800
entrance_type:Mozilla/5.0 (Windows NT 10.0; Win64; x64) AppleWebKit/537.36 (KHTML, like Gecko) Chrome/57.0.2987.133 Safari/537.36
ourl:/sport/banner?pn=1
request_method:GET
cookie:PHPSESSID:ghq0ili7u5c80ne67lb5qshn21;ttxs:a:4:{s:3:"_id";s:24:"58a10c2dd79e4fc8f83f6cf1";s:8:"username";s:7:"chenyun";s:7:"profile";s:28:"好好学习，天天向上!";s:7:"iconurl";s:64:"https://oi7ro6pyq.qnssl.com/5d464b9381d49d2394235b79fdb4fc09.png";};
client_ip:192.168.1.101
error_no:200
error_msg:文章标题不能为空
=====================2017-04-16 01:46:43===========================
service_cost:0.010999999999983
time:16/Apr/2017:01:46:43 +0800
entrance_type:Mozilla/5.0 (Windows NT 10.0; Win64; x64) AppleWebKit/537.36 (KHTML, like Gecko) Chrome/57.0.2987.133 Safari/537.36
ourl:/index.html
request_method:GET
cookie:PHPSESSID:ghq0ili7u5c80ne67lb5qshn21;ttxs:a:4:{s:3:"_id";s:24:"58a10c2dd79e4fc8f83f6cf1";s:8:"username";s:7:"chenyun";s:7:"profile";s:28:"好好学习，天天向上!";s:7:"iconurl";s:64:"https://oi7ro6pyq.qnssl.com/5d464b9381d49d2394235b79fdb4fc09.png";};
client_ip:192.168.1.101
error_no:200
error_msg:文章标题不能为空
=====================2017-04-16 01:47:30===========================
service_cost:0.013000000000041
time:16/Apr/2017:01:47:30 +0800
entrance_type:Mozilla/5.0 (Windows NT 10.0; Win64; x64) AppleWebKit/537.36 (KHTML, like Gecko) Chrome/57.0.2987.133 Safari/537.36
ourl:/index.html
request_method:GET
cookie:PHPSESSID:ghq0ili7u5c80ne67lb5qshn21;ttxs:a:4:{s:3:"_id";s:24:"58a10c2dd79e4fc8f83f6cf1";s:8:"username";s:7:"chenyun";s:7:"profile";s:28:"好好学习，天天向上!";s:7:"iconurl";s:64:"https://oi7ro6pyq.qnssl.com/5d464b9381d49d2394235b79fdb4fc09.png";};
client_ip:192.168.1.101
error_no:200
error_msg:文章标题不能为空
=====================2017-04-16 01:47:32===========================
service_cost:0.011000000000039
time:16/Apr/2017:01:47:32 +0800
entrance_type:Mozilla/5.0 (Windows NT 10.0; Win64; x64) AppleWebKit/537.36 (KHTML, like Gecko) Chrome/57.0.2987.133 Safari/537.36
ourl:/index.html
request_method:GET
cookie:PHPSESSID:ghq0ili7u5c80ne67lb5qshn21;ttxs:a:4:{s:3:"_id";s:24:"58a10c2dd79e4fc8f83f6cf1";s:8:"username";s:7:"chenyun";s:7:"profile";s:28:"好好学习，天天向上!";s:7:"iconurl";s:64:"https://oi7ro6pyq.qnssl.com/5d464b9381d49d2394235b79fdb4fc09.png";};
client_ip:192.168.1.101
error_no:200
error_msg:文章标题不能为空
=====================2017-04-16 01:47:55===========================
service_cost:0.018999999999991
time:16/Apr/2017:01:47:55 +0800
entrance_type:Mozilla/5.0 (Windows NT 10.0; Win64; x64) AppleWebKit/537.36 (KHTML, like Gecko) Chrome/57.0.2987.133 Safari/537.36
ourl:/index.html
request_method:GET
cookie:PHPSESSID:ghq0ili7u5c80ne67lb5qshn21;ttxs:a:4:{s:3:"_id";s:24:"58a10c2dd79e4fc8f83f6cf1";s:8:"username";s:7:"chenyun";s:7:"profile";s:28:"好好学习，天天向上!";s:7:"iconurl";s:64:"https://oi7ro6pyq.qnssl.com/5d464b9381d49d2394235b79fdb4fc09.png";};
client_ip:192.168.1.101
error_no:200
error_msg:文章标题不能为空
=====================2017-04-16 01:48:07===========================
service_cost:0.013000000000041
time:16/Apr/2017:01:48:07 +0800
entrance_type:Mozilla/5.0 (Windows NT 10.0; Win64; x64) AppleWebKit/537.36 (KHTML, like Gecko) Chrome/57.0.2987.133 Safari/537.36
ourl:/index.html
request_method:GET
cookie:PHPSESSID:ghq0ili7u5c80ne67lb5qshn21;ttxs:a:4:{s:3:"_id";s:24:"58a10c2dd79e4fc8f83f6cf1";s:8:"username";s:7:"chenyun";s:7:"profile";s:28:"好好学习，天天向上!";s:7:"iconurl";s:64:"https://oi7ro6pyq.qnssl.com/5d464b9381d49d2394235b79fdb4fc09.png";};
client_ip:192.168.1.101
error_no:200
error_msg:文章标题不能为空
=====================2017-04-16 01:48:33===========================
service_cost:0.016000000000016
time:16/Apr/2017:01:48:33 +0800
entrance_type:Mozilla/5.0 (Windows NT 10.0; Win64; x64) AppleWebKit/537.36 (KHTML, like Gecko) Chrome/57.0.2987.133 Safari/537.36
ourl:/index.html
request_method:GET
cookie:PHPSESSID:ghq0ili7u5c80ne67lb5qshn21;ttxs:a:4:{s:3:"_id";s:24:"58a10c2dd79e4fc8f83f6cf1";s:8:"username";s:7:"chenyun";s:7:"profile";s:28:"好好学习，天天向上!";s:7:"iconurl";s:64:"https://oi7ro6pyq.qnssl.com/5d464b9381d49d2394235b79fdb4fc09.png";};
client_ip:192.168.1.101
error_no:200
error_msg:文章标题不能为空
=====================2017-04-16 01:48:34===========================
service_cost:0.010000000000066
time:16/Apr/2017:01:48:34 +0800
entrance_type:Mozilla/5.0 (Windows NT 10.0; Win64; x64) AppleWebKit/537.36 (KHTML, like Gecko) Chrome/57.0.2987.133 Safari/537.36
ourl:/index.html
request_method:GET
cookie:PHPSESSID:ghq0ili7u5c80ne67lb5qshn21;ttxs:a:4:{s:3:"_id";s:24:"58a10c2dd79e4fc8f83f6cf1";s:8:"username";s:7:"chenyun";s:7:"profile";s:28:"好好学习，天天向上!";s:7:"iconurl";s:64:"https://oi7ro6pyq.qnssl.com/5d464b9381d49d2394235b79fdb4fc09.png";};
client_ip:192.168.1.101
error_no:200
error_msg:文章标题不能为空
=====================2017-04-16 01:51:32===========================
service_cost:0.020999999999993
time:16/Apr/2017:01:51:32 +0800
entrance_type:Mozilla/5.0 (Windows NT 10.0; Win64; x64) AppleWebKit/537.36 (KHTML, like Gecko) Chrome/57.0.2987.133 Safari/537.36
ourl:/index.html
request_method:GET
cookie:PHPSESSID:ghq0ili7u5c80ne67lb5qshn21;ttxs:a:4:{s:3:"_id";s:24:"58a10c2dd79e4fc8f83f6cf1";s:8:"username";s:7:"chenyun";s:7:"profile";s:28:"好好学习，天天向上!";s:7:"iconurl";s:64:"https://oi7ro6pyq.qnssl.com/5d464b9381d49d2394235b79fdb4fc09.png";};
client_ip:192.168.1.101
error_no:200
error_msg:文章标题不能为空
=====================2017-04-16 01:51:33===========================
service_cost:0.010000000000066
time:16/Apr/2017:01:51:33 +0800
entrance_type:Mozilla/5.0 (Windows NT 10.0; Win64; x64) AppleWebKit/537.36 (KHTML, like Gecko) Chrome/57.0.2987.133 Safari/537.36
ourl:/index.html
request_method:GET
cookie:PHPSESSID:ghq0ili7u5c80ne67lb5qshn21;ttxs:a:4:{s:3:"_id";s:24:"58a10c2dd79e4fc8f83f6cf1";s:8:"username";s:7:"chenyun";s:7:"profile";s:28:"好好学习，天天向上!";s:7:"iconurl";s:64:"https://oi7ro6pyq.qnssl.com/5d464b9381d49d2394235b79fdb4fc09.png";};
client_ip:192.168.1.101
error_no:200
error_msg:文章标题不能为空
=====================2017-04-16 01:54:21===========================
service_cost:0.02000000000002
time:16/Apr/2017:01:54:21 +0800
entrance_type:Mozilla/5.0 (Windows NT 10.0; Win64; x64) AppleWebKit/537.36 (KHTML, like Gecko) Chrome/57.0.2987.133 Safari/537.36
ourl:/index.html
request_method:GET
cookie:PHPSESSID:ghq0ili7u5c80ne67lb5qshn21;ttxs:a:4:{s:3:"_id";s:24:"58a10c2dd79e4fc8f83f6cf1";s:8:"username";s:7:"chenyun";s:7:"profile";s:28:"好好学习，天天向上!";s:7:"iconurl";s:64:"https://oi7ro6pyq.qnssl.com/5d464b9381d49d2394235b79fdb4fc09.png";};
client_ip:192.168.1.101
error_no:200
error_msg:文章标题不能为空
=====================2017-04-16 01:58:17===========================
service_cost:0.010999999999983
time:16/Apr/2017:01:58:17 +0800
entrance_type:Mozilla/5.0 (Windows NT 10.0; Win64; x64) AppleWebKit/537.36 (KHTML, like Gecko) Chrome/57.0.2987.133 Safari/537.36
ourl:/index.html
request_method:GET
cookie:PHPSESSID:ghq0ili7u5c80ne67lb5qshn21;ttxs:a:4:{s:3:"_id";s:24:"58a10c2dd79e4fc8f83f6cf1";s:8:"username";s:7:"chenyun";s:7:"profile";s:28:"好好学习，天天向上!";s:7:"iconurl";s:64:"https://oi7ro6pyq.qnssl.com/5d464b9381d49d2394235b79fdb4fc09.png";};
client_ip:192.168.1.101
error_no:200
error_msg:文章标题不能为空
=====================2017-04-16 01:58:21===========================
service_cost:22.893
time:16/Apr/2017:01:58:21 +0800
entrance_type:Mozilla/5.0 (Windows NT 10.0; Win64; x64) AppleWebKit/537.36 (KHTML, like Gecko) Chrome/57.0.2987.133 Safari/537.36
ourl:/sport/banner
request_method:GET
cookie:PHPSESSID:ghq0ili7u5c80ne67lb5qshn21;ttxs:a:4:{s:3:"_id";s:24:"58a10c2dd79e4fc8f83f6cf1";s:8:"username";s:7:"chenyun";s:7:"profile";s:28:"好好学习，天天向上!";s:7:"iconurl";s:64:"https://oi7ro6pyq.qnssl.com/5d464b9381d49d2394235b79fdb4fc09.png";};
client_ip:192.168.1.101
error_no:200
error_msg:文章标题不能为空
=====================2017-04-16 01:58:21===========================
service_cost:23.521
time:16/Apr/2017:01:58:21 +0800
entrance_type:Mozilla/5.0 (Windows NT 10.0; Win64; x64) AppleWebKit/537.36 (KHTML, like Gecko) Chrome/57.0.2987.133 Safari/537.36
ourl:/sport/banner?pn=1
request_method:GET
cookie:PHPSESSID:ghq0ili7u5c80ne67lb5qshn21;ttxs:a:4:{s:3:"_id";s:24:"58a10c2dd79e4fc8f83f6cf1";s:8:"username";s:7:"chenyun";s:7:"profile";s:28:"好好学习，天天向上!";s:7:"iconurl";s:64:"https://oi7ro6pyq.qnssl.com/5d464b9381d49d2394235b79fdb4fc09.png";};
client_ip:192.168.1.101
error_no:200
error_msg:文章标题不能为空
=====================2017-04-16 01:58:56===========================
service_cost:25.055
time:16/Apr/2017:01:58:56 +0800
entrance_type:Mozilla/5.0 (Windows NT 10.0; Win64; x64) AppleWebKit/537.36 (KHTML, like Gecko) Chrome/57.0.2987.133 Safari/537.36
ourl:/sport/banner?pn=1
request_method:GET
cookie:PHPSESSID:ghq0ili7u5c80ne67lb5qshn21;ttxs:a:4:{s:3:"_id";s:24:"58a10c2dd79e4fc8f83f6cf1";s:8:"username";s:7:"chenyun";s:7:"profile";s:28:"好好学习，天天向上!";s:7:"iconurl";s:64:"https://oi7ro6pyq.qnssl.com/5d464b9381d49d2394235b79fdb4fc09.png";};
client_ip:192.168.1.101
error_no:200
error_msg:文章标题不能为空
=====================2017-04-16 01:58:59===========================
service_cost:19.994
time:16/Apr/2017:01:58:59 +0800
entrance_type:Mozilla/5.0 (Windows NT 10.0; Win64; x64) AppleWebKit/537.36 (KHTML, like Gecko) Chrome/57.0.2987.133 Safari/537.36
ourl:/sport/banner?pn=1
request_method:GET
cookie:PHPSESSID:ghq0ili7u5c80ne67lb5qshn21;ttxs:a:4:{s:3:"_id";s:24:"58a10c2dd79e4fc8f83f6cf1";s:8:"username";s:7:"chenyun";s:7:"profile";s:28:"好好学习，天天向上!";s:7:"iconurl";s:64:"https://oi7ro6pyq.qnssl.com/5d464b9381d49d2394235b79fdb4fc09.png";};
client_ip:192.168.1.101
error_no:200
error_msg:文章标题不能为空
=====================2017-04-16 01:59:01===========================
service_cost:0.011000000000094
time:16/Apr/2017:01:59:01 +0800
entrance_type:Mozilla/5.0 (Windows NT 10.0; Win64; x64) AppleWebKit/537.36 (KHTML, like Gecko) Chrome/57.0.2987.133 Safari/537.36
ourl:/index.html
request_method:GET
cookie:PHPSESSID:ghq0ili7u5c80ne67lb5qshn21;ttxs:a:4:{s:3:"_id";s:24:"58a10c2dd79e4fc8f83f6cf1";s:8:"username";s:7:"chenyun";s:7:"profile";s:28:"好好学习，天天向上!";s:7:"iconurl";s:64:"https://oi7ro6pyq.qnssl.com/5d464b9381d49d2394235b79fdb4fc09.png";};
client_ip:192.168.1.101
error_no:200
error_msg:文章标题不能为空
=====================2017-04-16 02:00:39===========================
service_cost:0.011000000000039
time:16/Apr/2017:02:00:39 +0800
entrance_type:Mozilla/5.0 (Windows NT 10.0; Win64; x64) AppleWebKit/537.36 (KHTML, like Gecko) Chrome/57.0.2987.133 Safari/537.36
ourl:/index.html
request_method:GET
cookie:PHPSESSID:ghq0ili7u5c80ne67lb5qshn21;ttxs:a:4:{s:3:"_id";s:24:"58a10c2dd79e4fc8f83f6cf1";s:8:"username";s:7:"chenyun";s:7:"profile";s:28:"好好学习，天天向上!";s:7:"iconurl";s:64:"https://oi7ro6pyq.qnssl.com/5d464b9381d49d2394235b79fdb4fc09.png";};
client_ip:192.168.1.101
error_no:200
error_msg:文章标题不能为空
=====================2017-04-16 02:00:50===========================
service_cost:25.247
time:16/Apr/2017:02:00:50 +0800
entrance_type:Mozilla/5.0 (Windows NT 10.0; Win64; x64) AppleWebKit/537.36 (KHTML, like Gecko) Chrome/57.0.2987.133 Safari/537.36
ourl:/sport/banner
request_method:GET
cookie:PHPSESSID:ghq0ili7u5c80ne67lb5qshn21;ttxs:a:4:{s:3:"_id";s:24:"58a10c2dd79e4fc8f83f6cf1";s:8:"username";s:7:"chenyun";s:7:"profile";s:28:"好好学习，天天向上!";s:7:"iconurl";s:64:"https://oi7ro6pyq.qnssl.com/5d464b9381d49d2394235b79fdb4fc09.png";};
client_ip:192.168.1.101
error_no:200
error_msg:文章标题不能为空
=====================2017-04-16 02:00:50===========================
service_cost:27.586
time:16/Apr/2017:02:00:50 +0800
entrance_type:Mozilla/5.0 (Windows NT 10.0; Win64; x64) AppleWebKit/537.36 (KHTML, like Gecko) Chrome/57.0.2987.133 Safari/537.36
ourl:/sport/banner?pn=1
request_method:GET
cookie:PHPSESSID:ghq0ili7u5c80ne67lb5qshn21;ttxs:a:4:{s:3:"_id";s:24:"58a10c2dd79e4fc8f83f6cf1";s:8:"username";s:7:"chenyun";s:7:"profile";s:28:"好好学习，天天向上!";s:7:"iconurl";s:64:"https://oi7ro6pyq.qnssl.com/5d464b9381d49d2394235b79fdb4fc09.png";};
client_ip:192.168.1.101
error_no:200
error_msg:文章标题不能为空
=====================2017-04-16 02:01:35===========================
service_cost:29.728
time:16/Apr/2017:02:01:35 +0800
entrance_type:Mozilla/5.0 (Windows NT 10.0; Win64; x64) AppleWebKit/537.36 (KHTML, like Gecko) Chrome/57.0.2987.133 Safari/537.36
ourl:/sport/banner?pn=1
request_method:GET
cookie:PHPSESSID:ghq0ili7u5c80ne67lb5qshn21;ttxs:a:4:{s:3:"_id";s:24:"58a10c2dd79e4fc8f83f6cf1";s:8:"username";s:7:"chenyun";s:7:"profile";s:28:"好好学习，天天向上!";s:7:"iconurl";s:64:"https://oi7ro6pyq.qnssl.com/5d464b9381d49d2394235b79fdb4fc09.png";};
client_ip:192.168.1.101
error_no:200
error_msg:文章标题不能为空
=====================2017-04-16 02:01:36===========================
service_cost:18.008
time:16/Apr/2017:02:01:36 +0800
entrance_type:Mozilla/5.0 (Windows NT 10.0; Win64; x64) AppleWebKit/537.36 (KHTML, like Gecko) Chrome/57.0.2987.133 Safari/537.36
ourl:/sport/banner?pn=1
request_method:GET
cookie:PHPSESSID:ghq0ili7u5c80ne67lb5qshn21;ttxs:a:4:{s:3:"_id";s:24:"58a10c2dd79e4fc8f83f6cf1";s:8:"username";s:7:"chenyun";s:7:"profile";s:28:"好好学习，天天向上!";s:7:"iconurl";s:64:"https://oi7ro6pyq.qnssl.com/5d464b9381d49d2394235b79fdb4fc09.png";};
client_ip:192.168.1.101
error_no:200
error_msg:文章标题不能为空
=====================2017-04-16 02:02:30===========================
service_cost:30.137
time:16/Apr/2017:02:02:30 +0800
entrance_type:Mozilla/5.0 (Windows NT 10.0; Win64; x64) AppleWebKit/537.36 (KHTML, like Gecko) Chrome/57.0.2987.133 Safari/537.36
ourl:/sport/banner?pn=1
request_method:GET
cookie:PHPSESSID:ghq0ili7u5c80ne67lb5qshn21;ttxs:a:4:{s:3:"_id";s:24:"58a10c2dd79e4fc8f83f6cf1";s:8:"username";s:7:"chenyun";s:7:"profile";s:28:"好好学习，天天向上!";s:7:"iconurl";s:64:"https://oi7ro6pyq.qnssl.com/5d464b9381d49d2394235b79fdb4fc09.png";};
client_ip:192.168.1.101
error_no:200
error_msg:文章标题不能为空
=====================2017-04-16 02:03:13===========================
service_cost:28.063
time:16/Apr/2017:02:03:13 +0800
entrance_type:Mozilla/5.0 (Windows NT 10.0; Win64; x64) AppleWebKit/537.36 (KHTML, like Gecko) Chrome/57.0.2987.133 Safari/537.36
ourl:/sport/banner?pn=1
request_method:GET
cookie:PHPSESSID:ghq0ili7u5c80ne67lb5qshn21;ttxs:a:4:{s:3:"_id";s:24:"58a10c2dd79e4fc8f83f6cf1";s:8:"username";s:7:"chenyun";s:7:"profile";s:28:"好好学习，天天向上!";s:7:"iconurl";s:64:"https://oi7ro6pyq.qnssl.com/5d464b9381d49d2394235b79fdb4fc09.png";};
client_ip:192.168.1.101
error_no:200
error_msg:文章标题不能为空
=====================2017-04-16 02:03:24===========================
service_cost:22.093
time:16/Apr/2017:02:03:24 +0800
entrance_type:Mozilla/5.0 (Windows NT 10.0; Win64; x64) AppleWebKit/537.36 (KHTML, like Gecko) Chrome/57.0.2987.133 Safari/537.36
ourl:/sport/banner?pn=1
request_method:GET
cookie:PHPSESSID:ghq0ili7u5c80ne67lb5qshn21;ttxs:a:4:{s:3:"_id";s:24:"58a10c2dd79e4fc8f83f6cf1";s:8:"username";s:7:"chenyun";s:7:"profile";s:28:"好好学习，天天向上!";s:7:"iconurl";s:64:"https://oi7ro6pyq.qnssl.com/5d464b9381d49d2394235b79fdb4fc09.png";};
client_ip:192.168.1.101
error_no:200
error_msg:文章标题不能为空
=====================2017-04-16 02:03:47===========================
service_cost:23.483
time:16/Apr/2017:02:03:47 +0800
entrance_type:Mozilla/5.0 (Windows NT 10.0; Win64; x64) AppleWebKit/537.36 (KHTML, like Gecko) Chrome/57.0.2987.133 Safari/537.36
ourl:/sport/banner?pn=1
request_method:GET
cookie:PHPSESSID:ghq0ili7u5c80ne67lb5qshn21;ttxs:a:4:{s:3:"_id";s:24:"58a10c2dd79e4fc8f83f6cf1";s:8:"username";s:7:"chenyun";s:7:"profile";s:28:"好好学习，天天向上!";s:7:"iconurl";s:64:"https://oi7ro6pyq.qnssl.com/5d464b9381d49d2394235b79fdb4fc09.png";};
client_ip:192.168.1.101
error_no:200
error_msg:文章标题不能为空
=====================2017-04-16 02:04:00===========================
service_cost:25.254
time:16/Apr/2017:02:04:00 +0800
entrance_type:Mozilla/5.0 (Windows NT 10.0; Win64; x64) AppleWebKit/537.36 (KHTML, like Gecko) Chrome/57.0.2987.133 Safari/537.36
ourl:/sport/banner?pn=1
request_method:GET
cookie:PHPSESSID:ghq0ili7u5c80ne67lb5qshn21;ttxs:a:4:{s:3:"_id";s:24:"58a10c2dd79e4fc8f83f6cf1";s:8:"username";s:7:"chenyun";s:7:"profile";s:28:"好好学习，天天向上!";s:7:"iconurl";s:64:"https://oi7ro6pyq.qnssl.com/5d464b9381d49d2394235b79fdb4fc09.png";};
client_ip:192.168.1.101
error_no:200
error_msg:文章标题不能为空
=====================2017-04-16 02:04:44===========================
service_cost:23.533
time:16/Apr/2017:02:04:44 +0800
entrance_type:Mozilla/5.0 (Windows NT 10.0; Win64; x64) AppleWebKit/537.36 (KHTML, like Gecko) Chrome/57.0.2987.133 Safari/537.36
ourl:/sport/banner?pn=1
request_method:GET
cookie:PHPSESSID:ghq0ili7u5c80ne67lb5qshn21;ttxs:a:4:{s:3:"_id";s:24:"58a10c2dd79e4fc8f83f6cf1";s:8:"username";s:7:"chenyun";s:7:"profile";s:28:"好好学习，天天向上!";s:7:"iconurl";s:64:"https://oi7ro6pyq.qnssl.com/5d464b9381d49d2394235b79fdb4fc09.png";};
client_ip:192.168.1.101
error_no:200
error_msg:文章标题不能为空
=====================2017-04-16 02:05:03===========================
service_cost:25.295
time:16/Apr/2017:02:05:03 +0800
entrance_type:Mozilla/5.0 (Windows NT 10.0; Win64; x64) AppleWebKit/537.36 (KHTML, like Gecko) Chrome/57.0.2987.133 Safari/537.36
ourl:/sport/banner?pn=1
request_method:GET
cookie:PHPSESSID:ghq0ili7u5c80ne67lb5qshn21;ttxs:a:4:{s:3:"_id";s:24:"58a10c2dd79e4fc8f83f6cf1";s:8:"username";s:7:"chenyun";s:7:"profile";s:28:"好好学习，天天向上!";s:7:"iconurl";s:64:"https://oi7ro6pyq.qnssl.com/5d464b9381d49d2394235b79fdb4fc09.png";};
client_ip:192.168.1.101
error_no:200
error_msg:文章标题不能为空
=====================2017-04-16 02:05:38===========================
service_cost:22.286
time:16/Apr/2017:02:05:38 +0800
entrance_type:Mozilla/5.0 (Windows NT 10.0; Win64; x64) AppleWebKit/537.36 (KHTML, like Gecko) Chrome/57.0.2987.133 Safari/537.36
ourl:/sport/banner?pn=1
request_method:GET
cookie:PHPSESSID:ghq0ili7u5c80ne67lb5qshn21;ttxs:a:4:{s:3:"_id";s:24:"58a10c2dd79e4fc8f83f6cf1";s:8:"username";s:7:"chenyun";s:7:"profile";s:28:"好好学习，天天向上!";s:7:"iconurl";s:64:"https://oi7ro6pyq.qnssl.com/5d464b9381d49d2394235b79fdb4fc09.png";};
client_ip:192.168.1.101
error_no:200
error_msg:文章标题不能为空
=====================2017-04-16 02:06:09===========================
service_cost:24.772
time:16/Apr/2017:02:06:09 +0800
entrance_type:Mozilla/5.0 (Windows NT 10.0; Win64; x64) AppleWebKit/537.36 (KHTML, like Gecko) Chrome/57.0.2987.133 Safari/537.36
ourl:/sport/banner?pn=1
request_method:GET
cookie:PHPSESSID:ghq0ili7u5c80ne67lb5qshn21;ttxs:a:4:{s:3:"_id";s:24:"58a10c2dd79e4fc8f83f6cf1";s:8:"username";s:7:"chenyun";s:7:"profile";s:28:"好好学习，天天向上!";s:7:"iconurl";s:64:"https://oi7ro6pyq.qnssl.com/5d464b9381d49d2394235b79fdb4fc09.png";};
client_ip:192.168.1.101
error_no:200
error_msg:文章标题不能为空
=====================2017-04-16 02:06:31===========================
service_cost:29.732
time:16/Apr/2017:02:06:31 +0800
entrance_type:Mozilla/5.0 (Windows NT 10.0; Win64; x64) AppleWebKit/537.36 (KHTML, like Gecko) Chrome/57.0.2987.133 Safari/537.36
ourl:/sport/banner?pn=1
request_method:GET
cookie:PHPSESSID:ghq0ili7u5c80ne67lb5qshn21;ttxs:a:4:{s:3:"_id";s:24:"58a10c2dd79e4fc8f83f6cf1";s:8:"username";s:7:"chenyun";s:7:"profile";s:28:"好好学习，天天向上!";s:7:"iconurl";s:64:"https://oi7ro6pyq.qnssl.com/5d464b9381d49d2394235b79fdb4fc09.png";};
client_ip:192.168.1.101
error_no:200
error_msg:文章标题不能为空
=====================2017-04-16 02:07:20===========================
service_cost:31.35
time:16/Apr/2017:02:07:20 +0800
entrance_type:Mozilla/5.0 (Windows NT 10.0; Win64; x64) AppleWebKit/537.36 (KHTML, like Gecko) Chrome/57.0.2987.133 Safari/537.36
ourl:/sport/banner?pn=1
request_method:GET
cookie:PHPSESSID:ghq0ili7u5c80ne67lb5qshn21;ttxs:a:4:{s:3:"_id";s:24:"58a10c2dd79e4fc8f83f6cf1";s:8:"username";s:7:"chenyun";s:7:"profile";s:28:"好好学习，天天向上!";s:7:"iconurl";s:64:"https://oi7ro6pyq.qnssl.com/5d464b9381d49d2394235b79fdb4fc09.png";};
client_ip:192.168.1.101
error_no:200
error_msg:文章标题不能为空
=====================2017-04-16 02:07:23===========================
service_cost:24.398
time:16/Apr/2017:02:07:23 +0800
entrance_type:Mozilla/5.0 (Windows NT 10.0; Win64; x64) AppleWebKit/537.36 (KHTML, like Gecko) Chrome/57.0.2987.133 Safari/537.36
ourl:/sport/banner?pn=1
request_method:GET
cookie:PHPSESSID:ghq0ili7u5c80ne67lb5qshn21;ttxs:a:4:{s:3:"_id";s:24:"58a10c2dd79e4fc8f83f6cf1";s:8:"username";s:7:"chenyun";s:7:"profile";s:28:"好好学习，天天向上!";s:7:"iconurl";s:64:"https://oi7ro6pyq.qnssl.com/5d464b9381d49d2394235b79fdb4fc09.png";};
client_ip:192.168.1.101
error_no:200
error_msg:文章标题不能为空
=====================2017-04-16 02:07:50===========================
service_cost:30.922
time:16/Apr/2017:02:07:50 +0800
entrance_type:Mozilla/5.0 (Windows NT 10.0; Win64; x64) AppleWebKit/537.36 (KHTML, like Gecko) Chrome/57.0.2987.133 Safari/537.36
ourl:/sport/banner?pn=1
request_method:GET
cookie:PHPSESSID:ghq0ili7u5c80ne67lb5qshn21;ttxs:a:4:{s:3:"_id";s:24:"58a10c2dd79e4fc8f83f6cf1";s:8:"username";s:7:"chenyun";s:7:"profile";s:28:"好好学习，天天向上!";s:7:"iconurl";s:64:"https://oi7ro6pyq.qnssl.com/5d464b9381d49d2394235b79fdb4fc09.png";};
client_ip:192.168.1.101
error_no:200
error_msg:文章标题不能为空
=====================2017-04-16 02:08:43===========================
service_cost:0.017999999999962
time:16/Apr/2017:02:08:43 +0800
entrance_type:Mozilla/5.0 (Windows NT 10.0; Win64; x64) AppleWebKit/537.36 (KHTML, like Gecko) Chrome/57.0.2987.133 Safari/537.36
ourl:/index.html
request_method:GET
cookie:PHPSESSID:ghq0ili7u5c80ne67lb5qshn21;ttxs:a:4:{s:3:"_id";s:24:"58a10c2dd79e4fc8f83f6cf1";s:8:"username";s:7:"chenyun";s:7:"profile";s:28:"好好学习，天天向上!";s:7:"iconurl";s:64:"https://oi7ro6pyq.qnssl.com/5d464b9381d49d2394235b79fdb4fc09.png";};
client_ip:192.168.1.101
error_no:200
error_msg:文章标题不能为空
=====================2017-04-16 02:08:47===========================
service_cost:24.498
time:16/Apr/2017:02:08:47 +0800
entrance_type:Mozilla/5.0 (Windows NT 10.0; Win64; x64) AppleWebKit/537.36 (KHTML, like Gecko) Chrome/57.0.2987.133 Safari/537.36
ourl:/sport/banner
request_method:GET
cookie:PHPSESSID:ghq0ili7u5c80ne67lb5qshn21;ttxs:a:4:{s:3:"_id";s:24:"58a10c2dd79e4fc8f83f6cf1";s:8:"username";s:7:"chenyun";s:7:"profile";s:28:"好好学习，天天向上!";s:7:"iconurl";s:64:"https://oi7ro6pyq.qnssl.com/5d464b9381d49d2394235b79fdb4fc09.png";};
client_ip:192.168.1.101
error_no:200
error_msg:文章标题不能为空
=====================2017-04-16 02:08:47===========================
service_cost:30.392
time:16/Apr/2017:02:08:47 +0800
entrance_type:Mozilla/5.0 (Windows NT 10.0; Win64; x64) AppleWebKit/537.36 (KHTML, like Gecko) Chrome/57.0.2987.133 Safari/537.36
ourl:/sport/banner?pn=1
request_method:GET
cookie:PHPSESSID:ghq0ili7u5c80ne67lb5qshn21;ttxs:a:4:{s:3:"_id";s:24:"58a10c2dd79e4fc8f83f6cf1";s:8:"username";s:7:"chenyun";s:7:"profile";s:28:"好好学习，天天向上!";s:7:"iconurl";s:64:"https://oi7ro6pyq.qnssl.com/5d464b9381d49d2394235b79fdb4fc09.png";};
client_ip:192.168.1.101
error_no:200
error_msg:文章标题不能为空
=====================2017-04-16 02:09:49===========================
service_cost:28.362
time:16/Apr/2017:02:09:49 +0800
entrance_type:Mozilla/5.0 (Windows NT 10.0; Win64; x64) AppleWebKit/537.36 (KHTML, like Gecko) Chrome/57.0.2987.133 Safari/537.36
ourl:/sport/banner?pn=1
request_method:GET
cookie:PHPSESSID:ghq0ili7u5c80ne67lb5qshn21;ttxs:a:4:{s:3:"_id";s:24:"58a10c2dd79e4fc8f83f6cf1";s:8:"username";s:7:"chenyun";s:7:"profile";s:28:"好好学习，天天向上!";s:7:"iconurl";s:64:"https://oi7ro6pyq.qnssl.com/5d464b9381d49d2394235b79fdb4fc09.png";};
client_ip:192.168.1.101
error_no:200
error_msg:文章标题不能为空
=====================2017-04-16 02:10:04===========================
service_cost:31.528
time:16/Apr/2017:02:10:04 +0800
entrance_type:Mozilla/5.0 (Windows NT 10.0; Win64; x64) AppleWebKit/537.36 (KHTML, like Gecko) Chrome/57.0.2987.133 Safari/537.36
ourl:/sport/banner?pn=1
request_method:GET
cookie:PHPSESSID:ghq0ili7u5c80ne67lb5qshn21;ttxs:a:4:{s:3:"_id";s:24:"58a10c2dd79e4fc8f83f6cf1";s:8:"username";s:7:"chenyun";s:7:"profile";s:28:"好好学习，天天向上!";s:7:"iconurl";s:64:"https://oi7ro6pyq.qnssl.com/5d464b9381d49d2394235b79fdb4fc09.png";};
client_ip:192.168.1.101
error_no:200
error_msg:文章标题不能为空
=====================2017-04-16 02:11:42===========================
service_cost:31.177
time:16/Apr/2017:02:11:42 +0800
entrance_type:Mozilla/5.0 (Windows NT 10.0; Win64; x64) AppleWebKit/537.36 (KHTML, like Gecko) Chrome/57.0.2987.133 Safari/537.36
ourl:/sport/banner?pn=1
request_method:GET
cookie:PHPSESSID:ghq0ili7u5c80ne67lb5qshn21;ttxs:a:4:{s:3:"_id";s:24:"58a10c2dd79e4fc8f83f6cf1";s:8:"username";s:7:"chenyun";s:7:"profile";s:28:"好好学习，天天向上!";s:7:"iconurl";s:64:"https://oi7ro6pyq.qnssl.com/5d464b9381d49d2394235b79fdb4fc09.png";};
client_ip:192.168.1.101
error_no:200
error_msg:文章标题不能为空
=====================2017-04-16 10:23:35===========================
service_cost:23.938
time:16/Apr/2017:10:23:35 +0800
entrance_type:Mozilla/5.0 (Windows NT 10.0; Win64; x64) AppleWebKit/537.36 (KHTML, like Gecko) Chrome/57.0.2987.133 Safari/537.36
ourl:/sport/banner
request_method:GET
cookie:PHPSESSID:ghq0ili7u5c80ne67lb5qshn21;ttxs:a:4:{s:3:"_id";s:24:"58a10c2dd79e4fc8f83f6cf1";s:8:"username";s:7:"chenyun";s:7:"profile";s:28:"好好学习，天天向上!";s:7:"iconurl";s:64:"https://oi7ro6pyq.qnssl.com/5d464b9381d49d2394235b79fdb4fc09.png";};
client_ip:192.168.1.101
error_no:200
error_msg:文章标题不能为空
=====================2017-04-16 10:23:36===========================
service_cost:28.631
time:16/Apr/2017:10:23:36 +0800
entrance_type:Mozilla/5.0 (Windows NT 10.0; Win64; x64) AppleWebKit/537.36 (KHTML, like Gecko) Chrome/57.0.2987.133 Safari/537.36
ourl:/sport/banner?pn=1
request_method:GET
cookie:PHPSESSID:ghq0ili7u5c80ne67lb5qshn21;ttxs:a:4:{s:3:"_id";s:24:"58a10c2dd79e4fc8f83f6cf1";s:8:"username";s:7:"chenyun";s:7:"profile";s:28:"好好学习，天天向上!";s:7:"iconurl";s:64:"https://oi7ro6pyq.qnssl.com/5d464b9381d49d2394235b79fdb4fc09.png";};
client_ip:192.168.1.101
error_no:200
error_msg:文章标题不能为空
=====================2017-04-16 10:23:37===========================
service_cost:0.010999999999997
time:16/Apr/2017:10:23:37 +0800
entrance_type:Mozilla/5.0 (Windows NT 10.0; Win64; x64) AppleWebKit/537.36 (KHTML, like Gecko) Chrome/57.0.2987.133 Safari/537.36
ourl:/index.html
request_method:GET
cookie:PHPSESSID:ghq0ili7u5c80ne67lb5qshn21;ttxs:a:4:{s:3:"_id";s:24:"58a10c2dd79e4fc8f83f6cf1";s:8:"username";s:7:"chenyun";s:7:"profile";s:28:"好好学习，天天向上!";s:7:"iconurl";s:64:"https://oi7ro6pyq.qnssl.com/5d464b9381d49d2394235b79fdb4fc09.png";};
client_ip:192.168.1.101
error_no:200
error_msg:文章标题不能为空
=====================2017-04-16 10:23:42===========================
service_cost:0.0099999999999545
time:16/Apr/2017:10:23:42 +0800
entrance_type:Mozilla/5.0 (Windows NT 10.0; Win64; x64) AppleWebKit/537.36 (KHTML, like Gecko) Chrome/57.0.2987.133 Safari/537.36
ourl:/index.html
request_method:GET
cookie:PHPSESSID:ghq0ili7u5c80ne67lb5qshn21;ttxs:a:4:{s:3:"_id";s:24:"58a10c2dd79e4fc8f83f6cf1";s:8:"username";s:7:"chenyun";s:7:"profile";s:28:"好好学习，天天向上!";s:7:"iconurl";s:64:"https://oi7ro6pyq.qnssl.com/5d464b9381d49d2394235b79fdb4fc09.png";};
client_ip:192.168.1.101
error_no:200
error_msg:文章标题不能为空
=====================2017-04-16 10:23:45===========================
service_cost:24.261
time:16/Apr/2017:10:23:45 +0800
entrance_type:Mozilla/5.0 (Windows NT 10.0; Win64; x64) AppleWebKit/537.36 (KHTML, like Gecko) Chrome/57.0.2987.133 Safari/537.36
ourl:/sport/banner
request_method:GET
cookie:PHPSESSID:ghq0ili7u5c80ne67lb5qshn21;ttxs:a:4:{s:3:"_id";s:24:"58a10c2dd79e4fc8f83f6cf1";s:8:"username";s:7:"chenyun";s:7:"profile";s:28:"好好学习，天天向上!";s:7:"iconurl";s:64:"https://oi7ro6pyq.qnssl.com/5d464b9381d49d2394235b79fdb4fc09.png";};
client_ip:192.168.1.101
error_no:200
error_msg:文章标题不能为空
=====================2017-04-16 10:23:45===========================
service_cost:26.737
time:16/Apr/2017:10:23:45 +0800
entrance_type:Mozilla/5.0 (Windows NT 10.0; Win64; x64) AppleWebKit/537.36 (KHTML, like Gecko) Chrome/57.0.2987.133 Safari/537.36
ourl:/sport/banner?pn=1
request_method:GET
cookie:PHPSESSID:ghq0ili7u5c80ne67lb5qshn21;ttxs:a:4:{s:3:"_id";s:24:"58a10c2dd79e4fc8f83f6cf1";s:8:"username";s:7:"chenyun";s:7:"profile";s:28:"好好学习，天天向上!";s:7:"iconurl";s:64:"https://oi7ro6pyq.qnssl.com/5d464b9381d49d2394235b79fdb4fc09.png";};
client_ip:192.168.1.101
error_no:200
error_msg:文章标题不能为空
=====================2017-04-16 10:23:49===========================
service_cost:0.012000000000012
time:16/Apr/2017:10:23:49 +0800
entrance_type:Mozilla/5.0 (Windows NT 10.0; Win64; x64) AppleWebKit/537.36 (KHTML, like Gecko) Chrome/57.0.2987.133 Safari/537.36
ourl:/index.html
request_method:GET
cookie:PHPSESSID:ghq0ili7u5c80ne67lb5qshn21;ttxs:a:4:{s:3:"_id";s:24:"58a10c2dd79e4fc8f83f6cf1";s:8:"username";s:7:"chenyun";s:7:"profile";s:28:"好好学习，天天向上!";s:7:"iconurl";s:64:"https://oi7ro6pyq.qnssl.com/5d464b9381d49d2394235b79fdb4fc09.png";};
client_ip:192.168.1.101
error_no:200
error_msg:文章标题不能为空
=====================2017-04-16 10:23:54===========================
service_cost:26.552
time:16/Apr/2017:10:23:54 +0800
entrance_type:Mozilla/5.0 (Windows NT 10.0; Win64; x64) AppleWebKit/537.36 (KHTML, like Gecko) Chrome/57.0.2987.133 Safari/537.36
ourl:/sport/banner
request_method:GET
cookie:PHPSESSID:ghq0ili7u5c80ne67lb5qshn21;ttxs:a:4:{s:3:"_id";s:24:"58a10c2dd79e4fc8f83f6cf1";s:8:"username";s:7:"chenyun";s:7:"profile";s:28:"好好学习，天天向上!";s:7:"iconurl";s:64:"https://oi7ro6pyq.qnssl.com/5d464b9381d49d2394235b79fdb4fc09.png";};
client_ip:192.168.1.101
error_no:200
error_msg:文章标题不能为空
=====================2017-04-16 10:23:54===========================
service_cost:25.009
time:16/Apr/2017:10:23:54 +0800
entrance_type:Mozilla/5.0 (Windows NT 10.0; Win64; x64) AppleWebKit/537.36 (KHTML, like Gecko) Chrome/57.0.2987.133 Safari/537.36
ourl:/sport/banner?pn=1
request_method:GET
cookie:PHPSESSID:ghq0ili7u5c80ne67lb5qshn21;ttxs:a:4:{s:3:"_id";s:24:"58a10c2dd79e4fc8f83f6cf1";s:8:"username";s:7:"chenyun";s:7:"profile";s:28:"好好学习，天天向上!";s:7:"iconurl";s:64:"https://oi7ro6pyq.qnssl.com/5d464b9381d49d2394235b79fdb4fc09.png";};
client_ip:192.168.1.101
error_no:200
error_msg:文章标题不能为空
=====================2017-04-16 10:24:40===========================
service_cost:0.010999999999983
time:16/Apr/2017:10:24:40 +0800
entrance_type:Mozilla/5.0 (Linux; Android 6.0; Nexus 5 Build/MRA58N) AppleWebKit/537.36 (KHTML, like Gecko) Chrome/57.0.2987.133 Mobile Safari/537.36
ourl:/index.html
request_method:GET
cookie:PHPSESSID:ghq0ili7u5c80ne67lb5qshn21;ttxs:a:4:{s:3:"_id";s:24:"58a10c2dd79e4fc8f83f6cf1";s:8:"username";s:7:"chenyun";s:7:"profile";s:28:"好好学习，天天向上!";s:7:"iconurl";s:64:"https://oi7ro6pyq.qnssl.com/5d464b9381d49d2394235b79fdb4fc09.png";};
client_ip:192.168.1.101
error_no:200
error_msg:文章标题不能为空
=====================2017-04-16 10:25:11===========================
service_cost:23.073
time:16/Apr/2017:10:25:11 +0800
entrance_type:Mozilla/5.0 (Linux; Android 6.0; Nexus 5 Build/MRA58N) AppleWebKit/537.36 (KHTML, like Gecko) Chrome/57.0.2987.133 Mobile Safari/537.36
ourl:/sport/banner
request_method:GET
cookie:PHPSESSID:ghq0ili7u5c80ne67lb5qshn21;ttxs:a:4:{s:3:"_id";s:24:"58a10c2dd79e4fc8f83f6cf1";s:8:"username";s:7:"chenyun";s:7:"profile";s:28:"好好学习，天天向上!";s:7:"iconurl";s:64:"https://oi7ro6pyq.qnssl.com/5d464b9381d49d2394235b79fdb4fc09.png";};
client_ip:192.168.1.101
error_no:200
error_msg:文章标题不能为空
=====================2017-04-16 10:25:11===========================
service_cost:29.063
time:16/Apr/2017:10:25:11 +0800
entrance_type:Mozilla/5.0 (Linux; Android 6.0; Nexus 5 Build/MRA58N) AppleWebKit/537.36 (KHTML, like Gecko) Chrome/57.0.2987.133 Mobile Safari/537.36
ourl:/sport/banner?pn=1
request_method:GET
cookie:PHPSESSID:ghq0ili7u5c80ne67lb5qshn21;ttxs:a:4:{s:3:"_id";s:24:"58a10c2dd79e4fc8f83f6cf1";s:8:"username";s:7:"chenyun";s:7:"profile";s:28:"好好学习，天天向上!";s:7:"iconurl";s:64:"https://oi7ro6pyq.qnssl.com/5d464b9381d49d2394235b79fdb4fc09.png";};
client_ip:192.168.1.101
error_no:200
error_msg:文章标题不能为空
=====================2017-04-16 10:25:28===========================
service_cost:0.0099999999999545
time:16/Apr/2017:10:25:28 +0800
entrance_type:Mozilla/5.0 (Linux; Android 6.0; Nexus 5 Build/MRA58N) AppleWebKit/537.36 (KHTML, like Gecko) Chrome/57.0.2987.133 Mobile Safari/537.36
ourl:/index.html
request_method:GET
cookie:PHPSESSID:ghq0ili7u5c80ne67lb5qshn21;ttxs:a:4:{s:3:"_id";s:24:"58a10c2dd79e4fc8f83f6cf1";s:8:"username";s:7:"chenyun";s:7:"profile";s:28:"好好学习，天天向上!";s:7:"iconurl";s:64:"https://oi7ro6pyq.qnssl.com/5d464b9381d49d2394235b79fdb4fc09.png";};
client_ip:192.168.1.101
error_no:200
error_msg:文章标题不能为空
