=====================2017-08-18 11:50:12===========================
service_cost:2.23
time:18/Aug/2017:11:50:12 +0800
entrance_type:Mozilla/5.0 (Macintosh; Intel Mac OS X 10_12_6) AppleWebKit/537.36 (KHTML, like Gecko) Chrome/50.0.2661.75 Safari/537.36 QQBrowser/4.1.4132.400
ourl:/user/student
request_method:GET
cookie:PHPSESSID:gvqp5865algv33cah6n3pkh6q3;
client_ip:114.249.230.22
error_no
error_msg:success
=====================2017-08-18 11:50:12===========================
service_cost:2.247
time:18/Aug/2017:11:50:12 +0800
entrance_type:Mozilla/5.0 (Macintosh; Intel Mac OS X 10_12_6) AppleWebKit/537.36 (KHTML, like Gecko) Chrome/50.0.2661.75 Safari/537.36 QQBrowser/4.1.4132.400
ourl:/user/student?imageView2/2/w/100/h/60/q/100
request_method:GET
cookie:PHPSESSID:gvqp5865algv33cah6n3pkh6q3;
client_ip:114.249.230.22
error_no
error_msg:success
=====================2017-08-18 11:50:23===========================
service_cost:15.528
time:18/Aug/2017:11:50:23 +0800
entrance_type:Mozilla/5.0 (Macintosh; Intel Mac OS X 10_12_6) AppleWebKit/537.36 (KHTML, like Gecko) Chrome/50.0.2661.75 Safari/537.36 QQBrowser/4.1.4132.400
ourl:/user/student?grade=-1&username=%E5%88%98%E4%B8%9C%E5%88%9A&uid=&parentname=&mobile=
request_method:GET
cookie:PHPSESSID:gvqp5865algv33cah6n3pkh6q3;
client_ip:114.249.230.22
error_no
error_msg:success
=====================2017-08-18 11:50:23===========================
service_cost:2.04
time:18/Aug/2017:11:50:23 +0800
entrance_type:Mozilla/5.0 (Macintosh; Intel Mac OS X 10_12_6) AppleWebKit/537.36 (KHTML, like Gecko) Chrome/50.0.2661.75 Safari/537.36 QQBrowser/4.1.4132.400
ourl:/user/student?imageView2/2/w/100/h/60/q/100
request_method:GET
cookie:PHPSESSID:gvqp5865algv33cah6n3pkh6q3;
client_ip:114.249.230.22
error_no
error_msg:success
=====================2017-08-18 14:51:54===========================
service_cost:1.815
time:18/Aug/2017:14:51:54 +0800
entrance_type:Mozilla/5.0 (Macintosh; Intel Mac OS X 10_12_6) AppleWebKit/537.36 (KHTML, like Gecko) Chrome/60.0.3112.90 Safari/537.36
ourl:/user/student?grade=-1&username=&uid=587f31762a46800e0a8b4ee3&parentname=&mobile=
request_method:GET
cookie:PHPSESSID:j3675n7df6s0ik9sj1trcah315;
client_ip:114.249.230.22
error_no
error_msg:success
=====================2017-08-18 14:52:25===========================
service_cost:1.968
time:18/Aug/2017:14:52:25 +0800
entrance_type:Mozilla/5.0 (Macintosh; Intel Mac OS X 10_12_6) AppleWebKit/537.36 (KHTML, like Gecko) Chrome/60.0.3112.90 Safari/537.36
ourl:/user/student?grade=-1&username=&uid=587f31762a46800e0a8b4ed4&parentname=&mobile=
request_method:GET
cookie:PHPSESSID:j3675n7df6s0ik9sj1trcah315;
client_ip:114.249.230.22
error_no
error_msg:success
=====================2017-08-18 14:53:00===========================
service_cost:1.721
time:18/Aug/2017:14:53:00 +0800
entrance_type:Mozilla/5.0 (Macintosh; Intel Mac OS X 10_12_6) AppleWebKit/537.36 (KHTML, like Gecko) Chrome/60.0.3112.90 Safari/537.36
ourl:/user/student?grade=-1&username=&uid=587f31742a46800e0a8b4769&parentname=&mobile=
request_method:GET
cookie:PHPSESSID:j3675n7df6s0ik9sj1trcah315;
client_ip:114.249.230.22
error_no
error_msg:success
=====================2017-08-18 14:53:00===========================
service_cost:2.543
time:18/Aug/2017:14:53:00 +0800
entrance_type:Mozilla/5.0 (Macintosh; Intel Mac OS X 10_12_6) AppleWebKit/537.36 (KHTML, like Gecko) Chrome/60.0.3112.90 Safari/537.36
ourl:/user/student?imageView2/2/w/100/h/60/q/100
request_method:GET
cookie:PHPSESSID:j3675n7df6s0ik9sj1trcah315;
client_ip:114.249.230.22
error_no
error_msg:success
=====================2017-08-18 14:53:30===========================
service_cost:1.852
time:18/Aug/2017:14:53:30 +0800
entrance_type:Mozilla/5.0 (Macintosh; Intel Mac OS X 10_12_6) AppleWebKit/537.36 (KHTML, like Gecko) Chrome/60.0.3112.90 Safari/537.36
ourl:/user/student?grade=-1&username=&uid=587f31762a46800e0a8b4e29&parentname=&mobile=
request_method:GET
cookie:PHPSESSID:j3675n7df6s0ik9sj1trcah315;
client_ip:114.249.230.22
error_no
error_msg:success
=====================2017-08-18 14:53:47===========================
service_cost:1.85
time:18/Aug/2017:14:53:47 +0800
entrance_type:Mozilla/5.0 (Macintosh; Intel Mac OS X 10_12_6) AppleWebKit/537.36 (KHTML, like Gecko) Chrome/60.0.3112.90 Safari/537.36
ourl:/user/student?grade=-1&username=&uid=587f31742a46800e0a8b4a09&parentname=&mobile=
request_method:GET
cookie:PHPSESSID:j3675n7df6s0ik9sj1trcah315;
client_ip:114.249.230.22
error_no
error_msg:success
=====================2017-08-18 14:54:12===========================
service_cost:2.186
time:18/Aug/2017:14:54:12 +0800
entrance_type:Mozilla/5.0 (Macintosh; Intel Mac OS X 10_12_6) AppleWebKit/537.36 (KHTML, like Gecko) Chrome/60.0.3112.90 Safari/537.36
ourl:/user/student?grade=-1&username=&uid=587f31752a46800e0a8b4a4f&parentname=&mobile=
request_method:GET
cookie:PHPSESSID:j3675n7df6s0ik9sj1trcah315;
client_ip:114.249.230.22
error_no
error_msg:success
=====================2017-08-18 14:54:30===========================
service_cost:2.529
time:18/Aug/2017:14:54:30 +0800
entrance_type:Mozilla/5.0 (Macintosh; Intel Mac OS X 10_12_6) AppleWebKit/537.36 (KHTML, like Gecko) Chrome/60.0.3112.90 Safari/537.36
ourl:/user/student?grade=-1&username=&uid=587f31762a46800e0a8b4ee3&parentname=&mobile=
request_method:GET
cookie:PHPSESSID:j3675n7df6s0ik9sj1trcah315;
client_ip:114.249.230.22
error_no
error_msg:success
=====================2017-08-18 14:54:57===========================
service_cost:1.8159999999999
time:18/Aug/2017:14:54:57 +0800
entrance_type:Mozilla/5.0 (Macintosh; Intel Mac OS X 10_12_6) AppleWebKit/537.36 (KHTML, like Gecko) Chrome/60.0.3112.90 Safari/537.36
ourl:/user/student?grade=-1&username=&uid=587f31752a46800e0a8b4a4f&parentname=&mobile=
request_method:GET
cookie:PHPSESSID:j3675n7df6s0ik9sj1trcah315;
client_ip:114.249.230.22
error_no
error_msg:success
=====================2017-08-18 14:55:00===========================
service_cost:1.962
time:18/Aug/2017:14:55:00 +0800
entrance_type:Mozilla/5.0 (Macintosh; Intel Mac OS X 10_12_6) AppleWebKit/537.36 (KHTML, like Gecko) Chrome/60.0.3112.90 Safari/537.36
ourl:/user/student?grade=-1&username=&uid=587f31762a46800e0a8b4ee3&parentname=&mobile=
request_method:GET
cookie:PHPSESSID:j3675n7df6s0ik9sj1trcah315;
client_ip:114.249.230.22
error_no
error_msg:success
=====================2017-08-18 14:55:13===========================
service_cost:1.766
time:18/Aug/2017:14:55:13 +0800
entrance_type:Mozilla/5.0 (Macintosh; Intel Mac OS X 10_12_6) AppleWebKit/537.36 (KHTML, like Gecko) Chrome/60.0.3112.90 Safari/537.36
ourl:/user/student?grade=-1&username=&uid=587f31762a46800e0a8b4ee3&parentname=&mobile=
request_method:GET
cookie:PHPSESSID:j3675n7df6s0ik9sj1trcah315;
client_ip:114.249.230.22
error_no
error_msg:success
=====================2017-08-18 14:55:14===========================
service_cost:2.343
time:18/Aug/2017:14:55:14 +0800
entrance_type:Mozilla/5.0 (Macintosh; Intel Mac OS X 10_12_6) AppleWebKit/537.36 (KHTML, like Gecko) Chrome/60.0.3112.90 Safari/537.36
ourl:/user/student?grade=-1&username=&uid=587f31762a46800e0a8b4ee3&parentname=&mobile=
request_method:GET
cookie:PHPSESSID:j3675n7df6s0ik9sj1trcah315;
client_ip:114.249.230.22
error_no
error_msg:success
=====================2017-08-18 14:55:34===========================
service_cost:1.765
time:18/Aug/2017:14:55:34 +0800
entrance_type:Mozilla/5.0 (Macintosh; Intel Mac OS X 10_12_6) AppleWebKit/537.36 (KHTML, like Gecko) Chrome/60.0.3112.90 Safari/537.36
ourl:/user/student?grade=-1&username=&uid=587f31762a46800e0a8b4ee3&parentname=&mobile=
request_method:GET
cookie:PHPSESSID:j3675n7df6s0ik9sj1trcah315;
client_ip:114.249.230.22
error_no
error_msg:success
=====================2017-08-18 14:55:57===========================
service_cost:1.779
time:18/Aug/2017:14:55:57 +0800
entrance_type:Mozilla/5.0 (Macintosh; Intel Mac OS X 10_12_6) AppleWebKit/537.36 (KHTML, like Gecko) Chrome/60.0.3112.90 Safari/537.36
ourl:/user/student?grade=-1&username=&uid=587f31752a46800e0a8b4cfb&parentname=&mobile=
request_method:GET
cookie:PHPSESSID:j3675n7df6s0ik9sj1trcah315;
client_ip:114.249.230.22
error_no
error_msg:success
=====================2017-08-18 14:56:08===========================
service_cost:1.916
time:18/Aug/2017:14:56:08 +0800
entrance_type:Mozilla/5.0 (Macintosh; Intel Mac OS X 10_12_6) AppleWebKit/537.36 (KHTML, like Gecko) Chrome/60.0.3112.90 Safari/537.36
ourl:/user/student?grade=-1&username=&uid=587f31752a46800e0a8b4cfb&parentname=&mobile=
request_method:GET
cookie:PHPSESSID:j3675n7df6s0ik9sj1trcah315;
client_ip:114.249.230.22
error_no
error_msg:success
=====================2017-08-18 14:56:08===========================
service_cost:1.768
time:18/Aug/2017:14:56:08 +0800
entrance_type:Mozilla/5.0 (Macintosh; Intel Mac OS X 10_12_6) AppleWebKit/537.36 (KHTML, like Gecko) Chrome/60.0.3112.90 Safari/537.36
ourl:/user/student?grade=-1&username=&uid=587f31752a46800e0a8b4cfb&parentname=&mobile=
request_method:GET
cookie:PHPSESSID:j3675n7df6s0ik9sj1trcah315;
client_ip:114.249.230.22
error_no
error_msg:success
=====================2017-08-18 14:56:09===========================
service_cost:1.776
time:18/Aug/2017:14:56:09 +0800
entrance_type:Mozilla/5.0 (Macintosh; Intel Mac OS X 10_12_6) AppleWebKit/537.36 (KHTML, like Gecko) Chrome/60.0.3112.90 Safari/537.36
ourl:/user/student?grade=-1&username=&uid=587f31752a46800e0a8b4cfb&parentname=&mobile=
request_method:GET
cookie:PHPSESSID:j3675n7df6s0ik9sj1trcah315;
client_ip:114.249.230.22
error_no
error_msg:success
=====================2017-08-18 14:56:42===========================
service_cost:1.826
time:18/Aug/2017:14:56:42 +0800
entrance_type:Mozilla/5.0 (Macintosh; Intel Mac OS X 10_12_6) AppleWebKit/537.36 (KHTML, like Gecko) Chrome/60.0.3112.90 Safari/537.36
ourl:/user/student?grade=-1&username=&uid=587f31762a46800e0a8b4f5c&parentname=&mobile=
request_method:GET
cookie:PHPSESSID:j3675n7df6s0ik9sj1trcah315;
client_ip:114.249.230.22
error_no
error_msg:success
=====================2017-08-18 14:57:09===========================
service_cost:2.124
time:18/Aug/2017:14:57:09 +0800
entrance_type:Mozilla/5.0 (Macintosh; Intel Mac OS X 10_12_6) AppleWebKit/537.36 (KHTML, like Gecko) Chrome/60.0.3112.90 Safari/537.36
ourl:/user/student?grade=-1&username=&uid=587f31742a46800e0a8b474b&parentname=&mobile=
request_method:GET
cookie:PHPSESSID:j3675n7df6s0ik9sj1trcah315;
client_ip:114.249.230.22
error_no
error_msg:success
=====================2017-08-18 14:57:35===========================
service_cost:1.714
time:18/Aug/2017:14:57:35 +0800
entrance_type:Mozilla/5.0 (Macintosh; Intel Mac OS X 10_12_6) AppleWebKit/537.36 (KHTML, like Gecko) Chrome/60.0.3112.90 Safari/537.36
ourl:/user/student?grade=-1&username=&uid=587f31742a46800e0a8b49cd&parentname=&mobile=
request_method:GET
cookie:PHPSESSID:j3675n7df6s0ik9sj1trcah315;
client_ip:114.249.230.22
error_no
error_msg:success
=====================2017-08-18 16:21:59===========================
service_cost:4.4109999999999
time:18/Aug/2017:16:21:59 +0800
entrance_type:Mozilla/5.0 (Macintosh; Intel Mac OS X 10_12_6) AppleWebKit/537.36 (KHTML, like Gecko) Chrome/50.0.2661.75 Safari/537.36 QQBrowser/4.1.4132.400
ourl:/sport/ugc?uid=587f31752a46800e0a8b4c9b
request_method:GET
cookie:PHPSESSID:gvqp5865algv33cah6n3pkh6q3;
client_ip:114.249.230.22
error_no
error_msg:success
=====================2017-08-18 16:22:00===========================
service_cost:-909.204
time:18/Aug/2017:16:22:00 +0800
entrance_type:Mozilla/5.0 (Macintosh; Intel Mac OS X 10_12_6) AppleWebKit/537.36 (KHTML, like Gecko) Chrome/50.0.2661.75 Safari/537.36 QQBrowser/4.1.4132.400
ourl:/sport/ugc?imageView2/2/w/100/h/60/q/100
request_method:GET
cookie:PHPSESSID:gvqp5865algv33cah6n3pkh6q3;
client_ip:114.249.230.22
error_no
error_msg:success
=====================2017-08-18 16:22:15===========================
service_cost:14.179
time:18/Aug/2017:16:22:15 +0800
entrance_type:Mozilla/5.0 (Macintosh; Intel Mac OS X 10_12_6) AppleWebKit/537.36 (KHTML, like Gecko) Chrome/50.0.2661.75 Safari/537.36 QQBrowser/4.1.4132.400
ourl:/user/student?grade=-1&username=%E5%88%98%E4%B8%9C%E5%88%9A&uid=&parentname=&mobile=
request_method:GET
cookie:PHPSESSID:gvqp5865algv33cah6n3pkh6q3;
client_ip:114.249.230.22
error_no
error_msg:success
=====================2017-08-18 16:22:16===========================
service_cost:2.382
time:18/Aug/2017:16:22:16 +0800
entrance_type:Mozilla/5.0 (Macintosh; Intel Mac OS X 10_12_6) AppleWebKit/537.36 (KHTML, like Gecko) Chrome/50.0.2661.75 Safari/537.36 QQBrowser/4.1.4132.400
ourl:/user/student?imageView2/2/w/100/h/60/q/100
request_method:GET
cookie:PHPSESSID:gvqp5865algv33cah6n3pkh6q3;
client_ip:114.249.230.22
error_no
error_msg:success
=====================2017-08-18 16:22:33===========================
service_cost:1.6
time:18/Aug/2017:16:22:33 +0800
entrance_type:Mozilla/5.0 (Macintosh; Intel Mac OS X 10_12_6) AppleWebKit/537.36 (KHTML, like Gecko) Chrome/50.0.2661.75 Safari/537.36 QQBrowser/4.1.4132.400
ourl:/version/index
request_method:GET
cookie:PHPSESSID:gvqp5865algv33cah6n3pkh6q3;
client_ip:114.249.230.22
error_no
error_msg:success
=====================2017-08-18 16:22:51===========================
service_cost:98.013
time:18/Aug/2017:16:22:51 +0800
entrance_type:Mozilla/5.0 (Macintosh; Intel Mac OS X 10_12_6) AppleWebKit/537.36 (KHTML, like Gecko) Chrome/50.0.2661.75 Safari/537.36 QQBrowser/4.1.4132.400
ourl:/sport/ugc
request_method:GET
cookie:PHPSESSID:gvqp5865algv33cah6n3pkh6q3;
client_ip:114.249.230.22
error_no
error_msg:success
=====================2017-08-18 16:22:51===========================
service_cost:84.415
time:18/Aug/2017:16:22:51 +0800
entrance_type:Mozilla/5.0 (Macintosh; Intel Mac OS X 10_12_6) AppleWebKit/537.36 (KHTML, like Gecko) Chrome/50.0.2661.75 Safari/537.36 QQBrowser/4.1.4132.400
ourl:/sport/ugc?imageView2/2/w/100/h/60/q/100
request_method:GET
cookie:PHPSESSID:gvqp5865algv33cah6n3pkh6q3;
client_ip:114.249.230.22
error_no
error_msg:success
=====================2017-08-18 16:22:55===========================
service_cost:2.444
time:18/Aug/2017:16:22:55 +0800
entrance_type:Mozilla/5.0 (Macintosh; Intel Mac OS X 10_12_6) AppleWebKit/537.36 (KHTML, like Gecko) Chrome/50.0.2661.75 Safari/537.36 QQBrowser/4.1.4132.400
ourl:/user/student
request_method:GET
cookie:PHPSESSID:gvqp5865algv33cah6n3pkh6q3;
client_ip:114.249.230.22
error_no
error_msg:success
=====================2017-08-18 16:22:55===========================
service_cost:1.993
time:18/Aug/2017:16:22:55 +0800
entrance_type:Mozilla/5.0 (Macintosh; Intel Mac OS X 10_12_6) AppleWebKit/537.36 (KHTML, like Gecko) Chrome/50.0.2661.75 Safari/537.36 QQBrowser/4.1.4132.400
ourl:/user/student?imageView2/2/w/100/h/60/q/100
request_method:GET
cookie:PHPSESSID:gvqp5865algv33cah6n3pkh6q3;
client_ip:114.249.230.22
error_no
error_msg:success
=====================2017-08-18 16:22:58===========================
service_cost:12.534
time:18/Aug/2017:16:22:58 +0800
entrance_type:Mozilla/5.0 (Macintosh; Intel Mac OS X 10_12_6) AppleWebKit/537.36 (KHTML, like Gecko) Chrome/50.0.2661.75 Safari/537.36 QQBrowser/4.1.4132.400
ourl:/user/student?grade=-1&username=%E5%88%98%E4%B8%9C%E5%88%9A&uid=&parentname=&mobile=
request_method:GET
cookie:PHPSESSID:gvqp5865algv33cah6n3pkh6q3;
client_ip:114.249.230.22
error_no
error_msg:success
=====================2017-08-18 16:22:58===========================
service_cost:2.195
time:18/Aug/2017:16:22:58 +0800
entrance_type:Mozilla/5.0 (Macintosh; Intel Mac OS X 10_12_6) AppleWebKit/537.36 (KHTML, like Gecko) Chrome/50.0.2661.75 Safari/537.36 QQBrowser/4.1.4132.400
ourl:/user/student?imageView2/2/w/100/h/60/q/100
request_method:GET
cookie:PHPSESSID:gvqp5865algv33cah6n3pkh6q3;
client_ip:114.249.230.22
error_no
error_msg:success
=====================2017-08-18 16:23:00===========================
service_cost:4.49
time:18/Aug/2017:16:23:00 +0800
entrance_type:Mozilla/5.0 (Macintosh; Intel Mac OS X 10_12_6) AppleWebKit/537.36 (KHTML, like Gecko) Chrome/50.0.2661.75 Safari/537.36 QQBrowser/4.1.4132.400
ourl:/sport/ugc?uid=587f31752a46800e0a8b4c9b
request_method:GET
cookie:PHPSESSID:gvqp5865algv33cah6n3pkh6q3;
client_ip:114.249.230.22
error_no
error_msg:success
=====================2017-08-18 16:23:01===========================
service_cost:90.922
time:18/Aug/2017:16:23:01 +0800
entrance_type:Mozilla/5.0 (Macintosh; Intel Mac OS X 10_12_6) AppleWebKit/537.36 (KHTML, like Gecko) Chrome/50.0.2661.75 Safari/537.36 QQBrowser/4.1.4132.400
ourl:/sport/ugc?imageView2/2/w/100/h/60/q/100
request_method:GET
cookie:PHPSESSID:gvqp5865algv33cah6n3pkh6q3;
client_ip:114.249.230.22
error_no
error_msg:success
=====================2017-08-18 16:23:08===========================
service_cost:5.126
time:18/Aug/2017:16:23:08 +0800
entrance_type:Mozilla/5.0 (Macintosh; Intel Mac OS X 10_12_6) AppleWebKit/537.36 (KHTML, like Gecko) Chrome/50.0.2661.75 Safari/537.36 QQBrowser/4.1.4132.400
ourl:/sport/ugc?uid=587f31752a46800e0a8b4c9b&pn=2
request_method:GET
cookie:PHPSESSID:gvqp5865algv33cah6n3pkh6q3;
client_ip:114.249.230.22
error_no
error_msg:success
=====================2017-08-18 16:23:08===========================
service_cost:85.424
time:18/Aug/2017:16:23:08 +0800
entrance_type:Mozilla/5.0 (Macintosh; Intel Mac OS X 10_12_6) AppleWebKit/537.36 (KHTML, like Gecko) Chrome/50.0.2661.75 Safari/537.36 QQBrowser/4.1.4132.400
ourl:/sport/ugc?imageView2/2/w/100/h/60/q/100
request_method:GET
cookie:PHPSESSID:gvqp5865algv33cah6n3pkh6q3;
client_ip:114.249.230.22
error_no
error_msg:success
=====================2017-08-18 16:23:12===========================
service_cost:4.587
time:18/Aug/2017:16:23:12 +0800
entrance_type:Mozilla/5.0 (Macintosh; Intel Mac OS X 10_12_6) AppleWebKit/537.36 (KHTML, like Gecko) Chrome/50.0.2661.75 Safari/537.36 QQBrowser/4.1.4132.400
ourl:/sport/ugc?uid=587f31752a46800e0a8b4c9b&pn=1
request_method:GET
cookie:PHPSESSID:gvqp5865algv33cah6n3pkh6q3;
client_ip:114.249.230.22
error_no
error_msg:success
=====================2017-08-18 16:23:12===========================
service_cost:87.088
time:18/Aug/2017:16:23:12 +0800
entrance_type:Mozilla/5.0 (Macintosh; Intel Mac OS X 10_12_6) AppleWebKit/537.36 (KHTML, like Gecko) Chrome/50.0.2661.75 Safari/537.36 QQBrowser/4.1.4132.400
ourl:/sport/ugc?imageView2/2/w/100/h/60/q/100
request_method:GET
cookie:PHPSESSID:gvqp5865algv33cah6n3pkh6q3;
client_ip:114.249.230.22
error_no
error_msg:success
=====================2017-08-18 16:23:20===========================
service_cost:5.113
time:18/Aug/2017:16:23:20 +0800
entrance_type:Mozilla/5.0 (Macintosh; Intel Mac OS X 10_12_6) AppleWebKit/537.36 (KHTML, like Gecko) Chrome/50.0.2661.75 Safari/537.36 QQBrowser/4.1.4132.400
ourl:/sport/ugc?uid=587f31752a46800e0a8b4c9b&pn=2
request_method:GET
cookie:PHPSESSID:gvqp5865algv33cah6n3pkh6q3;
client_ip:114.249.230.22
error_no
error_msg:success
=====================2017-08-18 16:23:21===========================
service_cost:-911.95
time:18/Aug/2017:16:23:21 +0800
entrance_type:Mozilla/5.0 (Macintosh; Intel Mac OS X 10_12_6) AppleWebKit/537.36 (KHTML, like Gecko) Chrome/50.0.2661.75 Safari/537.36 QQBrowser/4.1.4132.400
ourl:/sport/ugc?imageView2/2/w/100/h/60/q/100
request_method:GET
cookie:PHPSESSID:gvqp5865algv33cah6n3pkh6q3;
client_ip:114.249.230.22
error_no
error_msg:success
=====================2017-08-18 16:23:37===========================
service_cost:4.4110000000001
time:18/Aug/2017:16:23:37 +0800
entrance_type:Mozilla/5.0 (Macintosh; Intel Mac OS X 10_12_6) AppleWebKit/537.36 (KHTML, like Gecko) Chrome/50.0.2661.75 Safari/537.36 QQBrowser/4.1.4132.400
ourl:/sport/ugc?uid=587f31752a46800e0a8b4c9b
request_method:GET
cookie:PHPSESSID:gvqp5865algv33cah6n3pkh6q3;
client_ip:114.249.230.22
error_no
error_msg:success
=====================2017-08-18 16:23:38===========================
service_cost:84.583
time:18/Aug/2017:16:23:38 +0800
entrance_type:Mozilla/5.0 (Macintosh; Intel Mac OS X 10_12_6) AppleWebKit/537.36 (KHTML, like Gecko) Chrome/50.0.2661.75 Safari/537.36 QQBrowser/4.1.4132.400
ourl:/sport/ugc?imageView2/2/w/100/h/60/q/100
request_method:GET
cookie:PHPSESSID:gvqp5865algv33cah6n3pkh6q3;
client_ip:114.249.230.22
error_no
error_msg:success
=====================2017-08-18 16:23:40===========================
service_cost:14.181
time:18/Aug/2017:16:23:40 +0800
entrance_type:Mozilla/5.0 (Macintosh; Intel Mac OS X 10_12_6) AppleWebKit/537.36 (KHTML, like Gecko) Chrome/50.0.2661.75 Safari/537.36 QQBrowser/4.1.4132.400
ourl:/user/student?grade=-1&username=%E5%88%98%E4%B8%9C%E5%88%9A&uid=&parentname=&mobile=
request_method:GET
cookie:PHPSESSID:gvqp5865algv33cah6n3pkh6q3;
client_ip:114.249.230.22
error_no
error_msg:success
=====================2017-08-18 16:23:40===========================
service_cost:2.147
time:18/Aug/2017:16:23:40 +0800
entrance_type:Mozilla/5.0 (Macintosh; Intel Mac OS X 10_12_6) AppleWebKit/537.36 (KHTML, like Gecko) Chrome/50.0.2661.75 Safari/537.36 QQBrowser/4.1.4132.400
ourl:/user/student?imageView2/2/w/100/h/60/q/100
request_method:GET
cookie:PHPSESSID:gvqp5865algv33cah6n3pkh6q3;
client_ip:114.249.230.22
error_no
error_msg:success
=====================2017-08-18 16:23:44===========================
service_cost:4.555
time:18/Aug/2017:16:23:44 +0800
entrance_type:Mozilla/5.0 (Macintosh; Intel Mac OS X 10_12_6) AppleWebKit/537.36 (KHTML, like Gecko) Chrome/50.0.2661.75 Safari/537.36 QQBrowser/4.1.4132.400
ourl:/sport/ugc?uid=587f31752a46800e0a8b4c9b
request_method:GET
cookie:PHPSESSID:gvqp5865algv33cah6n3pkh6q3;
client_ip:114.249.230.22
error_no
error_msg:success
=====================2017-08-18 16:23:45===========================
service_cost:93.297
time:18/Aug/2017:16:23:45 +0800
entrance_type:Mozilla/5.0 (Macintosh; Intel Mac OS X 10_12_6) AppleWebKit/537.36 (KHTML, like Gecko) Chrome/50.0.2661.75 Safari/537.36 QQBrowser/4.1.4132.400
ourl:/sport/ugc?imageView2/2/w/100/h/60/q/100
request_method:GET
cookie:PHPSESSID:gvqp5865algv33cah6n3pkh6q3;
client_ip:114.249.230.22
error_no
error_msg:success
=====================2017-08-18 16:23:49===========================
service_cost:13.238
time:18/Aug/2017:16:23:49 +0800
entrance_type:Mozilla/5.0 (Macintosh; Intel Mac OS X 10_12_6) AppleWebKit/537.36 (KHTML, like Gecko) Chrome/50.0.2661.75 Safari/537.36 QQBrowser/4.1.4132.400
ourl:/user/student?grade=-1&username=%E5%88%98%E4%B8%9C%E5%88%9A&uid=&parentname=&mobile=
request_method:GET
cookie:PHPSESSID:gvqp5865algv33cah6n3pkh6q3;
client_ip:114.249.230.22
error_no
error_msg:success
=====================2017-08-18 16:23:50===========================
service_cost:2.101
time:18/Aug/2017:16:23:50 +0800
entrance_type:Mozilla/5.0 (Macintosh; Intel Mac OS X 10_12_6) AppleWebKit/537.36 (KHTML, like Gecko) Chrome/50.0.2661.75 Safari/537.36 QQBrowser/4.1.4132.400
ourl:/user/student?imageView2/2/w/100/h/60/q/100
request_method:GET
cookie:PHPSESSID:gvqp5865algv33cah6n3pkh6q3;
client_ip:114.249.230.22
error_no
error_msg:success
=====================2017-08-18 16:24:05===========================
service_cost:4.7
time:18/Aug/2017:16:24:05 +0800
entrance_type:Mozilla/5.0 (Macintosh; Intel Mac OS X 10_12_6) AppleWebKit/537.36 (KHTML, like Gecko) Chrome/50.0.2661.75 Safari/537.36 QQBrowser/4.1.4132.400
ourl:/sport/ugc?uid=587f31752a46800e0a8b4c9b
request_method:GET
cookie:PHPSESSID:gvqp5865algv33cah6n3pkh6q3;
client_ip:114.249.230.22
error_no
error_msg:success
=====================2017-08-18 16:24:06===========================
service_cost:87.874
time:18/Aug/2017:16:24:06 +0800
entrance_type:Mozilla/5.0 (Macintosh; Intel Mac OS X 10_12_6) AppleWebKit/537.36 (KHTML, like Gecko) Chrome/50.0.2661.75 Safari/537.36 QQBrowser/4.1.4132.400
ourl:/sport/ugc?imageView2/2/w/100/h/60/q/100
request_method:GET
cookie:PHPSESSID:gvqp5865algv33cah6n3pkh6q3;
client_ip:114.249.230.22
error_no
error_msg:success
=====================2017-08-18 16:27:00===========================
service_cost:1.803
time:18/Aug/2017:16:27:00 +0800
entrance_type:Mozilla/5.0 (Macintosh; Intel Mac OS X 10_12_6) AppleWebKit/537.36 (KHTML, like Gecko) Chrome/50.0.2661.75 Safari/537.36 QQBrowser/4.1.4132.400
ourl:/version/index
request_method:GET
cookie:PHPSESSID:gvqp5865algv33cah6n3pkh6q3;
client_ip:114.249.230.22
error_no
error_msg:success
=====================2017-08-18 16:28:51===========================
service_cost:1.752
time:18/Aug/2017:16:28:51 +0800
entrance_type:Mozilla/5.0 (Macintosh; Intel Mac OS X 10_12_6) AppleWebKit/537.36 (KHTML, like Gecko) Chrome/50.0.2661.75 Safari/537.36 QQBrowser/4.1.4132.400
ourl:/version/index?type=1
request_method:GET
cookie:PHPSESSID:gvqp5865algv33cah6n3pkh6q3;
client_ip:114.249.230.22
error_no
error_msg:success
=====================2017-08-18 16:28:55===========================
service_cost:1.589
time:18/Aug/2017:16:28:55 +0800
entrance_type:Mozilla/5.0 (Macintosh; Intel Mac OS X 10_12_6) AppleWebKit/537.36 (KHTML, like Gecko) Chrome/50.0.2661.75 Safari/537.36 QQBrowser/4.1.4132.400
ourl:/version/index?type=2
request_method:GET
cookie:PHPSESSID:gvqp5865algv33cah6n3pkh6q3;
client_ip:114.249.230.22
error_no
error_msg:success
=====================2017-08-18 16:35:14===========================
service_cost:2.765
time:18/Aug/2017:16:35:14 +0800
entrance_type:Mozilla/5.0 (Macintosh; Intel Mac OS X 10_12_6) AppleWebKit/537.36 (KHTML, like Gecko) Chrome/50.0.2661.75 Safari/537.36 QQBrowser/4.1.4132.400
ourl:/user/student
request_method:GET
cookie:PHPSESSID:gvqp5865algv33cah6n3pkh6q3;
client_ip:114.249.230.22
error_no
error_msg:success
=====================2017-08-18 16:35:14===========================
service_cost:2.019
time:18/Aug/2017:16:35:14 +0800
entrance_type:Mozilla/5.0 (Macintosh; Intel Mac OS X 10_12_6) AppleWebKit/537.36 (KHTML, like Gecko) Chrome/50.0.2661.75 Safari/537.36 QQBrowser/4.1.4132.400
ourl:/user/student?imageView2/2/w/100/h/60/q/100
request_method:GET
cookie:PHPSESSID:gvqp5865algv33cah6n3pkh6q3;
client_ip:114.249.230.22
error_no
error_msg:success
=====================2017-08-18 16:55:50===========================
service_cost:1.389
time:18/Aug/2017:16:55:50 +0800
entrance_type:Mozilla/5.0 (Macintosh; Intel Mac OS X 10_12_6) AppleWebKit/537.36 (KHTML, like Gecko) Chrome/50.0.2661.75 Safari/537.36 QQBrowser/4.1.4132.400
ourl:/version/index
request_method:GET
cookie:PHPSESSID:gvqp5865algv33cah6n3pkh6q3;
client_ip:114.249.230.22
error_no
error_msg:success
=====================2017-08-18 17:12:19===========================
service_cost:5.742
time:18/Aug/2017:17:12:19 +0800
entrance_type:Mozilla/5.0 (Macintosh; Intel Mac OS X 10_12_6) AppleWebKit/537.36 (KHTML, like Gecko) Chrome/50.0.2661.75 Safari/537.36 QQBrowser/4.1.4132.400
ourl:/user/student
request_method:GET
cookie:PHPSESSID:gvqp5865algv33cah6n3pkh6q3;
client_ip:114.249.230.22
error_no
error_msg:success
=====================2017-08-18 17:12:19===========================
service_cost:2.232
time:18/Aug/2017:17:12:19 +0800
entrance_type:Mozilla/5.0 (Macintosh; Intel Mac OS X 10_12_6) AppleWebKit/537.36 (KHTML, like Gecko) Chrome/50.0.2661.75 Safari/537.36 QQBrowser/4.1.4132.400
ourl:/user/student?imageView2/2/w/100/h/60/q/100
request_method:GET
cookie:PHPSESSID:gvqp5865algv33cah6n3pkh6q3;
client_ip:114.249.230.22
error_no
error_msg:success
=====================2017-08-18 17:12:21===========================
service_cost:14.252
time:18/Aug/2017:17:12:21 +0800
entrance_type:Mozilla/5.0 (Macintosh; Intel Mac OS X 10_12_6) AppleWebKit/537.36 (KHTML, like Gecko) Chrome/50.0.2661.75 Safari/537.36 QQBrowser/4.1.4132.400
ourl:/user/student?grade=-1&username=%E5%BC%A0%E6%AD%A3%E5%9D%A4&uid=&parentname=&mobile=
request_method:GET
cookie:PHPSESSID:gvqp5865algv33cah6n3pkh6q3;
client_ip:114.249.230.22
error_no
error_msg:success
=====================2017-08-18 17:14:26===========================
service_cost:16.986
time:18/Aug/2017:17:14:26 +0800
entrance_type:Mozilla/5.0 (Macintosh; Intel Mac OS X 10_12_6) AppleWebKit/537.36 (KHTML, like Gecko) Chrome/50.0.2661.75 Safari/537.36 QQBrowser/4.1.4132.400
ourl:/sport/ugc?uid=587f31742a46800e0a8b48f2
request_method:GET
cookie:PHPSESSID:gvqp5865algv33cah6n3pkh6q3;
client_ip:114.249.230.22
error_no
error_msg:success
=====================2017-08-18 17:15:56===========================
service_cost:15.799
time:18/Aug/2017:17:15:56 +0800
entrance_type:Mozilla/5.0 (Macintosh; Intel Mac OS X 10_12_6) AppleWebKit/537.36 (KHTML, like Gecko) Chrome/50.0.2661.75 Safari/537.36 QQBrowser/4.1.4132.400
ourl:/user/student?grade=-1&username=%E5%BC%A0%E6%AD%A3%E5%9D%A4&uid=&parentname=&mobile=
request_method:GET
cookie:PHPSESSID:gvqp5865algv33cah6n3pkh6q3;
client_ip:114.249.230.22
error_no
error_msg:success
=====================2017-08-18 17:21:56===========================
service_cost:15.013
time:18/Aug/2017:17:21:56 +0800
entrance_type:Mozilla/5.0 (Macintosh; Intel Mac OS X 10_12_6) AppleWebKit/537.36 (KHTML, like Gecko) Chrome/50.0.2661.75 Safari/537.36 QQBrowser/4.1.4132.400
ourl:/user/student?grade=-1&username=%E5%BC%A0%E6%AD%A3%E5%9D%A4&uid=&parentname=&mobile=
request_method:GET
cookie:PHPSESSID:gvqp5865algv33cah6n3pkh6q3;
client_ip:114.249.230.22
error_no
error_msg:success
=====================2017-08-18 17:24:24===========================
service_cost:1.75
time:18/Aug/2017:17:24:24 +0800
entrance_type:Mozilla/5.0 (Macintosh; Intel Mac OS X 10_12_6) AppleWebKit/537.36 (KHTML, like Gecko) Chrome/50.0.2661.75 Safari/537.36 QQBrowser/4.1.4132.400
ourl:/version/index
request_method:GET
cookie:PHPSESSID:gvqp5865algv33cah6n3pkh6q3;
client_ip:114.249.230.22
error_no
error_msg:success
=====================2017-08-18 18:18:38===========================
service_cost:2.253
time:18/Aug/2017:18:18:38 +0800
entrance_type:Mozilla/5.0 (Macintosh; Intel Mac OS X 10_12_6) AppleWebKit/537.36 (KHTML, like Gecko) Chrome/50.0.2661.75 Safari/537.36 QQBrowser/4.1.4132.400
ourl:/user/student
request_method:GET
cookie:PHPSESSID:gvqp5865algv33cah6n3pkh6q3;
client_ip:114.249.230.22
error_no
error_msg:success
=====================2017-08-18 18:18:38===========================
service_cost:2.1220000000001
time:18/Aug/2017:18:18:38 +0800
entrance_type:Mozilla/5.0 (Macintosh; Intel Mac OS X 10_12_6) AppleWebKit/537.36 (KHTML, like Gecko) Chrome/50.0.2661.75 Safari/537.36 QQBrowser/4.1.4132.400
ourl:/user/student?imageView2/2/w/100/h/60/q/100
request_method:GET
cookie:PHPSESSID:gvqp5865algv33cah6n3pkh6q3;
client_ip:114.249.230.22
error_no
error_msg:success
=====================2017-08-18 18:19:00===========================
service_cost:13.841
time:18/Aug/2017:18:19:00 +0800
entrance_type:Mozilla/5.0 (Macintosh; Intel Mac OS X 10_12_6) AppleWebKit/537.36 (KHTML, like Gecko) Chrome/50.0.2661.75 Safari/537.36 QQBrowser/4.1.4132.400
ourl:/user/student?grade=-1&username=%E5%BC%A0%E6%AD%A3%E5%9D%A4&uid=&parentname=&mobile=
request_method:GET
cookie:PHPSESSID:gvqp5865algv33cah6n3pkh6q3;
client_ip:114.249.230.22
error_no
error_msg:success
