=====================2017-04-28 14:23:52===========================
service_cost:-928.568
time:28/Apr/2017:14:23:52 +0800
entrance_type:Mozilla/5.0 (iPhone; CPU iPhone OS 10_3_1 like Mac OS X) AppleWebKit/603.1.30 (KHTML, like Gecko) Version/10.0 Mobile/14E304 Safari/602.1
ourl:/user/dologin
request_method:POST
cookie:PHPSESSID:gs4qqb595fl38k0mb6u1ccm5e3;
client_ip:192.168.1.51
error_no:-1
error_msg:未知错误
=====================2017-04-28 14:25:46===========================
service_cost:105.649
time:28/Apr/2017:14:25:46 +0800
entrance_type:Mozilla/5.0 (iPhone; CPU iPhone OS 10_3_1 like Mac OS X) AppleWebKit/603.1.30 (KHTML, like Gecko) Version/10.0 Mobile/14E304 Safari/602.1
ourl:/user/dologin
request_method:POST
cookie:PHPSESSID:gs4qqb595fl38k0mb6u1ccm5e3;
client_ip:192.168.1.51
error_no:-1
error_msg:未知错误
=====================2017-04-28 14:25:47===========================
service_cost:13.896
time:28/Apr/2017:14:25:47 +0800
entrance_type:Mozilla/5.0 (iPhone; CPU iPhone OS 10_3_1 like Mac OS X) AppleWebKit/603.1.30 (KHTML, like Gecko) Version/10.0 Mobile/14E304 Safari/602.1
ourl:/user/dologin
request_method:POST
cookie:PHPSESSID:gs4qqb595fl38k0mb6u1ccm5e3;
client_ip:192.168.1.51
error_no:-1
error_msg:未知错误
=====================2017-04-28 14:25:48===========================
service_cost:4.904
time:28/Apr/2017:14:25:48 +0800
entrance_type:Mozilla/5.0 (iPhone; CPU iPhone OS 10_3_1 like Mac OS X) AppleWebKit/603.1.30 (KHTML, like Gecko) Version/10.0 Mobile/14E304 Safari/602.1
ourl:/user/dologin
request_method:POST
cookie:PHPSESSID:gs4qqb595fl38k0mb6u1ccm5e3;
client_ip:192.168.1.51
error_no:-1
error_msg:未知错误
=====================2017-04-28 14:25:48===========================
service_cost:12.861
time:28/Apr/2017:14:25:48 +0800
entrance_type:Mozilla/5.0 (iPhone; CPU iPhone OS 10_3_1 like Mac OS X) AppleWebKit/603.1.30 (KHTML, like Gecko) Version/10.0 Mobile/14E304 Safari/602.1
ourl:/user/dologin
request_method:POST
cookie:PHPSESSID:gs4qqb595fl38k0mb6u1ccm5e3;
client_ip:192.168.1.51
error_no:-1
error_msg:未知错误
=====================2017-04-28 14:25:48===========================
service_cost:6.243
time:28/Apr/2017:14:25:48 +0800
entrance_type:Mozilla/5.0 (iPhone; CPU iPhone OS 10_3_1 like Mac OS X) AppleWebKit/603.1.30 (KHTML, like Gecko) Version/10.0 Mobile/14E304 Safari/602.1
ourl:/user/dologin
request_method:POST
cookie:PHPSESSID:gs4qqb595fl38k0mb6u1ccm5e3;
client_ip:192.168.1.51
error_no:-1
error_msg:未知错误
=====================2017-04-28 14:25:48===========================
service_cost:7.177
time:28/Apr/2017:14:25:48 +0800
entrance_type:Mozilla/5.0 (iPhone; CPU iPhone OS 10_3_1 like Mac OS X) AppleWebKit/603.1.30 (KHTML, like Gecko) Version/10.0 Mobile/14E304 Safari/602.1
ourl:/user/dologin
request_method:POST
cookie:PHPSESSID:gs4qqb595fl38k0mb6u1ccm5e3;
client_ip:192.168.1.51
error_no:-1
error_msg:未知错误
=====================2017-04-28 14:25:49===========================
service_cost:5.294
time:28/Apr/2017:14:25:49 +0800
entrance_type:Mozilla/5.0 (iPhone; CPU iPhone OS 10_3_1 like Mac OS X) AppleWebKit/603.1.30 (KHTML, like Gecko) Version/10.0 Mobile/14E304 Safari/602.1
ourl:/user/dologin
request_method:POST
cookie:PHPSESSID:gs4qqb595fl38k0mb6u1ccm5e3;
client_ip:192.168.1.51
error_no:-1
error_msg:未知错误
=====================2017-04-28 14:25:49===========================
service_cost:5.762
time:28/Apr/2017:14:25:49 +0800
entrance_type:Mozilla/5.0 (iPhone; CPU iPhone OS 10_3_1 like Mac OS X) AppleWebKit/603.1.30 (KHTML, like Gecko) Version/10.0 Mobile/14E304 Safari/602.1
ourl:/user/dologin
request_method:POST
cookie:PHPSESSID:gs4qqb595fl38k0mb6u1ccm5e3;
client_ip:192.168.1.51
error_no:-1
error_msg:未知错误
=====================2017-04-28 14:25:49===========================
service_cost:6.804
time:28/Apr/2017:14:25:49 +0800
entrance_type:Mozilla/5.0 (iPhone; CPU iPhone OS 10_3_1 like Mac OS X) AppleWebKit/603.1.30 (KHTML, like Gecko) Version/10.0 Mobile/14E304 Safari/602.1
ourl:/user/dologin
request_method:POST
cookie:PHPSESSID:gs4qqb595fl38k0mb6u1ccm5e3;
client_ip:192.168.1.51
error_no:-1
error_msg:未知错误
=====================2017-04-28 14:25:49===========================
service_cost:19.656
time:28/Apr/2017:14:25:49 +0800
entrance_type:Mozilla/5.0 (iPhone; CPU iPhone OS 10_3_1 like Mac OS X) AppleWebKit/603.1.30 (KHTML, like Gecko) Version/10.0 Mobile/14E304 Safari/602.1
ourl:/user/dologin
request_method:POST
cookie:PHPSESSID:gs4qqb595fl38k0mb6u1ccm5e3;
client_ip:192.168.1.51
error_no:-1
error_msg:未知错误
=====================2017-04-28 14:25:49===========================
service_cost:34.034
time:28/Apr/2017:14:25:49 +0800
entrance_type:Mozilla/5.0 (iPhone; CPU iPhone OS 10_3_1 like Mac OS X) AppleWebKit/603.1.30 (KHTML, like Gecko) Version/10.0 Mobile/14E304 Safari/602.1
ourl:/user/dologin
request_method:POST
cookie:PHPSESSID:gs4qqb595fl38k0mb6u1ccm5e3;
client_ip:192.168.1.51
error_no:-1
error_msg:未知错误
