=====================2017-08-04 13:21:33===========================
service_cost:3.369
time:04/Aug/2017:13:21:33 +0800
entrance_type:Mozilla/5.0 (Macintosh; Intel Mac OS X 10_12_6) AppleWebKit/537.36 (KHTML, like Gecko) Chrome/50.0.2661.75 Safari/537.36 QQBrowser/4.1.4132.400
ourl:/user/student
request_method:GET
cookie:PHPSESSID:gvqp5865algv33cah6n3pkh6q3;
client_ip:222.128.175.80
error_no
error_msg:success
=====================2017-08-04 13:21:33===========================
service_cost:2.025
time:04/Aug/2017:13:21:33 +0800
entrance_type:Mozilla/5.0 (Macintosh; Intel Mac OS X 10_12_6) AppleWebKit/537.36 (KHTML, like Gecko) Chrome/50.0.2661.75 Safari/537.36 QQBrowser/4.1.4132.400
ourl:/user/student?imageView2/2/w/100/h/60/q/100
request_method:GET
cookie:PHPSESSID:gvqp5865algv33cah6n3pkh6q3;
client_ip:222.128.175.80
error_no
error_msg:success
=====================2017-08-04 13:36:48===========================
service_cost:2.786
time:04/Aug/2017:13:36:48 +0800
entrance_type:Mozilla/5.0 (Macintosh; Intel Mac OS X 10_12_6) AppleWebKit/537.36 (KHTML, like Gecko) Chrome/50.0.2661.75 Safari/537.36 QQBrowser/4.1.4132.400
ourl:/user/class
request_method:GET
cookie:PHPSESSID:gvqp5865algv33cah6n3pkh6q3;
client_ip:222.128.175.80
error_no
error_msg:success
=====================2017-08-04 13:36:50===========================
service_cost:2.737
time:04/Aug/2017:13:36:50 +0800
entrance_type:Mozilla/5.0 (Macintosh; Intel Mac OS X 10_12_6) AppleWebKit/537.36 (KHTML, like Gecko) Chrome/50.0.2661.75 Safari/537.36 QQBrowser/4.1.4132.400
ourl:/user/school
request_method:GET
cookie:PHPSESSID:gvqp5865algv33cah6n3pkh6q3;
client_ip:222.128.175.80
error_no
error_msg:success
=====================2017-08-04 13:36:53===========================
service_cost:2.779
time:04/Aug/2017:13:36:53 +0800
entrance_type:Mozilla/5.0 (Macintosh; Intel Mac OS X 10_12_6) AppleWebKit/537.36 (KHTML, like Gecko) Chrome/50.0.2661.75 Safari/537.36 QQBrowser/4.1.4132.400
ourl:/user/student
request_method:GET
cookie:PHPSESSID:gvqp5865algv33cah6n3pkh6q3;
client_ip:222.128.175.80
error_no
error_msg:success
=====================2017-08-04 13:36:53===========================
service_cost:2.3310000000001
time:04/Aug/2017:13:36:53 +0800
entrance_type:Mozilla/5.0 (Macintosh; Intel Mac OS X 10_12_6) AppleWebKit/537.36 (KHTML, like Gecko) Chrome/50.0.2661.75 Safari/537.36 QQBrowser/4.1.4132.400
ourl:/user/student?imageView2/2/w/100/h/60/q/100
request_method:GET
cookie:PHPSESSID:gvqp5865algv33cah6n3pkh6q3;
client_ip:222.128.175.80
error_no
error_msg:success
=====================2017-08-04 13:36:56===========================
service_cost:4.023
time:04/Aug/2017:13:36:56 +0800
entrance_type:Mozilla/5.0 (Macintosh; Intel Mac OS X 10_12_6) AppleWebKit/537.36 (KHTML, like Gecko) Chrome/50.0.2661.75 Safari/537.36 QQBrowser/4.1.4132.400
ourl:/sport/ugc?uid=587f31762a46800e0a8b4d9b
request_method:GET
cookie:PHPSESSID:gvqp5865algv33cah6n3pkh6q3;
client_ip:222.128.175.80
error_no
error_msg:success
=====================2017-08-04 13:37:03===========================
service_cost:2.238
time:04/Aug/2017:13:37:03 +0800
entrance_type:Mozilla/5.0 (Macintosh; Intel Mac OS X 10_12_6) AppleWebKit/537.36 (KHTML, like Gecko) Chrome/50.0.2661.75 Safari/537.36 QQBrowser/4.1.4132.400
ourl:/user/student
request_method:GET
cookie:PHPSESSID:gvqp5865algv33cah6n3pkh6q3;
client_ip:222.128.175.80
error_no
error_msg:success
=====================2017-08-04 13:37:03===========================
service_cost:2.012
time:04/Aug/2017:13:37:03 +0800
entrance_type:Mozilla/5.0 (Macintosh; Intel Mac OS X 10_12_6) AppleWebKit/537.36 (KHTML, like Gecko) Chrome/50.0.2661.75 Safari/537.36 QQBrowser/4.1.4132.400
ourl:/user/student?imageView2/2/w/100/h/60/q/100
request_method:GET
cookie:PHPSESSID:gvqp5865algv33cah6n3pkh6q3;
client_ip:222.128.175.80
error_no
error_msg:success
=====================2017-08-04 13:37:49===========================
service_cost:2.629
time:04/Aug/2017:13:37:49 +0800
entrance_type:Mozilla/5.0 (Macintosh; Intel Mac OS X 10_12_6) AppleWebKit/537.36 (KHTML, like Gecko) Chrome/50.0.2661.75 Safari/537.36 QQBrowser/4.1.4132.400
ourl:/user/class
request_method:GET
cookie:PHPSESSID:gvqp5865algv33cah6n3pkh6q3;
client_ip:222.128.175.80
error_no
error_msg:success
=====================2017-08-04 16:54:54===========================
service_cost:1.205
time:04/Aug/2017:16:54:54 +0800
entrance_type:Mozilla/5.0 (Windows NT 10.0; Win64; x64; rv:54.0) Gecko/20100101 Firefox/54.0
ourl:/user/dologin
request_method:POST
cookie:PHPSESSID:j8i6h44d87nai3855en9pfv3h2;
client_ip:222.128.175.80
error_no
error_msg:success
=====================2017-08-04 16:54:54===========================
service_cost:0.0099999999999822
time:04/Aug/2017:16:54:54 +0800
entrance_type:Mozilla/5.0 (Windows NT 10.0; Win64; x64; rv:54.0) Gecko/20100101 Firefox/54.0
ourl:/
request_method:GET
cookie:PHPSESSID:j8i6h44d87nai3855en9pfv3h2;
client_ip:222.128.175.80
error_no
error_msg:success
=====================2017-08-04 16:55:02===========================
service_cost:0.010999999999983
time:04/Aug/2017:16:55:02 +0800
entrance_type:Mozilla/5.0 (Windows NT 10.0; Win64; x64; rv:54.0) Gecko/20100101 Firefox/54.0
ourl:/index.html
request_method:GET
cookie:PHPSESSID:j8i6h44d87nai3855en9pfv3h2;
client_ip:222.128.175.80
error_no
error_msg:success
=====================2017-08-04 16:55:11===========================
service_cost:0.010999999999983
time:04/Aug/2017:16:55:11 +0800
entrance_type:Mozilla/5.0 (Windows NT 10.0; Win64; x64; rv:54.0) Gecko/20100101 Firefox/54.0
ourl:/index.html
request_method:GET
cookie:PHPSESSID:j8i6h44d87nai3855en9pfv3h2;
client_ip:222.128.175.80
error_no
error_msg:success
=====================2017-08-04 17:44:02===========================
service_cost:2.135
time:04/Aug/2017:17:44:02 +0800
entrance_type:Mozilla/5.0 (Macintosh; Intel Mac OS X 10_12_6) AppleWebKit/537.36 (KHTML, like Gecko) Chrome/50.0.2661.75 Safari/537.36 QQBrowser/4.1.4132.400
ourl:/user/student
request_method:GET
cookie:PHPSESSID:gvqp5865algv33cah6n3pkh6q3;
client_ip:222.128.175.80
error_no
error_msg:success
=====================2017-08-04 17:44:02===========================
service_cost:2.3099999999999
time:04/Aug/2017:17:44:02 +0800
entrance_type:Mozilla/5.0 (Macintosh; Intel Mac OS X 10_12_6) AppleWebKit/537.36 (KHTML, like Gecko) Chrome/50.0.2661.75 Safari/537.36 QQBrowser/4.1.4132.400
ourl:/user/student?imageView2/2/w/100/h/60/q/100
request_method:GET
cookie:PHPSESSID:gvqp5865algv33cah6n3pkh6q3;
client_ip:222.128.175.80
error_no
error_msg:success
=====================2017-08-04 17:44:41===========================
service_cost:2.5999999999999
time:04/Aug/2017:17:44:41 +0800
entrance_type:Mozilla/5.0 (Macintosh; Intel Mac OS X 10_12_6) AppleWebKit/537.36 (KHTML, like Gecko) Chrome/50.0.2661.75 Safari/537.36 QQBrowser/4.1.4132.400
ourl:/user/class
request_method:GET
cookie:PHPSESSID:gvqp5865algv33cah6n3pkh6q3;
client_ip:222.128.175.80
error_no
error_msg:success
=====================2017-08-04 17:44:43===========================
service_cost:2.169
time:04/Aug/2017:17:44:43 +0800
entrance_type:Mozilla/5.0 (Macintosh; Intel Mac OS X 10_12_6) AppleWebKit/537.36 (KHTML, like Gecko) Chrome/50.0.2661.75 Safari/537.36 QQBrowser/4.1.4132.400
ourl:/user/school
request_method:GET
cookie:PHPSESSID:gvqp5865algv33cah6n3pkh6q3;
client_ip:222.128.175.80
error_no
error_msg:success
=====================2017-08-04 17:44:45===========================
service_cost:1.85
time:04/Aug/2017:17:44:45 +0800
entrance_type:Mozilla/5.0 (Macintosh; Intel Mac OS X 10_12_6) AppleWebKit/537.36 (KHTML, like Gecko) Chrome/50.0.2661.75 Safari/537.36 QQBrowser/4.1.4132.400
ourl:/sport/project
request_method:GET
cookie:PHPSESSID:gvqp5865algv33cah6n3pkh6q3;
client_ip:222.128.175.80
error_no
error_msg:success
=====================2017-08-04 17:44:47===========================
service_cost:3.977
time:04/Aug/2017:17:44:47 +0800
entrance_type:Mozilla/5.0 (Macintosh; Intel Mac OS X 10_12_6) AppleWebKit/537.36 (KHTML, like Gecko) Chrome/50.0.2661.75 Safari/537.36 QQBrowser/4.1.4132.400
ourl:/sport/action
request_method:GET
cookie:PHPSESSID:gvqp5865algv33cah6n3pkh6q3;
client_ip:222.128.175.80
error_no
error_msg:success
=====================2017-08-04 17:44:47===========================
service_cost:3.676
time:04/Aug/2017:17:44:47 +0800
entrance_type:Mozilla/5.0 (Macintosh; Intel Mac OS X 10_12_6) AppleWebKit/537.36 (KHTML, like Gecko) Chrome/50.0.2661.75 Safari/537.36 QQBrowser/4.1.4132.400
ourl:/sport/action?pn=1
request_method:GET
cookie:PHPSESSID:gvqp5865algv33cah6n3pkh6q3;
client_ip:222.128.175.80
error_no
error_msg:success
