<<<<<<< HEAD
=====================2017-07-28 16:04:33===========================
service_cost:0.014
time:28/Jul/2017:16:04:33 +0800
entrance_type:Mozilla/5.0 (Windows NT 10.0; Win64; x64) AppleWebKit/537.36 (KHTML, like Gecko) Chrome/59.0.3071.115 Safari/537.36
ourl:/index.html
request_method:GET
cookie:PHPSESSID:53jt6afat03tlsadiooai8hu51;
client_ip:221.221.145.7
=======
=====================2017-07-28 09:30:30===========================
service_cost:159.463
time:28/Jul/2017:09:30:30 +0800
entrance_type:Mozilla/5.0 (Windows NT 10.0; WOW64) AppleWebKit/537.36 (KHTML, like Gecko) Chrome/57.0.2987.110 Safari/537.36
ourl:/sport/project
request_method:GET
cookie:PHPSESSID:s1v06kvnlop5vc999bkg8b9k12;ttxs:a:4:{s:3:"_id";s:24:"595604602173cc77db5a5248";s:8:"username";s:8:"chenyun1";s:7:"profile";s:26:"â¤ï¸ðŸ’›ðŸ’šðŸ’™ðŸ’œðŸ–¤";s:7:"iconurl";s:64:"https://oi7ro6pyq.qnssl.com/21c68ba586c7b7b2f675b55dea227cca.png";};
client_ip:192.168.1.63
error_no
error_msg:success
=====================2017-07-28 17:37:24===========================
service_cost:84.549
time:28/Jul/2017:17:37:24 +0800
entrance_type:Mozilla/5.0 (Windows NT 10.0; WOW64) AppleWebKit/537.36 (KHTML, like Gecko) Chrome/57.0.2987.110 Safari/537.36
ourl:/sport/project
request_method:GET
cookie:PHPSESSID:s1v06kvnlop5vc999bkg8b9k12;ttxs:a:4:{s:3:"_id";s:24:"595604602173cc77db5a5248";s:8:"username";s:8:"chenyun1";s:7:"profile";s:26:"â¤ï¸ðŸ’›ðŸ’šðŸ’™ðŸ’œðŸ–¤";s:7:"iconurl";s:64:"https://oi7ro6pyq.qnssl.com/21c68ba586c7b7b2f675b55dea227cca.png";};
client_ip:192.168.1.63
error_no
error_msg:success
=====================2017-07-28 17:37:25===========================
service_cost:93.715
time:28/Jul/2017:17:37:25 +0800
entrance_type:Mozilla/5.0 (Windows NT 10.0; WOW64) AppleWebKit/537.36 (KHTML, like Gecko) Chrome/57.0.2987.110 Safari/537.36
ourl:/sport/project
request_method:GET
cookie:PHPSESSID:s1v06kvnlop5vc999bkg8b9k12;ttxs:a:4:{s:3:"_id";s:24:"595604602173cc77db5a5248";s:8:"username";s:8:"chenyun1";s:7:"profile";s:26:"â¤ï¸ðŸ’›ðŸ’šðŸ’™ðŸ’œðŸ–¤";s:7:"iconurl";s:64:"https://oi7ro6pyq.qnssl.com/21c68ba586c7b7b2f675b55dea227cca.png";};
client_ip:192.168.1.63
error_no
error_msg:success
=====================2017-07-28 17:37:25===========================
service_cost:66.104
time:28/Jul/2017:17:37:25 +0800
entrance_type:Mozilla/5.0 (Windows NT 10.0; WOW64) AppleWebKit/537.36 (KHTML, like Gecko) Chrome/57.0.2987.110 Safari/537.36
ourl:/sport/project
request_method:GET
cookie:PHPSESSID:s1v06kvnlop5vc999bkg8b9k12;ttxs:a:4:{s:3:"_id";s:24:"595604602173cc77db5a5248";s:8:"username";s:8:"chenyun1";s:7:"profile";s:26:"â¤ï¸ðŸ’›ðŸ’šðŸ’™ðŸ’œðŸ–¤";s:7:"iconurl";s:64:"https://oi7ro6pyq.qnssl.com/21c68ba586c7b7b2f675b55dea227cca.png";};
client_ip:192.168.1.63
error_no
error_msg:success
=====================2017-07-28 17:37:31===========================
service_cost:17.384
time:28/Jul/2017:17:37:31 +0800
entrance_type:Mozilla/5.0 (Windows NT 10.0; WOW64) AppleWebKit/537.36 (KHTML, like Gecko) Chrome/57.0.2987.110 Safari/537.36
ourl:/sport/project
request_method:GET
cookie:PHPSESSID:s1v06kvnlop5vc999bkg8b9k12;ttxs:a:4:{s:3:"_id";s:24:"595604602173cc77db5a5248";s:8:"username";s:8:"chenyun1";s:7:"profile";s:26:"â¤ï¸ðŸ’›ðŸ’šðŸ’™ðŸ’œðŸ–¤";s:7:"iconurl";s:64:"https://oi7ro6pyq.qnssl.com/21c68ba586c7b7b2f675b55dea227cca.png";};
client_ip:192.168.1.63
error_no
error_msg:success
=====================2017-07-28 17:39:23===========================
service_cost:19.536
time:28/Jul/2017:17:39:23 +0800
entrance_type:Mozilla/5.0 (Windows NT 10.0; WOW64) AppleWebKit/537.36 (KHTML, like Gecko) Chrome/57.0.2987.110 Safari/537.36
ourl:/sport/project
request_method:GET
cookie:PHPSESSID:s1v06kvnlop5vc999bkg8b9k12;ttxs:a:4:{s:3:"_id";s:24:"595604602173cc77db5a5248";s:8:"username";s:8:"chenyun1";s:7:"profile";s:26:"â¤ï¸ðŸ’›ðŸ’šðŸ’™ðŸ’œðŸ–¤";s:7:"iconurl";s:64:"https://oi7ro6pyq.qnssl.com/21c68ba586c7b7b2f675b55dea227cca.png";};
client_ip:192.168.1.63
error_no
error_msg:success
=====================2017-07-28 17:39:25===========================
service_cost:-964.53
time:28/Jul/2017:17:39:25 +0800
entrance_type:Mozilla/5.0 (Windows NT 10.0; WOW64) AppleWebKit/537.36 (KHTML, like Gecko) Chrome/57.0.2987.110 Safari/537.36
ourl:/sport/action
request_method:GET
cookie:PHPSESSID:s1v06kvnlop5vc999bkg8b9k12;ttxs:a:4:{s:3:"_id";s:24:"595604602173cc77db5a5248";s:8:"username";s:8:"chenyun1";s:7:"profile";s:26:"â¤ï¸ðŸ’›ðŸ’šðŸ’™ðŸ’œðŸ–¤";s:7:"iconurl";s:64:"https://oi7ro6pyq.qnssl.com/21c68ba586c7b7b2f675b55dea227cca.png";};
client_ip:192.168.1.63
error_no
error_msg:success
=====================2017-07-28 17:39:25===========================
service_cost:20.362
time:28/Jul/2017:17:39:25 +0800
entrance_type:Mozilla/5.0 (Windows NT 10.0; WOW64) AppleWebKit/537.36 (KHTML, like Gecko) Chrome/57.0.2987.110 Safari/537.36
ourl:/sport/action?pn=1
request_method:GET
cookie:PHPSESSID:s1v06kvnlop5vc999bkg8b9k12;ttxs:a:4:{s:3:"_id";s:24:"595604602173cc77db5a5248";s:8:"username";s:8:"chenyun1";s:7:"profile";s:26:"â¤ï¸ðŸ’›ðŸ’šðŸ’™ðŸ’œðŸ–¤";s:7:"iconurl";s:64:"https://oi7ro6pyq.qnssl.com/21c68ba586c7b7b2f675b55dea227cca.png";};
client_ip:192.168.1.63
error_no
error_msg:success
=====================2017-07-28 17:39:26===========================
service_cost:453.317
time:28/Jul/2017:17:39:26 +0800
entrance_type:Mozilla/5.0 (Windows NT 10.0; WOW64) AppleWebKit/537.36 (KHTML, like Gecko) Chrome/57.0.2987.110 Safari/537.36
ourl:/action/add
request_method:GET
cookie:PHPSESSID:s1v06kvnlop5vc999bkg8b9k12;ttxs:a:4:{s:3:"_id";s:24:"595604602173cc77db5a5248";s:8:"username";s:8:"chenyun1";s:7:"profile";s:26:"â¤ï¸ðŸ’›ðŸ’šðŸ’™ðŸ’œðŸ–¤";s:7:"iconurl";s:64:"https://oi7ro6pyq.qnssl.com/21c68ba586c7b7b2f675b55dea227cca.png";};
client_ip:192.168.1.63
error_no
error_msg:success
=====================2017-07-28 17:40:27===========================
service_cost:275.521
time:28/Jul/2017:17:40:27 +0800
entrance_type:Mozilla/5.0 (Windows NT 10.0; WOW64) AppleWebKit/537.36 (KHTML, like Gecko) Chrome/57.0.2987.110 Safari/537.36
ourl:/action/add
request_method:GET
cookie:PHPSESSID:s1v06kvnlop5vc999bkg8b9k12;ttxs:a:4:{s:3:"_id";s:24:"595604602173cc77db5a5248";s:8:"username";s:8:"chenyun1";s:7:"profile";s:26:"â¤ï¸ðŸ’›ðŸ’šðŸ’™ðŸ’œðŸ–¤";s:7:"iconurl";s:64:"https://oi7ro6pyq.qnssl.com/21c68ba586c7b7b2f675b55dea227cca.png";};
client_ip:192.168.1.63
error_no
error_msg:success
=====================2017-07-28 17:41:18===========================
service_cost:-492.963
time:28/Jul/2017:17:41:18 +0800
entrance_type:Mozilla/5.0 (Windows NT 10.0; WOW64) AppleWebKit/537.36 (KHTML, like Gecko) Chrome/57.0.2987.110 Safari/537.36
ourl:/action/add
request_method:GET
cookie:PHPSESSID:s1v06kvnlop5vc999bkg8b9k12;ttxs:a:4:{s:3:"_id";s:24:"595604602173cc77db5a5248";s:8:"username";s:8:"chenyun1";s:7:"profile";s:26:"â¤ï¸ðŸ’›ðŸ’šðŸ’™ðŸ’œðŸ–¤";s:7:"iconurl";s:64:"https://oi7ro6pyq.qnssl.com/21c68ba586c7b7b2f675b55dea227cca.png";};
client_ip:192.168.1.63
error_no
error_msg:success
=====================2017-07-28 17:41:52===========================
service_cost:-602.105
time:28/Jul/2017:17:41:52 +0800
entrance_type:Mozilla/5.0 (Windows NT 10.0; WOW64) AppleWebKit/537.36 (KHTML, like Gecko) Chrome/57.0.2987.110 Safari/537.36
ourl:/action/add
request_method:GET
cookie:PHPSESSID:s1v06kvnlop5vc999bkg8b9k12;ttxs:a:4:{s:3:"_id";s:24:"595604602173cc77db5a5248";s:8:"username";s:8:"chenyun1";s:7:"profile";s:26:"â¤ï¸ðŸ’›ðŸ’šðŸ’™ðŸ’œðŸ–¤";s:7:"iconurl";s:64:"https://oi7ro6pyq.qnssl.com/21c68ba586c7b7b2f675b55dea227cca.png";};
client_ip:192.168.1.63
error_no
error_msg:success
=====================2017-07-28 17:43:34===========================
service_cost:112.586
time:28/Jul/2017:17:43:34 +0800
entrance_type:Mozilla/5.0 (Windows NT 10.0; WOW64) AppleWebKit/537.36 (KHTML, like Gecko) Chrome/57.0.2987.110 Safari/537.36
ourl:/action/add
request_method:GET
cookie:PHPSESSID:s1v06kvnlop5vc999bkg8b9k12;ttxs:a:4:{s:3:"_id";s:24:"595604602173cc77db5a5248";s:8:"username";s:8:"chenyun1";s:7:"profile";s:26:"â¤ï¸ðŸ’›ðŸ’šðŸ’™ðŸ’œðŸ–¤";s:7:"iconurl";s:64:"https://oi7ro6pyq.qnssl.com/21c68ba586c7b7b2f675b55dea227cca.png";};
client_ip:192.168.1.63
error_no
error_msg:success
=====================2017-07-28 17:43:58===========================
service_cost:80.608
time:28/Jul/2017:17:43:58 +0800
entrance_type:Mozilla/5.0 (Windows NT 10.0; WOW64) AppleWebKit/537.36 (KHTML, like Gecko) Chrome/57.0.2987.110 Safari/537.36
ourl:/action/add
request_method:GET
cookie:PHPSESSID:s1v06kvnlop5vc999bkg8b9k12;ttxs:a:4:{s:3:"_id";s:24:"595604602173cc77db5a5248";s:8:"username";s:8:"chenyun1";s:7:"profile";s:26:"â¤ï¸ðŸ’›ðŸ’šðŸ’™ðŸ’œðŸ–¤";s:7:"iconurl";s:64:"https://oi7ro6pyq.qnssl.com/21c68ba586c7b7b2f675b55dea227cca.png";};
client_ip:192.168.1.63
error_no
error_msg:success
=====================2017-07-28 17:44:13===========================
service_cost:67.055
time:28/Jul/2017:17:44:13 +0800
entrance_type:Mozilla/5.0 (Windows NT 10.0; WOW64) AppleWebKit/537.36 (KHTML, like Gecko) Chrome/57.0.2987.110 Safari/537.36
ourl:/action/add
request_method:GET
cookie:PHPSESSID:s1v06kvnlop5vc999bkg8b9k12;ttxs:a:4:{s:3:"_id";s:24:"595604602173cc77db5a5248";s:8:"username";s:8:"chenyun1";s:7:"profile";s:26:"â¤ï¸ðŸ’›ðŸ’šðŸ’™ðŸ’œðŸ–¤";s:7:"iconurl";s:64:"https://oi7ro6pyq.qnssl.com/21c68ba586c7b7b2f675b55dea227cca.png";};
client_ip:192.168.1.63
error_no
error_msg:success
=====================2017-07-28 17:48:25===========================
service_cost:77.372
time:28/Jul/2017:17:48:25 +0800
entrance_type:Mozilla/5.0 (Windows NT 10.0; WOW64) AppleWebKit/537.36 (KHTML, like Gecko) Chrome/57.0.2987.110 Safari/537.36
ourl:/action/add
request_method:GET
cookie:PHPSESSID:s1v06kvnlop5vc999bkg8b9k12;ttxs:a:4:{s:3:"_id";s:24:"595604602173cc77db5a5248";s:8:"username";s:8:"chenyun1";s:7:"profile";s:26:"â¤ï¸ðŸ’›ðŸ’šðŸ’™ðŸ’œðŸ–¤";s:7:"iconurl";s:64:"https://oi7ro6pyq.qnssl.com/21c68ba586c7b7b2f675b55dea227cca.png";};
client_ip:192.168.1.63
error_no
error_msg:success
=====================2017-07-28 17:48:48===========================
service_cost:-678.406
time:28/Jul/2017:17:48:48 +0800
entrance_type:Mozilla/5.0 (Windows NT 10.0; WOW64) AppleWebKit/537.36 (KHTML, like Gecko) Chrome/57.0.2987.110 Safari/537.36
ourl:/action/add
request_method:GET
cookie:PHPSESSID:s1v06kvnlop5vc999bkg8b9k12;ttxs:a:4:{s:3:"_id";s:24:"595604602173cc77db5a5248";s:8:"username";s:8:"chenyun1";s:7:"profile";s:26:"â¤ï¸ðŸ’›ðŸ’šðŸ’™ðŸ’œðŸ–¤";s:7:"iconurl";s:64:"https://oi7ro6pyq.qnssl.com/21c68ba586c7b7b2f675b55dea227cca.png";};
client_ip:192.168.1.63
error_no
error_msg:success
=====================2017-07-28 17:49:19===========================
service_cost:65.827
time:28/Jul/2017:17:49:19 +0800
entrance_type:Mozilla/5.0 (Windows NT 10.0; WOW64) AppleWebKit/537.36 (KHTML, like Gecko) Chrome/57.0.2987.110 Safari/537.36
ourl:/action/add
request_method:GET
cookie:PHPSESSID:s1v06kvnlop5vc999bkg8b9k12;ttxs:a:4:{s:3:"_id";s:24:"595604602173cc77db5a5248";s:8:"username";s:8:"chenyun1";s:7:"profile";s:26:"â¤ï¸ðŸ’›ðŸ’šðŸ’™ðŸ’œðŸ–¤";s:7:"iconurl";s:64:"https://oi7ro6pyq.qnssl.com/21c68ba586c7b7b2f675b55dea227cca.png";};
client_ip:192.168.1.63
error_no
error_msg:success
=====================2017-07-28 17:49:31===========================
service_cost:102.435
time:28/Jul/2017:17:49:31 +0800
entrance_type:Mozilla/5.0 (Windows NT 10.0; WOW64) AppleWebKit/537.36 (KHTML, like Gecko) Chrome/57.0.2987.110 Safari/537.36
ourl:/action/add
request_method:GET
cookie:PHPSESSID:s1v06kvnlop5vc999bkg8b9k12;ttxs:a:4:{s:3:"_id";s:24:"595604602173cc77db5a5248";s:8:"username";s:8:"chenyun1";s:7:"profile";s:26:"â¤ï¸ðŸ’›ðŸ’šðŸ’™ðŸ’œðŸ–¤";s:7:"iconurl";s:64:"https://oi7ro6pyq.qnssl.com/21c68ba586c7b7b2f675b55dea227cca.png";};
client_ip:192.168.1.63
error_no
error_msg:success
=====================2017-07-28 17:49:49===========================
service_cost:188.168
time:28/Jul/2017:17:49:49 +0800
entrance_type:Mozilla/5.0 (Windows NT 10.0; WOW64) AppleWebKit/537.36 (KHTML, like Gecko) Chrome/57.0.2987.110 Safari/537.36
ourl:/action/add
request_method:GET
cookie:PHPSESSID:s1v06kvnlop5vc999bkg8b9k12;ttxs:a:4:{s:3:"_id";s:24:"595604602173cc77db5a5248";s:8:"username";s:8:"chenyun1";s:7:"profile";s:26:"â¤ï¸ðŸ’›ðŸ’šðŸ’™ðŸ’œðŸ–¤";s:7:"iconurl";s:64:"https://oi7ro6pyq.qnssl.com/21c68ba586c7b7b2f675b55dea227cca.png";};
client_ip:192.168.1.63
error_no
error_msg:success
=====================2017-07-28 17:50:10===========================
service_cost:73.426
time:28/Jul/2017:17:50:10 +0800
entrance_type:Mozilla/5.0 (Windows NT 10.0; WOW64) AppleWebKit/537.36 (KHTML, like Gecko) Chrome/57.0.2987.110 Safari/537.36
ourl:/action/add
request_method:GET
cookie:PHPSESSID:s1v06kvnlop5vc999bkg8b9k12;ttxs:a:4:{s:3:"_id";s:24:"595604602173cc77db5a5248";s:8:"username";s:8:"chenyun1";s:7:"profile";s:26:"â¤ï¸ðŸ’›ðŸ’šðŸ’™ðŸ’œðŸ–¤";s:7:"iconurl";s:64:"https://oi7ro6pyq.qnssl.com/21c68ba586c7b7b2f675b55dea227cca.png";};
client_ip:192.168.1.63
error_no
error_msg:success
=====================2017-07-28 17:50:26===========================
service_cost:182.086
time:28/Jul/2017:17:50:26 +0800
entrance_type:Mozilla/5.0 (Windows NT 10.0; WOW64) AppleWebKit/537.36 (KHTML, like Gecko) Chrome/57.0.2987.110 Safari/537.36
ourl:/action/add
request_method:GET
cookie:PHPSESSID:s1v06kvnlop5vc999bkg8b9k12;ttxs:a:4:{s:3:"_id";s:24:"595604602173cc77db5a5248";s:8:"username";s:8:"chenyun1";s:7:"profile";s:26:"â¤ï¸ðŸ’›ðŸ’šðŸ’™ðŸ’œðŸ–¤";s:7:"iconurl";s:64:"https://oi7ro6pyq.qnssl.com/21c68ba586c7b7b2f675b55dea227cca.png";};
client_ip:192.168.1.63
error_no
error_msg:success
=====================2017-07-28 17:50:58===========================
service_cost:248.25
time:28/Jul/2017:17:50:58 +0800
entrance_type:Mozilla/5.0 (Windows NT 10.0; WOW64) AppleWebKit/537.36 (KHTML, like Gecko) Chrome/57.0.2987.110 Safari/537.36
ourl:/action/add
request_method:GET
cookie:PHPSESSID:s1v06kvnlop5vc999bkg8b9k12;ttxs:a:4:{s:3:"_id";s:24:"595604602173cc77db5a5248";s:8:"username";s:8:"chenyun1";s:7:"profile";s:26:"â¤ï¸ðŸ’›ðŸ’šðŸ’™ðŸ’œðŸ–¤";s:7:"iconurl";s:64:"https://oi7ro6pyq.qnssl.com/21c68ba586c7b7b2f675b55dea227cca.png";};
client_ip:192.168.1.63
error_no
error_msg:success
=====================2017-07-28 17:51:02===========================
service_cost:24.704
time:28/Jul/2017:17:51:02 +0800
entrance_type:Mozilla/5.0 (Windows NT 10.0; WOW64) AppleWebKit/537.36 (KHTML, like Gecko) Chrome/57.0.2987.110 Safari/537.36
ourl:/sport/action
request_method:GET
cookie:PHPSESSID:s1v06kvnlop5vc999bkg8b9k12;ttxs:a:4:{s:3:"_id";s:24:"595604602173cc77db5a5248";s:8:"username";s:8:"chenyun1";s:7:"profile";s:26:"â¤ï¸ðŸ’›ðŸ’šðŸ’™ðŸ’œðŸ–¤";s:7:"iconurl";s:64:"https://oi7ro6pyq.qnssl.com/21c68ba586c7b7b2f675b55dea227cca.png";};
client_ip:192.168.1.63
error_no
error_msg:success
=====================2017-07-28 17:51:03===========================
service_cost:26.458
time:28/Jul/2017:17:51:03 +0800
entrance_type:Mozilla/5.0 (Windows NT 10.0; WOW64) AppleWebKit/537.36 (KHTML, like Gecko) Chrome/57.0.2987.110 Safari/537.36
ourl:/sport/action?pn=1
request_method:GET
cookie:PHPSESSID:s1v06kvnlop5vc999bkg8b9k12;ttxs:a:4:{s:3:"_id";s:24:"595604602173cc77db5a5248";s:8:"username";s:8:"chenyun1";s:7:"profile";s:26:"â¤ï¸ðŸ’›ðŸ’šðŸ’™ðŸ’œðŸ–¤";s:7:"iconurl";s:64:"https://oi7ro6pyq.qnssl.com/21c68ba586c7b7b2f675b55dea227cca.png";};
client_ip:192.168.1.63
error_no
error_msg:success
=====================2017-07-28 17:51:03===========================
service_cost:58.781
time:28/Jul/2017:17:51:03 +0800
entrance_type:Mozilla/5.0 (Windows NT 10.0; WOW64) AppleWebKit/537.36 (KHTML, like Gecko) Chrome/57.0.2987.110 Safari/537.36
ourl:/sport/project
request_method:GET
cookie:PHPSESSID:s1v06kvnlop5vc999bkg8b9k12;ttxs:a:4:{s:3:"_id";s:24:"595604602173cc77db5a5248";s:8:"username";s:8:"chenyun1";s:7:"profile";s:26:"â¤ï¸ðŸ’›ðŸ’šðŸ’™ðŸ’œðŸ–¤";s:7:"iconurl";s:64:"https://oi7ro6pyq.qnssl.com/21c68ba586c7b7b2f675b55dea227cca.png";};
client_ip:192.168.1.63
error_no
error_msg:success
=====================2017-07-28 17:51:12===========================
service_cost:52.824
time:28/Jul/2017:17:51:12 +0800
entrance_type:Mozilla/5.0 (Windows NT 10.0; WOW64) AppleWebKit/537.36 (KHTML, like Gecko) Chrome/57.0.2987.110 Safari/537.36
ourl:/sport/action
request_method:GET
cookie:PHPSESSID:s1v06kvnlop5vc999bkg8b9k12;ttxs:a:4:{s:3:"_id";s:24:"595604602173cc77db5a5248";s:8:"username";s:8:"chenyun1";s:7:"profile";s:26:"â¤ï¸ðŸ’›ðŸ’šðŸ’™ðŸ’œðŸ–¤";s:7:"iconurl";s:64:"https://oi7ro6pyq.qnssl.com/21c68ba586c7b7b2f675b55dea227cca.png";};
client_ip:192.168.1.63
error_no
error_msg:success
=====================2017-07-28 17:51:12===========================
service_cost:24.715
time:28/Jul/2017:17:51:12 +0800
entrance_type:Mozilla/5.0 (Windows NT 10.0; WOW64) AppleWebKit/537.36 (KHTML, like Gecko) Chrome/57.0.2987.110 Safari/537.36
ourl:/sport/action?pn=1
request_method:GET
cookie:PHPSESSID:s1v06kvnlop5vc999bkg8b9k12;ttxs:a:4:{s:3:"_id";s:24:"595604602173cc77db5a5248";s:8:"username";s:8:"chenyun1";s:7:"profile";s:26:"â¤ï¸ðŸ’›ðŸ’šðŸ’™ðŸ’œðŸ–¤";s:7:"iconurl";s:64:"https://oi7ro6pyq.qnssl.com/21c68ba586c7b7b2f675b55dea227cca.png";};
client_ip:192.168.1.63
error_no
error_msg:success
=====================2017-07-28 17:54:02===========================
service_cost:30.961
time:28/Jul/2017:17:54:02 +0800
entrance_type:Mozilla/5.0 (Windows NT 10.0; WOW64) AppleWebKit/537.36 (KHTML, like Gecko) Chrome/57.0.2987.110 Safari/537.36
ourl:/sport/action?pn=1
request_method:GET
cookie:PHPSESSID:s1v06kvnlop5vc999bkg8b9k12;ttxs:a:4:{s:3:"_id";s:24:"595604602173cc77db5a5248";s:8:"username";s:8:"chenyun1";s:7:"profile";s:26:"â¤ï¸ðŸ’›ðŸ’šðŸ’™ðŸ’œðŸ–¤";s:7:"iconurl";s:64:"https://oi7ro6pyq.qnssl.com/21c68ba586c7b7b2f675b55dea227cca.png";};
client_ip:192.168.1.63
error_no
error_msg:success
=====================2017-07-28 17:54:45===========================
service_cost:30.631
time:28/Jul/2017:17:54:45 +0800
entrance_type:Mozilla/5.0 (Windows NT 10.0; WOW64) AppleWebKit/537.36 (KHTML, like Gecko) Chrome/57.0.2987.110 Safari/537.36
ourl:/sport/action?pn=1
request_method:GET
cookie:PHPSESSID:s1v06kvnlop5vc999bkg8b9k12;ttxs:a:4:{s:3:"_id";s:24:"595604602173cc77db5a5248";s:8:"username";s:8:"chenyun1";s:7:"profile";s:26:"â¤ï¸ðŸ’›ðŸ’šðŸ’™ðŸ’œðŸ–¤";s:7:"iconurl";s:64:"https://oi7ro6pyq.qnssl.com/21c68ba586c7b7b2f675b55dea227cca.png";};
client_ip:192.168.1.63
error_no
error_msg:success
=====================2017-07-28 18:14:22===========================
service_cost:0.0099999999999545
time:28/Jul/2017:18:14:22 +0800
entrance_type:Mozilla/5.0 (Windows NT 10.0; WOW64) AppleWebKit/537.36 (KHTML, like Gecko) Chrome/57.0.2987.110 Safari/537.36
ourl:/user/student
request_method:GET
cookie:PHPSESSID:s1v06kvnlop5vc999bkg8b9k12;ttxs:a:4:{s:3:"_id";s:24:"595604602173cc77db5a5248";s:8:"username";s:8:"chenyun1";s:7:"profile";s:26:"â¤ï¸ðŸ’›ðŸ’šðŸ’™ðŸ’œðŸ–¤";s:7:"iconurl";s:64:"https://oi7ro6pyq.qnssl.com/21c68ba586c7b7b2f675b55dea227cca.png";};
client_ip:192.168.1.63
error_no
error_msg:success
=====================2017-07-28 18:26:37===========================
service_cost:0.010999999999983
time:28/Jul/2017:18:26:37 +0800
entrance_type:Mozilla/5.0 (Windows NT 10.0; WOW64) AppleWebKit/537.36 (KHTML, like Gecko) Chrome/57.0.2987.110 Safari/537.36
ourl:/user/student
request_method:GET
cookie:PHPSESSID:s1v06kvnlop5vc999bkg8b9k12;ttxs:a:4:{s:3:"_id";s:24:"595604602173cc77db5a5248";s:8:"username";s:8:"chenyun1";s:7:"profile";s:26:"â¤ï¸ðŸ’›ðŸ’šðŸ’™ðŸ’œðŸ–¤";s:7:"iconurl";s:64:"https://oi7ro6pyq.qnssl.com/21c68ba586c7b7b2f675b55dea227cca.png";};
client_ip:192.168.1.63
error_no
error_msg:success
=====================2017-07-28 18:26:39===========================
service_cost:0.0099999999999545
time:28/Jul/2017:18:26:39 +0800
entrance_type:Mozilla/5.0 (Windows NT 10.0; WOW64) AppleWebKit/537.36 (KHTML, like Gecko) Chrome/57.0.2987.110 Safari/537.36
ourl:/user/student
request_method:GET
cookie:PHPSESSID:s1v06kvnlop5vc999bkg8b9k12;ttxs:a:4:{s:3:"_id";s:24:"595604602173cc77db5a5248";s:8:"username";s:8:"chenyun1";s:7:"profile";s:26:"â¤ï¸ðŸ’›ðŸ’šðŸ’™ðŸ’œðŸ–¤";s:7:"iconurl";s:64:"https://oi7ro6pyq.qnssl.com/21c68ba586c7b7b2f675b55dea227cca.png";};
client_ip:192.168.1.63
error_no
error_msg:success
=====================2017-07-28 18:26:53===========================
service_cost:0.011000000000004
time:28/Jul/2017:18:26:53 +0800
entrance_type:Mozilla/5.0 (Windows NT 10.0; WOW64) AppleWebKit/537.36 (KHTML, like Gecko) Chrome/57.0.2987.110 Safari/537.36
ourl:/user/student
request_method:GET
cookie:PHPSESSID:s1v06kvnlop5vc999bkg8b9k12;ttxs:a:4:{s:3:"_id";s:24:"595604602173cc77db5a5248";s:8:"username";s:8:"chenyun1";s:7:"profile";s:26:"â¤ï¸ðŸ’›ðŸ’šðŸ’™ðŸ’œðŸ–¤";s:7:"iconurl";s:64:"https://oi7ro6pyq.qnssl.com/21c68ba586c7b7b2f675b55dea227cca.png";};
client_ip:192.168.1.63
error_no
error_msg:success
=====================2017-07-28 18:27:18===========================
service_cost:0.012000000000012
time:28/Jul/2017:18:27:18 +0800
entrance_type:Mozilla/5.0 (Windows NT 10.0; WOW64) AppleWebKit/537.36 (KHTML, like Gecko) Chrome/57.0.2987.110 Safari/537.36
ourl:/user/student
request_method:GET
cookie:PHPSESSID:s1v06kvnlop5vc999bkg8b9k12;ttxs:a:4:{s:3:"_id";s:24:"595604602173cc77db5a5248";s:8:"username";s:8:"chenyun1";s:7:"profile";s:26:"â¤ï¸ðŸ’›ðŸ’šðŸ’™ðŸ’œðŸ–¤";s:7:"iconurl";s:64:"https://oi7ro6pyq.qnssl.com/21c68ba586c7b7b2f675b55dea227cca.png";};
client_ip:192.168.1.63
error_no
error_msg:success
=====================2017-07-28 18:28:44===========================
service_cost:0.0090000000000368
time:28/Jul/2017:18:28:44 +0800
entrance_type:Mozilla/5.0 (Windows NT 10.0; WOW64) AppleWebKit/537.36 (KHTML, like Gecko) Chrome/57.0.2987.110 Safari/537.36
ourl:/user/student
request_method:GET
cookie:PHPSESSID:s1v06kvnlop5vc999bkg8b9k12;ttxs:a:4:{s:3:"_id";s:24:"595604602173cc77db5a5248";s:8:"username";s:8:"chenyun1";s:7:"profile";s:26:"â¤ï¸ðŸ’›ðŸ’šðŸ’™ðŸ’œðŸ–¤";s:7:"iconurl";s:64:"https://oi7ro6pyq.qnssl.com/21c68ba586c7b7b2f675b55dea227cca.png";};
client_ip:192.168.1.63
error_no
error_msg:success
=====================2017-07-28 18:29:28===========================
service_cost:0.010999999999983
time:28/Jul/2017:18:29:28 +0800
entrance_type:Mozilla/5.0 (Windows NT 10.0; WOW64) AppleWebKit/537.36 (KHTML, like Gecko) Chrome/57.0.2987.110 Safari/537.36
ourl:/user/student
request_method:GET
cookie:PHPSESSID:s1v06kvnlop5vc999bkg8b9k12;ttxs:a:4:{s:3:"_id";s:24:"595604602173cc77db5a5248";s:8:"username";s:8:"chenyun1";s:7:"profile";s:26:"â¤ï¸ðŸ’›ðŸ’šðŸ’™ðŸ’œðŸ–¤";s:7:"iconurl";s:64:"https://oi7ro6pyq.qnssl.com/21c68ba586c7b7b2f675b55dea227cca.png";};
client_ip:192.168.1.63
error_no
error_msg:success
=====================2017-07-28 18:29:53===========================
service_cost:0.011000000000011
time:28/Jul/2017:18:29:53 +0800
entrance_type:Mozilla/5.0 (Windows NT 10.0; WOW64) AppleWebKit/537.36 (KHTML, like Gecko) Chrome/57.0.2987.110 Safari/537.36
ourl:/user/student
request_method:GET
cookie:PHPSESSID:s1v06kvnlop5vc999bkg8b9k12;ttxs:a:4:{s:3:"_id";s:24:"595604602173cc77db5a5248";s:8:"username";s:8:"chenyun1";s:7:"profile";s:26:"â¤ï¸ðŸ’›ðŸ’šðŸ’™ðŸ’œðŸ–¤";s:7:"iconurl";s:64:"https://oi7ro6pyq.qnssl.com/21c68ba586c7b7b2f675b55dea227cca.png";};
client_ip:192.168.1.63
error_no
error_msg:success
=====================2017-07-28 18:32:24===========================
service_cost:0.017000000000045
time:28/Jul/2017:18:32:24 +0800
entrance_type:Mozilla/5.0 (Windows NT 10.0; WOW64) AppleWebKit/537.36 (KHTML, like Gecko) Chrome/57.0.2987.110 Safari/537.36
ourl:/user/student
request_method:GET
cookie:PHPSESSID:s1v06kvnlop5vc999bkg8b9k12;ttxs:a:4:{s:3:"_id";s:24:"595604602173cc77db5a5248";s:8:"username";s:8:"chenyun1";s:7:"profile";s:26:"â¤ï¸ðŸ’›ðŸ’šðŸ’™ðŸ’œðŸ–¤";s:7:"iconurl";s:64:"https://oi7ro6pyq.qnssl.com/21c68ba586c7b7b2f675b55dea227cca.png";};
client_ip:192.168.1.63
error_no
error_msg:success
=====================2017-07-28 18:32:36===========================
service_cost:0.010999999999983
time:28/Jul/2017:18:32:36 +0800
entrance_type:Mozilla/5.0 (Windows NT 10.0; WOW64) AppleWebKit/537.36 (KHTML, like Gecko) Chrome/57.0.2987.110 Safari/537.36
ourl:/user/student
request_method:GET
cookie:PHPSESSID:s1v06kvnlop5vc999bkg8b9k12;ttxs:a:4:{s:3:"_id";s:24:"595604602173cc77db5a5248";s:8:"username";s:8:"chenyun1";s:7:"profile";s:26:"â¤ï¸ðŸ’›ðŸ’šðŸ’™ðŸ’œðŸ–¤";s:7:"iconurl";s:64:"https://oi7ro6pyq.qnssl.com/21c68ba586c7b7b2f675b55dea227cca.png";};
client_ip:192.168.1.63
error_no
error_msg:success
=====================2017-07-28 18:32:46===========================
service_cost:0.012000000000012
time:28/Jul/2017:18:32:46 +0800
entrance_type:Mozilla/5.0 (Windows NT 10.0; WOW64) AppleWebKit/537.36 (KHTML, like Gecko) Chrome/57.0.2987.110 Safari/537.36
ourl:/user/student
request_method:GET
cookie:PHPSESSID:s1v06kvnlop5vc999bkg8b9k12;ttxs:a:4:{s:3:"_id";s:24:"595604602173cc77db5a5248";s:8:"username";s:8:"chenyun1";s:7:"profile";s:26:"â¤ï¸ðŸ’›ðŸ’šðŸ’™ðŸ’œðŸ–¤";s:7:"iconurl";s:64:"https://oi7ro6pyq.qnssl.com/21c68ba586c7b7b2f675b55dea227cca.png";};
client_ip:192.168.1.63
error_no
error_msg:success
=====================2017-07-28 18:33:52===========================
service_cost:0.046
time:28/Jul/2017:18:33:52 +0800
entrance_type:Mozilla/5.0 (Windows NT 10.0; WOW64) AppleWebKit/537.36 (KHTML, like Gecko) Chrome/57.0.2987.110 Safari/537.36
ourl:/user/student
request_method:GET
cookie:PHPSESSID:s1v06kvnlop5vc999bkg8b9k12;ttxs:a:4:{s:3:"_id";s:24:"595604602173cc77db5a5248";s:8:"username";s:8:"chenyun1";s:7:"profile";s:26:"â¤ï¸ðŸ’›ðŸ’šðŸ’™ðŸ’œðŸ–¤";s:7:"iconurl";s:64:"https://oi7ro6pyq.qnssl.com/21c68ba586c7b7b2f675b55dea227cca.png";};
client_ip:192.168.1.63
error_no
error_msg:success
=====================2017-07-28 18:34:06===========================
service_cost:0.020999999999993
time:28/Jul/2017:18:34:06 +0800
entrance_type:Mozilla/5.0 (Windows NT 10.0; WOW64) AppleWebKit/537.36 (KHTML, like Gecko) Chrome/57.0.2987.110 Safari/537.36
ourl:/user/student
request_method:GET
cookie:PHPSESSID:s1v06kvnlop5vc999bkg8b9k12;ttxs:a:4:{s:3:"_id";s:24:"595604602173cc77db5a5248";s:8:"username";s:8:"chenyun1";s:7:"profile";s:26:"â¤ï¸ðŸ’›ðŸ’šðŸ’™ðŸ’œðŸ–¤";s:7:"iconurl";s:64:"https://oi7ro6pyq.qnssl.com/21c68ba586c7b7b2f675b55dea227cca.png";};
client_ip:192.168.1.63
error_no
error_msg:success
=====================2017-07-28 18:35:13===========================
service_cost:0.012000000000012
time:28/Jul/2017:18:35:13 +0800
entrance_type:Mozilla/5.0 (Windows NT 10.0; WOW64) AppleWebKit/537.36 (KHTML, like Gecko) Chrome/57.0.2987.110 Safari/537.36
ourl:/user/student
request_method:GET
cookie:PHPSESSID:s1v06kvnlop5vc999bkg8b9k12;ttxs:a:4:{s:3:"_id";s:24:"595604602173cc77db5a5248";s:8:"username";s:8:"chenyun1";s:7:"profile";s:26:"â¤ï¸ðŸ’›ðŸ’šðŸ’™ðŸ’œðŸ–¤";s:7:"iconurl";s:64:"https://oi7ro6pyq.qnssl.com/21c68ba586c7b7b2f675b55dea227cca.png";};
client_ip:192.168.1.63
error_no
error_msg:success
=====================2017-07-28 18:35:38===========================
service_cost:0.010999999999983
time:28/Jul/2017:18:35:38 +0800
entrance_type:Mozilla/5.0 (Windows NT 10.0; WOW64) AppleWebKit/537.36 (KHTML, like Gecko) Chrome/57.0.2987.110 Safari/537.36
ourl:/user/student
request_method:GET
cookie:PHPSESSID:s1v06kvnlop5vc999bkg8b9k12;ttxs:a:4:{s:3:"_id";s:24:"595604602173cc77db5a5248";s:8:"username";s:8:"chenyun1";s:7:"profile";s:26:"â¤ï¸ðŸ’›ðŸ’šðŸ’™ðŸ’œðŸ–¤";s:7:"iconurl";s:64:"https://oi7ro6pyq.qnssl.com/21c68ba586c7b7b2f675b55dea227cca.png";};
client_ip:192.168.1.63
error_no
error_msg:success
=====================2017-07-28 18:35:56===========================
service_cost:0.010000000000066
time:28/Jul/2017:18:35:56 +0800
entrance_type:Mozilla/5.0 (Windows NT 10.0; WOW64) AppleWebKit/537.36 (KHTML, like Gecko) Chrome/57.0.2987.110 Safari/537.36
ourl:/user/student
request_method:GET
cookie:PHPSESSID:s1v06kvnlop5vc999bkg8b9k12;ttxs:a:4:{s:3:"_id";s:24:"595604602173cc77db5a5248";s:8:"username";s:8:"chenyun1";s:7:"profile";s:26:"â¤ï¸ðŸ’›ðŸ’šðŸ’™ðŸ’œðŸ–¤";s:7:"iconurl";s:64:"https://oi7ro6pyq.qnssl.com/21c68ba586c7b7b2f675b55dea227cca.png";};
client_ip:192.168.1.63
error_no
error_msg:success
=====================2017-07-28 18:36:09===========================
service_cost:0.0099999999999545
time:28/Jul/2017:18:36:09 +0800
entrance_type:Mozilla/5.0 (Windows NT 10.0; WOW64) AppleWebKit/537.36 (KHTML, like Gecko) Chrome/57.0.2987.110 Safari/537.36
ourl:/user/student
request_method:GET
cookie:PHPSESSID:s1v06kvnlop5vc999bkg8b9k12;ttxs:a:4:{s:3:"_id";s:24:"595604602173cc77db5a5248";s:8:"username";s:8:"chenyun1";s:7:"profile";s:26:"â¤ï¸ðŸ’›ðŸ’šðŸ’™ðŸ’œðŸ–¤";s:7:"iconurl";s:64:"https://oi7ro6pyq.qnssl.com/21c68ba586c7b7b2f675b55dea227cca.png";};
client_ip:192.168.1.63
error_no
error_msg:success
=====================2017-07-28 18:36:18===========================
service_cost:0.011999999999984
time:28/Jul/2017:18:36:18 +0800
entrance_type:Mozilla/5.0 (Windows NT 10.0; WOW64) AppleWebKit/537.36 (KHTML, like Gecko) Chrome/57.0.2987.110 Safari/537.36
ourl:/user/student
request_method:GET
cookie:PHPSESSID:s1v06kvnlop5vc999bkg8b9k12;ttxs:a:4:{s:3:"_id";s:24:"595604602173cc77db5a5248";s:8:"username";s:8:"chenyun1";s:7:"profile";s:26:"â¤ï¸ðŸ’›ðŸ’šðŸ’™ðŸ’œðŸ–¤";s:7:"iconurl";s:64:"https://oi7ro6pyq.qnssl.com/21c68ba586c7b7b2f675b55dea227cca.png";};
client_ip:192.168.1.63
error_no
error_msg:success
=====================2017-07-28 18:38:31===========================
service_cost:0.010999999999983
time:28/Jul/2017:18:38:31 +0800
entrance_type:Mozilla/5.0 (Windows NT 10.0; WOW64) AppleWebKit/537.36 (KHTML, like Gecko) Chrome/57.0.2987.110 Safari/537.36
ourl:/user/student
request_method:GET
cookie:PHPSESSID:s1v06kvnlop5vc999bkg8b9k12;ttxs:a:4:{s:3:"_id";s:24:"595604602173cc77db5a5248";s:8:"username";s:8:"chenyun1";s:7:"profile";s:26:"â¤ï¸ðŸ’›ðŸ’šðŸ’™ðŸ’œðŸ–¤";s:7:"iconurl";s:64:"https://oi7ro6pyq.qnssl.com/21c68ba586c7b7b2f675b55dea227cca.png";};
client_ip:192.168.1.63
error_no
error_msg:success
=====================2017-07-28 18:38:41===========================
service_cost:0.013999999999958
time:28/Jul/2017:18:38:41 +0800
entrance_type:Mozilla/5.0 (Windows NT 10.0; WOW64) AppleWebKit/537.36 (KHTML, like Gecko) Chrome/57.0.2987.110 Safari/537.36
ourl:/user/student
request_method:GET
cookie:PHPSESSID:s1v06kvnlop5vc999bkg8b9k12;ttxs:a:4:{s:3:"_id";s:24:"595604602173cc77db5a5248";s:8:"username";s:8:"chenyun1";s:7:"profile";s:26:"â¤ï¸ðŸ’›ðŸ’šðŸ’™ðŸ’œðŸ–¤";s:7:"iconurl";s:64:"https://oi7ro6pyq.qnssl.com/21c68ba586c7b7b2f675b55dea227cca.png";};
client_ip:192.168.1.63
error_no
error_msg:success
=====================2017-07-28 18:39:06===========================
service_cost:0.0090000000000368
time:28/Jul/2017:18:39:06 +0800
entrance_type:Mozilla/5.0 (Windows NT 10.0; WOW64) AppleWebKit/537.36 (KHTML, like Gecko) Chrome/57.0.2987.110 Safari/537.36
ourl:/user/student
request_method:GET
cookie:PHPSESSID:s1v06kvnlop5vc999bkg8b9k12;ttxs:a:4:{s:3:"_id";s:24:"595604602173cc77db5a5248";s:8:"username";s:8:"chenyun1";s:7:"profile";s:26:"â¤ï¸ðŸ’›ðŸ’šðŸ’™ðŸ’œðŸ–¤";s:7:"iconurl";s:64:"https://oi7ro6pyq.qnssl.com/21c68ba586c7b7b2f675b55dea227cca.png";};
client_ip:192.168.1.63
error_no
error_msg:success
=====================2017-07-28 18:39:08===========================
service_cost:0.0090000000000003
time:28/Jul/2017:18:39:08 +0800
entrance_type:Mozilla/5.0 (Windows NT 10.0; WOW64) AppleWebKit/537.36 (KHTML, like Gecko) Chrome/57.0.2987.110 Safari/537.36
ourl:/user/student
request_method:GET
cookie:PHPSESSID:s1v06kvnlop5vc999bkg8b9k12;ttxs:a:4:{s:3:"_id";s:24:"595604602173cc77db5a5248";s:8:"username";s:8:"chenyun1";s:7:"profile";s:26:"â¤ï¸ðŸ’›ðŸ’šðŸ’™ðŸ’œðŸ–¤";s:7:"iconurl";s:64:"https://oi7ro6pyq.qnssl.com/21c68ba586c7b7b2f675b55dea227cca.png";};
client_ip:192.168.1.63
error_no
error_msg:success
=====================2017-07-28 18:39:41===========================
service_cost:0.016000000000016
time:28/Jul/2017:18:39:41 +0800
entrance_type:Mozilla/5.0 (Windows NT 10.0; WOW64) AppleWebKit/537.36 (KHTML, like Gecko) Chrome/57.0.2987.110 Safari/537.36
ourl:/user/student
request_method:GET
cookie:PHPSESSID:s1v06kvnlop5vc999bkg8b9k12;ttxs:a:4:{s:3:"_id";s:24:"595604602173cc77db5a5248";s:8:"username";s:8:"chenyun1";s:7:"profile";s:26:"â¤ï¸ðŸ’›ðŸ’šðŸ’™ðŸ’œðŸ–¤";s:7:"iconurl";s:64:"https://oi7ro6pyq.qnssl.com/21c68ba586c7b7b2f675b55dea227cca.png";};
client_ip:192.168.1.63
error_no
error_msg:success
=====================2017-07-28 18:40:35===========================
service_cost:0.0099999999999996
time:28/Jul/2017:18:40:35 +0800
entrance_type:Mozilla/5.0 (Windows NT 10.0; WOW64) AppleWebKit/537.36 (KHTML, like Gecko) Chrome/57.0.2987.110 Safari/537.36
ourl:/user/student
request_method:GET
cookie:PHPSESSID:s1v06kvnlop5vc999bkg8b9k12;ttxs:a:4:{s:3:"_id";s:24:"595604602173cc77db5a5248";s:8:"username";s:8:"chenyun1";s:7:"profile";s:26:"â¤ï¸ðŸ’›ðŸ’šðŸ’™ðŸ’œðŸ–¤";s:7:"iconurl";s:64:"https://oi7ro6pyq.qnssl.com/21c68ba586c7b7b2f675b55dea227cca.png";};
client_ip:192.168.1.63
error_no
error_msg:success
=====================2017-07-28 18:41:15===========================
service_cost:0.010999999999983
time:28/Jul/2017:18:41:15 +0800
entrance_type:Mozilla/5.0 (Windows NT 10.0; WOW64) AppleWebKit/537.36 (KHTML, like Gecko) Chrome/57.0.2987.110 Safari/537.36
ourl:/user/student
request_method:GET
cookie:PHPSESSID:s1v06kvnlop5vc999bkg8b9k12;ttxs:a:4:{s:3:"_id";s:24:"595604602173cc77db5a5248";s:8:"username";s:8:"chenyun1";s:7:"profile";s:26:"â¤ï¸ðŸ’›ðŸ’šðŸ’™ðŸ’œðŸ–¤";s:7:"iconurl";s:64:"https://oi7ro6pyq.qnssl.com/21c68ba586c7b7b2f675b55dea227cca.png";};
client_ip:192.168.1.63
error_no
error_msg:success
=====================2017-07-28 18:41:59===========================
service_cost:0.012999999999985
time:28/Jul/2017:18:41:59 +0800
entrance_type:Mozilla/5.0 (Windows NT 10.0; WOW64) AppleWebKit/537.36 (KHTML, like Gecko) Chrome/57.0.2987.110 Safari/537.36
ourl:/user/student
request_method:GET
cookie:PHPSESSID:s1v06kvnlop5vc999bkg8b9k12;ttxs:a:4:{s:3:"_id";s:24:"595604602173cc77db5a5248";s:8:"username";s:8:"chenyun1";s:7:"profile";s:26:"â¤ï¸ðŸ’›ðŸ’šðŸ’™ðŸ’œðŸ–¤";s:7:"iconurl";s:64:"https://oi7ro6pyq.qnssl.com/21c68ba586c7b7b2f675b55dea227cca.png";};
client_ip:192.168.1.63
error_no
error_msg:success
=====================2017-07-28 18:42:11===========================
service_cost:0.010999999999983
time:28/Jul/2017:18:42:11 +0800
entrance_type:Mozilla/5.0 (Windows NT 10.0; WOW64) AppleWebKit/537.36 (KHTML, like Gecko) Chrome/57.0.2987.110 Safari/537.36
ourl:/user/student
request_method:GET
cookie:PHPSESSID:s1v06kvnlop5vc999bkg8b9k12;ttxs:a:4:{s:3:"_id";s:24:"595604602173cc77db5a5248";s:8:"username";s:8:"chenyun1";s:7:"profile";s:26:"â¤ï¸ðŸ’›ðŸ’šðŸ’™ðŸ’œðŸ–¤";s:7:"iconurl";s:64:"https://oi7ro6pyq.qnssl.com/21c68ba586c7b7b2f675b55dea227cca.png";};
client_ip:192.168.1.63
error_no
error_msg:success
=====================2017-07-28 18:42:48===========================
service_cost:0.033000000000005
time:28/Jul/2017:18:42:48 +0800
entrance_type:Mozilla/5.0 (Windows NT 10.0; WOW64) AppleWebKit/537.36 (KHTML, like Gecko) Chrome/57.0.2987.110 Safari/537.36
ourl:/user/student
request_method:GET
cookie:PHPSESSID:s1v06kvnlop5vc999bkg8b9k12;ttxs:a:4:{s:3:"_id";s:24:"595604602173cc77db5a5248";s:8:"username";s:8:"chenyun1";s:7:"profile";s:26:"â¤ï¸ðŸ’›ðŸ’šðŸ’™ðŸ’œðŸ–¤";s:7:"iconurl";s:64:"https://oi7ro6pyq.qnssl.com/21c68ba586c7b7b2f675b55dea227cca.png";};
client_ip:192.168.1.63
error_no
error_msg:success
=====================2017-07-28 18:42:54===========================
service_cost:0.0099999999999545
time:28/Jul/2017:18:42:54 +0800
entrance_type:Mozilla/5.0 (Windows NT 10.0; WOW64) AppleWebKit/537.36 (KHTML, like Gecko) Chrome/57.0.2987.110 Safari/537.36
ourl:/user/student?grade=-1&username=&uid=&parentname=&mobile=
request_method:GET
cookie:PHPSESSID:s1v06kvnlop5vc999bkg8b9k12;ttxs:a:4:{s:3:"_id";s:24:"595604602173cc77db5a5248";s:8:"username";s:8:"chenyun1";s:7:"profile";s:26:"â¤ï¸ðŸ’›ðŸ’šðŸ’™ðŸ’œðŸ–¤";s:7:"iconurl";s:64:"https://oi7ro6pyq.qnssl.com/21c68ba586c7b7b2f675b55dea227cca.png";};
client_ip:192.168.1.63
error_no
error_msg:success
=====================2017-07-28 18:43:00===========================
service_cost:0.0099999999999545
time:28/Jul/2017:18:43:00 +0800
entrance_type:Mozilla/5.0 (Windows NT 10.0; WOW64) AppleWebKit/537.36 (KHTML, like Gecko) Chrome/57.0.2987.110 Safari/537.36
ourl:/user/student?grade=12&username=&uid=&parentname=&mobile=
request_method:GET
cookie:PHPSESSID:s1v06kvnlop5vc999bkg8b9k12;ttxs:a:4:{s:3:"_id";s:24:"595604602173cc77db5a5248";s:8:"username";s:8:"chenyun1";s:7:"profile";s:26:"â¤ï¸ðŸ’›ðŸ’šðŸ’™ðŸ’œðŸ–¤";s:7:"iconurl";s:64:"https://oi7ro6pyq.qnssl.com/21c68ba586c7b7b2f675b55dea227cca.png";};
client_ip:192.168.1.63
error_no
error_msg:success
=====================2017-07-28 18:48:24===========================
service_cost:0.015000000000001
time:28/Jul/2017:18:48:24 +0800
entrance_type:Mozilla/5.0 (Windows NT 10.0; WOW64) AppleWebKit/537.36 (KHTML, like Gecko) Chrome/57.0.2987.110 Safari/537.36
ourl:/user/student?grade=12&username=&uid=&parentname=&mobile=
request_method:GET
cookie:PHPSESSID:s1v06kvnlop5vc999bkg8b9k12;ttxs:a:4:{s:3:"_id";s:24:"595604602173cc77db5a5248";s:8:"username";s:8:"chenyun1";s:7:"profile";s:26:"â¤ï¸ðŸ’›ðŸ’šðŸ’™ðŸ’œðŸ–¤";s:7:"iconurl";s:64:"https://oi7ro6pyq.qnssl.com/21c68ba586c7b7b2f675b55dea227cca.png";};
client_ip:192.168.1.63
>>>>>>> 828b2d74e1759cdb4dcaa40120b5c59a484bba3f
error_no
error_msg:success
